#
# A fatal error has been detected by the Java Runtime Environment:
#
#  EXCEPTION_ACCESS_VIOLATION (0xc0000005) at pc=0x00007ffde3322346, pid=4272, tid=7408
#
# JRE version: OpenJDK Runtime Environment (11.0.13) (build 11.0.13+0-b1751.21-8125866)
# Java VM: OpenJDK 64-Bit Server VM (11.0.13+0-b1751.21-8125866, mixed mode, tiered, compressed oops, g1 gc, windows-amd64)
# Problematic frame:
# V  [jvm.dll+0x192346]
#
# No core dump will be written. Minidumps are not enabled by default on client versions of Windows
#
# If you would like to submit a bug report, please visit:
#   https://bugreport.java.com/bugreport/crash.jsp
#

---------------  S U M M A R Y ------------

Command Line: --add-opens=java.base/java.util=ALL-UNNAMED --add-opens=java.base/java.lang=ALL-UNNAMED --add-opens=java.base/java.lang.invoke=ALL-UNNAMED --add-opens=java.base/java.util=ALL-UNNAMED --add-opens=java.prefs/java.util.prefs=ALL-UNNAMED --add-opens=java.prefs/java.util.prefs=ALL-UNNAMED --add-opens=java.base/java.nio.charset=ALL-UNNAMED --add-opens=java.base/java.net=ALL-UNNAMED --add-opens=java.base/java.util.concurrent.atomic=ALL-UNNAMED -Xmx2048m -Dfile.encoding=UTF-8 -Duser.country=RU -Duser.language=ru -Duser.variant org.gradle.launcher.daemon.bootstrap.GradleDaemon 7.4

Host: AMD FX(tm)-4350 Quad-Core Processor            , 4 cores, 7G,  Windows 8.1 , 64 bit Build 9600 (6.3.9600.20389)
Time: Mon Oct  3 21:24:42 2022 RTZ 4 (ceia) elapsed time: 774.680056 seconds (0d 0h 12m 54s)

---------------  T H R E A D  ---------------

Current thread (0x0000005bc0cd4000):  ConcurrentGCThread "G1 Conc#0" [stack: 0x0000005bd8470000,0x0000005bd8570000] [id=7408]

Stack: [0x0000005bd8470000,0x0000005bd8570000],  sp=0x0000005bd856f968,  free space=1022k
Native frames: (J=compiled Java code, j=interpreted, Vv=VM code, C=native code)
V  [jvm.dll+0x192346]


siginfo: EXCEPTION_ACCESS_VIOLATION (0xc0000005), reading address 0x0000000468020808


Register to memory mapping:

RIP=0x00007ffde3322346 jvm.dll
RAX=0x0000000000000001 is an unknown value
RBX=0x0000000080126cc8 is pointing into object: [B 
{0x0000000080000000} - klass: {type array byte}
 - length: 2854324
RCX=0x0000000080126cc8 is pointing into object: [B 
{0x0000000080000000} - klass: {type array byte}
 - length: 2854324
RDX=0x0000000080126cc8 is pointing into object: [B 
{0x0000000080000000} - klass: {type array byte}
 - length: 2854324
RSP=0x0000005bd856f968 points into unknown readable memory: 0x00007ffde34750ba | ba 50 47 e3 fd 7f 00 00
RBP=0x0000005bc0cc9cd0 points into unknown readable memory: 0x0000005bc0cd2800 | 00 28 cd c0 5b 00 00 00
RSI=0x0000000000000001 is an unknown value
RDI=0x0 is NULL
R8 =0x0 is NULL
R9 =0x0000000468020800 is an unknown value
R10=0x0000005bc0cc9cd0 points into unknown readable memory: 0x0000005bc0cd2800 | 00 28 cd c0 5b 00 00 00
R11=0x0000005bd4370000 points into unknown readable memory: 0x0000000000000000 | 00 00 00 00 00 00 00 00
R12=0x000000000000000c is an unknown value
R13=0xaaaaaaaaaaaaaaab is an unknown value
R14=0x0 is NULL
R15=0x0000000080926ca8 is an oop: java.util.HashMap$Node 
{0x0000000080926ca8} - klass: 'java/util/HashMap$Node'


Registers:
RAX=0x0000000000000001, RBX=0x0000000080126cc8, RCX=0x0000000080126cc8, RDX=0x0000000080126cc8
RSP=0x0000005bd856f968, RBP=0x0000005bc0cc9cd0, RSI=0x0000000000000001, RDI=0x0000000000000000
R8 =0x0000000000000000, R9 =0x0000000468020800, R10=0x0000005bc0cc9cd0, R11=0x0000005bd4370000
R12=0x000000000000000c, R13=0xaaaaaaaaaaaaaaab, R14=0x0000000000000000, R15=0x0000000080926ca8
RIP=0x00007ffde3322346, EFLAGS=0x0000000000010206

Top of Stack: (sp=0x0000005bd856f968)
0x0000005bd856f968:   00007ffde34750ba 0000000080126cc8
0x0000005bd856f978:   0000000100022af8 0000005bc0cdbff0
0x0000005bd856f988:   0000005bd856fb78 0000000100022b00
0x0000005bd856f998:   00007ffde3474f66 0000000100022af8
0x0000005bd856f9a8:   0000000080126cc8 0000005bc0cdbff0
0x0000005bd856f9b8:   0000005bd856fb78 0000000000000000
0x0000005bd856f9c8:   0000005bd856fb78 0000000080926cc4
0x0000005bd856f9d8:   00007ffde346cdcd 0000000000000004
0x0000005bd856f9e8:   0000000080926cb8 0000000000000003
0x0000005bd856f9f8:   0000005bd856fb78 0000005bd856fb50
0x0000005bd856fa08:   0000005bc0cd5701 00000001000228b8
0x0000005bd856fa18:   00007ffde346c681 0000000000000004
0x0000005bd856fa28:   0000005bd856fb78 0000000080926ca8
0x0000005bd856fa38:   0000005bd856fb50 0000000080926ca8
0x0000005bd856fa48:   00007ffde347ac0f 0000005bc0cdbff0
0x0000005bd856fa58:   0000000000140000 0000005bd856fb50 

Instructions: (pc=0x00007ffde3322346)
0x00007ffde3322246:   48 89 5c 24 20 e8 f0 00 00 00 80 7f 30 00 48 63
0x00007ffde3322256:   c8 48 89 4c 24 28 0f 28 44 24 20 74 17 0f 11 86
0x00007ffde3322266:   98 03 00 00 48 8b 5c 24 40 48 8b 74 24 48 48 83
0x00007ffde3322276:   c4 30 5f c3 48 8b 07 48 8d 54 24 20 48 8b cf 66
0x00007ffde3322286:   0f 7f 44 24 20 ff 50 38 48 8b 5c 24 40 48 8b 74
0x00007ffde3322296:   24 48 48 83 c4 30 5f c3 cc cc 40 53 48 83 ec 30
0x00007ffde33222a6:   0f 10 82 98 03 00 00 48 8b da 0f 10 c8 66 0f 73
0x00007ffde33222b6:   d9 08 66 48 0f 7e c8 48 85 c0 74 28 48 8b 01 48
0x00007ffde33222c6:   8d 54 24 20 0f 29 44 24 20 ff 50 40 33 c0 48 89
0x00007ffde33222d6:   44 24 20 48 89 44 24 28 0f 10 44 24 20 0f 11 83
0x00007ffde33222e6:   98 03 00 00 48 83 c4 30 5b c3 48 8b 49 38 48 8b
0x00007ffde33222f6:   01 48 ff 60 28 cc cc cc cc cc 80 3d d2 5e 89 00
0x00007ffde3322306:   00 48 8b c1 74 1b 8b 51 08 8b 0d 03 cb 84 00 48
0x00007ffde3322316:   d3 e2 48 8b c8 48 03 15 ee ca 84 00 e9 19 00 00
0x00007ffde3322326:   00 48 8b 51 08 48 8b c8 e9 0d 00 00 00 cc cc cc
0x00007ffde3322336:   cc cc cc cc cc cc cc cc cc cc 4c 8b ca 48 8b d1
0x00007ffde3322346:   45 8b 41 08 45 85 c0 7e 0e 41 f6 c0 01 75 59 41
0x00007ffde3322356:   c1 f8 03 41 8b c0 c3 79 4f 80 3d 73 5e 89 00 00
0x00007ffde3322366:   b8 0c 00 00 00 b9 10 00 00 00 0f 45 c8 8b 05 1b
0x00007ffde3322376:   14 83 00 ff c8 4c 63 c8 48 63 c1 41 8b c8 83 e1
0x00007ffde3322386:   3f 48 63 14 10 41 8b c0 48 c1 f8 10 0f b6 c0 48
0x00007ffde3322396:   d3 e2 49 8d 0c 11 49 f7 d1 48 03 c1 49 c1 e9 03
0x00007ffde33223a6:   48 c1 e8 03 41 23 c1 c3 49 8b 01 49 8b c9 48 ff
0x00007ffde33223b6:   a0 10 01 00 00 cc cc cc cc cc 48 8b c2 c3 cc cc
0x00007ffde33223c6:   cc cc cc cc cc cc cc cc cc cc 48 83 ec 38 48 8b
0x00007ffde33223d6:   41 38 80 78 08 00 74 00 0f 10 02 48 8b 49 38 48
0x00007ffde33223e6:   8d 54 24 20 0f 29 44 24 20 e8 3c f0 ff ff 48 83
0x00007ffde33223f6:   c4 38 c3 cc cc cc cc cc cc cc 48 83 ec 38 0f 10
0x00007ffde3322406:   02 48 8b 01 48 8d 54 24 20 0f 29 44 24 20 ff 50
0x00007ffde3322416:   38 48 83 c4 38 c3 cc cc cc cc 48 89 5c 24 08 55
0x00007ffde3322426:   56 57 41 54 41 55 41 56 41 57 48 8d 6c 24 e0 48
0x00007ffde3322436:   81 ec 20 01 00 00 48 8b 05 4d 51 86 00 48 33 c4 


Stack slot to memory mapping:
stack at sp + 0 slots: 0x00007ffde34750ba jvm.dll
stack at sp + 1 slots: 0x0000000080126cc8 is pointing into object: [B 
{0x0000000080000000} - klass: {type array byte}
 - length: 2854324
stack at sp + 2 slots: 0x0000000100022af8 is pointing into metadata
stack at sp + 3 slots: 0x0000005bc0cdbff0 points into unknown readable memory: 0x00007ffde39d9640 | 40 96 9d e3 fd 7f 00 00
stack at sp + 4 slots: 0x0000005bd856fb78 points into unknown readable memory: 0x00007ffde39d95c0 | c0 95 9d e3 fd 7f 00 00
stack at sp + 5 slots: 0x0000000100022b00 is a pointer to class: 
stack at sp + 6 slots: 0x00007ffde3474f66 jvm.dll
stack at sp + 7 slots: 0x0000000100022af8 is pointing into metadata


---------------  P R O C E S S  ---------------

Threads class SMR info:
_java_thread_list=0x0000005beb81f670, length=76, elements={
0x0000005bc0c87800, 0x0000005bdab9d000, 0x0000005bdab9e000, 0x0000005bdb5bf800,
0x0000005bdb5c0800, 0x0000005bdb5c2800, 0x0000005bdb5c5800, 0x0000005bdb60e800,
0x0000005bdb617800, 0x0000005bdb77e800, 0x0000005bdd3b2800, 0x0000005bdddac800,
0x0000005bdf77e800, 0x0000005bdde54000, 0x0000005bdde52800, 0x0000005bdde53000,
0x0000005bdde51800, 0x0000005be025a000, 0x0000005be0258800, 0x0000005be025b800,
0x0000005be025c800, 0x0000005be0260000, 0x0000005be2e19000, 0x0000005be2e0d800,
0x0000005be2e0e800, 0x0000005be2e0d000, 0x0000005be2e0c000, 0x0000005be2e0f800,
0x0000005be2e11000, 0x0000005be2e12000, 0x0000005be2e12800, 0x0000005be2e10000,
0x0000005be2e14800, 0x0000005be2e13800, 0x0000005be2e16800, 0x0000005be2e17800,
0x0000005be2e15000, 0x0000005be2e16000, 0x0000005be2e1a000, 0x0000005be2e1b000,
0x0000005be0259800, 0x0000005be025b000, 0x0000005be0260800, 0x0000005be025e000,
0x0000005be0261800, 0x0000005be025f000, 0x0000005be0262000, 0x0000005be0264000,
0x0000005be0264800, 0x0000005be0265800, 0x0000005be0263000, 0x0000005be0267000,
0x0000005be0266800, 0x0000005be06cd000, 0x0000005be06cf800, 0x0000005be06d0000,
0x0000005be06cd800, 0x0000005be06d3800, 0x0000005be06d1000, 0x0000005be06d1800,
0x0000005be06d2800, 0x0000005be585c000, 0x0000005be585c800, 0x0000005be585a800,
0x0000005be585d800, 0x0000005be585b000, 0x0000005be5860000, 0x0000005be5861000,
0x0000005be585e800, 0x0000005be585f000, 0x0000005be5862800, 0x0000005be5864000,
0x0000005be5861800, 0x0000005be5865000, 0x0000005be5865800, 0x0000005be5863800
}

Java Threads: ( => current thread )
  0x0000005bc0c87800 JavaThread "main" [_thread_blocked, id=6388, stack(0x0000005bbebc0000,0x0000005bbecc0000)]
  0x0000005bdab9d000 JavaThread "Reference Handler" daemon [_thread_blocked, id=2204, stack(0x0000005bdbab0000,0x0000005bdbbb0000)]
  0x0000005bdab9e000 JavaThread "Finalizer" daemon [_thread_blocked, id=3080, stack(0x0000005bdbbb0000,0x0000005bdbcb0000)]
  0x0000005bdb5bf800 JavaThread "Signal Dispatcher" daemon [_thread_blocked, id=2244, stack(0x0000005bdbd90000,0x0000005bdbe90000)]
  0x0000005bdb5c0800 JavaThread "Attach Listener" daemon [_thread_blocked, id=7832, stack(0x0000005bdbe90000,0x0000005bdbf90000)]
  0x0000005bdb5c2800 JavaThread "Service Thread" daemon [_thread_blocked, id=7328, stack(0x0000005bdbf90000,0x0000005bdc090000)]
  0x0000005bdb5c5800 JavaThread "C2 CompilerThread0" daemon [_thread_blocked, id=1964, stack(0x0000005bdc090000,0x0000005bdc190000)]
  0x0000005bdb60e800 JavaThread "C1 CompilerThread0" daemon [_thread_blocked, id=6004, stack(0x0000005bdc190000,0x0000005bdc290000)]
  0x0000005bdb617800 JavaThread "Sweeper thread" daemon [_thread_blocked, id=2100, stack(0x0000005bdc290000,0x0000005bdc390000)]
  0x0000005bdb77e800 JavaThread "Common-Cleaner" daemon [_thread_blocked, id=2612, stack(0x0000005bdc390000,0x0000005bdc490000)]
  0x0000005bdd3b2800 JavaThread "Daemon health stats" [_thread_blocked, id=5572, stack(0x0000005be07f0000,0x0000005be08f0000)]
  0x0000005bdddac800 JavaThread "Incoming local TCP Connector on port 62525" [_thread_in_native, id=7508, stack(0x0000005be0c80000,0x0000005be0d80000)]
  0x0000005bdf77e800 JavaThread "Daemon periodic checks" [_thread_blocked, id=7192, stack(0x0000005be0af0000,0x0000005be0bf0000)]
  0x0000005bdde54000 JavaThread "Cache worker for journal cache (C:\Users\Timur\.gradle\caches\journal-1)" [_thread_blocked, id=5200, stack(0x0000005be1e70000,0x0000005be1f70000)]
  0x0000005bdde52800 JavaThread "File lock request listener" [_thread_in_native, id=4348, stack(0x0000005be1f70000,0x0000005be2070000)]
  0x0000005bdde53000 JavaThread "Cache worker for file hash cache (C:\Users\Timur\.gradle\caches\7.4\fileHashes)" [_thread_blocked, id=7164, stack(0x0000005be2270000,0x0000005be2370000)]
  0x0000005bdde51800 JavaThread "jar transforms" [_thread_blocked, id=2944, stack(0x0000005be2570000,0x0000005be2670000)]
  0x0000005be025a000 JavaThread "jar transforms Thread 2" [_thread_blocked, id=1044, stack(0x0000005be2670000,0x0000005be2770000)]
  0x0000005be0258800 JavaThread "jar transforms Thread 3" [_thread_blocked, id=5176, stack(0x0000005be39b0000,0x0000005be3ab0000)]
  0x0000005be025b800 JavaThread "jar transforms Thread 4" [_thread_blocked, id=928, stack(0x0000005be3ab0000,0x0000005be3bb0000)]
  0x0000005be025c800 JavaThread "Cache worker for execution history cache (C:\Users\Timur\.gradle\caches\7.4\executionHistory)" [_thread_blocked, id=2196, stack(0x0000005be43b0000,0x0000005be44b0000)]
  0x0000005be0260000 JavaThread "Cache worker for file content cache (C:\Users\Timur\.gradle\caches\7.4\fileContent)" [_thread_blocked, id=3328, stack(0x0000005be48b0000,0x0000005be49b0000)]
  0x0000005be2e19000 JavaThread "Memory manager" [_thread_blocked, id=8044, stack(0x0000005bea9c0000,0x0000005beaac0000)]
  0x0000005be2e0d800 JavaThread "Daemon Thread 2" [_thread_blocked, id=4548, stack(0x0000005bdcd90000,0x0000005bdce90000)]
  0x0000005be2e0e800 JavaThread "Handler for socket connection from /127.0.0.1:62525 to /127.0.0.1:62634" [_thread_in_native, id=4704, stack(0x0000005be10e0000,0x0000005be11e0000)]
  0x0000005be2e0d000 JavaThread "Cancel handler" [_thread_blocked, id=1844, stack(0x0000005be1470000,0x0000005be1570000)]
  0x0000005be2e0c000 JavaThread "Daemon worker Thread 2" [_thread_blocked, id=5952, stack(0x0000005be1570000,0x0000005be1670000)]
  0x0000005be2e0f800 JavaThread "Asynchronous log dispatcher for DefaultDaemonConnection: socket connection from /127.0.0.1:62525 to /127.0.0.1:62634" [_thread_blocked, id=2596, stack(0x0000005be1670000,0x0000005be1770000)]
  0x0000005be2e11000 JavaThread "Stdin handler" [_thread_blocked, id=6596, stack(0x0000005be1770000,0x0000005be1870000)]
  0x0000005be2e12000 JavaThread "Daemon client event forwarder" [_thread_blocked, id=3992, stack(0x0000005be1970000,0x0000005be1a70000)]
  0x0000005be2e12800 JavaThread "Cache worker for checksums cache (C:\Users\Timur\AndroidStudioProjects\TestApplication\.gradle\7.4\checksums)" [_thread_blocked, id=2132, stack(0x0000005be3db0000,0x0000005be3eb0000)]
  0x0000005be2e10000 JavaThread "Cache worker for cache directory md-rule (C:\Users\Timur\.gradle\caches\7.4\md-rule)" [_thread_blocked, id=2864, stack(0x0000005be3eb0000,0x0000005be3fb0000)]
  0x0000005be2e14800 JavaThread "Cache worker for file hash cache (C:\Users\Timur\AndroidStudioProjects\TestApplication\.gradle\7.4\fileHashes)" [_thread_blocked, id=8168, stack(0x0000005be3fb0000,0x0000005be40b0000)]
  0x0000005be2e13800 JavaThread "Cache worker for cache directory md-supplier (C:\Users\Timur\.gradle\caches\7.4\md-supplier)" [_thread_blocked, id=4512, stack(0x0000005be40b0000,0x0000005be41b0000)]
  0x0000005be2e16800 JavaThread "Cache worker for dependencies-accessors (C:\Users\Timur\AndroidStudioProjects\TestApplication\.gradle\7.4\dependencies-accessors)" [_thread_blocked, id=7696, stack(0x0000005be49b0000,0x0000005be4ab0000)]
  0x0000005be2e17800 JavaThread "Cache worker for Build Output Cleanup Cache (C:\Users\Timur\AndroidStudioProjects\TestApplication\.gradle\buildOutputCleanup)" [_thread_blocked, id=7332, stack(0x0000005be64a0000,0x0000005be65a0000)]
  0x0000005be2e15000 JavaThread "Unconstrained build operations" [_thread_blocked, id=6120, stack(0x0000005be69a0000,0x0000005be6aa0000)]
  0x0000005be2e16000 JavaThread "Unconstrained build operations Thread 2" [_thread_blocked, id=2040, stack(0x0000005be6aa0000,0x0000005be6ba0000)]
  0x0000005be2e1a000 JavaThread "Unconstrained build operations Thread 3" [_thread_blocked, id=1364, stack(0x0000005be6ba0000,0x0000005be6ca0000)]
  0x0000005be2e1b000 JavaThread "Unconstrained build operations Thread 4" [_thread_blocked, id=1912, stack(0x0000005be6ca0000,0x0000005be6da0000)]
  0x0000005be0259800 JavaThread "Unconstrained build operations Thread 5" [_thread_blocked, id=5332, stack(0x0000005be6da0000,0x0000005be6ea0000)]
  0x0000005be025b000 JavaThread "Unconstrained build operations Thread 6" [_thread_blocked, id=7596, stack(0x0000005be6ea0000,0x0000005be6fa0000)]
  0x0000005be0260800 JavaThread "Unconstrained build operations Thread 7" [_thread_blocked, id=5264, stack(0x0000005be7fc0000,0x0000005be80c0000)]
  0x0000005be025e000 JavaThread "Unconstrained build operations Thread 8" [_thread_blocked, id=7552, stack(0x0000005be80c0000,0x0000005be81c0000)]
  0x0000005be0261800 JavaThread "Unconstrained build operations Thread 9" [_thread_blocked, id=3252, stack(0x0000005be81c0000,0x0000005be82c0000)]
  0x0000005be025f000 JavaThread "Unconstrained build operations Thread 10" [_thread_blocked, id=7964, stack(0x0000005be82c0000,0x0000005be83c0000)]
  0x0000005be0262000 JavaThread "Unconstrained build operations Thread 11" [_thread_blocked, id=4780, stack(0x0000005be83c0000,0x0000005be84c0000)]
  0x0000005be0264000 JavaThread "Unconstrained build operations Thread 12" [_thread_blocked, id=2884, stack(0x0000005be84c0000,0x0000005be85c0000)]
  0x0000005be0264800 JavaThread "Unconstrained build operations Thread 13" [_thread_blocked, id=2696, stack(0x0000005be85c0000,0x0000005be86c0000)]
  0x0000005be0265800 JavaThread "Unconstrained build operations Thread 14" [_thread_blocked, id=7084, stack(0x0000005be86c0000,0x0000005be87c0000)]
  0x0000005be0263000 JavaThread "Unconstrained build operations Thread 15" [_thread_blocked, id=7820, stack(0x0000005be87c0000,0x0000005be88c0000)]
  0x0000005be0267000 JavaThread "Unconstrained build operations Thread 16" [_thread_blocked, id=5740, stack(0x0000005be88c0000,0x0000005be89c0000)]
  0x0000005be0266800 JavaThread "Unconstrained build operations Thread 17" [_thread_blocked, id=7920, stack(0x0000005be89c0000,0x0000005be8ac0000)]
  0x0000005be06cd000 JavaThread "Unconstrained build operations Thread 18" [_thread_blocked, id=1064, stack(0x0000005be8ac0000,0x0000005be8bc0000)]
  0x0000005be06cf800 JavaThread "Unconstrained build operations Thread 19" [_thread_blocked, id=7688, stack(0x0000005be8bc0000,0x0000005be8cc0000)]
  0x0000005be06d0000 JavaThread "Unconstrained build operations Thread 20" [_thread_blocked, id=6552, stack(0x0000005be8cc0000,0x0000005be8dc0000)]
  0x0000005be06cd800 JavaThread "Unconstrained build operations Thread 21" [_thread_blocked, id=2332, stack(0x0000005be8dc0000,0x0000005be8ec0000)]
  0x0000005be06d3800 JavaThread "Unconstrained build operations Thread 22" [_thread_blocked, id=4288, stack(0x0000005be8ec0000,0x0000005be8fc0000)]
  0x0000005be06d1000 JavaThread "Unconstrained build operations Thread 23" [_thread_blocked, id=7772, stack(0x0000005be8fc0000,0x0000005be90c0000)]
  0x0000005be06d1800 JavaThread "Unconstrained build operations Thread 24" [_thread_blocked, id=5976, stack(0x0000005be90c0000,0x0000005be91c0000)]
  0x0000005be06d2800 JavaThread "Unconstrained build operations Thread 25" [_thread_blocked, id=7104, stack(0x0000005be91c0000,0x0000005be92c0000)]
  0x0000005be585c000 JavaThread "Unconstrained build operations Thread 26" [_thread_blocked, id=5224, stack(0x0000005be92c0000,0x0000005be93c0000)]
  0x0000005be585c800 JavaThread "Unconstrained build operations Thread 27" [_thread_blocked, id=7748, stack(0x0000005be93c0000,0x0000005be94c0000)]
  0x0000005be585a800 JavaThread "Unconstrained build operations Thread 28" [_thread_blocked, id=5480, stack(0x0000005be94c0000,0x0000005be95c0000)]
  0x0000005be585d800 JavaThread "Unconstrained build operations Thread 29" [_thread_blocked, id=8040, stack(0x0000005be95c0000,0x0000005be96c0000)]
  0x0000005be585b000 JavaThread "Unconstrained build operations Thread 30" [_thread_blocked, id=8180, stack(0x0000005be96c0000,0x0000005be97c0000)]
  0x0000005be5860000 JavaThread "Unconstrained build operations Thread 31" [_thread_blocked, id=6436, stack(0x0000005be97c0000,0x0000005be98c0000)]
  0x0000005be5861000 JavaThread "Unconstrained build operations Thread 32" [_thread_blocked, id=6488, stack(0x0000005be98c0000,0x0000005be99c0000)]
  0x0000005be585e800 JavaThread "Unconstrained build operations Thread 33" [_thread_blocked, id=8160, stack(0x0000005be99c0000,0x0000005be9ac0000)]
  0x0000005be585f000 JavaThread "Unconstrained build operations Thread 34" [_thread_blocked, id=6192, stack(0x0000005be9ac0000,0x0000005be9bc0000)]
  0x0000005be5862800 JavaThread "Unconstrained build operations Thread 35" [_thread_blocked, id=4252, stack(0x0000005be9bc0000,0x0000005be9cc0000)]
  0x0000005be5864000 JavaThread "Unconstrained build operations Thread 36" [_thread_blocked, id=4976, stack(0x0000005be9cc0000,0x0000005be9dc0000)]
  0x0000005be5861800 JavaThread "Unconstrained build operations Thread 37" [_thread_blocked, id=7684, stack(0x0000005be9dc0000,0x0000005be9ec0000)]
  0x0000005be5865000 JavaThread "Unconstrained build operations Thread 38" [_thread_blocked, id=5676, stack(0x0000005be9ec0000,0x0000005be9fc0000)]
  0x0000005be5865800 JavaThread "Unconstrained build operations Thread 39" [_thread_blocked, id=7900, stack(0x0000005be9fc0000,0x0000005bea0c0000)]
  0x0000005be5863800 JavaThread "Unconstrained build operations Thread 40" [_thread_blocked, id=4356, stack(0x0000005bea0c0000,0x0000005bea1c0000)]

Other Threads:
  0x0000005bdb5b4000 VMThread "VM Thread" [stack: 0x0000005bdb9b0000,0x0000005bdbab0000] [id=7904]
  0x0000005bdb798800 WatcherThread [stack: 0x0000005bdc490000,0x0000005bdc590000] [id=4968]
  0x0000005bc0ca2000 GCTaskThread "GC Thread#0" [stack: 0x0000005bc0610000,0x0000005bc0710000] [id=3100]
  0x0000005bdc677800 GCTaskThread "GC Thread#1" [stack: 0x0000005bdde60000,0x0000005bddf60000] [id=5048]
  0x0000005bdc6a3800 GCTaskThread "GC Thread#2" [stack: 0x0000005bddf60000,0x0000005bde060000] [id=5564]
  0x0000005bdf207000 GCTaskThread "GC Thread#3" [stack: 0x0000005be1a70000,0x0000005be1b70000] [id=7664]
  0x0000005bc0cd2800 ConcurrentGCThread "G1 Main Marker" [stack: 0x0000005bd8370000,0x0000005bd8470000] [id=6916]
=>0x0000005bc0cd4000 ConcurrentGCThread "G1 Conc#0" [stack: 0x0000005bd8470000,0x0000005bd8570000] [id=7408]
  0x0000005bda9eb800 ConcurrentGCThread "G1 Refine#0" [stack: 0x0000005bdabb0000,0x0000005bdacb0000] [id=5956]
  0x0000005bda9ec000 ConcurrentGCThread "G1 Young RemSet Sampling" [stack: 0x0000005bdacb0000,0x0000005bdadb0000] [id=1660]

Threads with active compile tasks:
C1 CompilerThread0 774707 14814       3       groovyjarjarantlr4.v4.runtime.atn.ATNDeserializer::testTailCall (204 bytes)

VM state:not at safepoint (normal execution)

VM Mutex/Monitor currently owned by a thread:  ([mutex/lock_event])
[0x0000005bc0c83e40] Compile_lock - owner thread: 0x0000005be2e0c000

Heap address: 0x0000000080000000, size: 2048 MB, Compressed Oops mode: 32-bit
Narrow klass base: 0x0000000000000000, Narrow klass shift: 3
Compressed class space size: 1073741824 Address: 0x0000000100000000

Heap:
 garbage-first heap   total 280576K, used 171084K [0x0000000080000000, 0x0000000100000000)
  region size 1024K, 11 young (11264K), 8 survivors (8192K)
 Metaspace       used 118753K, capacity 121845K, committed 122076K, reserved 1155072K
  class space    used 15123K, capacity 16200K, committed 16280K, reserved 1048576K
Heap Regions: E=young(eden), S=young(survivor), O=old, HS=humongous(starts), HC=humongous(continues), CS=collection set, F=free, A=archive, TAMS=top-at-mark-start (previous, next)
|   0|0x0000000080000000, 0x0000000080100000, 0x0000000080100000|100%|HS|  |TAMS 0x0000000080100000, 0x0000000080100000| Complete 
|   1|0x0000000080100000, 0x0000000080200000, 0x0000000080200000|100%|HC|  |TAMS 0x0000000080200000, 0x0000000080200000| Complete 
|   2|0x0000000080200000, 0x0000000080300000, 0x0000000080300000|100%|HC|  |TAMS 0x0000000080300000, 0x0000000080300000| Complete 
|   3|0x0000000080300000, 0x0000000080400000, 0x0000000080400000|100%| O|  |TAMS 0x0000000080400000, 0x0000000080400000| Untracked 
|   4|0x0000000080400000, 0x0000000080500000, 0x0000000080500000|100%| O|  |TAMS 0x0000000080500000, 0x0000000080500000| Untracked 
|   5|0x0000000080500000, 0x0000000080600000, 0x0000000080600000|100%| O|  |TAMS 0x0000000080600000, 0x0000000080600000| Untracked 
|   6|0x0000000080600000, 0x0000000080700000, 0x0000000080700000|100%| O|  |TAMS 0x0000000080700000, 0x0000000080700000| Untracked 
|   7|0x0000000080700000, 0x0000000080800000, 0x0000000080800000|100%| O|  |TAMS 0x0000000080800000, 0x0000000080800000| Untracked 
|   8|0x0000000080800000, 0x0000000080900000, 0x0000000080900000|100%| O|  |TAMS 0x0000000080900000, 0x0000000080900000| Untracked 
|   9|0x0000000080900000, 0x0000000080a00000, 0x0000000080a00000|100%| O|  |TAMS 0x0000000080a00000, 0x0000000080a00000| Untracked 
|  10|0x0000000080a00000, 0x0000000080b00000, 0x0000000080b00000|100%| O|  |TAMS 0x0000000080b00000, 0x0000000080b00000| Untracked 
|  11|0x0000000080b00000, 0x0000000080c00000, 0x0000000080c00000|100%| O|  |TAMS 0x0000000080c00000, 0x0000000080c00000| Untracked 
|  12|0x0000000080c00000, 0x0000000080d00000, 0x0000000080d00000|100%| O|  |TAMS 0x0000000080d00000, 0x0000000080d00000| Untracked 
|  13|0x0000000080d00000, 0x0000000080e00000, 0x0000000080e00000|100%| O|  |TAMS 0x0000000080e00000, 0x0000000080e00000| Untracked 
|  14|0x0000000080e00000, 0x0000000080f00000, 0x0000000080f00000|100%| O|  |TAMS 0x0000000080f00000, 0x0000000080f00000| Untracked 
|  15|0x0000000080f00000, 0x0000000081000000, 0x0000000081000000|100%| O|  |TAMS 0x0000000081000000, 0x0000000081000000| Untracked 
|  16|0x0000000081000000, 0x0000000081100000, 0x0000000081100000|100%|HS|  |TAMS 0x0000000081100000, 0x0000000081100000| Complete 
|  17|0x0000000081100000, 0x0000000081200000, 0x0000000081200000|100%|HC|  |TAMS 0x0000000081200000, 0x0000000081200000| Complete 
|  18|0x0000000081200000, 0x0000000081300000, 0x0000000081300000|100%|HS|  |TAMS 0x0000000081300000, 0x0000000081300000| Complete 
|  19|0x0000000081300000, 0x0000000081400000, 0x0000000081400000|100%|HC|  |TAMS 0x0000000081400000, 0x0000000081400000| Complete 
|  20|0x0000000081400000, 0x0000000081500000, 0x0000000081500000|100%|HC|  |TAMS 0x0000000081500000, 0x0000000081500000| Complete 
|  21|0x0000000081500000, 0x0000000081600000, 0x0000000081600000|100%|HS|  |TAMS 0x0000000081600000, 0x0000000081600000| Complete 
|  22|0x0000000081600000, 0x0000000081700000, 0x0000000081700000|100%|HC|  |TAMS 0x0000000081700000, 0x0000000081700000| Complete 
|  23|0x0000000081700000, 0x0000000081800000, 0x0000000081800000|100%|HC|  |TAMS 0x0000000081800000, 0x0000000081800000| Complete 
|  24|0x0000000081800000, 0x0000000081900000, 0x0000000081900000|100%|HS|  |TAMS 0x0000000081900000, 0x0000000081900000| Complete 
|  25|0x0000000081900000, 0x0000000081a00000, 0x0000000081a00000|100%|HC|  |TAMS 0x0000000081a00000, 0x0000000081a00000| Complete 
|  26|0x0000000081a00000, 0x0000000081b00000, 0x0000000081b00000|100%|HC|  |TAMS 0x0000000081b00000, 0x0000000081b00000| Complete 
|  27|0x0000000081b00000, 0x0000000081c00000, 0x0000000081c00000|100%|HC|  |TAMS 0x0000000081c00000, 0x0000000081c00000| Complete 
|  28|0x0000000081c00000, 0x0000000081d00000, 0x0000000081d00000|100%|HS|  |TAMS 0x0000000081d00000, 0x0000000081d00000| Complete 
|  29|0x0000000081d00000, 0x0000000081e00000, 0x0000000081e00000|100%|HC|  |TAMS 0x0000000081e00000, 0x0000000081e00000| Complete 
|  30|0x0000000081e00000, 0x0000000081f00000, 0x0000000081f00000|100%|HC|  |TAMS 0x0000000081f00000, 0x0000000081f00000| Complete 
|  31|0x0000000081f00000, 0x0000000082000000, 0x0000000082000000|100%|HC|  |TAMS 0x0000000082000000, 0x0000000082000000| Complete 
|  32|0x0000000082000000, 0x0000000082100000, 0x0000000082100000|100%|HC|  |TAMS 0x0000000082100000, 0x0000000082100000| Complete 
|  33|0x0000000082100000, 0x0000000082200000, 0x0000000082200000|100%|HS|  |TAMS 0x0000000082200000, 0x0000000082200000| Complete 
|  34|0x0000000082200000, 0x0000000082300000, 0x0000000082300000|100%| O|  |TAMS 0x0000000082300000, 0x0000000082300000| Untracked 
|  35|0x0000000082300000, 0x0000000082400000, 0x0000000082400000|100%| O|  |TAMS 0x0000000082400000, 0x0000000082400000| Untracked 
|  36|0x0000000082400000, 0x0000000082500000, 0x0000000082500000|100%| O|  |TAMS 0x0000000082500000, 0x0000000082500000| Untracked 
|  37|0x0000000082500000, 0x0000000082600000, 0x0000000082600000|100%| O|  |TAMS 0x0000000082600000, 0x0000000082600000| Untracked 
|  38|0x0000000082600000, 0x0000000082700000, 0x0000000082700000|100%| O|  |TAMS 0x0000000082700000, 0x0000000082700000| Untracked 
|  39|0x0000000082700000, 0x0000000082800000, 0x0000000082800000|100%| O|  |TAMS 0x0000000082800000, 0x0000000082800000| Untracked 
|  40|0x0000000082800000, 0x0000000082900000, 0x0000000082900000|100%| O|  |TAMS 0x0000000082900000, 0x0000000082900000| Untracked 
|  41|0x0000000082900000, 0x0000000082a00000, 0x0000000082a00000|100%| O|  |TAMS 0x0000000082a00000, 0x0000000082a00000| Untracked 
|  42|0x0000000082a00000, 0x0000000082b00000, 0x0000000082b00000|100%| O|  |TAMS 0x0000000082b00000, 0x0000000082b00000| Untracked 
|  43|0x0000000082b00000, 0x0000000082c00000, 0x0000000082c00000|100%| O|  |TAMS 0x0000000082c00000, 0x0000000082c00000| Untracked 
|  44|0x0000000082c00000, 0x0000000082d00000, 0x0000000082d00000|100%|HS|  |TAMS 0x0000000082d00000, 0x0000000082d00000| Complete 
|  45|0x0000000082d00000, 0x0000000082e00000, 0x0000000082e00000|100%|HC|  |TAMS 0x0000000082e00000, 0x0000000082e00000| Complete 
|  46|0x0000000082e00000, 0x0000000082f00000, 0x0000000082f00000|100%|HC|  |TAMS 0x0000000082f00000, 0x0000000082f00000| Complete 
|  47|0x0000000082f00000, 0x0000000083000000, 0x0000000083000000|100%|HC|  |TAMS 0x0000000083000000, 0x0000000083000000| Complete 
|  48|0x0000000083000000, 0x0000000083100000, 0x0000000083100000|100%|HS|  |TAMS 0x0000000083100000, 0x0000000083100000| Complete 
|  49|0x0000000083100000, 0x0000000083200000, 0x0000000083200000|100%|HC|  |TAMS 0x0000000083200000, 0x0000000083200000| Complete 
|  50|0x0000000083200000, 0x0000000083300000, 0x0000000083300000|100%|HC|  |TAMS 0x0000000083300000, 0x0000000083300000| Complete 
|  51|0x0000000083300000, 0x0000000083400000, 0x0000000083400000|100%|HS|  |TAMS 0x0000000083400000, 0x0000000083400000| Complete 
|  52|0x0000000083400000, 0x0000000083500000, 0x0000000083500000|100%|HC|  |TAMS 0x0000000083500000, 0x0000000083500000| Complete 
|  53|0x0000000083500000, 0x0000000083600000, 0x0000000083600000|100%|HS|  |TAMS 0x0000000083600000, 0x0000000083600000| Complete 
|  54|0x0000000083600000, 0x0000000083700000, 0x0000000083700000|100%|HC|  |TAMS 0x0000000083700000, 0x0000000083700000| Complete 
|  55|0x0000000083700000, 0x0000000083800000, 0x0000000083800000|100%|HC|  |TAMS 0x0000000083800000, 0x0000000083800000| Complete 
|  56|0x0000000083800000, 0x0000000083900000, 0x0000000083900000|100%| O|  |TAMS 0x0000000083900000, 0x0000000083900000| Untracked 
|  57|0x0000000083900000, 0x0000000083a00000, 0x0000000083a00000|100%| O|  |TAMS 0x0000000083a00000, 0x0000000083a00000| Untracked 
|  58|0x0000000083a00000, 0x0000000083b00000, 0x0000000083b00000|100%|HS|  |TAMS 0x0000000083b00000, 0x0000000083b00000| Complete 
|  59|0x0000000083b00000, 0x0000000083c00000, 0x0000000083c00000|100%|HC|  |TAMS 0x0000000083c00000, 0x0000000083c00000| Complete 
|  60|0x0000000083c00000, 0x0000000083d00000, 0x0000000083d00000|100%|HC|  |TAMS 0x0000000083d00000, 0x0000000083d00000| Complete 
|  61|0x0000000083d00000, 0x0000000083e00000, 0x0000000083e00000|100%|HC|  |TAMS 0x0000000083e00000, 0x0000000083e00000| Complete 
|  62|0x0000000083e00000, 0x0000000083f00000, 0x0000000083f00000|100%|HC|  |TAMS 0x0000000083f00000, 0x0000000083f00000| Complete 
|  63|0x0000000083f00000, 0x0000000084000000, 0x0000000084000000|100%| O|  |TAMS 0x0000000084000000, 0x0000000084000000| Untracked 
|  64|0x0000000084000000, 0x0000000084100000, 0x0000000084100000|100%| O|  |TAMS 0x0000000084100000, 0x0000000084100000| Untracked 
|  65|0x0000000084100000, 0x0000000084200000, 0x0000000084200000|100%| O|  |TAMS 0x0000000084200000, 0x0000000084200000| Untracked 
|  66|0x0000000084200000, 0x0000000084300000, 0x0000000084300000|100%| O|  |TAMS 0x0000000084300000, 0x0000000084300000| Untracked 
|  67|0x0000000084300000, 0x0000000084400000, 0x0000000084400000|100%| O|  |TAMS 0x0000000084400000, 0x0000000084400000| Untracked 
|  68|0x0000000084400000, 0x0000000084500000, 0x0000000084500000|100%| O|  |TAMS 0x0000000084500000, 0x0000000084500000| Untracked 
|  69|0x0000000084500000, 0x0000000084600000, 0x0000000084600000|100%| O|  |TAMS 0x0000000084600000, 0x0000000084600000| Untracked 
|  70|0x0000000084600000, 0x0000000084700000, 0x0000000084700000|100%| O|  |TAMS 0x0000000084700000, 0x0000000084700000| Untracked 
|  71|0x0000000084700000, 0x0000000084800000, 0x0000000084800000|100%| O|  |TAMS 0x0000000084800000, 0x0000000084800000| Untracked 
|  72|0x0000000084800000, 0x0000000084900000, 0x0000000084900000|100%|HS|  |TAMS 0x0000000084900000, 0x0000000084900000| Complete 
|  73|0x0000000084900000, 0x0000000084a00000, 0x0000000084a00000|100%|HS|  |TAMS 0x0000000084a00000, 0x0000000084a00000| Complete 
|  74|0x0000000084a00000, 0x0000000084b00000, 0x0000000084b00000|100%|HS|  |TAMS 0x0000000084b00000, 0x0000000084b00000| Complete 
|  75|0x0000000084b00000, 0x0000000084c00000, 0x0000000084c00000|100%|HS|  |TAMS 0x0000000084c00000, 0x0000000084c00000| Complete 
|  76|0x0000000084c00000, 0x0000000084d00000, 0x0000000084d00000|100%|HC|  |TAMS 0x0000000084d00000, 0x0000000084d00000| Complete 
|  77|0x0000000084d00000, 0x0000000084e00000, 0x0000000084e00000|100%|HC|  |TAMS 0x0000000084e00000, 0x0000000084e00000| Complete 
|  78|0x0000000084e00000, 0x0000000084f00000, 0x0000000084f00000|100%| O|  |TAMS 0x0000000084f00000, 0x0000000084f00000| Untracked 
|  79|0x0000000084f00000, 0x0000000085000000, 0x0000000085000000|100%|HS|  |TAMS 0x0000000085000000, 0x0000000085000000| Complete 
|  80|0x0000000085000000, 0x0000000085100000, 0x0000000085100000|100%|HC|  |TAMS 0x0000000085100000, 0x0000000085100000| Complete 
|  81|0x0000000085100000, 0x0000000085200000, 0x0000000085200000|100%| O|  |TAMS 0x0000000085200000, 0x0000000085200000| Untracked 
|  82|0x0000000085200000, 0x0000000085300000, 0x0000000085300000|100%| O|  |TAMS 0x0000000085300000, 0x0000000085300000| Untracked 
|  83|0x0000000085300000, 0x0000000085400000, 0x0000000085400000|100%| O|  |TAMS 0x0000000085400000, 0x0000000085400000| Untracked 
|  84|0x0000000085400000, 0x0000000085500000, 0x0000000085500000|100%| O|  |TAMS 0x0000000085500000, 0x0000000085500000| Untracked 
|  85|0x0000000085500000, 0x0000000085600000, 0x0000000085600000|100%| O|  |TAMS 0x0000000085600000, 0x0000000085600000| Untracked 
|  86|0x0000000085600000, 0x0000000085700000, 0x0000000085700000|100%| O|  |TAMS 0x0000000085700000, 0x0000000085700000| Untracked 
|  87|0x0000000085700000, 0x0000000085800000, 0x0000000085800000|100%| O|  |TAMS 0x0000000085800000, 0x0000000085800000| Untracked 
|  88|0x0000000085800000, 0x0000000085900000, 0x0000000085900000|100%| O|  |TAMS 0x0000000085900000, 0x0000000085900000| Untracked 
|  89|0x0000000085900000, 0x0000000085a00000, 0x0000000085a00000|100%| O|  |TAMS 0x0000000085a00000, 0x0000000085a00000| Untracked 
|  90|0x0000000085a00000, 0x0000000085b00000, 0x0000000085b00000|100%| O|  |TAMS 0x0000000085b00000, 0x0000000085b00000| Untracked 
|  91|0x0000000085b00000, 0x0000000085c00000, 0x0000000085c00000|100%| O|  |TAMS 0x0000000085c00000, 0x0000000085c00000| Untracked 
|  92|0x0000000085c00000, 0x0000000085d00000, 0x0000000085d00000|100%| O|  |TAMS 0x0000000085d00000, 0x0000000085d00000| Untracked 
|  93|0x0000000085d00000, 0x0000000085e00000, 0x0000000085e00000|100%| O|  |TAMS 0x0000000085e00000, 0x0000000085e00000| Untracked 
|  94|0x0000000085e00000, 0x0000000085f00000, 0x0000000085f00000|100%| O|  |TAMS 0x0000000085f00000, 0x0000000085f00000| Untracked 
|  95|0x0000000085f00000, 0x0000000086000000, 0x0000000086000000|100%| O|  |TAMS 0x0000000086000000, 0x0000000086000000| Untracked 
|  96|0x0000000086000000, 0x0000000086100000, 0x0000000086100000|100%| O|  |TAMS 0x0000000086100000, 0x0000000086100000| Untracked 
|  97|0x0000000086100000, 0x0000000086200000, 0x0000000086200000|100%| O|  |TAMS 0x0000000086200000, 0x0000000086200000| Untracked 
|  98|0x0000000086200000, 0x0000000086300000, 0x0000000086300000|100%| O|  |TAMS 0x0000000086300000, 0x0000000086300000| Untracked 
|  99|0x0000000086300000, 0x0000000086400000, 0x0000000086400000|100%| O|  |TAMS 0x0000000086400000, 0x0000000086400000| Untracked 
| 100|0x0000000086400000, 0x0000000086500000, 0x0000000086500000|100%| O|  |TAMS 0x0000000086500000, 0x0000000086500000| Untracked 
| 101|0x0000000086500000, 0x0000000086600000, 0x0000000086600000|100%| O|  |TAMS 0x0000000086600000, 0x0000000086600000| Untracked 
| 102|0x0000000086600000, 0x0000000086700000, 0x0000000086700000|100%|HS|  |TAMS 0x0000000086700000, 0x0000000086700000| Complete 
| 103|0x0000000086700000, 0x0000000086800000, 0x0000000086800000|100%|HC|  |TAMS 0x0000000086800000, 0x0000000086800000| Complete 
| 104|0x0000000086800000, 0x0000000086900000, 0x0000000086900000|100%| O|  |TAMS 0x0000000086900000, 0x0000000086900000| Untracked 
| 105|0x0000000086900000, 0x0000000086a00000, 0x0000000086a00000|100%| O|  |TAMS 0x0000000086a00000, 0x0000000086a00000| Untracked 
| 106|0x0000000086a00000, 0x0000000086b00000, 0x0000000086b00000|100%|HS|  |TAMS 0x0000000086b00000, 0x0000000086b00000| Complete 
| 107|0x0000000086b00000, 0x0000000086c00000, 0x0000000086c00000|100%|HC|  |TAMS 0x0000000086c00000, 0x0000000086c00000| Complete 
| 108|0x0000000086c00000, 0x0000000086d00000, 0x0000000086d00000|100%|HC|  |TAMS 0x0000000086d00000, 0x0000000086d00000| Complete 
| 109|0x0000000086d00000, 0x0000000086e00000, 0x0000000086e00000|100%|HS|  |TAMS 0x0000000086e00000, 0x0000000086e00000| Complete 
| 110|0x0000000086e00000, 0x0000000086f00000, 0x0000000086f00000|100%|HC|  |TAMS 0x0000000086f00000, 0x0000000086f00000| Complete 
| 111|0x0000000086f00000, 0x0000000087000000, 0x0000000087000000|100%|HC|  |TAMS 0x0000000087000000, 0x0000000087000000| Complete 
| 112|0x0000000087000000, 0x0000000087100000, 0x0000000087100000|100%|HS|  |TAMS 0x0000000087100000, 0x0000000087100000| Complete 
| 113|0x0000000087100000, 0x0000000087200000, 0x0000000087200000|100%|HC|  |TAMS 0x0000000087200000, 0x0000000087200000| Complete 
| 114|0x0000000087200000, 0x0000000087300000, 0x0000000087300000|100%|HC|  |TAMS 0x0000000087300000, 0x0000000087300000| Complete 
| 115|0x0000000087300000, 0x0000000087400000, 0x0000000087400000|100%|HC|  |TAMS 0x0000000087400000, 0x0000000087400000| Complete 
| 116|0x0000000087400000, 0x0000000087500000, 0x0000000087500000|100%|HS|  |TAMS 0x0000000087500000, 0x0000000087500000| Complete 
| 117|0x0000000087500000, 0x0000000087600000, 0x0000000087600000|100%|HC|  |TAMS 0x0000000087600000, 0x0000000087600000| Complete 
| 118|0x0000000087600000, 0x0000000087700000, 0x0000000087700000|100%|HC|  |TAMS 0x0000000087700000, 0x0000000087700000| Complete 
| 119|0x0000000087700000, 0x0000000087800000, 0x0000000087800000|100%|HC|  |TAMS 0x0000000087800000, 0x0000000087800000| Complete 
| 120|0x0000000087800000, 0x0000000087900000, 0x0000000087900000|100%|HC|  |TAMS 0x0000000087900000, 0x0000000087900000| Complete 
| 121|0x0000000087900000, 0x0000000087a00000, 0x0000000087a00000|100%|HS|  |TAMS 0x0000000087a00000, 0x0000000087a00000| Complete 
| 122|0x0000000087a00000, 0x0000000087b00000, 0x0000000087b00000|100%| O|  |TAMS 0x0000000087b00000, 0x0000000087b00000| Untracked 
| 123|0x0000000087b00000, 0x0000000087c00000, 0x0000000087c00000|100%| O|  |TAMS 0x0000000087c00000, 0x0000000087c00000| Untracked 
| 124|0x0000000087c00000, 0x0000000087d00000, 0x0000000087d00000|100%| O|  |TAMS 0x0000000087d00000, 0x0000000087d00000| Untracked 
| 125|0x0000000087d00000, 0x0000000087e00000, 0x0000000087e00000|100%| O|  |TAMS 0x0000000087e00000, 0x0000000087e00000| Untracked 
| 126|0x0000000087e00000, 0x0000000087f00000, 0x0000000087f00000|100%| O|  |TAMS 0x0000000087f00000, 0x0000000087f00000| Untracked 
| 127|0x0000000087f00000, 0x0000000088000000, 0x0000000088000000|100%| O|  |TAMS 0x0000000088000000, 0x0000000088000000| Untracked 
| 128|0x0000000088000000, 0x0000000088100000, 0x0000000088100000|100%| O|  |TAMS 0x0000000088100000, 0x0000000088100000| Untracked 
| 129|0x0000000088100000, 0x0000000088200000, 0x0000000088200000|100%| O|  |TAMS 0x0000000088200000, 0x0000000088200000| Untracked 
| 130|0x0000000088200000, 0x0000000088300000, 0x0000000088300000|100%| O|  |TAMS 0x0000000088300000, 0x0000000088300000| Untracked 
| 131|0x0000000088300000, 0x0000000088400000, 0x0000000088400000|100%| O|  |TAMS 0x0000000088400000, 0x0000000088400000| Untracked 
| 132|0x0000000088400000, 0x0000000088500000, 0x0000000088500000|100%| O|  |TAMS 0x0000000088500000, 0x0000000088500000| Untracked 
| 133|0x0000000088500000, 0x0000000088600000, 0x0000000088600000|100%| O|  |TAMS 0x0000000088600000, 0x0000000088600000| Untracked 
| 134|0x0000000088600000, 0x0000000088700000, 0x0000000088700000|100%| O|  |TAMS 0x0000000088700000, 0x0000000088700000| Untracked 
| 135|0x0000000088700000, 0x0000000088800000, 0x0000000088800000|100%| O|  |TAMS 0x0000000088800000, 0x0000000088800000| Untracked 
| 136|0x0000000088800000, 0x0000000088900000, 0x0000000088900000|100%| O|  |TAMS 0x0000000088900000, 0x0000000088900000| Untracked 
| 137|0x0000000088900000, 0x0000000088a00000, 0x0000000088a00000|100%| O|  |TAMS 0x0000000088a00000, 0x0000000088a00000| Untracked 
| 138|0x0000000088a00000, 0x0000000088b00000, 0x0000000088b00000|100%| O|  |TAMS 0x0000000088b00000, 0x0000000088b00000| Untracked 
| 139|0x0000000088b00000, 0x0000000088c00000, 0x0000000088c00000|100%| O|  |TAMS 0x0000000088c00000, 0x0000000088c00000| Untracked 
| 140|0x0000000088c00000, 0x0000000088d00000, 0x0000000088d00000|100%| O|  |TAMS 0x0000000088d00000, 0x0000000088d00000| Untracked 
| 141|0x0000000088d00000, 0x0000000088e00000, 0x0000000088e00000|100%| O|  |TAMS 0x0000000088e00000, 0x0000000088e00000| Untracked 
| 142|0x0000000088e00000, 0x0000000088f00000, 0x0000000088f00000|100%| O|  |TAMS 0x0000000088f00000, 0x0000000088f00000| Untracked 
| 143|0x0000000088f00000, 0x0000000089000000, 0x0000000089000000|100%| O|  |TAMS 0x0000000089000000, 0x0000000089000000| Untracked 
| 144|0x0000000089000000, 0x0000000089100000, 0x0000000089100000|100%| O|  |TAMS 0x0000000089100000, 0x0000000089100000| Untracked 
| 145|0x0000000089100000, 0x0000000089200000, 0x0000000089200000|100%| O|  |TAMS 0x0000000089200000, 0x0000000089200000| Untracked 
| 146|0x0000000089200000, 0x0000000089300000, 0x0000000089300000|100%| O|  |TAMS 0x0000000089300000, 0x0000000089300000| Untracked 
| 147|0x0000000089300000, 0x0000000089400000, 0x0000000089400000|100%| O|  |TAMS 0x0000000089400000, 0x0000000089400000| Untracked 
| 148|0x0000000089400000, 0x0000000089500000, 0x0000000089500000|100%| O|  |TAMS 0x0000000089500000, 0x0000000089500000| Untracked 
| 149|0x0000000089500000, 0x0000000089600000, 0x0000000089600000|100%| O|  |TAMS 0x0000000089600000, 0x0000000089600000| Untracked 
| 150|0x0000000089600000, 0x0000000089700000, 0x0000000089700000|100%| O|  |TAMS 0x0000000089700000, 0x0000000089700000| Untracked 
| 151|0x0000000089700000, 0x0000000089800000, 0x0000000089800000|100%| O|  |TAMS 0x0000000089800000, 0x0000000089800000| Untracked 
| 152|0x0000000089800000, 0x0000000089900000, 0x0000000089900000|100%| O|  |TAMS 0x0000000089900000, 0x0000000089900000| Untracked 
| 153|0x0000000089900000, 0x0000000089a00000, 0x0000000089a00000|100%| O|  |TAMS 0x000000008999fc00, 0x0000000089a00000| Untracked 
| 154|0x0000000089a00000, 0x0000000089b00000, 0x0000000089b00000|100%| O|  |TAMS 0x0000000089a00000, 0x0000000089b00000| Untracked 
| 155|0x0000000089b00000, 0x0000000089c00000, 0x0000000089c00000|100%| O|  |TAMS 0x0000000089b00000, 0x0000000089c00000| Untracked 
| 156|0x0000000089c00000, 0x0000000089d00000, 0x0000000089d00000|100%| O|  |TAMS 0x0000000089c00000, 0x0000000089d00000| Untracked 
| 157|0x0000000089d00000, 0x0000000089db7600, 0x0000000089e00000| 71%| O|  |TAMS 0x0000000089d00000, 0x0000000089db7600| Untracked 
| 158|0x0000000089e00000, 0x0000000089e00000, 0x0000000089f00000|  0%| F|  |TAMS 0x0000000089e00000, 0x0000000089e00000| Untracked 
| 159|0x0000000089f00000, 0x0000000089f00000, 0x000000008a000000|  0%| F|  |TAMS 0x0000000089f00000, 0x0000000089f00000| Untracked 
| 160|0x000000008a000000, 0x000000008a000000, 0x000000008a100000|  0%| F|  |TAMS 0x000000008a000000, 0x000000008a000000| Untracked 
| 161|0x000000008a100000, 0x000000008a100000, 0x000000008a200000|  0%| F|  |TAMS 0x000000008a100000, 0x000000008a100000| Untracked 
| 162|0x000000008a200000, 0x000000008a200000, 0x000000008a300000|  0%| F|  |TAMS 0x000000008a200000, 0x000000008a200000| Untracked 
| 163|0x000000008a300000, 0x000000008a300000, 0x000000008a400000|  0%| F|  |TAMS 0x000000008a300000, 0x000000008a300000| Untracked 
| 164|0x000000008a400000, 0x000000008a400000, 0x000000008a500000|  0%| F|  |TAMS 0x000000008a400000, 0x000000008a400000| Untracked 
| 165|0x000000008a500000, 0x000000008a500000, 0x000000008a600000|  0%| F|  |TAMS 0x000000008a500000, 0x000000008a500000| Untracked 
| 166|0x000000008a600000, 0x000000008a600000, 0x000000008a700000|  0%| F|  |TAMS 0x000000008a600000, 0x000000008a600000| Untracked 
| 167|0x000000008a700000, 0x000000008a700000, 0x000000008a800000|  0%| F|  |TAMS 0x000000008a700000, 0x000000008a700000| Untracked 
| 168|0x000000008a800000, 0x000000008a800000, 0x000000008a900000|  0%| F|  |TAMS 0x000000008a800000, 0x000000008a800000| Untracked 
| 169|0x000000008a900000, 0x000000008a900000, 0x000000008aa00000|  0%| F|  |TAMS 0x000000008a900000, 0x000000008a900000| Untracked 
| 170|0x000000008aa00000, 0x000000008aa00000, 0x000000008ab00000|  0%| F|  |TAMS 0x000000008aa00000, 0x000000008aa00000| Untracked 
| 171|0x000000008ab00000, 0x000000008ab00000, 0x000000008ac00000|  0%| F|  |TAMS 0x000000008ab00000, 0x000000008ab00000| Untracked 
| 172|0x000000008ac00000, 0x000000008ac00000, 0x000000008ad00000|  0%| F|  |TAMS 0x000000008ac00000, 0x000000008ac00000| Untracked 
| 173|0x000000008ad00000, 0x000000008ad00000, 0x000000008ae00000|  0%| F|  |TAMS 0x000000008ad00000, 0x000000008ad00000| Untracked 
| 174|0x000000008ae00000, 0x000000008ae00000, 0x000000008af00000|  0%| F|  |TAMS 0x000000008ae00000, 0x000000008ae00000| Untracked 
| 175|0x000000008af00000, 0x000000008af00000, 0x000000008b000000|  0%| F|  |TAMS 0x000000008af00000, 0x000000008af00000| Untracked 
| 176|0x000000008b000000, 0x000000008b000000, 0x000000008b100000|  0%| F|  |TAMS 0x000000008b000000, 0x000000008b000000| Untracked 
| 177|0x000000008b100000, 0x000000008b100000, 0x000000008b200000|  0%| F|  |TAMS 0x000000008b100000, 0x000000008b100000| Untracked 
| 178|0x000000008b200000, 0x000000008b200000, 0x000000008b300000|  0%| F|  |TAMS 0x000000008b200000, 0x000000008b200000| Untracked 
| 179|0x000000008b300000, 0x000000008b300000, 0x000000008b400000|  0%| F|  |TAMS 0x000000008b300000, 0x000000008b300000| Untracked 
| 180|0x000000008b400000, 0x000000008b400000, 0x000000008b500000|  0%| F|  |TAMS 0x000000008b400000, 0x000000008b400000| Untracked 
| 181|0x000000008b500000, 0x000000008b500000, 0x000000008b600000|  0%| F|  |TAMS 0x000000008b500000, 0x000000008b500000| Untracked 
| 182|0x000000008b600000, 0x000000008b600000, 0x000000008b700000|  0%| F|  |TAMS 0x000000008b600000, 0x000000008b600000| Untracked 
| 183|0x000000008b700000, 0x000000008b700000, 0x000000008b800000|  0%| F|  |TAMS 0x000000008b700000, 0x000000008b700000| Untracked 
| 184|0x000000008b800000, 0x000000008b800000, 0x000000008b900000|  0%| F|  |TAMS 0x000000008b800000, 0x000000008b800000| Untracked 
| 185|0x000000008b900000, 0x000000008b900000, 0x000000008ba00000|  0%| F|  |TAMS 0x000000008b900000, 0x000000008b900000| Untracked 
| 186|0x000000008ba00000, 0x000000008ba00000, 0x000000008bb00000|  0%| F|  |TAMS 0x000000008ba00000, 0x000000008ba00000| Untracked 
| 187|0x000000008bb00000, 0x000000008bb00000, 0x000000008bc00000|  0%| F|  |TAMS 0x000000008bb00000, 0x000000008bb00000| Untracked 
| 188|0x000000008bc00000, 0x000000008bc5bc50, 0x000000008bd00000| 35%| S|CS|TAMS 0x000000008bc00000, 0x000000008bc00000| Complete 
| 189|0x000000008bd00000, 0x000000008bd00000, 0x000000008be00000|  0%| F|  |TAMS 0x000000008bd00000, 0x000000008bd00000| Untracked 
| 190|0x000000008be00000, 0x000000008be00000, 0x000000008bf00000|  0%| F|  |TAMS 0x000000008be00000, 0x000000008be00000| Untracked 
| 191|0x000000008bf00000, 0x000000008bf00000, 0x000000008c000000|  0%| F|  |TAMS 0x000000008bf00000, 0x000000008bf00000| Untracked 
| 192|0x000000008c000000, 0x000000008c000000, 0x000000008c100000|  0%| F|  |TAMS 0x000000008c000000, 0x000000008c000000| Untracked 
| 193|0x000000008c100000, 0x000000008c100000, 0x000000008c200000|  0%| F|  |TAMS 0x000000008c100000, 0x000000008c100000| Untracked 
| 194|0x000000008c200000, 0x000000008c200000, 0x000000008c300000|  0%| F|  |TAMS 0x000000008c200000, 0x000000008c200000| Untracked 
| 195|0x000000008c300000, 0x000000008c300000, 0x000000008c400000|  0%| F|  |TAMS 0x000000008c300000, 0x000000008c300000| Untracked 
| 196|0x000000008c400000, 0x000000008c400000, 0x000000008c500000|  0%| F|  |TAMS 0x000000008c400000, 0x000000008c400000| Untracked 
| 197|0x000000008c500000, 0x000000008c500000, 0x000000008c600000|  0%| F|  |TAMS 0x000000008c500000, 0x000000008c500000| Untracked 
| 198|0x000000008c600000, 0x000000008c700000, 0x000000008c700000|100%| S|CS|TAMS 0x000000008c600000, 0x000000008c600000| Complete 
| 199|0x000000008c700000, 0x000000008c800000, 0x000000008c800000|100%| S|CS|TAMS 0x000000008c700000, 0x000000008c700000| Complete 
| 200|0x000000008c800000, 0x000000008c900000, 0x000000008c900000|100%| S|CS|TAMS 0x000000008c800000, 0x000000008c800000| Complete 
| 201|0x000000008c900000, 0x000000008ca00000, 0x000000008ca00000|100%| S|CS|TAMS 0x000000008c900000, 0x000000008c900000| Complete 
| 202|0x000000008ca00000, 0x000000008cb00000, 0x000000008cb00000|100%| S|CS|TAMS 0x000000008ca00000, 0x000000008ca00000| Complete 
| 203|0x000000008cb00000, 0x000000008cc00000, 0x000000008cc00000|100%| S|CS|TAMS 0x000000008cb00000, 0x000000008cb00000| Complete 
| 204|0x000000008cc00000, 0x000000008cd00000, 0x000000008cd00000|100%| S|CS|TAMS 0x000000008cc00000, 0x000000008cc00000| Complete 
| 205|0x000000008cd00000, 0x000000008cd00000, 0x000000008ce00000|  0%| F|  |TAMS 0x000000008cd00000, 0x000000008cd00000| Untracked 
| 206|0x000000008ce00000, 0x000000008ce00000, 0x000000008cf00000|  0%| F|  |TAMS 0x000000008ce00000, 0x000000008ce00000| Untracked 
| 207|0x000000008cf00000, 0x000000008cf00000, 0x000000008d000000|  0%| F|  |TAMS 0x000000008cf00000, 0x000000008cf00000| Untracked 
| 208|0x000000008d000000, 0x000000008d000000, 0x000000008d100000|  0%| F|  |TAMS 0x000000008d000000, 0x000000008d000000| Untracked 
| 209|0x000000008d100000, 0x000000008d100000, 0x000000008d200000|  0%| F|  |TAMS 0x000000008d100000, 0x000000008d100000| Untracked 
| 210|0x000000008d200000, 0x000000008d200000, 0x000000008d300000|  0%| F|  |TAMS 0x000000008d200000, 0x000000008d200000| Untracked 
| 211|0x000000008d300000, 0x000000008d300000, 0x000000008d400000|  0%| F|  |TAMS 0x000000008d300000, 0x000000008d300000| Untracked 
| 212|0x000000008d400000, 0x000000008d400000, 0x000000008d500000|  0%| F|  |TAMS 0x000000008d400000, 0x000000008d400000| Untracked 
| 213|0x000000008d500000, 0x000000008d500000, 0x000000008d600000|  0%| F|  |TAMS 0x000000008d500000, 0x000000008d500000| Untracked 
| 214|0x000000008d600000, 0x000000008d600000, 0x000000008d700000|  0%| F|  |TAMS 0x000000008d600000, 0x000000008d600000| Untracked 
| 215|0x000000008d700000, 0x000000008d700000, 0x000000008d800000|  0%| F|  |TAMS 0x000000008d700000, 0x000000008d700000| Untracked 
| 216|0x000000008d800000, 0x000000008d800000, 0x000000008d900000|  0%| F|  |TAMS 0x000000008d800000, 0x000000008d800000| Untracked 
| 217|0x000000008d900000, 0x000000008d900000, 0x000000008da00000|  0%| F|  |TAMS 0x000000008d900000, 0x000000008d900000| Untracked 
| 218|0x000000008da00000, 0x000000008da00000, 0x000000008db00000|  0%| F|  |TAMS 0x000000008da00000, 0x000000008da00000| Untracked 
| 219|0x000000008db00000, 0x000000008db00000, 0x000000008dc00000|  0%| F|  |TAMS 0x000000008db00000, 0x000000008db00000| Untracked 
| 220|0x000000008dc00000, 0x000000008dc00000, 0x000000008dd00000|  0%| F|  |TAMS 0x000000008dc00000, 0x000000008dc00000| Untracked 
| 221|0x000000008dd00000, 0x000000008dd00000, 0x000000008de00000|  0%| F|  |TAMS 0x000000008dd00000, 0x000000008dd00000| Untracked 
| 222|0x000000008de00000, 0x000000008de00000, 0x000000008df00000|  0%| F|  |TAMS 0x000000008de00000, 0x000000008de00000| Untracked 
| 223|0x000000008df00000, 0x000000008df00000, 0x000000008e000000|  0%| F|  |TAMS 0x000000008df00000, 0x000000008df00000| Untracked 
| 224|0x000000008e000000, 0x000000008e000000, 0x000000008e100000|  0%| F|  |TAMS 0x000000008e000000, 0x000000008e000000| Untracked 
| 225|0x000000008e100000, 0x000000008e100000, 0x000000008e200000|  0%| F|  |TAMS 0x000000008e100000, 0x000000008e100000| Untracked 
| 226|0x000000008e200000, 0x000000008e200000, 0x000000008e300000|  0%| F|  |TAMS 0x000000008e200000, 0x000000008e200000| Untracked 
| 227|0x000000008e300000, 0x000000008e300000, 0x000000008e400000|  0%| F|  |TAMS 0x000000008e300000, 0x000000008e300000| Untracked 
| 228|0x000000008e400000, 0x000000008e400000, 0x000000008e500000|  0%| F|  |TAMS 0x000000008e400000, 0x000000008e400000| Untracked 
| 229|0x000000008e500000, 0x000000008e500000, 0x000000008e600000|  0%| F|  |TAMS 0x000000008e500000, 0x000000008e500000| Untracked 
| 230|0x000000008e600000, 0x000000008e600000, 0x000000008e700000|  0%| F|  |TAMS 0x000000008e600000, 0x000000008e600000| Untracked 
| 231|0x000000008e700000, 0x000000008e700000, 0x000000008e800000|  0%| F|  |TAMS 0x000000008e700000, 0x000000008e700000| Untracked 
| 232|0x000000008e800000, 0x000000008e800000, 0x000000008e900000|  0%| F|  |TAMS 0x000000008e800000, 0x000000008e800000| Untracked 
| 233|0x000000008e900000, 0x000000008e900000, 0x000000008ea00000|  0%| F|  |TAMS 0x000000008e900000, 0x000000008e900000| Untracked 
| 234|0x000000008ea00000, 0x000000008ea00000, 0x000000008eb00000|  0%| F|  |TAMS 0x000000008ea00000, 0x000000008ea00000| Untracked 
| 235|0x000000008eb00000, 0x000000008eb00000, 0x000000008ec00000|  0%| F|  |TAMS 0x000000008eb00000, 0x000000008eb00000| Untracked 
| 236|0x000000008ec00000, 0x000000008ec00000, 0x000000008ed00000|  0%| F|  |TAMS 0x000000008ec00000, 0x000000008ec00000| Untracked 
| 237|0x000000008ed00000, 0x000000008ed00000, 0x000000008ee00000|  0%| F|  |TAMS 0x000000008ed00000, 0x000000008ed00000| Untracked 
| 238|0x000000008ee00000, 0x000000008ee00000, 0x000000008ef00000|  0%| F|  |TAMS 0x000000008ee00000, 0x000000008ee00000| Untracked 
| 239|0x000000008ef00000, 0x000000008ef00000, 0x000000008f000000|  0%| F|  |TAMS 0x000000008ef00000, 0x000000008ef00000| Untracked 
| 240|0x000000008f000000, 0x000000008f000000, 0x000000008f100000|  0%| F|  |TAMS 0x000000008f000000, 0x000000008f000000| Untracked 
| 241|0x000000008f100000, 0x000000008f100000, 0x000000008f200000|  0%| F|  |TAMS 0x000000008f100000, 0x000000008f100000| Untracked 
| 242|0x000000008f200000, 0x000000008f200000, 0x000000008f300000|  0%| F|  |TAMS 0x000000008f200000, 0x000000008f200000| Untracked 
| 243|0x000000008f300000, 0x000000008f300000, 0x000000008f400000|  0%| F|  |TAMS 0x000000008f300000, 0x000000008f300000| Untracked 
| 244|0x000000008f400000, 0x000000008f400000, 0x000000008f500000|  0%| F|  |TAMS 0x000000008f400000, 0x000000008f400000| Untracked 
| 245|0x000000008f500000, 0x000000008f500000, 0x000000008f600000|  0%| F|  |TAMS 0x000000008f500000, 0x000000008f500000| Untracked 
| 246|0x000000008f600000, 0x000000008f600000, 0x000000008f700000|  0%| F|  |TAMS 0x000000008f600000, 0x000000008f600000| Untracked 
| 247|0x000000008f700000, 0x000000008f700000, 0x000000008f800000|  0%| F|  |TAMS 0x000000008f700000, 0x000000008f700000| Untracked 
| 248|0x000000008f800000, 0x000000008f800000, 0x000000008f900000|  0%| F|  |TAMS 0x000000008f800000, 0x000000008f800000| Untracked 
| 249|0x000000008f900000, 0x000000008f900000, 0x000000008fa00000|  0%| F|  |TAMS 0x000000008f900000, 0x000000008f900000| Untracked 
| 250|0x000000008fa00000, 0x000000008fa00000, 0x000000008fb00000|  0%| F|  |TAMS 0x000000008fa00000, 0x000000008fa00000| Untracked 
| 251|0x000000008fb00000, 0x000000008fb00000, 0x000000008fc00000|  0%| F|  |TAMS 0x000000008fb00000, 0x000000008fb00000| Untracked 
| 252|0x000000008fc00000, 0x000000008fc00000, 0x000000008fd00000|  0%| F|  |TAMS 0x000000008fc00000, 0x000000008fc00000| Untracked 
| 253|0x000000008fd00000, 0x000000008fd00000, 0x000000008fe00000|  0%| F|  |TAMS 0x000000008fd00000, 0x000000008fd00000| Untracked 
| 254|0x000000008fe00000, 0x000000008fe00000, 0x000000008ff00000|  0%| F|  |TAMS 0x000000008fe00000, 0x000000008fe00000| Untracked 
| 255|0x000000008ff00000, 0x000000008ff00000, 0x0000000090000000|  0%| F|  |TAMS 0x000000008ff00000, 0x000000008ff00000| Untracked 
| 256|0x0000000090000000, 0x0000000090000000, 0x0000000090100000|  0%| F|  |TAMS 0x0000000090000000, 0x0000000090000000| Untracked 
| 257|0x0000000090100000, 0x0000000090100000, 0x0000000090200000|  0%| F|  |TAMS 0x0000000090100000, 0x0000000090100000| Untracked 
| 258|0x0000000090200000, 0x0000000090200000, 0x0000000090300000|  0%| F|  |TAMS 0x0000000090200000, 0x0000000090200000| Untracked 
| 259|0x0000000090300000, 0x0000000090300000, 0x0000000090400000|  0%| F|  |TAMS 0x0000000090300000, 0x0000000090300000| Untracked 
| 260|0x0000000090400000, 0x0000000090400000, 0x0000000090500000|  0%| F|  |TAMS 0x0000000090400000, 0x0000000090400000| Untracked 
| 261|0x0000000090500000, 0x0000000090500000, 0x0000000090600000|  0%| F|  |TAMS 0x0000000090500000, 0x0000000090500000| Untracked 
| 262|0x0000000090600000, 0x0000000090600000, 0x0000000090700000|  0%| F|  |TAMS 0x0000000090600000, 0x0000000090600000| Untracked 
| 263|0x0000000090700000, 0x0000000090700000, 0x0000000090800000|  0%| F|  |TAMS 0x0000000090700000, 0x0000000090700000| Untracked 
| 264|0x0000000090800000, 0x0000000090800000, 0x0000000090900000|  0%| F|  |TAMS 0x0000000090800000, 0x0000000090800000| Untracked 
| 265|0x0000000090900000, 0x0000000090900000, 0x0000000090a00000|  0%| F|  |TAMS 0x0000000090900000, 0x0000000090900000| Untracked 
| 266|0x0000000090a00000, 0x0000000090a00000, 0x0000000090b00000|  0%| F|  |TAMS 0x0000000090a00000, 0x0000000090a00000| Untracked 
| 267|0x0000000090b00000, 0x0000000090b00000, 0x0000000090c00000|  0%| F|  |TAMS 0x0000000090b00000, 0x0000000090b00000| Untracked 
| 268|0x0000000090c00000, 0x0000000090c00000, 0x0000000090d00000|  0%| F|  |TAMS 0x0000000090c00000, 0x0000000090c00000| Untracked 
| 269|0x0000000090d00000, 0x0000000090d00000, 0x0000000090e00000|  0%| F|  |TAMS 0x0000000090d00000, 0x0000000090d00000| Untracked 
| 270|0x0000000090e00000, 0x0000000090e00000, 0x0000000090f00000|  0%| F|  |TAMS 0x0000000090e00000, 0x0000000090e00000| Untracked 
| 271|0x0000000090f00000, 0x0000000090f80378, 0x0000000091000000| 50%| E|  |TAMS 0x0000000090f00000, 0x0000000090f00000| Complete 
| 272|0x0000000091000000, 0x0000000091100000, 0x0000000091100000|100%| E|CS|TAMS 0x0000000091000000, 0x0000000091000000| Complete 
| 273|0x0000000091100000, 0x0000000091200000, 0x0000000091200000|100%| E|CS|TAMS 0x0000000091100000, 0x0000000091100000| Complete 

Card table byte_map: [0x0000005bd3b70000,0x0000005bd3f70000] _byte_map_base: 0x0000005bd3770000

Marking Bits (Prev, Next): (CMBitMap*) 0x0000005bc0cc9d20, (CMBitMap*) 0x0000005bc0cc9ce8
 Prev Bits: [0x0000005bd6370000, 0x0000005bd8370000)
 Next Bits: [0x0000005bd4370000, 0x0000005bd6370000)

Polling page: 0x0000005bbea00000

Metaspace:

Usage:
  Non-class:    103.17 MB capacity,   101.20 MB ( 98%) used,     1.64 MB (  2%) free+waste,   331.88 KB ( <1%) overhead. 
      Class:     15.82 MB capacity,    14.77 MB ( 93%) used,   924.24 KB (  6%) free+waste,   152.19 KB ( <1%) overhead. 
       Both:    118.99 MB capacity,   115.97 MB ( 97%) used,     2.55 MB (  2%) free+waste,   484.06 KB ( <1%) overhead. 

Virtual space:
  Non-class space:      104.00 MB reserved,     103.32 MB (>99%) committed 
      Class space:        1.00 GB reserved,      15.90 MB (  2%) committed 
             Both:        1.10 GB reserved,     119.21 MB ( 11%) committed 

Chunk freelists:
   Non-Class:  23.00 KB
       Class:  24.00 KB
        Both:  47.00 KB

MaxMetaspaceSize: 17179869184.00 GB
CompressedClassSpaceSize: 1.00 GB
Initial GC threshold: 20.80 MB
Current GC threshold: 188.90 MB
CDS: off

CodeHeap 'non-profiled nmethods': size=120064Kb used=9326Kb max_used=9326Kb free=110738Kb
 bounds [0x0000005bcc230000, 0x0000005bccb50000, 0x0000005bd3770000]
CodeHeap 'profiled nmethods': size=120000Kb used=33667Kb max_used=33667Kb free=86332Kb
 bounds [0x0000005bc4d00000, 0x0000005bc6df0000, 0x0000005bcc230000]
CodeHeap 'non-nmethods': size=5696Kb used=2457Kb max_used=2508Kb free=3238Kb
 bounds [0x0000005bc4770000, 0x0000005bc49f0000, 0x0000005bc4d00000]
 total_blobs=15679 nmethods=14683 adapters=909
 compilation: enabled
              stopped_count=0, restarted_count=0
 full_count=0

Compilation events (20 events):
Event: 774.524 Thread 0x0000005bdb60e800 14769       3       sun.nio.fs.WindowsPath::getName (47 bytes)
Event: 774.524 Thread 0x0000005bdb60e800 nmethod 14769 0x0000005bc6dd2c90 code [0x0000005bc6dd2ea0, 0x0000005bc6dd34a8]
Event: 774.526 Thread 0x0000005be04cd000 nmethod 14765 0x0000005bccb45610 code [0x0000005bccb457e0, 0x0000005bccb45b78]
Event: 774.526 Thread 0x0000005be04cd000 14767       4       org.gradle.internal.service.DefaultServiceRegistry::find (142 bytes)
Event: 774.530 Thread 0x0000005bdb5c5800 nmethod 14764 0x0000005bccb46090 code [0x0000005bccb46280, 0x0000005bccb46998]
Event: 774.535 Thread 0x0000005be04cd000 nmethod 14767 0x0000005bccb46d10 code [0x0000005bccb46f20, 0x0000005bccb47510]
Event: 774.673 Thread 0x0000005bdb60e800 14770       3       groovyjarjarantlr4.v4.runtime.atn.ATNDeserializer::toInt (2 bytes)
Event: 774.673 Thread 0x0000005bdb60e800 nmethod 14770 0x0000005bc6dd3690 code [0x0000005bc6dd3840, 0x0000005bc6dd3918]
Event: 774.673 Thread 0x0000005bdb60e800 14771       3       groovyjarjarantlr4.v4.runtime.atn.ATNDeserializer::stateFactory (241 bytes)
Event: 774.674 Thread 0x0000005bdb5c5800 14774       4       groovyjarjarantlr4.v4.runtime.atn.ATNDeserializer::toInt (2 bytes)
Event: 774.674 Thread 0x0000005bdb5c5800 nmethod 14774 0x0000005bccb47a90 code [0x0000005bccb47c20, 0x0000005bccb47c58]
Event: 774.675 Thread 0x0000005bdb60e800 nmethod 14771 0x0000005bc6dd3990 code [0x0000005bc6dd3da0, 0x0000005bc6dd5a58]
Event: 774.675 Thread 0x0000005bdb60e800 14772       3       groovyjarjarantlr4.v4.runtime.atn.ATNState::<init> (40 bytes)
Event: 774.675 Thread 0x0000005bdb60e800 nmethod 14772 0x0000005bc6dd6490 code [0x0000005bc6dd6660, 0x0000005bc6dd6948]
Event: 774.675 Thread 0x0000005bdb60e800 14773       3       groovyjarjarantlr4.v4.runtime.atn.ATN::addState (34 bytes)
Event: 774.675 Thread 0x0000005bdb60e800 nmethod 14773 0x0000005bc6dd6a10 code [0x0000005bc6dd6be0, 0x0000005bc6dd6f18]
Event: 774.675 Thread 0x0000005bdb60e800 14775       3       groovyjarjarantlr4.v4.runtime.atn.BasicState::<init> (5 bytes)
Event: 774.675 Thread 0x0000005bdb60e800 nmethod 14775 0x0000005bc6dd7090 code [0x0000005bc6dd7240, 0x0000005bc6dd7368]
Event: 774.675 Thread 0x0000005bdb60e800 14776       3       java.util.UUID::equals (51 bytes)
Event: 774.675 Thread 0x0000005bdb60e800 nmethod 14776 0x0000005bc6dd7410 code [0x0000005bc6dd75e0, 0x0000005bc6dd7938]

GC Heap History (20 events):
Event: 14.814 GC heap before
{Heap before GC invocations=28 (full 0):
 garbage-first heap   total 280576K, used 215005K [0x0000000080000000, 0x0000000100000000)
  region size 1024K, 69 young (70656K), 6 survivors (6144K)
 Metaspace       used 98076K, capacity 100437K, committed 100700K, reserved 1136640K
  class space    used 12619K, capacity 13463K, committed 13592K, reserved 1048576K
}
Event: 14.829 GC heap after
{Heap after GC invocations=29 (full 0):
 garbage-first heap   total 280576K, used 154463K [0x0000000080000000, 0x0000000100000000)
  region size 1024K, 5 young (5120K), 5 survivors (5120K)
 Metaspace       used 98076K, capacity 100437K, committed 100700K, reserved 1136640K
  class space    used 12619K, capacity 13463K, committed 13592K, reserved 1048576K
}
Event: 15.150 GC heap before
{Heap before GC invocations=29 (full 0):
 garbage-first heap   total 280576K, used 217951K [0x0000000080000000, 0x0000000100000000)
  region size 1024K, 68 young (69632K), 5 survivors (5120K)
 Metaspace       used 98078K, capacity 100437K, committed 100700K, reserved 1136640K
  class space    used 12619K, capacity 13463K, committed 13592K, reserved 1048576K
}
Event: 15.161 GC heap after
{Heap after GC invocations=30 (full 0):
 garbage-first heap   total 280576K, used 155095K [0x0000000080000000, 0x0000000100000000)
  region size 1024K, 4 young (4096K), 4 survivors (4096K)
 Metaspace       used 98078K, capacity 100437K, committed 100700K, reserved 1136640K
  class space    used 12619K, capacity 13463K, committed 13592K, reserved 1048576K
}
Event: 15.581 GC heap before
{Heap before GC invocations=31 (full 0):
 garbage-first heap   total 280576K, used 222679K [0x0000000080000000, 0x0000000100000000)
  region size 1024K, 70 young (71680K), 4 survivors (4096K)
 Metaspace       used 98086K, capacity 100439K, committed 100700K, reserved 1136640K
  class space    used 12620K, capacity 13463K, committed 13592K, reserved 1048576K
}
Event: 15.586 GC heap after
{Heap after GC invocations=32 (full 0):
 garbage-first heap   total 280576K, used 154917K [0x0000000080000000, 0x0000000100000000)
  region size 1024K, 4 young (4096K), 4 survivors (4096K)
 Metaspace       used 98086K, capacity 100439K, committed 100700K, reserved 1136640K
  class space    used 12620K, capacity 13463K, committed 13592K, reserved 1048576K
}
Event: 16.039 GC heap before
{Heap before GC invocations=32 (full 0):
 garbage-first heap   total 280576K, used 225573K [0x0000000080000000, 0x0000000100000000)
  region size 1024K, 73 young (74752K), 4 survivors (4096K)
 Metaspace       used 100314K, capacity 102658K, committed 102748K, reserved 1138688K
  class space    used 12942K, capacity 13798K, committed 13848K, reserved 1048576K
}
Event: 16.042 GC heap after
{Heap after GC invocations=33 (full 0):
 garbage-first heap   total 280576K, used 150235K [0x0000000080000000, 0x0000000100000000)
  region size 1024K, 1 young (1024K), 1 survivors (1024K)
 Metaspace       used 100314K, capacity 102658K, committed 102748K, reserved 1138688K
  class space    used 12942K, capacity 13798K, committed 13848K, reserved 1048576K
}
Event: 18.088 GC heap before
{Heap before GC invocations=34 (full 0):
 garbage-first heap   total 280576K, used 238299K [0x0000000080000000, 0x0000000100000000)
  region size 1024K, 75 young (76800K), 1 survivors (1024K)
 Metaspace       used 105824K, capacity 108427K, committed 108636K, reserved 1142784K
  class space    used 13556K, capacity 14541K, committed 14616K, reserved 1048576K
}
Event: 18.104 GC heap after
{Heap after GC invocations=35 (full 0):
 garbage-first heap   total 280576K, used 160943K [0x0000000080000000, 0x0000000100000000)
  region size 1024K, 6 young (6144K), 6 survivors (6144K)
 Metaspace       used 105824K, capacity 108427K, committed 108636K, reserved 1142784K
  class space    used 13556K, capacity 14541K, committed 14616K, reserved 1048576K
}
Event: 20.443 GC heap before
{Heap before GC invocations=35 (full 0):
 garbage-first heap   total 280576K, used 230575K [0x0000000080000000, 0x0000000100000000)
  region size 1024K, 75 young (76800K), 6 survivors (6144K)
 Metaspace       used 106607K, capacity 109302K, committed 109404K, reserved 1144832K
  class space    used 13599K, capacity 14580K, committed 14616K, reserved 1048576K
}
Event: 20.464 GC heap after
{Heap after GC invocations=36 (full 0):
 garbage-first heap   total 280576K, used 163986K [0x0000000080000000, 0x0000000100000000)
  region size 1024K, 8 young (8192K), 8 survivors (8192K)
 Metaspace       used 106607K, capacity 109302K, committed 109404K, reserved 1144832K
  class space    used 13599K, capacity 14580K, committed 14616K, reserved 1048576K
}
Event: 21.860 GC heap before
{Heap before GC invocations=37 (full 0):
 garbage-first heap   total 280576K, used 227474K [0x0000000080000000, 0x0000000100000000)
  region size 1024K, 76 young (77824K), 8 survivors (8192K)
 Metaspace       used 108430K, capacity 111177K, committed 111452K, reserved 1146880K
  class space    used 13777K, capacity 14764K, committed 14872K, reserved 1048576K
}
Event: 21.880 GC heap after
{Heap after GC invocations=38 (full 0):
 garbage-first heap   total 280576K, used 163124K [0x0000000080000000, 0x0000000100000000)
  region size 1024K, 9 young (9216K), 9 survivors (9216K)
 Metaspace       used 108430K, capacity 111177K, committed 111452K, reserved 1146880K
  class space    used 13777K, capacity 14764K, committed 14872K, reserved 1048576K
}
Event: 22.637 GC heap before
{Heap before GC invocations=38 (full 0):
 garbage-first heap   total 280576K, used 232756K [0x0000000080000000, 0x0000000100000000)
  region size 1024K, 78 young (79872K), 9 survivors (9216K)
 Metaspace       used 112369K, capacity 115084K, committed 115292K, reserved 1148928K
  class space    used 14282K, capacity 15277K, committed 15384K, reserved 1048576K
}
Event: 22.654 GC heap after
{Heap after GC invocations=39 (full 0):
 garbage-first heap   total 280576K, used 162431K [0x0000000080000000, 0x0000000100000000)
  region size 1024K, 5 young (5120K), 5 survivors (5120K)
 Metaspace       used 112369K, capacity 115084K, committed 115292K, reserved 1148928K
  class space    used 14282K, capacity 15277K, committed 15384K, reserved 1048576K
}
Event: 23.593 GC heap before
{Heap before GC invocations=40 (full 0):
 garbage-first heap   total 280576K, used 234111K [0x0000000080000000, 0x0000000100000000)
  region size 1024K, 76 young (77824K), 5 survivors (5120K)
 Metaspace       used 115453K, capacity 118187K, committed 118492K, reserved 1153024K
  class space    used 14638K, capacity 15668K, committed 15768K, reserved 1048576K
}
Event: 23.607 GC heap after
{Heap after GC invocations=41 (full 0):
 garbage-first heap   total 280576K, used 166013K [0x0000000080000000, 0x0000000100000000)
  region size 1024K, 9 young (9216K), 9 survivors (9216K)
 Metaspace       used 115453K, capacity 118187K, committed 118492K, reserved 1153024K
  class space    used 14638K, capacity 15668K, committed 15768K, reserved 1048576K
}
Event: 774.639 GC heap before
{Heap before GC invocations=41 (full 0):
 garbage-first heap   total 280576K, used 235645K [0x0000000080000000, 0x0000000100000000)
  region size 1024K, 78 young (79872K), 9 survivors (9216K)
 Metaspace       used 118452K, capacity 121493K, committed 121820K, reserved 1155072K
  class space    used 15075K, capacity 16168K, committed 16280K, reserved 1048576K
}
Event: 774.657 GC heap after
{Heap after GC invocations=42 (full 0):
 garbage-first heap   total 280576K, used 169036K [0x0000000080000000, 0x0000000100000000)
  region size 1024K, 8 young (8192K), 8 survivors (8192K)
 Metaspace       used 118452K, capacity 121493K, committed 121820K, reserved 1155072K
  class space    used 15075K, capacity 16168K, committed 16280K, reserved 1048576K
}

Deoptimization events (20 events):
Event: 774.299 Thread 0x0000005be2e0c000 DEOPT PACKING pc=0x0000005bcca12aa0 sp=0x0000005be16685d0
Event: 774.299 Thread 0x0000005be2e0c000 DEOPT UNPACKING pc=0x0000005bc47ba1af sp=0x0000005be1668570 mode 2
Event: 774.330 Thread 0x0000005be2e0c000 Uncommon trap: trap_request=0xffffffc6 fr.pc=0x0000005bcc9454d8 relative=0x00000000000002f8
Event: 774.330 Thread 0x0000005be2e0c000 Uncommon trap: reason=bimorphic_or_optimized_type_check action=maybe_recompile pc=0x0000005bcc9454d8 method=com.google.common.collect.NaturalOrdering.compare(Ljava/lang/Comparable;Ljava/lang/Comparable;)I @ 12 c2
Event: 774.330 Thread 0x0000005be2e0c000 DEOPT PACKING pc=0x0000005bcc9454d8 sp=0x0000005be16682b0
Event: 774.330 Thread 0x0000005be2e0c000 DEOPT UNPACKING pc=0x0000005bc47ba1af sp=0x0000005be16681e8 mode 2
Event: 774.332 Thread 0x0000005be2e0c000 Uncommon trap: trap_request=0xffffffc6 fr.pc=0x0000005bcc9454d8 relative=0x00000000000002f8
Event: 774.332 Thread 0x0000005be2e0c000 Uncommon trap: reason=bimorphic_or_optimized_type_check action=maybe_recompile pc=0x0000005bcc9454d8 method=com.google.common.collect.NaturalOrdering.compare(Ljava/lang/Comparable;Ljava/lang/Comparable;)I @ 12 c2
Event: 774.332 Thread 0x0000005be2e0c000 DEOPT PACKING pc=0x0000005bcc9454d8 sp=0x0000005be16683a0
Event: 774.332 Thread 0x0000005be2e0c000 DEOPT UNPACKING pc=0x0000005bc47ba1af sp=0x0000005be16682d8 mode 2
Event: 774.333 Thread 0x0000005be2e0c000 Uncommon trap: trap_request=0xffffffc6 fr.pc=0x0000005bcc9454d8 relative=0x00000000000002f8
Event: 774.333 Thread 0x0000005be2e0c000 Uncommon trap: reason=bimorphic_or_optimized_type_check action=maybe_recompile pc=0x0000005bcc9454d8 method=com.google.common.collect.NaturalOrdering.compare(Ljava/lang/Comparable;Ljava/lang/Comparable;)I @ 12 c2
Event: 774.333 Thread 0x0000005be2e0c000 DEOPT PACKING pc=0x0000005bcc9454d8 sp=0x0000005be1668390
Event: 774.333 Thread 0x0000005be2e0c000 DEOPT UNPACKING pc=0x0000005bc47ba1af sp=0x0000005be16682c8 mode 2
Event: 774.334 Thread 0x0000005be2e0c000 Uncommon trap: trap_request=0xffffffc6 fr.pc=0x0000005bcc9454d8 relative=0x00000000000002f8
Event: 774.334 Thread 0x0000005be2e0c000 Uncommon trap: reason=bimorphic_or_optimized_type_check action=maybe_recompile pc=0x0000005bcc9454d8 method=com.google.common.collect.NaturalOrdering.compare(Ljava/lang/Comparable;Ljava/lang/Comparable;)I @ 12 c2
Event: 774.334 Thread 0x0000005be2e0c000 DEOPT PACKING pc=0x0000005bcc9454d8 sp=0x0000005be1668390
Event: 774.334 Thread 0x0000005be2e0c000 DEOPT UNPACKING pc=0x0000005bc47ba1af sp=0x0000005be16682c8 mode 2
Event: 774.428 Thread 0x0000005be2e0c000 DEOPT PACKING pc=0x0000005bc575a883 sp=0x0000005be1668af0
Event: 774.428 Thread 0x0000005be2e0c000 DEOPT UNPACKING pc=0x0000005bc47ba95e sp=0x0000005be1667f98 mode 0

Classes redefined (0 events):
No events

Internal exceptions (20 events):
Event: 23.498 Thread 0x0000005bdd8fc000 Exception <a 'java/lang/ClassNotFoundException'{0x000000008e223b70}: java/util/HashMapCustomizer> (0x000000008e223b70) thrown at [./src/hotspot/share/classfile/systemDictionary.cpp, line 231]
Event: 23.499 Thread 0x0000005bdd8fc000 Exception <a 'java/lang/ClassNotFoundException'{0x000000008e2442c8}: java/util/LinkedHashMapCustomizer> (0x000000008e2442c8) thrown at [./src/hotspot/share/classfile/systemDictionary.cpp, line 231]
Event: 23.726 Thread 0x0000005bdd2cf800 Exception <a 'java/lang/NoSuchMethodError'{0x0000000090011fa8}: <clinit>> (0x0000000090011fa8) thrown at [./src/hotspot/share/prims/jni.cpp, line 1366]
Event: 23.726 Thread 0x0000005bdd2cf800 Exception <a 'java/lang/NoSuchMethodError'{0x0000000090023b58}: <clinit>> (0x0000000090023b58) thrown at [./src/hotspot/share/prims/jni.cpp, line 1366]
Event: 23.729 Thread 0x0000005bdd2cf800 Exception <a 'java/lang/NoSuchMethodError'{0x000000009003ddf0}: <clinit>> (0x000000009003ddf0) thrown at [./src/hotspot/share/prims/jni.cpp, line 1366]
Event: 23.737 Thread 0x0000005bdd2cf800 Exception <a 'java/lang/NoSuchMethodError'{0x000000009005ba40}: <clinit>> (0x000000009005ba40) thrown at [./src/hotspot/share/prims/jni.cpp, line 1366]
Event: 23.738 Thread 0x0000005bdd2cf800 Exception <a 'java/lang/NoSuchMethodError'{0x000000009006b628}: <clinit>> (0x000000009006b628) thrown at [./src/hotspot/share/prims/jni.cpp, line 1366]
Event: 23.806 Thread 0x0000005bdd8fc000 Implicit null exception at 0x0000005bcc948baf to 0x0000005bcc948bfc
Event: 23.831 Thread 0x0000005bdd8fc000 Implicit null exception at 0x0000005bcc8f0aeb to 0x0000005bcc8f0e78
Event: 31.689 Thread 0x0000005bdf77e800 Implicit null exception at 0x0000005bcc3272f7 to 0x0000005bcc327900
Event: 774.168 Thread 0x0000005be025a000 Exception <a 'sun/nio/fs/WindowsException'{0x000000008ea4ded0}> (0x000000008ea4ded0) thrown at [./src/hotspot/share/prims/jni.cpp, line 616]
Event: 774.175 Thread 0x0000005be025a000 Exception <a 'sun/nio/fs/WindowsException'{0x000000008ea7b748}> (0x000000008ea7b748) thrown at [./src/hotspot/share/prims/jni.cpp, line 616]
Event: 774.177 Thread 0x0000005be025a000 Exception <a 'sun/nio/fs/WindowsException'{0x000000008ea7b8c0}> (0x000000008ea7b8c0) thrown at [./src/hotspot/share/prims/jni.cpp, line 616]
Event: 774.185 Thread 0x0000005be2e0c000 Exception <a 'java/lang/ClassNotFoundException'{0x000000008eaf1740}: sync_studio_tooling9_j6ciw34ynr8zsi8xiguezglfBeanInfo> (0x000000008eaf1740) thrown at [./src/hotspot/share/classfile/systemDictionary.cpp, line 231]
Event: 774.185 Thread 0x0000005be2e0c000 Exception <a 'java/lang/ClassNotFoundException'{0x000000008eaff560}: sync_studio_tooling9_j6ciw34ynr8zsi8xiguezglfCustomizer> (0x000000008eaff560) thrown at [./src/hotspot/share/classfile/systemDictionary.cpp, line 231]
Event: 774.240 Thread 0x0000005bdde51800 Exception <a 'sun/nio/fs/WindowsException'{0x000000008e9867c0}> (0x000000008e9867c0) thrown at [./src/hotspot/share/prims/jni.cpp, line 616]
Event: 774.248 Thread 0x0000005bdde51800 Exception <a 'sun/nio/fs/WindowsException'{0x000000008e9a4fb0}> (0x000000008e9a4fb0) thrown at [./src/hotspot/share/prims/jni.cpp, line 616]
Event: 774.249 Thread 0x0000005bdde51800 Exception <a 'sun/nio/fs/WindowsException'{0x000000008e9a5118}> (0x000000008e9a5118) thrown at [./src/hotspot/share/prims/jni.cpp, line 616]
Event: 774.254 Thread 0x0000005be2e0c000 Exception <a 'java/lang/ClassNotFoundException'{0x000000008e81c620}: sync_studio_tooling9_j6ciw34ynr8zsi8xiguezglfBeanInfo> (0x000000008e81c620) thrown at [./src/hotspot/share/classfile/systemDictionary.cpp, line 231]
Event: 774.254 Thread 0x0000005be2e0c000 Exception <a 'java/lang/ClassNotFoundException'{0x000000008e82a738}: sync_studio_tooling9_j6ciw34ynr8zsi8xiguezglfCustomizer> (0x000000008e82a738) thrown at [./src/hotspot/share/classfile/systemDictionary.cpp, line 231]

Events (20 events):
Event: 774.672 loading class groovyjarjarantlr4/v4/runtime/atn/ATN done
Event: 774.672 loading class groovyjarjarantlr4/v4/runtime/dfa/DFA
Event: 774.672 loading class groovyjarjarantlr4/v4/runtime/dfa/DFA done
Event: 774.673 Thread 0x0000005be04cd000 Thread exited: 0x0000005be04cd000
Event: 774.673 loading class groovyjarjarantlr4/v4/runtime/misc/Tuple
Event: 774.673 loading class groovyjarjarantlr4/v4/runtime/misc/Tuple done
Event: 774.674 loading class groovyjarjarantlr4/v4/runtime/misc/Tuple2
Event: 774.674 loading class groovyjarjarantlr4/v4/runtime/misc/Tuple2 done
Event: 774.676 loading class groovyjarjarantlr4/v4/runtime/dfa/DFASerializer
Event: 774.676 loading class groovyjarjarantlr4/v4/runtime/dfa/DFASerializer done
Event: 774.676 loading class groovyjarjarantlr4/v4/runtime/dfa/LexerDFASerializer
Event: 774.676 loading class groovyjarjarantlr4/v4/runtime/dfa/LexerDFASerializer done
Event: 774.676 loading class groovyjarjarantlr4/v4/runtime/dfa/EmptyEdgeMap
Event: 774.676 loading class groovyjarjarantlr4/v4/runtime/dfa/EmptyEdgeMap done
Event: 774.677 loading class groovyjarjarantlr4/v4/runtime/dfa/AbstractEdgeMap
Event: 774.677 loading class groovyjarjarantlr4/v4/runtime/dfa/AbstractEdgeMap done
Event: 774.677 loading class groovyjarjarantlr4/v4/runtime/dfa/EdgeMap
Event: 774.677 loading class groovyjarjarantlr4/v4/runtime/dfa/EdgeMap done
Event: 774.677 loading class groovyjarjarantlr4/v4/runtime/dfa/SingletonEdgeMap
Event: 774.677 loading class groovyjarjarantlr4/v4/runtime/dfa/SingletonEdgeMap done


Dynamic libraries:
0x00007ff62c850000 - 0x00007ff62c85a000 	C:\Program Files\Android\Android Studio\jre\bin\java.exe
0x00007ffe03560000 - 0x00007ffe0370d000 	C:\Windows\SYSTEM32\ntdll.dll
0x00007ffe02490000 - 0x00007ffe025cf000 	C:\Windows\system32\KERNEL32.DLL
0x00007ffe00780000 - 0x00007ffe00895000 	C:\Windows\system32\KERNELBASE.dll
0x00007ffdf6b10000 - 0x00007ffdf6b29000 	C:\Program Files\Android\Android Studio\jre\bin\jli.dll
0x00007ffded1d0000 - 0x00007ffded1e7000 	C:\Program Files\Android\Android Studio\jre\bin\VCRUNTIME140.dll
0x00007ffdfdcb0000 - 0x00007ffdfdcb4000 	C:\Windows\SYSTEM32\api-ms-win-crt-stdio-l1-1-0.dll
0x00007ffdf6b60000 - 0x00007ffdf6b64000 	C:\Windows\SYSTEM32\api-ms-win-crt-runtime-l1-1-0.dll
0x00007ffdf6710000 - 0x00007ffdf6713000 	C:\Windows\SYSTEM32\api-ms-win-crt-environment-l1-1-0.dll
0x00007ffdf2eb0000 - 0x00007ffdf2eb5000 	C:\Windows\SYSTEM32\api-ms-win-crt-math-l1-1-0.dll
0x00007ffdf2740000 - 0x00007ffdf2743000 	C:\Windows\SYSTEM32\api-ms-win-crt-locale-l1-1-0.dll
0x00007ffdf2920000 - 0x00007ffdf2923000 	C:\Windows\SYSTEM32\api-ms-win-crt-heap-l1-1-0.dll
0x00007ffe000e0000 - 0x00007ffe0035b000 	C:\Windows\WinSxS\amd64_microsoft.windows.common-controls_6595b64144ccf1df_6.0.9600.19394_none_62486577ecb635cf\COMCTL32.dll
0x00007ffe02c50000 - 0x00007ffe02dc7000 	C:\Windows\system32\USER32.dll
0x00007ffdf2b50000 - 0x00007ffdf2b53000 	C:\Windows\SYSTEM32\api-ms-win-crt-filesystem-l1-1-0.dll
0x00007ffdf6dd0000 - 0x00007ffdf6dd4000 	C:\Windows\SYSTEM32\api-ms-win-crt-string-l1-1-0.dll
0x00007ffdf6ac0000 - 0x00007ffdf6ac4000 	C:\Windows\SYSTEM32\api-ms-win-crt-convert-l1-1-0.dll
0x00007ffe03270000 - 0x00007ffe0331a000 	C:\Windows\system32\msvcrt.dll
0x00007ffe02710000 - 0x00007ffe0285e000 	C:\Windows\system32\GDI32.dll
0x00007ffdeccf0000 - 0x00007ffdecde4000 	C:\Windows\SYSTEM32\ucrtbase.DLL
0x00007ffe03320000 - 0x00007ffe03356000 	C:\Windows\system32\IMM32.DLL
0x00007ffe02170000 - 0x00007ffe022c1000 	C:\Windows\system32\MSCTF.dll
0x00007ffded130000 - 0x00007ffded1cd000 	C:\Program Files\Android\Android Studio\jre\bin\msvcp140.dll
0x00007ffdfdcc0000 - 0x00007ffdfdcc5000 	C:\Windows\SYSTEM32\api-ms-win-crt-multibyte-l1-1-0.dll
0x00007ffdf2ae0000 - 0x00007ffdf2ae3000 	C:\Windows\SYSTEM32\api-ms-win-crt-time-l1-1-0.dll
0x00007ffdf5560000 - 0x00007ffdf5563000 	C:\Windows\SYSTEM32\api-ms-win-crt-utility-l1-1-0.dll
0x00007ffde3190000 - 0x00007ffde3c92000 	C:\Program Files\Android\Android Studio\jre\bin\server\jvm.dll
0x00007ffe03450000 - 0x00007ffe034fd000 	C:\Windows\system32\ADVAPI32.dll
0x00007ffdf22c0000 - 0x00007ffdf22c9000 	C:\Windows\SYSTEM32\WSOCK32.dll
0x00007ffdfd300000 - 0x00007ffdfd322000 	C:\Windows\SYSTEM32\WINMM.dll
0x00007ffdfedc0000 - 0x00007ffdfedca000 	C:\Windows\SYSTEM32\VERSION.dll
0x00007ffe02dd0000 - 0x00007ffe02dd7000 	C:\Windows\system32\PSAPI.DLL
0x00007ffe03500000 - 0x00007ffe0355b000 	C:\Windows\SYSTEM32\sechost.dll
0x00007ffe025d0000 - 0x00007ffe02705000 	C:\Windows\system32\RPCRT4.dll
0x00007ffe028c0000 - 0x00007ffe0291a000 	C:\Windows\system32\WS2_32.dll
0x00007ffdfd280000 - 0x00007ffdfd2aa000 	C:\Windows\SYSTEM32\WINMMBASE.dll
0x00007ffe008a0000 - 0x00007ffe008ce000 	C:\Windows\system32\SspiCli.dll
0x00007ffe02e50000 - 0x00007ffe02e59000 	C:\Windows\system32\NSI.dll
0x00007ffe00730000 - 0x00007ffe0077f000 	C:\Windows\SYSTEM32\cfgmgr32.dll
0x00007ffdfe970000 - 0x00007ffdfe998000 	C:\Windows\SYSTEM32\DEVOBJ.dll
0x00007ffdf2800000 - 0x00007ffdf2811000 	C:\Program Files\Android\Android Studio\jre\bin\verify.dll
0x00007ffdef380000 - 0x00007ffdef50a000 	C:\Windows\SYSTEM32\DBGHELP.DLL
0x00007ffdf0b60000 - 0x00007ffdf0b89000 	C:\Program Files\Android\Android Studio\jre\bin\java.dll
0x00007ffdf28c0000 - 0x00007ffdf28cb000 	C:\Program Files\Android\Android Studio\jre\bin\jimage.dll
0x00007ffdf0270000 - 0x00007ffdf0288000 	C:\Program Files\Android\Android Studio\jre\bin\zip.dll
0x00007ffe00c40000 - 0x00007ffe0216c000 	C:\Windows\system32\SHELL32.dll
0x00007ffe02e60000 - 0x00007ffe03072000 	C:\Windows\SYSTEM32\combase.dll
0x00007ffe02860000 - 0x00007ffe028b4000 	C:\Windows\system32\SHLWAPI.dll
0x00007ffdffcd0000 - 0x00007ffdffd82000 	C:\Windows\SYSTEM32\SHCORE.dll
0x00007ffe00600000 - 0x00007ffe00615000 	C:\Windows\SYSTEM32\profapi.dll
0x00007ffdefec0000 - 0x00007ffdefeda000 	C:\Program Files\Android\Android Studio\jre\bin\net.dll
0x00007ffdf56b0000 - 0x00007ffdf5779000 	C:\Windows\SYSTEM32\WINHTTP.dll
0x00007ffdff9e0000 - 0x00007ffdffa39000 	C:\Windows\system32\mswsock.dll
0x00007ffdef980000 - 0x00007ffdef994000 	C:\Program Files\Android\Android Studio\jre\bin\nio.dll
0x00007ffdf0ba0000 - 0x00007ffdf0bc7000 	C:\Users\Timur\.gradle\native\e1d6ef7f7dcc3fd88c89a11ec53ec762bb8ba0a96d01ffa2cd45eb1d1d8dd5c5\windows-amd64\native-platform.dll
0x00007ffdf2280000 - 0x00007ffdf228a000 	C:\Program Files\Android\Android Studio\jre\bin\management.dll
0x00007ffdf0ac0000 - 0x00007ffdf0acd000 	C:\Program Files\Android\Android Studio\jre\bin\management_ext.dll
0x00007ffdffa40000 - 0x00007ffdffa60000 	C:\Windows\SYSTEM32\CRYPTSP.dll
0x00007ffdff660000 - 0x00007ffdff696000 	C:\Windows\system32\rsaenh.dll
0x00007ffdffc80000 - 0x00007ffdffca6000 	C:\Windows\SYSTEM32\bcrypt.dll
0x00007ffdff770000 - 0x00007ffdff791000 	C:\Windows\SYSTEM32\USERENV.dll
0x00007ffe00460000 - 0x00007ffe004c3000 	C:\Windows\system32\bcryptprimitives.dll
0x00007ffe004d0000 - 0x00007ffe004db000 	C:\Windows\SYSTEM32\CRYPTBASE.dll
0x00007ffdfd030000 - 0x00007ffdfd05a000 	C:\Windows\SYSTEM32\IPHLPAPI.DLL
0x00007ffdfd020000 - 0x00007ffdfd02a000 	C:\Windows\SYSTEM32\WINNSI.DLL
0x00007ffdf63f0000 - 0x00007ffdf6406000 	C:\Windows\SYSTEM32\dhcpcsvc6.DLL
0x00007ffdf6310000 - 0x00007ffdf632a000 	C:\Windows\SYSTEM32\dhcpcsvc.DLL
0x00007ffdede00000 - 0x00007ffdede27000 	C:\Program Files\Android\Android Studio\jre\bin\sunec.dll
0x00007ffdff7e0000 - 0x00007ffdff884000 	C:\Windows\SYSTEM32\DNSAPI.dll
0x00007ffdfefa0000 - 0x00007ffdfefaa000 	C:\Windows\System32\rasadhlp.dll
0x00007ffdf65b0000 - 0x00007ffdf661b000 	C:\Windows\System32\fwpuclnt.dll

dbghelp: loaded successfully - version: 4.0.5 - missing functions: none
symbol engine: initialized successfully - sym options: 0x614 - pdb path: .;C:\Program Files\Android\Android Studio\jre\bin;C:\Windows\SYSTEM32;C:\Windows\WinSxS\amd64_microsoft.windows.common-controls_6595b64144ccf1df_6.0.9600.19394_none_62486577ecb635cf;C:\Program Files\Android\Android Studio\jre\bin\server;C:\Users\Timur\.gradle\native\e1d6ef7f7dcc3fd88c89a11ec53ec762bb8ba0a96d01ffa2cd45eb1d1d8dd5c5\windows-amd64

VM Arguments:
jvm_args: --add-opens=java.base/java.util=ALL-UNNAMED --add-opens=java.base/java.lang=ALL-UNNAMED --add-opens=java.base/java.lang.invoke=ALL-UNNAMED --add-opens=java.base/java.util=ALL-UNNAMED --add-opens=java.prefs/java.util.prefs=ALL-UNNAMED --add-opens=java.prefs/java.util.prefs=ALL-UNNAMED --add-opens=java.base/java.nio.charset=ALL-UNNAMED --add-opens=java.base/java.net=ALL-UNNAMED --add-opens=java.base/java.util.concurrent.atomic=ALL-UNNAMED -Xmx2048m -Dfile.encoding=UTF-8 -Duser.country=RU -Duser.language=ru -Duser.variant 
java_command: org.gradle.launcher.daemon.bootstrap.GradleDaemon 7.4
java_class_path (initial): C:\Users\Timur\.gradle\wrapper\dists\gradle-7.4-bin\c0gwcg53nkjbqw7r0h0umtfvt\gradle-7.4\lib\gradle-launcher-7.4.jar
Launcher Type: SUN_STANDARD

[Global flags]
     intx CICompilerCount                          = 3                                         {product} {ergonomic}
     uint ConcGCThreads                            = 1                                         {product} {ergonomic}
     uint G1ConcRefinementThreads                  = 4                                         {product} {ergonomic}
   size_t G1HeapRegionSize                         = 1048576                                   {product} {ergonomic}
    uintx GCDrainStackTargetSize                   = 64                                        {product} {ergonomic}
   size_t InitialHeapSize                          = 134217728                                 {product} {ergonomic}
   size_t MarkStackSize                            = 4194304                                   {product} {ergonomic}
   size_t MaxHeapSize                              = 2147483648                                {product} {command line}
   size_t MaxNewSize                               = 1287651328                                {product} {ergonomic}
   size_t MinHeapDeltaBytes                        = 1048576                                   {product} {ergonomic}
    uintx NonNMethodCodeHeapSize                   = 5830732                                {pd product} {ergonomic}
    uintx NonProfiledCodeHeapSize                  = 122913754                              {pd product} {ergonomic}
    uintx ProfiledCodeHeapSize                     = 122913754                              {pd product} {ergonomic}
    uintx ReservedCodeCacheSize                    = 251658240                              {pd product} {ergonomic}
     bool SegmentedCodeCache                       = true                                      {product} {ergonomic}
     bool UseCompressedClassPointers               = true                                 {lp64_product} {ergonomic}
     bool UseCompressedOops                        = true                                 {lp64_product} {ergonomic}
     bool UseG1GC                                  = true                                      {product} {ergonomic}
     bool UseLargePagesIndividualAllocation        = false                                  {pd product} {ergonomic}

Logging:
Log output configuration:
 #0: stdout all=warning uptime,level,tags
 #1: stderr all=off uptime,level,tags

Environment Variables:
PATH=C:\Program Files\Google\Chrome\Application;C:\Windows\system32;C:\Windows;C:\Windows\System32\Wbem;C:\Windows\System32\WindowsPowerShell\v1.0\;C:\Program Files (x86)\NVIDIA Corporation\PhysX\Common;C:\Program Files\NVIDIA Corporation\NVIDIA NvDLISR
USERNAME=Timur
OS=Windows_NT
PROCESSOR_IDENTIFIER=AMD64 Family 21 Model 2 Stepping 0, AuthenticAMD



---------------  S Y S T E M  ---------------

OS: Windows 8.1 , 64 bit Build 9600 (6.3.9600.20389)
OS uptime: 20 days 0:36 hours

CPU:total 4 (initial active 4) (4 cores per cpu, 1 threads per core) family 21 model 2 stepping 0 microcode 0x600081c, cmov, cx8, fxsr, mmx, sse, sse2, sse3, ssse3, sse4.1, sse4.2, popcnt, avx, aes, clmul, mmxext, 3dnowpref, lzcnt, sse4a, tsc, tscinvbit, tscinv, bmi1, fma

Memory: 4k page, system-wide physical 8173M (977M free)
TotalPageFile size 16365M (AvailPageFile size 5257M)
current process WorkingSet (physical memory assigned to process): 581M, peak: 585M
current process commit charge ("private bytes"): 611M, peak: 615M

vm_info: OpenJDK 64-Bit Server VM (11.0.13+0-b1751.21-8125866) for windows-amd64 JRE (11.0.13+0-b1751.21-8125866), built on Feb  2 2022 03:00:22 by "builder" with MS VC++ 14.0 (VS2015)

END.
