#
# A fatal error has been detected by the Java Runtime Environment:
#
#  EXCEPTION_ACCESS_VIOLATION (0xc0000005) at pc=0x00007ff8d92fdcaa, pid=6120, tid=4228
#
# JRE version: OpenJDK Runtime Environment (11.0.13) (build 11.0.13+0-b1751.21-8125866)
# Java VM: OpenJDK 64-Bit Server VM (11.0.13+0-b1751.21-8125866, mixed mode, tiered, compressed oops, g1 gc, windows-amd64)
# Problematic frame:
# V  [jvm.dll+0x36dcaa]
#
# No core dump will be written. Minidumps are not enabled by default on client versions of Windows
#
# If you would like to submit a bug report, please visit:
#   https://bugreport.java.com/bugreport/crash.jsp
#

---------------  S U M M A R Y ------------

Command Line: --add-opens=java.base/java.util=ALL-UNNAMED --add-opens=java.base/java.lang=ALL-UNNAMED --add-opens=java.base/java.lang.invoke=ALL-UNNAMED --add-opens=java.base/java.util=ALL-UNNAMED --add-opens=java.prefs/java.util.prefs=ALL-UNNAMED --add-opens=java.prefs/java.util.prefs=ALL-UNNAMED --add-opens=java.base/java.nio.charset=ALL-UNNAMED --add-opens=java.base/java.net=ALL-UNNAMED --add-opens=java.base/java.util.concurrent.atomic=ALL-UNNAMED -Xmx2048m -Dfile.encoding=UTF-8 -Duser.country=RU -Duser.language=ru -Duser.variant org.gradle.launcher.daemon.bootstrap.GradleDaemon 7.4

Host: AMD FX(tm)-4350 Quad-Core Processor            , 4 cores, 7G,  Windows 8.1 , 64 bit Build 9600 (6.3.9600.20389)
Time: Tue Oct 11 21:03:57 2022 RTZ 4 (ceia) elapsed time: 256.664932 seconds (0d 0h 4m 16s)

---------------  T H R E A D  ---------------

Current thread (0x000000474d915800):  JavaThread "C2 CompilerThread0" daemon [_thread_in_vm, id=4228, stack(0x000000474e3b0000,0x000000474e4b0000)]


Current CompileTask:
C2: 256665 15289       4       org.objectweb.asm.Frame::putAbstractType (379 bytes)

Stack: [0x000000474e3b0000,0x000000474e4b0000],  sp=0x000000474e4ad658,  free space=1013k
Native frames: (J=compiled Java code, j=interpreted, Vv=VM code, C=native code)
V  [jvm.dll+0x36dcaa]
V  [jvm.dll+0x505fe4]
V  [jvm.dll+0x503d99]
V  [jvm.dll+0x50405a]
V  [jvm.dll+0x1a5ea0]
V  [jvm.dll+0x1a5844]
V  [jvm.dll+0x1a5532]
V  [jvm.dll+0x1b9667]
V  [jvm.dll+0x1bdcfd]
V  [jvm.dll+0x1bc45c]
V  [jvm.dll+0x1be5ad]
V  [jvm.dll+0x1bd7da]
V  [jvm.dll+0x1be999]
V  [jvm.dll+0x1bdbde]
V  [jvm.dll+0x1adabe]
V  [jvm.dll+0x11c558]
V  [jvm.dll+0x18a606]
V  [jvm.dll+0x2020d1]
V  [jvm.dll+0x188e01]
V  [jvm.dll+0x21106b]
V  [jvm.dll+0x20f8c1]
V  [jvm.dll+0x70de0f]
V  [jvm.dll+0x706a75]
V  [jvm.dll+0x60ed66]
C  [ucrtbase.DLL+0x1f4a0]
C  [KERNEL32.DLL+0x1412]
C  [ntdll.dll+0x15504]


siginfo: EXCEPTION_ACCESS_VIOLATION (0xc0000005), reading address 0x00000047542481d0


Register to memory mapping:

RIP=0x00007ff8d92fdcaa jvm.dll
RAX=0x000000000000000a is an unknown value
RBX=0x0 is NULL
RCX=0x00000047542474f0 is pointing into the stack for thread: 0x0000004751e0b800
RDX=0x0000000000000194 is an unknown value
RSP=0x000000474e4ad658 is pointing into the stack for thread: 0x000000474d915800
RBP=0x0 is NULL
RSI=0x0000000000000001 is an unknown value
RDI=0x000000474cd998e0 points into unknown readable memory: 0x656713d2ffff0007 | 07 00 ff ff d2 13 67 65
R8 =0x000000000000000d is an unknown value
R9 =0x0000000000000007 is an unknown value
R10=0x000000474cd81ba0 points into unknown readable memory: 0x6168dc56ffff0004 | 04 00 ff ff 56 dc 68 61
R11=0x000000474e4adb30 is pointing into the stack for thread: 0x000000474d915800
R12=0x0000004752026930 points into unknown readable memory: 0x492827800006001d | 1d 00 06 00 80 27 28 49
R13=0x0000000100321428 is a pointer to class: 
org.objectweb.asm.SymbolTable {0x0000000100321430}
R14=0x000000000000003c is an unknown value
R15=0x00000047546488b8 is pointing into metadata


Registers:
RAX=0x000000000000000a, RBX=0x0000000000000000, RCX=0x00000047542474f0, RDX=0x0000000000000194
RSP=0x000000474e4ad658, RBP=0x0000000000000000, RSI=0x0000000000000001, RDI=0x000000474cd998e0
R8 =0x000000000000000d, R9 =0x0000000000000007, R10=0x000000474cd81ba0, R11=0x000000474e4adb30
R12=0x0000004752026930, R13=0x0000000100321428, R14=0x000000000000003c, R15=0x00000047546488b8
RIP=0x00007ff8d92fdcaa, EFLAGS=0x0000000000010216

Top of Stack: (sp=0x000000474e4ad658)
0x000000474e4ad658:   0000004751460390 000000474d915800
0x000000474e4ad668:   000000474cd998e0 0000000100321428
0x000000474e4ad678:   00007ff8d9495fe4 0000000000000000
0x000000474e4ad688:   000000474e4ad780 000000474e4ad830
0x000000474e4ad698:   000000474e4ad9b0 0000004700000000
0x000000474e4ad6a8:   000000000000001c 0000004752026930
0x000000474e4ad6b8:   000000474d178ff0 000000474d915800
0x000000474e4ad6c8:   0000000000000000 000000474e4af810
0x000000474e4ad6d8:   0000004751465bb0 000000000b540304
0x000000474e4ad6e8:   00007ff8d966a480 0000000000000000
0x000000474e4ad6f8:   00007ff8d9316efe 000000474d915800
0x000000474e4ad708:   00007ff8d914a1fa 000000470b540304
0x000000474e4ad718:   00007ff8d9492ee1 000000474f58ac60
0x000000474e4ad728:   00007ff8d966ff5e 000000474f58ac60
0x000000474e4ad738:   00007ff8d9146304 000000474d915800
0x000000474e4ad748:   0000000000000000 000000474d915800 

Instructions: (pc=0x00007ff8d92fdcaa)
0x00007ff8d92fdbaa:   49 3b c8 7c e1 b0 01 48 8b 5c 24 40 48 8b 6c 24
0x00007ff8d92fdbba:   48 48 8b 74 24 50 48 8b 7c 24 58 48 83 c4 20 41
0x00007ff8d92fdbca:   5f 41 5e 41 5c c3 48 83 3d c8 68 6b 00 00 44 8b
0x00007ff8d92fdbda:   05 2d 6a 6f 00 65 48 8b 04 25 58 00 00 00 b9 08
0x00007ff8d92fdbea:   00 00 00 4a 8b 04 c0 48 8b 14 08 48 8b b2 78 02
0x00007ff8d92fdbfa:   00 00 48 8b 6e 10 4c 8b 76 18 4c 8b 7e 20 4c 8b
0x00007ff8d92fdc0a:   66 28 0f 84 36 ff ff ff 49 8b c9 e8 06 75 17 00
0x00007ff8d92fdc1a:   48 8b cf 48 8b d8 e8 fb 74 17 00 48 8d 0d 1c a2
0x00007ff8d92fdc2a:   4e 00 e9 0c ff ff ff cc cc cc cc cc cc cc cc cc
0x00007ff8d92fdc3a:   cc cc cc cc cc cc 48 89 5c 24 08 48 89 6c 24 10
0x00007ff8d92fdc4a:   48 89 74 24 18 48 89 7c 24 20 41 54 41 55 41 56
0x00007ff8d92fdc5a:   41 57 41 8b f1 4d 8b e0 48 8b fa 4c 8b e9 48 85
0x00007ff8d92fdc6a:   c9 74 77 8b 6c 24 48 4d 8b bd 98 01 00 00 45 33
0x00007ff8d92fdc7a:   c9 4d 63 37 45 8d 46 ff 45 85 c0 78 4a 66 0f 1f
0x00007ff8d92fdc8a:   84 00 00 00 00 00 43 8d 04 08 d1 f8 48 63 c8 49
0x00007ff8d92fdc9a:   8b 54 cf 08 48 8b 4a 08 0f b7 51 2a 48 8b 49 08
0x00007ff8d92fdcaa:   4c 8b 54 d1 40 4c 3b d7 72 14 33 c9 4c 3b d7 0f
0x00007ff8d92fdcba:   95 c1 85 c9 74 43 78 06 44 8d 40 ff eb 04 44 8d
0x00007ff8d92fdcca:   48 01 45 3b c8 7e bf 33 c0 48 85 c0 75 0e 4d 8b
0x00007ff8d92fdcda:   6d 78 8d 70 01 4d 85 ed 75 8d 33 c0 48 8b 5c 24
0x00007ff8d92fdcea:   28 48 8b 6c 24 30 48 8b 74 24 38 48 8b 7c 24 40
0x00007ff8d92fdcfa:   41 5f 41 5e 41 5d 41 5c c3 83 f8 ff 74 c9 48 63
0x00007ff8d92fdd0a:   c8 4d 8b 4c cf 08 4d 8b 41 08 41 0f b7 50 2c 49
0x00007ff8d92fdd1a:   8b 48 08 4c 39 64 d1 40 75 2a 83 fe 01 75 0d 41
0x00007ff8d92fdd2a:   0f b6 48 24 c0 e9 06 40 84 ce 75 18 83 fd 01 0f
0x00007ff8d92fdd3a:   85 fd 00 00 00 41 8b 49 20 d1 e9 40 84 cd 0f 84
0x00007ff8d92fdd4a:   ee 00 00 00 44 8d 58 ff 4d 63 c3 45 85 db 78 6c
0x00007ff8d92fdd5a:   4d 8d 50 01 4f 8d 14 d7 0f 1f 40 00 66 66 0f 1f
0x00007ff8d92fdd6a:   84 00 00 00 00 00 49 8b 1a 48 8b 53 08 4c 8b 4a
0x00007ff8d92fdd7a:   08 0f b7 4a 2a 49 39 7c c9 40 75 40 0f b7 4a 2c
0x00007ff8d92fdd8a:   4d 39 64 c9 40 75 28 83 fe 01 75 0c 0f b6 4a 24
0x00007ff8d92fdd9a:   c0 e9 06 40 84 ce 75 17 83 fd 01 0f 85 8e 00 00 


Stack slot to memory mapping:
stack at sp + 0 slots: 0x0000004751460390 points into unknown readable memory: 0x00007ff8d97b7de0 | e0 7d 7b d9 f8 7f 00 00
stack at sp + 1 slots: 0x000000474d915800 is a thread
stack at sp + 2 slots: 0x000000474cd998e0 points into unknown readable memory: 0x656713d2ffff0007 | 07 00 ff ff d2 13 67 65
stack at sp + 3 slots: 0x0000000100321428 is a pointer to class: 
org.objectweb.asm.SymbolTable {0x0000000100321430}
stack at sp + 4 slots: 0x00007ff8d9495fe4 jvm.dll
stack at sp + 5 slots: 0x0 is NULL
stack at sp + 6 slots: 0x000000474e4ad780 is pointing into the stack for thread: 0x000000474d915800
stack at sp + 7 slots: 0x000000474e4ad830 is pointing into the stack for thread: 0x000000474d915800


---------------  P R O C E S S  ---------------

Threads class SMR info:
_java_thread_list=0x0000004754ee3c00, length=77, elements={
0x0000004732f95800, 0x000000474cea7000, 0x000000474ceb0800, 0x000000474cec2800,
0x000000474cec3800, 0x000000474cec6000, 0x000000474d915800, 0x000000474d91c800,
0x000000474d926000, 0x000000474da84800, 0x0000004751219800, 0x0000004750ddb000,
0x0000004751854000, 0x0000004751e0e000, 0x0000004751e0b800, 0x0000004751e0c000,
0x0000004751e0d000, 0x00000047520b4000, 0x00000047520b5000, 0x00000047520b2800,
0x00000047520b8800, 0x00000047520b6800, 0x0000004758f85800, 0x0000004758f77800,
0x0000004758f7a000, 0x0000004758f79000, 0x0000004758f7b000, 0x0000004758f78800,
0x0000004758f7b800, 0x0000004758f7c800, 0x0000004758f7e000, 0x0000004758f7f800,
0x0000004758f7d800, 0x0000004758f7f000, 0x0000004758f80800, 0x0000004758f81800,
0x0000004751442800, 0x0000004758f84800, 0x0000004758f84000, 0x0000004758f82000,
0x0000004758f83000, 0x0000004758f86000, 0x000000475838b800, 0x0000004758389000,
0x000000475838a800, 0x000000475838c800, 0x000000475838a000, 0x000000475838e000,
0x000000475838e800, 0x000000475838f800, 0x000000475838d000, 0x0000004758392000,
0x0000004758391000, 0x0000004758393000, 0x0000004758390800, 0x0000004758393800,
0x0000004758395800, 0x0000004758396000, 0x0000004758397000, 0x0000004758394800,
0x00000047520b3800, 0x00000047520b7800, 0x00000047520b6000, 0x00000047520ba800,
0x00000047520b9000, 0x00000047520bd000, 0x00000047520be000, 0x00000047520bb800,
0x00000047520bf000, 0x00000047520bf800, 0x00000047520c0800, 0x00000047520c1800,
0x0000004751375800, 0x0000004751374800, 0x0000004751376000, 0x0000004751373800,
0x0000004751377000
}

Java Threads: ( => current thread )
  0x0000004732f95800 JavaThread "main" [_thread_blocked, id=1928, stack(0x0000004732640000,0x0000004732740000)]
  0x000000474cea7000 JavaThread "Reference Handler" daemon [_thread_blocked, id=5180, stack(0x000000474ddd0000,0x000000474ded0000)]
  0x000000474ceb0800 JavaThread "Finalizer" daemon [_thread_blocked, id=4388, stack(0x000000474ded0000,0x000000474dfd0000)]
  0x000000474cec2800 JavaThread "Signal Dispatcher" daemon [_thread_blocked, id=5256, stack(0x000000474e0b0000,0x000000474e1b0000)]
  0x000000474cec3800 JavaThread "Attach Listener" daemon [_thread_blocked, id=4964, stack(0x000000474e1b0000,0x000000474e2b0000)]
  0x000000474cec6000 JavaThread "Service Thread" daemon [_thread_blocked, id=3652, stack(0x000000474e2b0000,0x000000474e3b0000)]
=>0x000000474d915800 JavaThread "C2 CompilerThread0" daemon [_thread_in_vm, id=4228, stack(0x000000474e3b0000,0x000000474e4b0000)]
  0x000000474d91c800 JavaThread "C1 CompilerThread0" daemon [_thread_blocked, id=3172, stack(0x000000474e4b0000,0x000000474e5b0000)]
  0x000000474d926000 JavaThread "Sweeper thread" daemon [_thread_blocked, id=6128, stack(0x000000474e5b0000,0x000000474e6b0000)]
  0x000000474da84800 JavaThread "Common-Cleaner" daemon [_thread_blocked, id=1340, stack(0x000000474e6b0000,0x000000474e7b0000)]
  0x0000004751219800 JavaThread "Daemon health stats" [_thread_blocked, id=5716, stack(0x0000004752d10000,0x0000004752e10000)]
  0x0000004750ddb000 JavaThread "Incoming local TCP Connector on port 50395" [_thread_in_native, id=5836, stack(0x0000004752e10000,0x0000004752f10000)]
  0x0000004751854000 JavaThread "Daemon periodic checks" [_thread_blocked, id=5608, stack(0x0000004752f10000,0x0000004753010000)]
  0x0000004751e0e000 JavaThread "Cache worker for journal cache (C:\Users\Timur\.gradle\caches\journal-1)" [_thread_blocked, id=96, stack(0x00000047540a0000,0x00000047541a0000)]
  0x0000004751e0b800 JavaThread "File lock request listener" [_thread_in_native, id=3764, stack(0x00000047541a0000,0x00000047542a0000)]
  0x0000004751e0c000 JavaThread "Cache worker for file hash cache (C:\Users\Timur\.gradle\caches\7.4\fileHashes)" [_thread_blocked, id=4412, stack(0x00000047544a0000,0x00000047545a0000)]
  0x0000004751e0d000 JavaThread "jar transforms" [_thread_blocked, id=3680, stack(0x00000047547a0000,0x00000047548a0000)]
  0x00000047520b4000 JavaThread "jar transforms Thread 2" [_thread_blocked, id=4276, stack(0x00000047548a0000,0x00000047549a0000)]
  0x00000047520b5000 JavaThread "jar transforms Thread 3" [_thread_blocked, id=1380, stack(0x0000004755bd0000,0x0000004755cd0000)]
  0x00000047520b2800 JavaThread "jar transforms Thread 4" [_thread_blocked, id=5368, stack(0x0000004755cd0000,0x0000004755dd0000)]
  0x00000047520b8800 JavaThread "Cache worker for execution history cache (C:\Users\Timur\.gradle\caches\7.4\executionHistory)" [_thread_blocked, id=2948, stack(0x00000047565d0000,0x00000047566d0000)]
  0x00000047520b6800 JavaThread "Cache worker for file content cache (C:\Users\Timur\.gradle\caches\7.4\fileContent)" [_thread_blocked, id=6084, stack(0x0000004756cd0000,0x0000004756dd0000)]
  0x0000004758f85800 JavaThread "Memory manager" [_thread_blocked, id=5552, stack(0x000000475cc20000,0x000000475cd20000)]
  0x0000004758f77800 JavaThread "Daemon Thread 3" [_thread_blocked, id=5288, stack(0x000000474f0b0000,0x000000474f1b0000)]
  0x0000004758f7a000 JavaThread "Handler for socket connection from /127.0.0.1:50395 to /127.0.0.1:50860" [_thread_in_native, id=3140, stack(0x0000004753010000,0x0000004753110000)]
  0x0000004758f79000 JavaThread "Cancel handler" [_thread_blocked, id=1064, stack(0x0000004753410000,0x0000004753510000)]
  0x0000004758f7b000 JavaThread "Daemon worker Thread 3" [_thread_in_vm, id=3788, stack(0x00000047537a0000,0x00000047538a0000)]
  0x0000004758f78800 JavaThread "Asynchronous log dispatcher for DefaultDaemonConnection: socket connection from /127.0.0.1:50395 to /127.0.0.1:50860" [_thread_blocked, id=2308, stack(0x00000047538a0000,0x00000047539a0000)]
  0x0000004758f7b800 JavaThread "Stdin handler" [_thread_blocked, id=5984, stack(0x00000047539a0000,0x0000004753aa0000)]
  0x0000004758f7c800 JavaThread "Daemon client event forwarder" [_thread_blocked, id=3784, stack(0x0000004753ba0000,0x0000004753ca0000)]
  0x0000004758f7e000 JavaThread "Cache worker for checksums cache (C:\Users\Timur\AndroidStudioProjects\TestApplication\.gradle\7.4\checksums)" [_thread_blocked, id=5540, stack(0x0000004753ca0000,0x0000004753da0000)]
  0x0000004758f7f800 JavaThread "Cache worker for cache directory md-rule (C:\Users\Timur\.gradle\caches\7.4\md-rule)" [_thread_blocked, id=5792, stack(0x0000004755fd0000,0x00000047560d0000)]
  0x0000004758f7d800 JavaThread "Cache worker for file hash cache (C:\Users\Timur\AndroidStudioProjects\TestApplication\.gradle\7.4\fileHashes)" [_thread_blocked, id=3412, stack(0x00000047560d0000,0x00000047561d0000)]
  0x0000004758f7f000 JavaThread "Cache worker for cache directory md-supplier (C:\Users\Timur\.gradle\caches\7.4\md-supplier)" [_thread_blocked, id=5800, stack(0x00000047561d0000,0x00000047562d0000)]
  0x0000004758f80800 JavaThread "Cache worker for dependencies-accessors (C:\Users\Timur\AndroidStudioProjects\TestApplication\.gradle\7.4\dependencies-accessors)" [_thread_blocked, id=6012, stack(0x00000047562d0000,0x00000047563d0000)]
  0x0000004758f81800 JavaThread "Cache worker for Build Output Cleanup Cache (C:\Users\Timur\AndroidStudioProjects\TestApplication\.gradle\buildOutputCleanup)" [_thread_blocked, id=4036, stack(0x00000047575d0000,0x00000047576d0000)]
  0x0000004751442800 JavaThread "C2 CompilerThread1" daemon [_thread_in_native, id=4860, stack(0x00000047576d0000,0x00000047577d0000)]
  0x0000004758f84800 JavaThread "Unconstrained build operations" [_thread_blocked, id=5620, stack(0x0000004757bd0000,0x0000004757cd0000)]
  0x0000004758f84000 JavaThread "Unconstrained build operations Thread 2" [_thread_blocked, id=5140, stack(0x0000004757cd0000,0x0000004757dd0000)]
  0x0000004758f82000 JavaThread "Unconstrained build operations Thread 3" [_thread_blocked, id=2276, stack(0x0000004757dd0000,0x0000004757ed0000)]
  0x0000004758f83000 JavaThread "Unconstrained build operations Thread 4" [_thread_blocked, id=6032, stack(0x0000004757ed0000,0x0000004757fd0000)]
  0x0000004758f86000 JavaThread "Unconstrained build operations Thread 5" [_thread_blocked, id=2244, stack(0x0000004757fd0000,0x00000047580d0000)]
  0x000000475838b800 JavaThread "Unconstrained build operations Thread 6" [_thread_blocked, id=4988, stack(0x00000047580d0000,0x00000047581d0000)]
  0x0000004758389000 JavaThread "Unconstrained build operations Thread 7" [_thread_blocked, id=5676, stack(0x0000004759250000,0x0000004759350000)]
  0x000000475838a800 JavaThread "Unconstrained build operations Thread 8" [_thread_blocked, id=5504, stack(0x0000004759350000,0x0000004759450000)]
  0x000000475838c800 JavaThread "Unconstrained build operations Thread 9" [_thread_blocked, id=2696, stack(0x0000004759450000,0x0000004759550000)]
  0x000000475838a000 JavaThread "Unconstrained build operations Thread 10" [_thread_blocked, id=932, stack(0x0000004759550000,0x0000004759650000)]
  0x000000475838e000 JavaThread "Unconstrained build operations Thread 11" [_thread_blocked, id=4268, stack(0x0000004759650000,0x0000004759750000)]
  0x000000475838e800 JavaThread "Unconstrained build operations Thread 12" [_thread_blocked, id=2364, stack(0x0000004759750000,0x0000004759850000)]
  0x000000475838f800 JavaThread "Unconstrained build operations Thread 13" [_thread_blocked, id=5768, stack(0x0000004759850000,0x0000004759950000)]
  0x000000475838d000 JavaThread "Unconstrained build operations Thread 14" [_thread_blocked, id=2052, stack(0x0000004759950000,0x0000004759a50000)]
  0x0000004758392000 JavaThread "Unconstrained build operations Thread 15" [_thread_blocked, id=5472, stack(0x0000004759a50000,0x0000004759b50000)]
  0x0000004758391000 JavaThread "Unconstrained build operations Thread 16" [_thread_blocked, id=620, stack(0x0000004759b50000,0x0000004759c50000)]
  0x0000004758393000 JavaThread "Unconstrained build operations Thread 17" [_thread_blocked, id=4272, stack(0x0000004759c50000,0x0000004759d50000)]
  0x0000004758390800 JavaThread "Unconstrained build operations Thread 18" [_thread_blocked, id=3808, stack(0x0000004759d50000,0x0000004759e50000)]
  0x0000004758393800 JavaThread "Unconstrained build operations Thread 19" [_thread_blocked, id=4628, stack(0x0000004759e50000,0x0000004759f50000)]
  0x0000004758395800 JavaThread "Unconstrained build operations Thread 20" [_thread_blocked, id=4124, stack(0x0000004759f50000,0x000000475a050000)]
  0x0000004758396000 JavaThread "Unconstrained build operations Thread 21" [_thread_blocked, id=5424, stack(0x000000475a050000,0x000000475a150000)]
  0x0000004758397000 JavaThread "Unconstrained build operations Thread 22" [_thread_blocked, id=3640, stack(0x000000475a150000,0x000000475a250000)]
  0x0000004758394800 JavaThread "Unconstrained build operations Thread 23" [_thread_blocked, id=5144, stack(0x000000475a250000,0x000000475a350000)]
  0x00000047520b3800 JavaThread "Unconstrained build operations Thread 24" [_thread_blocked, id=5908, stack(0x000000475a350000,0x000000475a450000)]
  0x00000047520b7800 JavaThread "Unconstrained build operations Thread 25" [_thread_blocked, id=3964, stack(0x000000475a450000,0x000000475a550000)]
  0x00000047520b6000 JavaThread "Unconstrained build operations Thread 26" [_thread_blocked, id=3600, stack(0x000000475a550000,0x000000475a650000)]
  0x00000047520ba800 JavaThread "Unconstrained build operations Thread 27" [_thread_blocked, id=2756, stack(0x000000475a650000,0x000000475a750000)]
  0x00000047520b9000 JavaThread "Unconstrained build operations Thread 28" [_thread_blocked, id=732, stack(0x000000475a750000,0x000000475a850000)]
  0x00000047520bd000 JavaThread "Unconstrained build operations Thread 29" [_thread_blocked, id=5848, stack(0x000000475a850000,0x000000475a950000)]
  0x00000047520be000 JavaThread "Unconstrained build operations Thread 30" [_thread_blocked, id=5460, stack(0x000000475a950000,0x000000475aa50000)]
  0x00000047520bb800 JavaThread "Unconstrained build operations Thread 31" [_thread_blocked, id=5664, stack(0x000000475aa50000,0x000000475ab50000)]
  0x00000047520bf000 JavaThread "Unconstrained build operations Thread 32" [_thread_blocked, id=5728, stack(0x000000475ab50000,0x000000475ac50000)]
  0x00000047520bf800 JavaThread "Unconstrained build operations Thread 33" [_thread_blocked, id=2056, stack(0x000000475ac50000,0x000000475ad50000)]
  0x00000047520c0800 JavaThread "Unconstrained build operations Thread 34" [_thread_blocked, id=3980, stack(0x000000475ad50000,0x000000475ae50000)]
  0x00000047520c1800 JavaThread "Unconstrained build operations Thread 35" [_thread_blocked, id=5520, stack(0x000000475ae50000,0x000000475af50000)]
  0x0000004751375800 JavaThread "Unconstrained build operations Thread 36" [_thread_blocked, id=4544, stack(0x000000475af50000,0x000000475b050000)]
  0x0000004751374800 JavaThread "Unconstrained build operations Thread 37" [_thread_blocked, id=3592, stack(0x000000475b050000,0x000000475b150000)]
  0x0000004751376000 JavaThread "Unconstrained build operations Thread 38" [_thread_blocked, id=4548, stack(0x000000475b150000,0x000000475b250000)]
  0x0000004751373800 JavaThread "Unconstrained build operations Thread 39" [_thread_blocked, id=6108, stack(0x000000475b250000,0x000000475b350000)]
  0x0000004751377000 JavaThread "Unconstrained build operations Thread 40" [_thread_blocked, id=5116, stack(0x000000475b350000,0x000000475b450000)]

Other Threads:
  0x000000474cea0000 VMThread "VM Thread" [stack: 0x000000474dcd0000,0x000000474ddd0000] [id=5592]
  0x000000474db13800 WatcherThread [stack: 0x000000474e7b0000,0x000000474e8b0000] [id=4212]
  0x0000004732fae000 GCTaskThread "GC Thread#0" [stack: 0x0000004732950000,0x0000004732a50000] [id=6092]
  0x000000474ec8e000 GCTaskThread "GC Thread#1" [stack: 0x0000004750180000,0x0000004750280000] [id=3920]
  0x000000474ef5a000 GCTaskThread "GC Thread#2" [stack: 0x0000004750280000,0x0000004750380000] [id=3892]
  0x0000004750e47800 GCTaskThread "GC Thread#3" [stack: 0x0000004753da0000,0x0000004753ea0000] [id=5856]
  0x0000004732fe0800 ConcurrentGCThread "G1 Main Marker" [stack: 0x000000474a680000,0x000000474a780000] [id=5740]
  0x0000004732fe1800 ConcurrentGCThread "G1 Conc#0" [stack: 0x000000474a780000,0x000000474a880000] [id=5892]
  0x000000474cd04800 ConcurrentGCThread "G1 Refine#0" [stack: 0x000000474ced0000,0x000000474cfd0000] [id=5536]
  0x000000474cd05800 ConcurrentGCThread "G1 Young RemSet Sampling" [stack: 0x000000474cfd0000,0x000000474d0d0000] [id=5684]

Threads with active compile tasks:
C2 CompilerThread0 256737 15289       4       org.objectweb.asm.Frame::putAbstractType (379 bytes)
C2 CompilerThread1 256737 15293       4       com.google.common.collect.ImmutableMap::copyOf (58 bytes)

VM state:not at safepoint (normal execution)

VM Mutex/Monitor currently owned by a thread: None

Heap address: 0x0000000080000000, size: 2048 MB, Compressed Oops mode: 32-bit
Narrow klass base: 0x0000000000000000, Narrow klass shift: 3
Compressed class space size: 1073741824 Address: 0x0000000100000000

Heap:
 garbage-first heap   total 279552K, used 223065K [0x0000000080000000, 0x0000000100000000)
  region size 1024K, 50 young (51200K), 4 survivors (4096K)
 Metaspace       used 115128K, capacity 118451K, committed 118620K, reserved 1153024K
  class space    used 14419K, capacity 15584K, committed 15640K, reserved 1048576K
Heap Regions: E=young(eden), S=young(survivor), O=old, HS=humongous(starts), HC=humongous(continues), CS=collection set, F=free, A=archive, TAMS=top-at-mark-start (previous, next)
|   0|0x0000000080000000, 0x0000000080100000, 0x0000000080100000|100%|HS|  |TAMS 0x0000000080100000, 0x0000000080000000| Complete 
|   1|0x0000000080100000, 0x0000000080200000, 0x0000000080200000|100%|HC|  |TAMS 0x0000000080200000, 0x0000000080100000| Complete 
|   2|0x0000000080200000, 0x0000000080300000, 0x0000000080300000|100%|HC|  |TAMS 0x0000000080300000, 0x0000000080200000| Complete 
|   3|0x0000000080300000, 0x0000000080400000, 0x0000000080400000|100%| O|  |TAMS 0x0000000080400000, 0x0000000080300000| Untracked 
|   4|0x0000000080400000, 0x0000000080500000, 0x0000000080500000|100%| O|  |TAMS 0x0000000080500000, 0x0000000080400000| Untracked 
|   5|0x0000000080500000, 0x0000000080600000, 0x0000000080600000|100%| O|  |TAMS 0x0000000080600000, 0x0000000080500000| Untracked 
|   6|0x0000000080600000, 0x0000000080700000, 0x0000000080700000|100%| O|  |TAMS 0x0000000080700000, 0x0000000080600000| Untracked 
|   7|0x0000000080700000, 0x0000000080800000, 0x0000000080800000|100%| O|  |TAMS 0x0000000080800000, 0x0000000080700000| Untracked 
|   8|0x0000000080800000, 0x0000000080900000, 0x0000000080900000|100%| O|  |TAMS 0x0000000080900000, 0x0000000080800000| Untracked 
|   9|0x0000000080900000, 0x0000000080a00000, 0x0000000080a00000|100%| O|  |TAMS 0x0000000080a00000, 0x0000000080900000| Untracked 
|  10|0x0000000080a00000, 0x0000000080b00000, 0x0000000080b00000|100%| O|  |TAMS 0x0000000080b00000, 0x0000000080a00000| Complete 
|  11|0x0000000080b00000, 0x0000000080c00000, 0x0000000080c00000|100%| O|  |TAMS 0x0000000080c00000, 0x0000000080b00000| Untracked 
|  12|0x0000000080c00000, 0x0000000080d00000, 0x0000000080d00000|100%| O|  |TAMS 0x0000000080d00000, 0x0000000080c00000| Untracked 
|  13|0x0000000080d00000, 0x0000000080e00000, 0x0000000080e00000|100%| O|  |TAMS 0x0000000080e00000, 0x0000000080d00000| Complete 
|  14|0x0000000080e00000, 0x0000000080f00000, 0x0000000080f00000|100%| O|  |TAMS 0x0000000080f00000, 0x0000000080e00000| Complete 
|  15|0x0000000080f00000, 0x0000000081000000, 0x0000000081000000|100%| O|  |TAMS 0x0000000081000000, 0x0000000080f00000| Untracked 
|  16|0x0000000081000000, 0x0000000081100000, 0x0000000081100000|100%|HS|  |TAMS 0x0000000081100000, 0x0000000081000000| Complete 
|  17|0x0000000081100000, 0x0000000081200000, 0x0000000081200000|100%|HC|  |TAMS 0x0000000081200000, 0x0000000081100000| Complete 
|  18|0x0000000081200000, 0x0000000081300000, 0x0000000081300000|100%|HS|  |TAMS 0x0000000081300000, 0x0000000081200000| Complete 
|  19|0x0000000081300000, 0x0000000081400000, 0x0000000081400000|100%|HC|  |TAMS 0x0000000081400000, 0x0000000081300000| Complete 
|  20|0x0000000081400000, 0x0000000081500000, 0x0000000081500000|100%|HC|  |TAMS 0x0000000081500000, 0x0000000081400000| Complete 
|  21|0x0000000081500000, 0x0000000081600000, 0x0000000081600000|100%|HS|  |TAMS 0x0000000081600000, 0x0000000081500000| Complete 
|  22|0x0000000081600000, 0x0000000081700000, 0x0000000081700000|100%|HC|  |TAMS 0x0000000081700000, 0x0000000081600000| Complete 
|  23|0x0000000081700000, 0x0000000081800000, 0x0000000081800000|100%|HC|  |TAMS 0x0000000081800000, 0x0000000081700000| Complete 
|  24|0x0000000081800000, 0x0000000081900000, 0x0000000081900000|100%|HS|  |TAMS 0x0000000081900000, 0x0000000081800000| Complete 
|  25|0x0000000081900000, 0x0000000081a00000, 0x0000000081a00000|100%|HC|  |TAMS 0x0000000081a00000, 0x0000000081900000| Complete 
|  26|0x0000000081a00000, 0x0000000081b00000, 0x0000000081b00000|100%|HC|  |TAMS 0x0000000081b00000, 0x0000000081a00000| Complete 
|  27|0x0000000081b00000, 0x0000000081c00000, 0x0000000081c00000|100%|HC|  |TAMS 0x0000000081c00000, 0x0000000081b00000| Complete 
|  28|0x0000000081c00000, 0x0000000081d00000, 0x0000000081d00000|100%|HC|  |TAMS 0x0000000081d00000, 0x0000000081c00000| Complete 
|  29|0x0000000081d00000, 0x0000000081e00000, 0x0000000081e00000|100%|HS|  |TAMS 0x0000000081e00000, 0x0000000081d00000| Complete 
|  30|0x0000000081e00000, 0x0000000081f00000, 0x0000000081f00000|100%|HC|  |TAMS 0x0000000081f00000, 0x0000000081e00000| Complete 
|  31|0x0000000081f00000, 0x0000000082000000, 0x0000000082000000|100%|HC|  |TAMS 0x0000000082000000, 0x0000000081f00000| Complete 
|  32|0x0000000082000000, 0x0000000082100000, 0x0000000082100000|100%| O|  |TAMS 0x0000000082100000, 0x0000000082000000| Untracked 
|  33|0x0000000082100000, 0x0000000082200000, 0x0000000082200000|100%| O|  |TAMS 0x0000000082200000, 0x0000000082100000| Untracked 
|  34|0x0000000082200000, 0x0000000082300000, 0x0000000082300000|100%| O|  |TAMS 0x0000000082300000, 0x0000000082200000| Untracked 
|  35|0x0000000082300000, 0x0000000082400000, 0x0000000082400000|100%| O|  |TAMS 0x0000000082400000, 0x0000000082300000| Complete 
|  36|0x0000000082400000, 0x0000000082500000, 0x0000000082500000|100%| O|  |TAMS 0x0000000082500000, 0x0000000082400000| Untracked 
|  37|0x0000000082500000, 0x0000000082600000, 0x0000000082600000|100%|HS|  |TAMS 0x0000000082600000, 0x0000000082500000| Complete 
|  38|0x0000000082600000, 0x0000000082700000, 0x0000000082700000|100%|HC|  |TAMS 0x0000000082700000, 0x0000000082600000| Complete 
|  39|0x0000000082700000, 0x0000000082800000, 0x0000000082800000|100%|HC|  |TAMS 0x0000000082800000, 0x0000000082700000| Complete 
|  40|0x0000000082800000, 0x0000000082900000, 0x0000000082900000|100%|HC|  |TAMS 0x0000000082900000, 0x0000000082800000| Complete 
|  41|0x0000000082900000, 0x0000000082a00000, 0x0000000082a00000|100%|HS|  |TAMS 0x0000000082a00000, 0x0000000082900000| Complete 
|  42|0x0000000082a00000, 0x0000000082b00000, 0x0000000082b00000|100%|HC|  |TAMS 0x0000000082b00000, 0x0000000082a00000| Complete 
|  43|0x0000000082b00000, 0x0000000082c00000, 0x0000000082c00000|100%|HS|  |TAMS 0x0000000082c00000, 0x0000000082b00000| Complete 
|  44|0x0000000082c00000, 0x0000000082d00000, 0x0000000082d00000|100%|HC|  |TAMS 0x0000000082d00000, 0x0000000082c00000| Complete 
|  45|0x0000000082d00000, 0x0000000082e00000, 0x0000000082e00000|100%|HC|  |TAMS 0x0000000082e00000, 0x0000000082d00000| Complete 
|  46|0x0000000082e00000, 0x0000000082f00000, 0x0000000082f00000|100%|HS|  |TAMS 0x0000000082f00000, 0x0000000082e00000| Complete 
|  47|0x0000000082f00000, 0x0000000083000000, 0x0000000083000000|100%| O|  |TAMS 0x0000000083000000, 0x0000000082f00000| Untracked 
|  48|0x0000000083000000, 0x0000000083100000, 0x0000000083100000|100%| O|  |TAMS 0x0000000083100000, 0x0000000083000000| Untracked 
|  49|0x0000000083100000, 0x0000000083200000, 0x0000000083200000|100%| O|  |TAMS 0x0000000083200000, 0x0000000083100000| Untracked 
|  50|0x0000000083200000, 0x0000000083300000, 0x0000000083300000|100%| O|  |TAMS 0x0000000083300000, 0x0000000083200000| Complete 
|  51|0x0000000083300000, 0x0000000083400000, 0x0000000083400000|100%|HS|  |TAMS 0x0000000083400000, 0x0000000083300000| Complete 
|  52|0x0000000083400000, 0x0000000083500000, 0x0000000083500000|100%|HC|  |TAMS 0x0000000083500000, 0x0000000083400000| Complete 
|  53|0x0000000083500000, 0x0000000083600000, 0x0000000083600000|100%|HC|  |TAMS 0x0000000083600000, 0x0000000083500000| Complete 
|  54|0x0000000083600000, 0x0000000083700000, 0x0000000083700000|100%|HC|  |TAMS 0x0000000083700000, 0x0000000083600000| Complete 
|  55|0x0000000083700000, 0x0000000083800000, 0x0000000083800000|100%|HC|  |TAMS 0x0000000083800000, 0x0000000083700000| Complete 
|  56|0x0000000083800000, 0x0000000083900000, 0x0000000083900000|100%|HS|  |TAMS 0x0000000083900000, 0x0000000083800000| Complete 
|  57|0x0000000083900000, 0x0000000083a00000, 0x0000000083a00000|100%|HS|  |TAMS 0x0000000083a00000, 0x0000000083900000| Complete 
|  58|0x0000000083a00000, 0x0000000083b00000, 0x0000000083b00000|100%| O|  |TAMS 0x0000000083b00000, 0x0000000083a00000| Untracked 
|  59|0x0000000083b00000, 0x0000000083c00000, 0x0000000083c00000|100%| O|  |TAMS 0x0000000083c00000, 0x0000000083b00000| Untracked 
|  60|0x0000000083c00000, 0x0000000083d00000, 0x0000000083d00000|100%| O|  |TAMS 0x0000000083d00000, 0x0000000083c00000| Untracked 
|  61|0x0000000083d00000, 0x0000000083e00000, 0x0000000083e00000|100%| O|  |TAMS 0x0000000083e00000, 0x0000000083d00000| Untracked 
|  62|0x0000000083e00000, 0x0000000083f00000, 0x0000000083f00000|100%| O|  |TAMS 0x0000000083f00000, 0x0000000083e00000| Untracked 
|  63|0x0000000083f00000, 0x0000000084000000, 0x0000000084000000|100%| O|  |TAMS 0x0000000084000000, 0x0000000083f00000| Untracked 
|  64|0x0000000084000000, 0x0000000084100000, 0x0000000084100000|100%| O|  |TAMS 0x0000000084100000, 0x0000000084000000| Untracked 
|  65|0x0000000084100000, 0x0000000084200000, 0x0000000084200000|100%| O|  |TAMS 0x0000000084200000, 0x0000000084100000| Complete 
|  66|0x0000000084200000, 0x0000000084300000, 0x0000000084300000|100%| O|  |TAMS 0x0000000084300000, 0x0000000084200000| Untracked 
|  67|0x0000000084300000, 0x0000000084400000, 0x0000000084400000|100%|HS|  |TAMS 0x0000000084400000, 0x0000000084300000| Complete 
|  68|0x0000000084400000, 0x0000000084500000, 0x0000000084500000|100%|HC|  |TAMS 0x0000000084500000, 0x0000000084400000| Complete 
|  69|0x0000000084500000, 0x0000000084600000, 0x0000000084600000|100%|HC|  |TAMS 0x0000000084600000, 0x0000000084500000| Complete 
|  70|0x0000000084600000, 0x0000000084700000, 0x0000000084700000|100%| O|  |TAMS 0x0000000084700000, 0x0000000084600000| Untracked 
|  71|0x0000000084700000, 0x0000000084800000, 0x0000000084800000|100%|HS|  |TAMS 0x0000000084800000, 0x0000000084700000| Complete 
|  72|0x0000000084800000, 0x0000000084900000, 0x0000000084900000|100%|HC|  |TAMS 0x0000000084900000, 0x0000000084800000| Complete 
|  73|0x0000000084900000, 0x0000000084a00000, 0x0000000084a00000|100%| O|  |TAMS 0x0000000084a00000, 0x0000000084900000| Untracked 
|  74|0x0000000084a00000, 0x0000000084b00000, 0x0000000084b00000|100%| O|  |TAMS 0x0000000084b00000, 0x0000000084a00000| Untracked 
|  75|0x0000000084b00000, 0x0000000084c00000, 0x0000000084c00000|100%| O|  |TAMS 0x0000000084c00000, 0x0000000084b00000| Complete 
|  76|0x0000000084c00000, 0x0000000084d00000, 0x0000000084d00000|100%| O|  |TAMS 0x0000000084d00000, 0x0000000084c00000| Untracked 
|  77|0x0000000084d00000, 0x0000000084e00000, 0x0000000084e00000|100%| O|  |TAMS 0x0000000084e00000, 0x0000000084d00000| Complete 
|  78|0x0000000084e00000, 0x0000000084f00000, 0x0000000084f00000|100%| O|  |TAMS 0x0000000084f00000, 0x0000000084e00000| Untracked 
|  79|0x0000000084f00000, 0x0000000085000000, 0x0000000085000000|100%| O|  |TAMS 0x0000000085000000, 0x0000000084f00000| Untracked 
|  80|0x0000000085000000, 0x0000000085100000, 0x0000000085100000|100%| O|  |TAMS 0x0000000085100000, 0x0000000085000000| Complete 
|  81|0x0000000085100000, 0x0000000085200000, 0x0000000085200000|100%| O|  |TAMS 0x0000000085200000, 0x0000000085100000| Complete 
|  82|0x0000000085200000, 0x0000000085300000, 0x0000000085300000|100%| O|  |TAMS 0x0000000085300000, 0x0000000085200000| Untracked 
|  83|0x0000000085300000, 0x0000000085400000, 0x0000000085400000|100%| O|  |TAMS 0x0000000085400000, 0x0000000085300000| Complete 
|  84|0x0000000085400000, 0x0000000085500000, 0x0000000085500000|100%| O|  |TAMS 0x0000000085500000, 0x0000000085400000| Complete 
|  85|0x0000000085500000, 0x0000000085600000, 0x0000000085600000|100%| O|  |TAMS 0x0000000085600000, 0x0000000085500000| Complete 
|  86|0x0000000085600000, 0x0000000085700000, 0x0000000085700000|100%| O|  |TAMS 0x0000000085700000, 0x0000000085600000| Untracked 
|  87|0x0000000085700000, 0x0000000085800000, 0x0000000085800000|100%| O|  |TAMS 0x0000000085800000, 0x0000000085700000| Complete 
|  88|0x0000000085800000, 0x0000000085900000, 0x0000000085900000|100%| O|  |TAMS 0x0000000085900000, 0x0000000085800000| Complete 
|  89|0x0000000085900000, 0x0000000085a00000, 0x0000000085a00000|100%| O|  |TAMS 0x0000000085a00000, 0x0000000085900000| Complete 
|  90|0x0000000085a00000, 0x0000000085b00000, 0x0000000085b00000|100%| O|  |TAMS 0x0000000085b00000, 0x0000000085a00000| Untracked 
|  91|0x0000000085b00000, 0x0000000085c00000, 0x0000000085c00000|100%| O|  |TAMS 0x0000000085c00000, 0x0000000085b00000| Untracked 
|  92|0x0000000085c00000, 0x0000000085d00000, 0x0000000085d00000|100%| O|  |TAMS 0x0000000085d00000, 0x0000000085c00000| Complete 
|  93|0x0000000085d00000, 0x0000000085e00000, 0x0000000085e00000|100%| O|  |TAMS 0x0000000085e00000, 0x0000000085d00000| Untracked 
|  94|0x0000000085e00000, 0x0000000085f00000, 0x0000000085f00000|100%| O|  |TAMS 0x0000000085f00000, 0x0000000085e00000| Untracked 
|  95|0x0000000085f00000, 0x0000000086000000, 0x0000000086000000|100%| O|  |TAMS 0x0000000086000000, 0x0000000085f00000| Untracked 
|  96|0x0000000086000000, 0x0000000086100000, 0x0000000086100000|100%| O|  |TAMS 0x0000000086100000, 0x0000000086000000| Untracked 
|  97|0x0000000086100000, 0x0000000086200000, 0x0000000086200000|100%| O|  |TAMS 0x0000000086200000, 0x0000000086100000| Untracked 
|  98|0x0000000086200000, 0x0000000086300000, 0x0000000086300000|100%|HS|  |TAMS 0x0000000086300000, 0x0000000086200000| Complete 
|  99|0x0000000086300000, 0x0000000086400000, 0x0000000086400000|100%| O|  |TAMS 0x0000000086400000, 0x0000000086300000| Untracked 
| 100|0x0000000086400000, 0x0000000086500000, 0x0000000086500000|100%| O|  |TAMS 0x0000000086500000, 0x0000000086400000| Complete 
| 101|0x0000000086500000, 0x0000000086600000, 0x0000000086600000|100%| O|  |TAMS 0x0000000086600000, 0x0000000086500000| Untracked 
| 102|0x0000000086600000, 0x0000000086700000, 0x0000000086700000|100%| O|  |TAMS 0x0000000086700000, 0x0000000086600000| Complete 
| 103|0x0000000086700000, 0x0000000086800000, 0x0000000086800000|100%|HS|  |TAMS 0x0000000086800000, 0x0000000086700000| Complete 
| 104|0x0000000086800000, 0x0000000086900000, 0x0000000086900000|100%|HC|  |TAMS 0x0000000086900000, 0x0000000086800000| Complete 
| 105|0x0000000086900000, 0x0000000086a00000, 0x0000000086a00000|100%|HC|  |TAMS 0x0000000086a00000, 0x0000000086900000| Complete 
| 106|0x0000000086a00000, 0x0000000086b00000, 0x0000000086b00000|100%|HC|  |TAMS 0x0000000086b00000, 0x0000000086a00000| Complete 
| 107|0x0000000086b00000, 0x0000000086c00000, 0x0000000086c00000|100%|HS|  |TAMS 0x0000000086c00000, 0x0000000086b00000| Complete 
| 108|0x0000000086c00000, 0x0000000086d00000, 0x0000000086d00000|100%|HC|  |TAMS 0x0000000086d00000, 0x0000000086c00000| Complete 
| 109|0x0000000086d00000, 0x0000000086e00000, 0x0000000086e00000|100%|HS|  |TAMS 0x0000000086e00000, 0x0000000086d00000| Complete 
| 110|0x0000000086e00000, 0x0000000086f00000, 0x0000000086f00000|100%|HC|  |TAMS 0x0000000086f00000, 0x0000000086e00000| Complete 
| 111|0x0000000086f00000, 0x0000000087000000, 0x0000000087000000|100%|HC|  |TAMS 0x0000000087000000, 0x0000000086f00000| Complete 
| 112|0x0000000087000000, 0x0000000087100000, 0x0000000087100000|100%|HS|  |TAMS 0x0000000087100000, 0x0000000087000000| Complete 
| 113|0x0000000087100000, 0x0000000087200000, 0x0000000087200000|100%|HC|  |TAMS 0x0000000087200000, 0x0000000087100000| Complete 
| 114|0x0000000087200000, 0x0000000087300000, 0x0000000087300000|100%|HC|  |TAMS 0x0000000087300000, 0x0000000087200000| Complete 
| 115|0x0000000087300000, 0x0000000087400000, 0x0000000087400000|100%|HS|  |TAMS 0x0000000087400000, 0x0000000087300000| Complete 
| 116|0x0000000087400000, 0x0000000087500000, 0x0000000087500000|100%|HC|  |TAMS 0x0000000087500000, 0x0000000087400000| Complete 
| 117|0x0000000087500000, 0x0000000087600000, 0x0000000087600000|100%|HC|  |TAMS 0x0000000087600000, 0x0000000087500000| Complete 
| 118|0x0000000087600000, 0x0000000087700000, 0x0000000087700000|100%|HC|  |TAMS 0x0000000087700000, 0x0000000087600000| Complete 
| 119|0x0000000087700000, 0x0000000087800000, 0x0000000087800000|100%|HC|  |TAMS 0x0000000087800000, 0x0000000087700000| Complete 
| 120|0x0000000087800000, 0x0000000087900000, 0x0000000087900000|100%| O|  |TAMS 0x0000000087900000, 0x0000000087800000| Complete 
| 121|0x0000000087900000, 0x0000000087a00000, 0x0000000087a00000|100%| O|  |TAMS 0x0000000087a00000, 0x0000000087900000| Complete 
| 122|0x0000000087a00000, 0x0000000087b00000, 0x0000000087b00000|100%| O|  |TAMS 0x0000000087b00000, 0x0000000087a00000| Complete 
| 123|0x0000000087b00000, 0x0000000087c00000, 0x0000000087c00000|100%| O|  |TAMS 0x0000000087c00000, 0x0000000087b00000| Complete 
| 124|0x0000000087c00000, 0x0000000087d00000, 0x0000000087d00000|100%|HS|  |TAMS 0x0000000087d00000, 0x0000000087c00000| Complete 
| 125|0x0000000087d00000, 0x0000000087e00000, 0x0000000087e00000|100%|HS|  |TAMS 0x0000000087e00000, 0x0000000087d00000| Complete 
| 126|0x0000000087e00000, 0x0000000087f00000, 0x0000000087f00000|100%|HC|  |TAMS 0x0000000087f00000, 0x0000000087e00000| Complete 
| 127|0x0000000087f00000, 0x0000000088000000, 0x0000000088000000|100%|HC|  |TAMS 0x0000000088000000, 0x0000000087f00000| Complete 
| 128|0x0000000088000000, 0x0000000088100000, 0x0000000088100000|100%|HC|  |TAMS 0x0000000088100000, 0x0000000088000000| Complete 
| 129|0x0000000088100000, 0x0000000088200000, 0x0000000088200000|100%| O|  |TAMS 0x0000000088200000, 0x0000000088100000| Untracked 
| 130|0x0000000088200000, 0x0000000088300000, 0x0000000088300000|100%| O|  |TAMS 0x0000000088300000, 0x0000000088200000| Complete 
| 131|0x0000000088300000, 0x0000000088400000, 0x0000000088400000|100%| O|  |TAMS 0x0000000088400000, 0x0000000088300000| Complete 
| 132|0x0000000088400000, 0x0000000088500000, 0x0000000088500000|100%| O|  |TAMS 0x0000000088500000, 0x0000000088400000| Untracked 
| 133|0x0000000088500000, 0x0000000088600000, 0x0000000088600000|100%| O|  |TAMS 0x0000000088600000, 0x0000000088500000| Complete 
| 134|0x0000000088600000, 0x0000000088700000, 0x0000000088700000|100%| O|  |TAMS 0x0000000088700000, 0x0000000088600000| Complete 
| 135|0x0000000088700000, 0x0000000088800000, 0x0000000088800000|100%| O|  |TAMS 0x0000000088800000, 0x0000000088700000| Untracked 
| 136|0x0000000088800000, 0x0000000088900000, 0x0000000088900000|100%| O|  |TAMS 0x0000000088900000, 0x0000000088800000| Complete 
| 137|0x0000000088900000, 0x0000000088a00000, 0x0000000088a00000|100%| O|  |TAMS 0x0000000088a00000, 0x0000000088900000| Complete 
| 138|0x0000000088a00000, 0x0000000088b00000, 0x0000000088b00000|100%| O|  |TAMS 0x0000000088b00000, 0x0000000088a00000| Untracked 
| 139|0x0000000088b00000, 0x0000000088c00000, 0x0000000088c00000|100%| O|  |TAMS 0x0000000088c00000, 0x0000000088b00000| Complete 
| 140|0x0000000088c00000, 0x0000000088d00000, 0x0000000088d00000|100%| O|  |TAMS 0x0000000088d00000, 0x0000000088c00000| Untracked 
| 141|0x0000000088d00000, 0x0000000088e00000, 0x0000000088e00000|100%| O|  |TAMS 0x0000000088e00000, 0x0000000088d00000| Untracked 
| 142|0x0000000088e00000, 0x0000000088f00000, 0x0000000088f00000|100%| O|  |TAMS 0x0000000088f00000, 0x0000000088e00000| Complete 
| 143|0x0000000088f00000, 0x0000000089000000, 0x0000000089000000|100%| O|  |TAMS 0x0000000089000000, 0x0000000088f00000| Complete 
| 144|0x0000000089000000, 0x0000000089100000, 0x0000000089100000|100%| O|  |TAMS 0x0000000089100000, 0x0000000089000000| Complete 
| 145|0x0000000089100000, 0x0000000089200000, 0x0000000089200000|100%| O|  |TAMS 0x0000000089200000, 0x0000000089100000| Complete 
| 146|0x0000000089200000, 0x0000000089300000, 0x0000000089300000|100%| O|  |TAMS 0x0000000089300000, 0x0000000089200000| Complete 
| 147|0x0000000089300000, 0x0000000089400000, 0x0000000089400000|100%| O|  |TAMS 0x0000000089400000, 0x0000000089300000| Complete 
| 148|0x0000000089400000, 0x0000000089400000, 0x0000000089500000|  0%| F|  |TAMS 0x0000000089400000, 0x0000000089400000| Untracked 
| 149|0x0000000089500000, 0x0000000089600000, 0x0000000089600000|100%| O|  |TAMS 0x0000000089600000, 0x0000000089500000| Complete 
| 150|0x0000000089600000, 0x0000000089700000, 0x0000000089700000|100%| O|  |TAMS 0x0000000089700000, 0x0000000089600000| Complete 
| 151|0x0000000089700000, 0x0000000089800000, 0x0000000089800000|100%| O|  |TAMS 0x0000000089800000, 0x0000000089700000| Complete 
| 152|0x0000000089800000, 0x0000000089900000, 0x0000000089900000|100%| O|  |TAMS 0x0000000089900000, 0x0000000089800000| Complete 
| 153|0x0000000089900000, 0x0000000089a00000, 0x0000000089a00000|100%| O|  |TAMS 0x0000000089a00000, 0x0000000089900000| Complete 
| 154|0x0000000089a00000, 0x0000000089a00000, 0x0000000089b00000|  0%| F|  |TAMS 0x0000000089a00000, 0x0000000089a00000| Untracked 
| 155|0x0000000089b00000, 0x0000000089b00000, 0x0000000089c00000|  0%| F|  |TAMS 0x0000000089b00000, 0x0000000089b00000| Untracked 
| 156|0x0000000089c00000, 0x0000000089d00000, 0x0000000089d00000|100%| O|  |TAMS 0x0000000089d00000, 0x0000000089c00000| Complete 
| 157|0x0000000089d00000, 0x0000000089e00000, 0x0000000089e00000|100%| O|  |TAMS 0x0000000089e00000, 0x0000000089d00000| Untracked 
| 158|0x0000000089e00000, 0x0000000089f00000, 0x0000000089f00000|100%| O|  |TAMS 0x0000000089f00000, 0x0000000089e00000| Untracked 
| 159|0x0000000089f00000, 0x000000008a000000, 0x000000008a000000|100%| O|  |TAMS 0x000000008a000000, 0x0000000089f00000| Complete 
| 160|0x000000008a000000, 0x000000008a100000, 0x000000008a100000|100%| O|  |TAMS 0x000000008a100000, 0x000000008a000000| Complete 
| 161|0x000000008a100000, 0x000000008a200000, 0x000000008a200000|100%| O|  |TAMS 0x000000008a200000, 0x000000008a100000| Untracked 
| 162|0x000000008a200000, 0x000000008a300000, 0x000000008a300000|100%| O|  |TAMS 0x000000008a300000, 0x000000008a200000| Complete 
| 163|0x000000008a300000, 0x000000008a400000, 0x000000008a400000|100%| O|  |TAMS 0x000000008a400000, 0x000000008a300000| Untracked 
| 164|0x000000008a400000, 0x000000008a500000, 0x000000008a500000|100%| O|  |TAMS 0x000000008a500000, 0x000000008a400000| Complete 
| 165|0x000000008a500000, 0x000000008a600000, 0x000000008a600000|100%| O|  |TAMS 0x000000008a600000, 0x000000008a500000| Untracked 
| 166|0x000000008a600000, 0x000000008a700000, 0x000000008a700000|100%| O|  |TAMS 0x000000008a700000, 0x000000008a600000| Untracked 
| 167|0x000000008a700000, 0x000000008a800000, 0x000000008a800000|100%| O|  |TAMS 0x000000008a800000, 0x000000008a700000| Untracked 
| 168|0x000000008a800000, 0x000000008a900000, 0x000000008a900000|100%| O|  |TAMS 0x000000008a900000, 0x000000008a800000| Untracked 
| 169|0x000000008a900000, 0x000000008aa00000, 0x000000008aa00000|100%| O|  |TAMS 0x000000008aa00000, 0x000000008a900000| Untracked 
| 170|0x000000008aa00000, 0x000000008ab00000, 0x000000008ab00000|100%| O|  |TAMS 0x000000008ab00000, 0x000000008aa00000| Untracked 
| 171|0x000000008ab00000, 0x000000008ac00000, 0x000000008ac00000|100%| O|  |TAMS 0x000000008ac00000, 0x000000008ab00000| Complete 
| 172|0x000000008ac00000, 0x000000008ad00000, 0x000000008ad00000|100%| O|  |TAMS 0x000000008ad00000, 0x000000008ac00000| Complete 
| 173|0x000000008ad00000, 0x000000008ad0ac00, 0x000000008ae00000|  4%| O|  |TAMS 0x000000008ad0ac00, 0x000000008ad00000| Untracked 
| 174|0x000000008ae00000, 0x000000008ae00000, 0x000000008af00000|  0%| F|  |TAMS 0x000000008ae00000, 0x000000008ae00000| Untracked 
| 175|0x000000008af00000, 0x000000008af00000, 0x000000008b000000|  0%| F|  |TAMS 0x000000008af00000, 0x000000008af00000| Untracked 
| 176|0x000000008b000000, 0x000000008b000000, 0x000000008b100000|  0%| F|  |TAMS 0x000000008b000000, 0x000000008b000000| Untracked 
| 177|0x000000008b100000, 0x000000008b100000, 0x000000008b200000|  0%| F|  |TAMS 0x000000008b100000, 0x000000008b100000| Untracked 
| 178|0x000000008b200000, 0x000000008b200000, 0x000000008b300000|  0%| F|  |TAMS 0x000000008b200000, 0x000000008b200000| Untracked 
| 179|0x000000008b300000, 0x000000008b300000, 0x000000008b400000|  0%| F|  |TAMS 0x000000008b300000, 0x000000008b300000| Untracked 
| 180|0x000000008b400000, 0x000000008b400000, 0x000000008b500000|  0%| F|  |TAMS 0x000000008b400000, 0x000000008b400000| Untracked 
| 181|0x000000008b500000, 0x000000008b500000, 0x000000008b600000|  0%| F|  |TAMS 0x000000008b500000, 0x000000008b500000| Untracked 
| 182|0x000000008b600000, 0x000000008b600000, 0x000000008b700000|  0%| F|  |TAMS 0x000000008b600000, 0x000000008b600000| Untracked 
| 183|0x000000008b700000, 0x000000008b700000, 0x000000008b800000|  0%| F|  |TAMS 0x000000008b700000, 0x000000008b700000| Untracked 
| 184|0x000000008b800000, 0x000000008b800000, 0x000000008b900000|  0%| F|  |TAMS 0x000000008b800000, 0x000000008b800000| Untracked 
| 185|0x000000008b900000, 0x000000008b900000, 0x000000008ba00000|  0%| F|  |TAMS 0x000000008b900000, 0x000000008b900000| Untracked 
| 186|0x000000008ba00000, 0x000000008ba00000, 0x000000008bb00000|  0%| F|  |TAMS 0x000000008ba00000, 0x000000008ba00000| Untracked 
| 187|0x000000008bb00000, 0x000000008bb00000, 0x000000008bc00000|  0%| F|  |TAMS 0x000000008bb00000, 0x000000008bb00000| Untracked 
| 188|0x000000008bc00000, 0x000000008bc00000, 0x000000008bd00000|  0%| F|  |TAMS 0x000000008bc00000, 0x000000008bc00000| Untracked 
| 189|0x000000008bd00000, 0x000000008bd00000, 0x000000008be00000|  0%| F|  |TAMS 0x000000008bd00000, 0x000000008bd00000| Untracked 
| 190|0x000000008be00000, 0x000000008be00000, 0x000000008bf00000|  0%| F|  |TAMS 0x000000008be00000, 0x000000008be00000| Untracked 
| 191|0x000000008bf00000, 0x000000008bf00000, 0x000000008c000000|  0%| F|  |TAMS 0x000000008bf00000, 0x000000008bf00000| Untracked 
| 192|0x000000008c000000, 0x000000008c000000, 0x000000008c100000|  0%| F|  |TAMS 0x000000008c000000, 0x000000008c000000| Untracked 
| 193|0x000000008c100000, 0x000000008c100000, 0x000000008c200000|  0%| F|  |TAMS 0x000000008c100000, 0x000000008c100000| Untracked 
| 194|0x000000008c200000, 0x000000008c200000, 0x000000008c300000|  0%| F|  |TAMS 0x000000008c200000, 0x000000008c200000| Untracked 
| 195|0x000000008c300000, 0x000000008c300000, 0x000000008c400000|  0%| F|  |TAMS 0x000000008c300000, 0x000000008c300000| Untracked 
| 196|0x000000008c400000, 0x000000008c400000, 0x000000008c500000|  0%| F|  |TAMS 0x000000008c400000, 0x000000008c400000| Untracked 
| 197|0x000000008c500000, 0x000000008c500000, 0x000000008c600000|  0%| F|  |TAMS 0x000000008c500000, 0x000000008c500000| Untracked 
| 198|0x000000008c600000, 0x000000008c600000, 0x000000008c700000|  0%| F|  |TAMS 0x000000008c600000, 0x000000008c600000| Untracked 
| 199|0x000000008c700000, 0x000000008c700000, 0x000000008c800000|  0%| F|  |TAMS 0x000000008c700000, 0x000000008c700000| Untracked 
| 200|0x000000008c800000, 0x000000008c800000, 0x000000008c900000|  0%| F|  |TAMS 0x000000008c800000, 0x000000008c800000| Untracked 
| 201|0x000000008c900000, 0x000000008c900000, 0x000000008ca00000|  0%| F|  |TAMS 0x000000008c900000, 0x000000008c900000| Untracked 
| 202|0x000000008ca00000, 0x000000008ca00000, 0x000000008cb00000|  0%| F|  |TAMS 0x000000008ca00000, 0x000000008ca00000| Untracked 
| 203|0x000000008cb00000, 0x000000008cb00000, 0x000000008cc00000|  0%| F|  |TAMS 0x000000008cb00000, 0x000000008cb00000| Untracked 
| 204|0x000000008cc00000, 0x000000008cc00000, 0x000000008cd00000|  0%| F|  |TAMS 0x000000008cc00000, 0x000000008cc00000| Untracked 
| 205|0x000000008cd00000, 0x000000008cd00000, 0x000000008ce00000|  0%| F|  |TAMS 0x000000008cd00000, 0x000000008cd00000| Untracked 
| 206|0x000000008ce00000, 0x000000008ce00000, 0x000000008cf00000|  0%| F|  |TAMS 0x000000008ce00000, 0x000000008ce00000| Untracked 
| 207|0x000000008cf00000, 0x000000008cf00000, 0x000000008d000000|  0%| F|  |TAMS 0x000000008cf00000, 0x000000008cf00000| Untracked 
| 208|0x000000008d000000, 0x000000008d000000, 0x000000008d100000|  0%| F|  |TAMS 0x000000008d000000, 0x000000008d000000| Untracked 
| 209|0x000000008d100000, 0x000000008d100000, 0x000000008d200000|  0%| F|  |TAMS 0x000000008d100000, 0x000000008d100000| Untracked 
| 210|0x000000008d200000, 0x000000008d2cbb80, 0x000000008d300000| 79%| S|CS|TAMS 0x000000008d200000, 0x000000008d200000| Complete 
| 211|0x000000008d300000, 0x000000008d400000, 0x000000008d400000|100%| S|CS|TAMS 0x000000008d300000, 0x000000008d300000| Complete 
| 212|0x000000008d400000, 0x000000008d500000, 0x000000008d500000|100%| S|CS|TAMS 0x000000008d400000, 0x000000008d400000| Complete 
| 213|0x000000008d500000, 0x000000008d600000, 0x000000008d600000|100%| S|CS|TAMS 0x000000008d500000, 0x000000008d500000| Complete 
| 214|0x000000008d600000, 0x000000008d600000, 0x000000008d700000|  0%| F|  |TAMS 0x000000008d600000, 0x000000008d600000| Untracked 
| 215|0x000000008d700000, 0x000000008d700000, 0x000000008d800000|  0%| F|  |TAMS 0x000000008d700000, 0x000000008d700000| Untracked 
| 216|0x000000008d800000, 0x000000008d800000, 0x000000008d900000|  0%| F|  |TAMS 0x000000008d800000, 0x000000008d800000| Untracked 
| 217|0x000000008d900000, 0x000000008d900000, 0x000000008da00000|  0%| F|  |TAMS 0x000000008d900000, 0x000000008d900000| Untracked 
| 218|0x000000008da00000, 0x000000008da00000, 0x000000008db00000|  0%| F|  |TAMS 0x000000008da00000, 0x000000008da00000| Untracked 
| 219|0x000000008db00000, 0x000000008db00000, 0x000000008dc00000|  0%| F|  |TAMS 0x000000008db00000, 0x000000008db00000| Untracked 
| 220|0x000000008dc00000, 0x000000008dc00000, 0x000000008dd00000|  0%| F|  |TAMS 0x000000008dc00000, 0x000000008dc00000| Untracked 
| 221|0x000000008dd00000, 0x000000008dd00000, 0x000000008de00000|  0%| F|  |TAMS 0x000000008dd00000, 0x000000008dd00000| Untracked 
| 222|0x000000008de00000, 0x000000008de00000, 0x000000008df00000|  0%| F|  |TAMS 0x000000008de00000, 0x000000008de00000| Untracked 
| 223|0x000000008df00000, 0x000000008df00000, 0x000000008e000000|  0%| F|  |TAMS 0x000000008df00000, 0x000000008df00000| Untracked 
| 224|0x000000008e000000, 0x000000008e000000, 0x000000008e100000|  0%| F|  |TAMS 0x000000008e000000, 0x000000008e000000| Untracked 
| 225|0x000000008e100000, 0x000000008e100000, 0x000000008e200000|  0%| F|  |TAMS 0x000000008e100000, 0x000000008e100000| Untracked 
| 226|0x000000008e200000, 0x000000008e200000, 0x000000008e300000|  0%| F|  |TAMS 0x000000008e200000, 0x000000008e200000| Untracked 
| 227|0x000000008e300000, 0x000000008e3d8578, 0x000000008e400000| 84%| E|  |TAMS 0x000000008e300000, 0x000000008e300000| Complete 
| 228|0x000000008e400000, 0x000000008e500000, 0x000000008e500000|100%| E|CS|TAMS 0x000000008e400000, 0x000000008e400000| Complete 
| 229|0x000000008e500000, 0x000000008e600000, 0x000000008e600000|100%| E|CS|TAMS 0x000000008e500000, 0x000000008e500000| Complete 
| 230|0x000000008e600000, 0x000000008e700000, 0x000000008e700000|100%| E|CS|TAMS 0x000000008e600000, 0x000000008e600000| Complete 
| 231|0x000000008e700000, 0x000000008e800000, 0x000000008e800000|100%| E|CS|TAMS 0x000000008e700000, 0x000000008e700000| Complete 
| 232|0x000000008e800000, 0x000000008e900000, 0x000000008e900000|100%| E|  |TAMS 0x000000008e800000, 0x000000008e800000| Complete 
| 233|0x000000008e900000, 0x000000008ea00000, 0x000000008ea00000|100%| E|CS|TAMS 0x000000008e900000, 0x000000008e900000| Complete 
| 234|0x000000008ea00000, 0x000000008eb00000, 0x000000008eb00000|100%| E|CS|TAMS 0x000000008ea00000, 0x000000008ea00000| Complete 
| 235|0x000000008eb00000, 0x000000008ec00000, 0x000000008ec00000|100%| E|CS|TAMS 0x000000008eb00000, 0x000000008eb00000| Complete 
| 236|0x000000008ec00000, 0x000000008ed00000, 0x000000008ed00000|100%| E|CS|TAMS 0x000000008ec00000, 0x000000008ec00000| Complete 
| 237|0x000000008ed00000, 0x000000008ee00000, 0x000000008ee00000|100%| E|CS|TAMS 0x000000008ed00000, 0x000000008ed00000| Complete 
| 238|0x000000008ee00000, 0x000000008ef00000, 0x000000008ef00000|100%| E|CS|TAMS 0x000000008ee00000, 0x000000008ee00000| Complete 
| 239|0x000000008ef00000, 0x000000008f000000, 0x000000008f000000|100%| E|CS|TAMS 0x000000008ef00000, 0x000000008ef00000| Complete 
| 240|0x000000008f000000, 0x000000008f100000, 0x000000008f100000|100%| E|CS|TAMS 0x000000008f000000, 0x000000008f000000| Complete 
| 241|0x000000008f100000, 0x000000008f200000, 0x000000008f200000|100%| E|CS|TAMS 0x000000008f100000, 0x000000008f100000| Complete 
| 242|0x000000008f200000, 0x000000008f300000, 0x000000008f300000|100%| E|CS|TAMS 0x000000008f200000, 0x000000008f200000| Complete 
| 243|0x000000008f300000, 0x000000008f400000, 0x000000008f400000|100%| E|CS|TAMS 0x000000008f300000, 0x000000008f300000| Complete 
| 244|0x000000008f400000, 0x000000008f500000, 0x000000008f500000|100%| E|CS|TAMS 0x000000008f400000, 0x000000008f400000| Complete 
| 245|0x000000008f500000, 0x000000008f600000, 0x000000008f600000|100%| E|CS|TAMS 0x000000008f500000, 0x000000008f500000| Complete 
| 246|0x000000008f600000, 0x000000008f700000, 0x000000008f700000|100%| E|CS|TAMS 0x000000008f600000, 0x000000008f600000| Complete 
| 247|0x000000008f700000, 0x000000008f800000, 0x000000008f800000|100%| E|CS|TAMS 0x000000008f700000, 0x000000008f700000| Complete 
| 248|0x000000008f800000, 0x000000008f900000, 0x000000008f900000|100%| E|CS|TAMS 0x000000008f800000, 0x000000008f800000| Complete 
| 249|0x000000008f900000, 0x000000008fa00000, 0x000000008fa00000|100%| E|CS|TAMS 0x000000008f900000, 0x000000008f900000| Complete 
| 250|0x000000008fa00000, 0x000000008fb00000, 0x000000008fb00000|100%| E|CS|TAMS 0x000000008fa00000, 0x000000008fa00000| Complete 
| 251|0x000000008fb00000, 0x000000008fc00000, 0x000000008fc00000|100%| E|CS|TAMS 0x000000008fb00000, 0x000000008fb00000| Complete 
| 252|0x000000008fc00000, 0x000000008fd00000, 0x000000008fd00000|100%| E|CS|TAMS 0x000000008fc00000, 0x000000008fc00000| Complete 
| 253|0x000000008fd00000, 0x000000008fe00000, 0x000000008fe00000|100%| E|CS|TAMS 0x000000008fd00000, 0x000000008fd00000| Complete 
| 254|0x000000008fe00000, 0x000000008ff00000, 0x000000008ff00000|100%| E|CS|TAMS 0x000000008fe00000, 0x000000008fe00000| Complete 
| 255|0x000000008ff00000, 0x0000000090000000, 0x0000000090000000|100%| E|CS|TAMS 0x000000008ff00000, 0x000000008ff00000| Complete 
| 256|0x0000000090000000, 0x0000000090100000, 0x0000000090100000|100%| E|CS|TAMS 0x0000000090000000, 0x0000000090000000| Complete 
| 257|0x0000000090100000, 0x0000000090200000, 0x0000000090200000|100%| E|CS|TAMS 0x0000000090100000, 0x0000000090100000| Complete 
| 258|0x0000000090200000, 0x0000000090300000, 0x0000000090300000|100%| E|CS|TAMS 0x0000000090200000, 0x0000000090200000| Complete 
| 259|0x0000000090300000, 0x0000000090400000, 0x0000000090400000|100%| E|CS|TAMS 0x0000000090300000, 0x0000000090300000| Complete 
| 260|0x0000000090400000, 0x0000000090500000, 0x0000000090500000|100%| E|CS|TAMS 0x0000000090400000, 0x0000000090400000| Complete 
| 261|0x0000000090500000, 0x0000000090600000, 0x0000000090600000|100%| E|CS|TAMS 0x0000000090500000, 0x0000000090500000| Complete 
| 262|0x0000000090600000, 0x0000000090700000, 0x0000000090700000|100%| E|CS|TAMS 0x0000000090600000, 0x0000000090600000| Complete 
| 263|0x0000000090700000, 0x0000000090800000, 0x0000000090800000|100%| E|CS|TAMS 0x0000000090700000, 0x0000000090700000| Complete 
| 264|0x0000000090800000, 0x0000000090900000, 0x0000000090900000|100%| E|CS|TAMS 0x0000000090800000, 0x0000000090800000| Complete 
| 265|0x0000000090900000, 0x0000000090a00000, 0x0000000090a00000|100%| E|CS|TAMS 0x0000000090900000, 0x0000000090900000| Complete 
| 266|0x0000000090a00000, 0x0000000090b00000, 0x0000000090b00000|100%| E|CS|TAMS 0x0000000090a00000, 0x0000000090a00000| Complete 
| 267|0x0000000090b00000, 0x0000000090c00000, 0x0000000090c00000|100%| E|CS|TAMS 0x0000000090b00000, 0x0000000090b00000| Complete 
| 268|0x0000000090c00000, 0x0000000090d00000, 0x0000000090d00000|100%| E|CS|TAMS 0x0000000090c00000, 0x0000000090c00000| Complete 
| 269|0x0000000090d00000, 0x0000000090e00000, 0x0000000090e00000|100%| E|CS|TAMS 0x0000000090d00000, 0x0000000090d00000| Complete 
| 270|0x0000000090e00000, 0x0000000090f00000, 0x0000000090f00000|100%| E|CS|TAMS 0x0000000090e00000, 0x0000000090e00000| Complete 
| 271|0x0000000090f00000, 0x0000000091000000, 0x0000000091000000|100%| E|CS|TAMS 0x0000000090f00000, 0x0000000090f00000| Complete 
| 272|0x0000000091000000, 0x0000000091100000, 0x0000000091100000|100%| E|CS|TAMS 0x0000000091000000, 0x0000000091000000| Complete 

Card table byte_map: [0x0000004745e80000,0x0000004746280000] _byte_map_base: 0x0000004745a80000

Marking Bits (Prev, Next): (CMBitMap*) 0x0000004732fd7800, (CMBitMap*) 0x0000004732fd77c8
 Prev Bits: [0x0000004748680000, 0x000000474a680000)
 Next Bits: [0x0000004746680000, 0x0000004748680000)

Polling page: 0x0000004732740000

Metaspace:

Usage:
  Non-class:    100.46 MB capacity,    98.35 MB ( 98%) used,     1.77 MB (  2%) free+waste,   346.31 KB ( <1%) overhead. 
      Class:     15.22 MB capacity,    14.08 MB ( 93%) used,  1010.13 KB (  6%) free+waste,   154.25 KB ( <1%) overhead. 
       Both:    115.67 MB capacity,   112.43 MB ( 97%) used,     2.76 MB (  2%) free+waste,   500.56 KB ( <1%) overhead. 

Virtual space:
  Non-class space:      102.00 MB reserved,     100.57 MB ( 99%) committed 
      Class space:        1.00 GB reserved,      15.27 MB (  1%) committed 
             Both:        1.10 GB reserved,     115.84 MB ( 10%) committed 

Chunk freelists:
   Non-Class:  49.00 KB
       Class:  0 bytes
        Both:  49.00 KB

MaxMetaspaceSize: 17179869184.00 GB
CompressedClassSpaceSize: 1.00 GB
Initial GC threshold: 20.80 MB
Current GC threshold: 191.61 MB
CDS: off

CodeHeap 'non-profiled nmethods': size=120064Kb used=10743Kb max_used=10743Kb free=109320Kb
 bounds [0x000000473e540000, 0x000000473efc0000, 0x0000004745a80000]
CodeHeap 'profiled nmethods': size=120000Kb used=35210Kb max_used=35210Kb free=84789Kb
 bounds [0x0000004737010000, 0x0000004739280000, 0x000000473e540000]
CodeHeap 'non-nmethods': size=5696Kb used=2436Kb max_used=2514Kb free=3260Kb
 bounds [0x0000004736a80000, 0x0000004736d00000, 0x0000004737010000]
 total_blobs=16172 nmethods=15208 adapters=875
 compilation: enabled
              stopped_count=0, restarted_count=0
 full_count=0

Compilation events (20 events):
Event: 256.636 Thread 0x000000474d91c800 nmethod 15282 0x0000004739269210 code [0x0000004739269680, 0x000000473926b8f8]
Event: 256.636 Thread 0x000000474d91c800 15283       3       org.gradle.internal.reflect.annotations.impl.DefaultPropertyAnnotationMetadata::collectAnnotationTypes (54 bytes)
Event: 256.637 Thread 0x000000474d91c800 nmethod 15283 0x000000473926c410 code [0x000000473926c720, 0x000000473926da28]
Event: 256.637 Thread 0x000000474d91c800 15277       3       com.google.common.collect.MultimapBuilder$LinkedHashSetSupplier::get (5 bytes)
Event: 256.637 Thread 0x000000474d91c800 nmethod 15277 0x000000473926df90 code [0x000000473926e1c0, 0x000000473926e7d8]
Event: 256.637 Thread 0x000000474d91c800 15278       3       com.google.common.collect.MultimapBuilder$LinkedHashSetSupplier::get (8 bytes)
Event: 256.637 Thread 0x000000474d91c800 nmethod 15278 0x000000473926ea90 code [0x000000473926ecc0, 0x000000473926f278]
Event: 256.637 Thread 0x000000474d91c800 15279       3       com.google.common.collect.Platform::newLinkedHashSetWithExpectedSize (5 bytes)
Event: 256.638 Thread 0x000000474d91c800 nmethod 15279 0x000000473926f510 code [0x000000473926f740, 0x000000473926fc78]
Event: 256.638 Thread 0x000000474d91c800 15284       3       com.android.build.api.variant.impl.FileBasedDirectoryEntryImpl::<init> (43 bytes)
Event: 256.638 Thread 0x000000474d91c800 nmethod 15284 0x000000473926ff10 code [0x00000047392700e0, 0x00000047392702e8]
Event: 256.638 Thread 0x000000474d91c800 15285       3       com.android.build.api.variant.impl.FileBasedDirectoryEntryImpl::<init> (44 bytes)
Event: 256.639 Thread 0x0000004751442800 15288       4       java.util.ArrayList::addAll (76 bytes)
Event: 256.639 Thread 0x000000474d91c800 nmethod 15285 0x0000004739270390 code [0x0000004739270640, 0x0000004739271218]
Event: 256.639 Thread 0x000000474d91c800 15287       3       org.gradle.internal.graph.CachingDirectedGraphWalker$GraphWithEmptyEdges::getNodeValues (13 bytes)
Event: 256.639 Thread 0x000000474d91c800 nmethod 15287 0x0000004739271610 code [0x00000047392717c0, 0x0000004739271988]
Event: 256.639 Thread 0x000000474d91c800 15286       3       com.android.build.api.variant.impl.FileBasedDirectoryEntryImpl::asFiles (44 bytes)
Event: 256.640 Thread 0x000000474d91c800 nmethod 15286 0x0000004739271a90 code [0x0000004739271d00, 0x0000004739272638]
Event: 256.645 Thread 0x0000004751442800 nmethod 15288 0x000000473efbb810 code [0x000000473efbb9c0, 0x000000473efbbf98]
Event: 256.651 Thread 0x000000474d915800 15289       4       org.objectweb.asm.Frame::putAbstractType (379 bytes)

GC Heap History (20 events):
Event: 20.601 GC heap before
{Heap before GC invocations=38 (full 0):
 garbage-first heap   total 232448K, used 196804K [0x0000000080000000, 0x0000000100000000)
  region size 1024K, 51 young (52224K), 7 survivors (7168K)
 Metaspace       used 97761K, capacity 100221K, committed 100572K, reserved 1136640K
  class space    used 12491K, capacity 13345K, committed 13464K, reserved 1048576K
}
Event: 20.620 GC heap after
{Heap after GC invocations=39 (full 0):
 garbage-first heap   total 232448K, used 156938K [0x0000000080000000, 0x0000000100000000)
  region size 1024K, 4 young (4096K), 4 survivors (4096K)
 Metaspace       used 97761K, capacity 100221K, committed 100572K, reserved 1136640K
  class space    used 12491K, capacity 13345K, committed 13464K, reserved 1048576K
}
Event: 21.455 GC heap before
{Heap before GC invocations=40 (full 0):
 garbage-first heap   total 232448K, used 198922K [0x0000000080000000, 0x0000000100000000)
  region size 1024K, 45 young (46080K), 4 survivors (4096K)
 Metaspace       used 98487K, capacity 100927K, committed 101212K, reserved 1136640K
  class space    used 12554K, capacity 13442K, committed 13592K, reserved 1048576K
}
Event: 21.470 GC heap after
{Heap after GC invocations=41 (full 0):
 garbage-first heap   total 279552K, used 159120K [0x0000000080000000, 0x0000000100000000)
  region size 1024K, 3 young (3072K), 3 survivors (3072K)
 Metaspace       used 98487K, capacity 100927K, committed 101212K, reserved 1136640K
  class space    used 12554K, capacity 13442K, committed 13592K, reserved 1048576K
}
Event: 22.246 GC heap before
{Heap before GC invocations=41 (full 0):
 garbage-first heap   total 279552K, used 217488K [0x0000000080000000, 0x0000000100000000)
  region size 1024K, 61 young (62464K), 3 survivors (3072K)
 Metaspace       used 101347K, capacity 103795K, committed 104156K, reserved 1140736K
  class space    used 12940K, capacity 13862K, committed 13976K, reserved 1048576K
}
Event: 22.259 GC heap after
{Heap after GC invocations=42 (full 0):
 garbage-first heap   total 279552K, used 160619K [0x0000000080000000, 0x0000000100000000)
  region size 1024K, 5 young (5120K), 5 survivors (5120K)
 Metaspace       used 101347K, capacity 103795K, committed 104156K, reserved 1140736K
  class space    used 12940K, capacity 13862K, committed 13976K, reserved 1048576K
}
Event: 23.592 GC heap before
{Heap before GC invocations=43 (full 0):
 garbage-first heap   total 279552K, used 222059K [0x0000000080000000, 0x0000000100000000)
  region size 1024K, 65 young (66560K), 5 survivors (5120K)
 Metaspace       used 104728K, capacity 107240K, committed 107356K, reserved 1142784K
  class space    used 13306K, capacity 14255K, committed 14360K, reserved 1048576K
}
Event: 23.605 GC heap after
{Heap after GC invocations=44 (full 0):
 garbage-first heap   total 279552K, used 164421K [0x0000000080000000, 0x0000000100000000)
  region size 1024K, 8 young (8192K), 8 survivors (8192K)
 Metaspace       used 104728K, capacity 107240K, committed 107356K, reserved 1142784K
  class space    used 13306K, capacity 14255K, committed 14360K, reserved 1048576K
}
Event: 122.078 GC heap before
{Heap before GC invocations=44 (full 0):
 garbage-first heap   total 279552K, used 225861K [0x0000000080000000, 0x0000000100000000)
  region size 1024K, 68 young (69632K), 8 survivors (8192K)
 Metaspace       used 106829K, capacity 109757K, committed 110044K, reserved 1144832K
  class space    used 13581K, capacity 14632K, committed 14744K, reserved 1048576K
}
Event: 122.109 GC heap after
{Heap after GC invocations=45 (full 0):
 garbage-first heap   total 279552K, used 169211K [0x0000000080000000, 0x0000000100000000)
  region size 1024K, 9 young (9216K), 9 survivors (9216K)
 Metaspace       used 106829K, capacity 109757K, committed 110044K, reserved 1144832K
  class space    used 13581K, capacity 14632K, committed 14744K, reserved 1048576K
}
Event: 124.698 GC heap before
{Heap before GC invocations=46 (full 0):
 garbage-first heap   total 279552K, used 228603K [0x0000000080000000, 0x0000000100000000)
  region size 1024K, 67 young (68608K), 9 survivors (9216K)
 Metaspace       used 108546K, capacity 111523K, committed 111708K, reserved 1146880K
  class space    used 13776K, capacity 14815K, committed 14872K, reserved 1048576K
}
Event: 124.721 GC heap after
{Heap after GC invocations=47 (full 0):
 garbage-first heap   total 279552K, used 171982K [0x0000000080000000, 0x0000000100000000)
  region size 1024K, 4 young (4096K), 4 survivors (4096K)
 Metaspace       used 108546K, capacity 111523K, committed 111708K, reserved 1146880K
  class space    used 13776K, capacity 14815K, committed 14872K, reserved 1048576K
}
Event: 125.252 GC heap before
{Heap before GC invocations=47 (full 0):
 garbage-first heap   total 279552K, used 180174K [0x0000000080000000, 0x0000000100000000)
  region size 1024K, 13 young (13312K), 4 survivors (4096K)
 Metaspace       used 109150K, capacity 112099K, committed 112348K, reserved 1146880K
  class space    used 13839K, capacity 14879K, committed 15000K, reserved 1048576K
}
Event: 125.260 GC heap after
{Heap after GC invocations=48 (full 0):
 garbage-first heap   total 279552K, used 172415K [0x0000000080000000, 0x0000000100000000)
  region size 1024K, 4 young (4096K), 4 survivors (4096K)
 Metaspace       used 109150K, capacity 112099K, committed 112348K, reserved 1146880K
  class space    used 13839K, capacity 14879K, committed 15000K, reserved 1048576K
}
Event: 131.884 GC heap before
{Heap before GC invocations=49 (full 0):
 garbage-first heap   total 279552K, used 234879K [0x0000000080000000, 0x0000000100000000)
  region size 1024K, 64 young (65536K), 4 survivors (4096K)
 Metaspace       used 112444K, capacity 115453K, committed 115676K, reserved 1150976K
  class space    used 14115K, capacity 15182K, committed 15256K, reserved 1048576K
}
Event: 131.900 GC heap after
{Heap after GC invocations=50 (full 0):
 garbage-first heap   total 279552K, used 176696K [0x0000000080000000, 0x0000000100000000)
  region size 1024K, 8 young (8192K), 8 survivors (8192K)
 Metaspace       used 112444K, capacity 115453K, committed 115676K, reserved 1150976K
  class space    used 14115K, capacity 15182K, committed 15256K, reserved 1048576K
}
Event: 132.149 GC heap before
{Heap before GC invocations=50 (full 0):
 garbage-first heap   total 279552K, used 181816K [0x0000000080000000, 0x0000000100000000)
  region size 1024K, 13 young (13312K), 8 survivors (8192K)
 Metaspace       used 112447K, capacity 115454K, committed 115676K, reserved 1150976K
  class space    used 14115K, capacity 15182K, committed 15256K, reserved 1048576K
}
Event: 132.167 GC heap after
{Heap after GC invocations=51 (full 0):
 garbage-first heap   total 279552K, used 175143K [0x0000000080000000, 0x0000000100000000)
  region size 1024K, 1 young (1024K), 1 survivors (1024K)
 Metaspace       used 112447K, capacity 115454K, committed 115676K, reserved 1150976K
  class space    used 14115K, capacity 15182K, committed 15256K, reserved 1048576K
}
Event: 253.070 GC heap before
{Heap before GC invocations=51 (full 0):
 garbage-first heap   total 279552K, used 234535K [0x0000000080000000, 0x0000000100000000)
  region size 1024K, 59 young (60416K), 1 survivors (1024K)
 Metaspace       used 114157K, capacity 117471K, committed 117724K, reserved 1150976K
  class space    used 14322K, capacity 15453K, committed 15512K, reserved 1048576K
}
Event: 253.079 GC heap after
{Heap after GC invocations=52 (full 0):
 garbage-first heap   total 279552K, used 178009K [0x0000000080000000, 0x0000000100000000)
  region size 1024K, 4 young (4096K), 4 survivors (4096K)
 Metaspace       used 114157K, capacity 117471K, committed 117724K, reserved 1150976K
  class space    used 14322K, capacity 15453K, committed 15512K, reserved 1048576K
}

Deoptimization events (20 events):
Event: 256.618 Thread 0x0000004758f7b000 Uncommon trap: trap_request=0xffffffc6 fr.pc=0x000000473ede4ed0 relative=0x0000000000000390
Event: 256.618 Thread 0x0000004758f7b000 Uncommon trap: reason=bimorphic_or_optimized_type_check action=maybe_recompile pc=0x000000473ede4ed0 method=org.gradle.api.internal.collections.CollectionFilter.filter(Ljava/lang/Object;)Ljava/lang/Object; @ 27 c2
Event: 256.618 Thread 0x0000004758f7b000 DEOPT PACKING pc=0x000000473ede4ed0 sp=0x0000004753899420
Event: 256.618 Thread 0x0000004758f7b000 DEOPT UNPACKING pc=0x0000004736aca1af sp=0x00000047538993d0 mode 2
Event: 256.618 Thread 0x0000004758f7b000 Uncommon trap: trap_request=0xffffffc6 fr.pc=0x000000473ee0bf2c relative=0x00000000000005ac
Event: 256.618 Thread 0x0000004758f7b000 Uncommon trap: reason=bimorphic_or_optimized_type_check action=maybe_recompile pc=0x000000473ee0bf2c method=org.gradle.api.internal.collections.CollectionFilter.filter(Ljava/lang/Object;)Ljava/lang/Object; @ 27 c2
Event: 256.618 Thread 0x0000004758f7b000 DEOPT PACKING pc=0x000000473ee0bf2c sp=0x0000004753899420
Event: 256.618 Thread 0x0000004758f7b000 DEOPT UNPACKING pc=0x0000004736aca1af sp=0x0000004753899370 mode 2
Event: 256.618 Thread 0x0000004758f7b000 Uncommon trap: trap_request=0xffffffc6 fr.pc=0x000000473ee0bf2c relative=0x00000000000005ac
Event: 256.618 Thread 0x0000004758f7b000 Uncommon trap: reason=bimorphic_or_optimized_type_check action=maybe_recompile pc=0x000000473ee0bf2c method=org.gradle.api.internal.collections.CollectionFilter.filter(Ljava/lang/Object;)Ljava/lang/Object; @ 27 c2
Event: 256.618 Thread 0x0000004758f7b000 DEOPT PACKING pc=0x000000473ee0bf2c sp=0x00000047538993a0
Event: 256.618 Thread 0x0000004758f7b000 DEOPT UNPACKING pc=0x0000004736aca1af sp=0x00000047538992f0 mode 2
Event: 256.618 Thread 0x0000004758f7b000 Uncommon trap: trap_request=0xffffffc6 fr.pc=0x000000473ee12e40 relative=0x0000000000000740
Event: 256.618 Thread 0x0000004758f7b000 Uncommon trap: reason=bimorphic_or_optimized_type_check action=maybe_recompile pc=0x000000473ee12e40 method=org.gradle.api.internal.collections.CollectionFilter.filter(Ljava/lang/Object;)Ljava/lang/Object; @ 27 c2
Event: 256.618 Thread 0x0000004758f7b000 DEOPT PACKING pc=0x000000473ee12e40 sp=0x0000004753899450
Event: 256.618 Thread 0x0000004758f7b000 DEOPT UNPACKING pc=0x0000004736aca1af sp=0x0000004753899338 mode 2
Event: 256.618 Thread 0x0000004758f7b000 Uncommon trap: trap_request=0xffffffc6 fr.pc=0x000000473ede4ed0 relative=0x0000000000000390
Event: 256.618 Thread 0x0000004758f7b000 Uncommon trap: reason=bimorphic_or_optimized_type_check action=maybe_recompile pc=0x000000473ede4ed0 method=org.gradle.api.internal.collections.CollectionFilter.filter(Ljava/lang/Object;)Ljava/lang/Object; @ 27 c2
Event: 256.618 Thread 0x0000004758f7b000 DEOPT PACKING pc=0x000000473ede4ed0 sp=0x0000004753899420
Event: 256.618 Thread 0x0000004758f7b000 DEOPT UNPACKING pc=0x0000004736aca1af sp=0x00000047538993d0 mode 2

Classes redefined (0 events):
No events

Internal exceptions (20 events):
Event: 126.416 Thread 0x0000004758f78800 Exception <a 'sun/nio/fs/WindowsException'{0x0000000090b34c98}> (0x0000000090b34c98) thrown at [./src/hotspot/share/prims/jni.cpp, line 616]
Event: 126.416 Thread 0x0000004758f78800 Exception <a 'sun/nio/fs/WindowsException'{0x0000000090b36060}> (0x0000000090b36060) thrown at [./src/hotspot/share/prims/jni.cpp, line 616]
Event: 126.417 Thread 0x0000004758f78800 Exception <a 'sun/nio/fs/WindowsException'{0x0000000090b37428}> (0x0000000090b37428) thrown at [./src/hotspot/share/prims/jni.cpp, line 616]
Event: 253.158 Thread 0x0000004758f7c800 Exception <a 'java/lang/NoSuchMethodError'{0x0000000091021918}: <clinit>> (0x0000000091021918) thrown at [./src/hotspot/share/prims/jni.cpp, line 1366]
Event: 253.159 Thread 0x0000004758f7c800 Exception <a 'java/lang/NoSuchMethodError'{0x00000000910398d0}: <clinit>> (0x00000000910398d0) thrown at [./src/hotspot/share/prims/jni.cpp, line 1366]
Event: 253.159 Thread 0x0000004758f7c800 Exception <a 'java/lang/NoSuchMethodError'{0x000000009103bc58}: <clinit>> (0x000000009103bc58) thrown at [./src/hotspot/share/prims/jni.cpp, line 1366]
Event: 254.589 Thread 0x0000004758f7b000 Exception <a 'java/lang/NoSuchMethodError'{0x000000008fe5a150}: 'long java.lang.invoke.DirectMethodHandle$Holder.invokeVirtual(java.lang.Object, java.lang.Object)'> (0x000000008fe5a150) thrown at [./src/hotspot/share/interpreter/linkResolver.cpp, line 773]
Event: 254.607 Thread 0x0000004758f7c800 Exception <a 'java/lang/NoSuchMethodError'{0x000000008fea1c88}: <clinit>> (0x000000008fea1c88) thrown at [./src/hotspot/share/prims/jni.cpp, line 1366]
Event: 254.610 Thread 0x0000004758f7c800 Exception <a 'java/lang/NoSuchMethodError'{0x000000008fed5eb8}: <clinit>> (0x000000008fed5eb8) thrown at [./src/hotspot/share/prims/jni.cpp, line 1366]
Event: 254.610 Thread 0x0000004758f7c800 Exception <a 'java/lang/NoSuchMethodError'{0x000000008fed6fc8}: <clinit>> (0x000000008fed6fc8) thrown at [./src/hotspot/share/prims/jni.cpp, line 1366]
Event: 254.610 Thread 0x0000004758f7c800 Exception <a 'java/lang/NoSuchMethodError'{0x000000008fed8520}: <clinit>> (0x000000008fed8520) thrown at [./src/hotspot/share/prims/jni.cpp, line 1366]
Event: 254.611 Thread 0x0000004758f7c800 Exception <a 'java/lang/NoSuchMethodError'{0x000000008feea528}: <clinit>> (0x000000008feea528) thrown at [./src/hotspot/share/prims/jni.cpp, line 1366]
Event: 254.627 Thread 0x0000004758f7c800 Exception <a 'java/lang/NoSuchMethodError'{0x000000008fef4c10}: <clinit>> (0x000000008fef4c10) thrown at [./src/hotspot/share/prims/jni.cpp, line 1366]
Event: 254.732 Thread 0x0000004758f7c800 Exception <a 'java/lang/NoSuchMethodError'{0x000000008fdea898}: <clinit>> (0x000000008fdea898) thrown at [./src/hotspot/share/prims/jni.cpp, line 1366]
Event: 255.318 Thread 0x0000004758f7b000 Exception <a 'sun/nio/fs/WindowsException'{0x000000008fa35938}> (0x000000008fa35938) thrown at [./src/hotspot/share/prims/jni.cpp, line 616]
Event: 256.511 Thread 0x0000004758f7b000 Exception <a 'sun/nio/fs/WindowsException'{0x000000008e9d0718}> (0x000000008e9d0718) thrown at [./src/hotspot/share/prims/jni.cpp, line 616]
Event: 256.519 Thread 0x0000004758f7b000 Exception <a 'sun/nio/fs/WindowsException'{0x000000008e879880}> (0x000000008e879880) thrown at [./src/hotspot/share/prims/jni.cpp, line 616]
Event: 256.519 Thread 0x0000004758f7b000 Exception <a 'sun/nio/fs/WindowsException'{0x000000008e87abf8}> (0x000000008e87abf8) thrown at [./src/hotspot/share/prims/jni.cpp, line 616]
Event: 256.519 Thread 0x0000004758f7b000 Exception <a 'sun/nio/fs/WindowsException'{0x000000008e87bfc0}> (0x000000008e87bfc0) thrown at [./src/hotspot/share/prims/jni.cpp, line 616]
Event: 256.519 Thread 0x0000004758f7b000 Exception <a 'sun/nio/fs/WindowsException'{0x000000008e87d5f0}> (0x000000008e87d5f0) thrown at [./src/hotspot/share/prims/jni.cpp, line 616]

Events (20 events):
Event: 256.323 loading class com/android/build/gradle/internal/tasks/DexMergingTask$SharedParams$MainDexListConfig
Event: 256.323 loading class com/android/build/gradle/internal/tasks/DexMergingTask$SharedParams$MainDexListConfig done
Event: 256.356 loading class com/android/build/gradle/internal/tasks/DexMergingTask$CreationAction$configure$2
Event: 256.356 loading class com/android/build/gradle/internal/tasks/DexMergingTask$CreationAction$configure$2 done
Event: 256.363 loading class com/android/build/gradle/internal/dependency/VariantDependencies$Companion$getComponentFilter$3
Event: 256.363 loading class com/android/build/gradle/internal/dependency/VariantDependencies$Companion$getComponentFilter$3 done
Event: 256.371 loading class com/android/build/gradle/internal/tasks/DexMergingTask$CreationAction$getDexDirs$forAction$1
Event: 256.371 loading class com/android/build/gradle/internal/tasks/DexMergingTask$CreationAction$getDexDirs$forAction$1 done
Event: 256.412 loading class org/gradle/api/internal/provider/ValueSupplier$PlusProducer
Event: 256.412 loading class org/gradle/api/internal/provider/ValueSupplier$PlusProducer done
Event: 256.432 loading class com/android/build/gradle/internal/tasks/AppMetadataTask$Companion
Event: 256.432 loading class com/android/build/gradle/internal/tasks/AppMetadataTask$Companion done
Event: 256.473 loading class com/android/build/gradle/options/StringOption
Event: 256.473 loading class com/android/build/gradle/options/StringOption done
Event: 256.473 loading class com/android/build/gradle/options/ProjectOptions
Event: 256.473 loading class com/android/build/gradle/options/ProjectOptions done
Event: 256.575 Executing VM operation: BulkRevokeBias
Event: 256.576 Executing VM operation: BulkRevokeBias done
Event: 256.634 loading class com/android/build/api/component/impl/DefaultSourcesProviderImpl$getRenderscript$1
Event: 256.634 loading class com/android/build/api/component/impl/DefaultSourcesProviderImpl$getRenderscript$1 done


Dynamic libraries:
0x00007ff7d4b10000 - 0x00007ff7d4b1a000 	C:\Program Files\Android\Android Studio\jre\bin\java.exe
0x00007ff8f78f0000 - 0x00007ff8f7a9d000 	C:\Windows\SYSTEM32\ntdll.dll
0x00007ff8f7490000 - 0x00007ff8f75cf000 	C:\Windows\system32\KERNEL32.DLL
0x00007ff8f4d70000 - 0x00007ff8f4e85000 	C:\Windows\system32\KERNELBASE.dll
0x00007ff8bdce0000 - 0x00007ff8bdcf9000 	C:\Program Files\Android\Android Studio\jre\bin\jli.dll
0x00007ff8bdcc0000 - 0x00007ff8bdcd7000 	C:\Program Files\Android\Android Studio\jre\bin\VCRUNTIME140.dll
0x00007ff8f1810000 - 0x00007ff8f1814000 	C:\Windows\SYSTEM32\api-ms-win-crt-stdio-l1-1-0.dll
0x00007ff8ecc30000 - 0x00007ff8ecc34000 	C:\Windows\SYSTEM32\api-ms-win-crt-runtime-l1-1-0.dll
0x00007ff8eaad0000 - 0x00007ff8eaad3000 	C:\Windows\SYSTEM32\api-ms-win-crt-environment-l1-1-0.dll
0x00007ff8eaab0000 - 0x00007ff8eaab5000 	C:\Windows\SYSTEM32\api-ms-win-crt-math-l1-1-0.dll
0x00007ff8de4d0000 - 0x00007ff8de4d3000 	C:\Windows\SYSTEM32\api-ms-win-crt-locale-l1-1-0.dll
0x00007ff8e6850000 - 0x00007ff8e6853000 	C:\Windows\SYSTEM32\api-ms-win-crt-heap-l1-1-0.dll
0x00007ff8f4470000 - 0x00007ff8f46eb000 	C:\Windows\WinSxS\amd64_microsoft.windows.common-controls_6595b64144ccf1df_6.0.9600.19394_none_62486577ecb635cf\COMCTL32.dll
0x00007ff8f4f70000 - 0x00007ff8f50e7000 	C:\Windows\system32\USER32.dll
0x00007ff8e6d00000 - 0x00007ff8e6d03000 	C:\Windows\SYSTEM32\api-ms-win-crt-filesystem-l1-1-0.dll
0x00007ff8ecc40000 - 0x00007ff8ecc44000 	C:\Windows\SYSTEM32\api-ms-win-crt-string-l1-1-0.dll
0x00007ff8ec2f0000 - 0x00007ff8ec2f4000 	C:\Windows\SYSTEM32\api-ms-win-crt-convert-l1-1-0.dll
0x00007ff8f6e40000 - 0x00007ff8f6eea000 	C:\Windows\system32\msvcrt.dll
0x00007ff8f75d0000 - 0x00007ff8f771e000 	C:\Windows\system32\GDI32.dll
0x00007ff8da810000 - 0x00007ff8da904000 	C:\Windows\SYSTEM32\ucrtbase.DLL
0x00007ff8f6d40000 - 0x00007ff8f6d76000 	C:\Windows\system32\IMM32.DLL
0x00007ff8f7790000 - 0x00007ff8f78e1000 	C:\Windows\system32\MSCTF.dll
0x00007ff8bdc20000 - 0x00007ff8bdcbd000 	C:\Program Files\Android\Android Studio\jre\bin\msvcp140.dll
0x00007ff8f3360000 - 0x00007ff8f3365000 	C:\Windows\SYSTEM32\api-ms-win-crt-multibyte-l1-1-0.dll
0x00007ff8e6970000 - 0x00007ff8e6973000 	C:\Windows\SYSTEM32\api-ms-win-crt-time-l1-1-0.dll
0x00007ff8eaac0000 - 0x00007ff8eaac3000 	C:\Windows\SYSTEM32\api-ms-win-crt-utility-l1-1-0.dll
0x00007ff8d8f90000 - 0x00007ff8d9a92000 	C:\Program Files\Android\Android Studio\jre\bin\server\jvm.dll
0x00007ff8f51e0000 - 0x00007ff8f528d000 	C:\Windows\system32\ADVAPI32.dll
0x00007ff8e65a0000 - 0x00007ff8e65a9000 	C:\Windows\SYSTEM32\WSOCK32.dll
0x00007ff8ecca0000 - 0x00007ff8eccc2000 	C:\Windows\SYSTEM32\WINMM.dll
0x00007ff8f3150000 - 0x00007ff8f315a000 	C:\Windows\SYSTEM32\VERSION.dll
0x00007ff8f5160000 - 0x00007ff8f5167000 	C:\Windows\system32\PSAPI.DLL
0x00007ff8f5350000 - 0x00007ff8f53ab000 	C:\Windows\SYSTEM32\sechost.dll
0x00007ff8f55e0000 - 0x00007ff8f5715000 	C:\Windows\system32\RPCRT4.dll
0x00007ff8f50f0000 - 0x00007ff8f514a000 	C:\Windows\system32\WS2_32.dll
0x00007ff8ecc00000 - 0x00007ff8ecc2a000 	C:\Windows\SYSTEM32\WINMMBASE.dll
0x00007ff8f4e90000 - 0x00007ff8f4ebe000 	C:\Windows\system32\SspiCli.dll
0x00007ff8f53b0000 - 0x00007ff8f53b9000 	C:\Windows\system32\NSI.dll
0x00007ff8f4f20000 - 0x00007ff8f4f6f000 	C:\Windows\SYSTEM32\cfgmgr32.dll
0x00007ff8f2d10000 - 0x00007ff8f2d38000 	C:\Windows\SYSTEM32\DEVOBJ.dll
0x00007ff8e2fc0000 - 0x00007ff8e2fd1000 	C:\Program Files\Android\Android Studio\jre\bin\verify.dll
0x00007ff8e3680000 - 0x00007ff8e380a000 	C:\Windows\SYSTEM32\DBGHELP.DLL
0x00007ff8e2410000 - 0x00007ff8e2439000 	C:\Program Files\Android\Android Studio\jre\bin\java.dll
0x00007ff8e6840000 - 0x00007ff8e684b000 	C:\Program Files\Android\Android Studio\jre\bin\jimage.dll
0x00007ff8e2fa0000 - 0x00007ff8e2fb8000 	C:\Program Files\Android\Android Studio\jre\bin\zip.dll
0x00007ff8f5720000 - 0x00007ff8f6c4c000 	C:\Windows\system32\SHELL32.dll
0x00007ff8f7090000 - 0x00007ff8f72a2000 	C:\Windows\SYSTEM32\combase.dll
0x00007ff8f7730000 - 0x00007ff8f7784000 	C:\Windows\system32\SHLWAPI.dll
0x00007ff8f4060000 - 0x00007ff8f4112000 	C:\Windows\SYSTEM32\SHCORE.dll
0x00007ff8f4990000 - 0x00007ff8f49a5000 	C:\Windows\SYSTEM32\profapi.dll
0x00007ff8de6c0000 - 0x00007ff8de6da000 	C:\Program Files\Android\Android Studio\jre\bin\net.dll
0x00007ff8e9760000 - 0x00007ff8e9829000 	C:\Windows\SYSTEM32\WINHTTP.dll
0x00007ff8f3d70000 - 0x00007ff8f3dc9000 	C:\Windows\system32\mswsock.dll
0x00007ff8de6a0000 - 0x00007ff8de6b4000 	C:\Program Files\Android\Android Studio\jre\bin\nio.dll
0x00007ff8c3190000 - 0x00007ff8c31b7000 	C:\Users\Timur\.gradle\native\e1d6ef7f7dcc3fd88c89a11ec53ec762bb8ba0a96d01ffa2cd45eb1d1d8dd5c5\windows-amd64\native-platform.dll
0x00007ff8de690000 - 0x00007ff8de69a000 	C:\Program Files\Android\Android Studio\jre\bin\management.dll
0x00007ff8de4e0000 - 0x00007ff8de4ed000 	C:\Program Files\Android\Android Studio\jre\bin\management_ext.dll
0x00007ff8f3dd0000 - 0x00007ff8f3df0000 	C:\Windows\SYSTEM32\CRYPTSP.dll
0x00007ff8f39f0000 - 0x00007ff8f3a26000 	C:\Windows\system32\rsaenh.dll
0x00007ff8f4010000 - 0x00007ff8f4036000 	C:\Windows\SYSTEM32\bcrypt.dll
0x00007ff8f3b00000 - 0x00007ff8f3b21000 	C:\Windows\SYSTEM32\USERENV.dll
0x00007ff8f47f0000 - 0x00007ff8f4853000 	C:\Windows\system32\bcryptprimitives.dll
0x00007ff8f4860000 - 0x00007ff8f486b000 	C:\Windows\SYSTEM32\CRYPTBASE.dll
0x00007ff8ec9d0000 - 0x00007ff8ec9fa000 	C:\Windows\SYSTEM32\IPHLPAPI.DLL
0x00007ff8ec9c0000 - 0x00007ff8ec9ca000 	C:\Windows\SYSTEM32\WINNSI.DLL
0x00007ff8eb2d0000 - 0x00007ff8eb2e6000 	C:\Windows\SYSTEM32\dhcpcsvc6.DLL
0x00007ff8ea6c0000 - 0x00007ff8ea6da000 	C:\Windows\SYSTEM32\dhcpcsvc.DLL

dbghelp: loaded successfully - version: 4.0.5 - missing functions: none
symbol engine: initialized successfully - sym options: 0x614 - pdb path: .;C:\Program Files\Android\Android Studio\jre\bin;C:\Windows\SYSTEM32;C:\Windows\WinSxS\amd64_microsoft.windows.common-controls_6595b64144ccf1df_6.0.9600.19394_none_62486577ecb635cf;C:\Program Files\Android\Android Studio\jre\bin\server;C:\Users\Timur\.gradle\native\e1d6ef7f7dcc3fd88c89a11ec53ec762bb8ba0a96d01ffa2cd45eb1d1d8dd5c5\windows-amd64

VM Arguments:
jvm_args: --add-opens=java.base/java.util=ALL-UNNAMED --add-opens=java.base/java.lang=ALL-UNNAMED --add-opens=java.base/java.lang.invoke=ALL-UNNAMED --add-opens=java.base/java.util=ALL-UNNAMED --add-opens=java.prefs/java.util.prefs=ALL-UNNAMED --add-opens=java.prefs/java.util.prefs=ALL-UNNAMED --add-opens=java.base/java.nio.charset=ALL-UNNAMED --add-opens=java.base/java.net=ALL-UNNAMED --add-opens=java.base/java.util.concurrent.atomic=ALL-UNNAMED -Xmx2048m -Dfile.encoding=UTF-8 -Duser.country=RU -Duser.language=ru -Duser.variant 
java_command: org.gradle.launcher.daemon.bootstrap.GradleDaemon 7.4
java_class_path (initial): C:\Users\Timur\.gradle\wrapper\dists\gradle-7.4-bin\c0gwcg53nkjbqw7r0h0umtfvt\gradle-7.4\lib\gradle-launcher-7.4.jar
Launcher Type: SUN_STANDARD

[Global flags]
     intx CICompilerCount                          = 3                                         {product} {ergonomic}
     uint ConcGCThreads                            = 1                                         {product} {ergonomic}
     uint G1ConcRefinementThreads                  = 4                                         {product} {ergonomic}
   size_t G1HeapRegionSize                         = 1048576                                   {product} {ergonomic}
    uintx GCDrainStackTargetSize                   = 64                                        {product} {ergonomic}
   size_t InitialHeapSize                          = 134217728                                 {product} {ergonomic}
   size_t MarkStackSize                            = 4194304                                   {product} {ergonomic}
   size_t MaxHeapSize                              = 2147483648                                {product} {command line}
   size_t MaxNewSize                               = 1287651328                                {product} {ergonomic}
   size_t MinHeapDeltaBytes                        = 1048576                                   {product} {ergonomic}
    uintx NonNMethodCodeHeapSize                   = 5830732                                {pd product} {ergonomic}
    uintx NonProfiledCodeHeapSize                  = 122913754                              {pd product} {ergonomic}
    uintx ProfiledCodeHeapSize                     = 122913754                              {pd product} {ergonomic}
    uintx ReservedCodeCacheSize                    = 251658240                              {pd product} {ergonomic}
     bool SegmentedCodeCache                       = true                                      {product} {ergonomic}
     bool UseCompressedClassPointers               = true                                 {lp64_product} {ergonomic}
     bool UseCompressedOops                        = true                                 {lp64_product} {ergonomic}
     bool UseG1GC                                  = true                                      {product} {ergonomic}
     bool UseLargePagesIndividualAllocation        = false                                  {pd product} {ergonomic}

Logging:
Log output configuration:
 #0: stdout all=warning uptime,level,tags
 #1: stderr all=off uptime,level,tags

Environment Variables:
PATH=C:\Program Files\Common Files\Oracle\Java\javapath;C:\Windows\system32;C:\Windows;C:\Windows\System32\Wbem;C:\Windows\System32\WindowsPowerShell\v1.0\;C:\Program Files (x86)\NVIDIA Corporation\PhysX\Common;C:\Program Files\NVIDIA Corporation\NVIDIA NvDLISR;C:\Program Files\Git\cmd
USERNAME=Timur
OS=Windows_NT
PROCESSOR_IDENTIFIER=AMD64 Family 21 Model 2 Stepping 0, AuthenticAMD



---------------  S Y S T E M  ---------------

OS: Windows 8.1 , 64 bit Build 9600 (6.3.9600.20389)
OS uptime: 0 days 0:51 hours

CPU:total 4 (initial active 4) (4 cores per cpu, 1 threads per core) family 21 model 2 stepping 0 microcode 0x600081c, cmov, cx8, fxsr, mmx, sse, sse2, sse3, ssse3, sse4.1, sse4.2, popcnt, avx, aes, clmul, mmxext, 3dnowpref, lzcnt, sse4a, tsc, tscinvbit, tscinv, bmi1, fma

Memory: 4k page, system-wide physical 8173M (884M free)
TotalPageFile size 16365M (AvailPageFile size 6315M)
current process WorkingSet (physical memory assigned to process): 587M, peak: 604M
current process commit charge ("private bytes"): 619M, peak: 637M

vm_info: OpenJDK 64-Bit Server VM (11.0.13+0-b1751.21-8125866) for windows-amd64 JRE (11.0.13+0-b1751.21-8125866), built on Feb  2 2022 03:00:22 by "builder" with MS VC++ 14.0 (VS2015)

END.
