#
# A fatal error has been detected by the Java Runtime Environment:
#
#  EXCEPTION_ACCESS_VIOLATION (0xc0000005) at pc=0x00007ff9f3742346, pid=2008, tid=1816
#
# JRE version: OpenJDK Runtime Environment (11.0.13) (build 11.0.13+0-b1751.21-8125866)
# Java VM: OpenJDK 64-Bit Server VM (11.0.13+0-b1751.21-8125866, mixed mode, tiered, compressed oops, g1 gc, windows-amd64)
# Problematic frame:
# V  [jvm.dll+0x192346]
#
# No core dump will be written. Minidumps are not enabled by default on client versions of Windows
#
# If you would like to submit a bug report, please visit:
#   https://bugreport.java.com/bugreport/crash.jsp
#

---------------  S U M M A R Y ------------

Command Line: --add-opens=java.base/java.util=ALL-UNNAMED --add-opens=java.base/java.lang=ALL-UNNAMED --add-opens=java.base/java.lang.invoke=ALL-UNNAMED --add-opens=java.base/java.util=ALL-UNNAMED --add-opens=java.prefs/java.util.prefs=ALL-UNNAMED --add-opens=java.prefs/java.util.prefs=ALL-UNNAMED --add-opens=java.base/java.nio.charset=ALL-UNNAMED --add-opens=java.base/java.net=ALL-UNNAMED --add-opens=java.base/java.util.concurrent.atomic=ALL-UNNAMED -Xmx2048m -Dfile.encoding=UTF-8 -Duser.country=RU -Duser.language=ru -Duser.variant org.gradle.launcher.daemon.bootstrap.GradleDaemon 7.4

Host: AMD FX(tm)-4350 Quad-Core Processor            , 4 cores, 7G,  Windows 8.1 , 64 bit Build 9600 (6.3.9600.20389)
Time: Sat Oct  8 19:28:47 2022 RTZ 4 (ceia) elapsed time: 2082.186384 seconds (0d 0h 34m 42s)

---------------  T H R E A D  ---------------

Current thread (0x000000f898f22800):  ConcurrentGCThread "G1 Conc#0" [stack: 0x000000f8b06c0000,0x000000f8b07c0000] [id=1816]

Stack: [0x000000f8b06c0000,0x000000f8b07c0000],  sp=0x000000f8b07bf248,  free space=1020k
Native frames: (J=compiled Java code, j=interpreted, Vv=VM code, C=native code)
V  [jvm.dll+0x192346]


siginfo: EXCEPTION_ACCESS_VIOLATION (0xc0000005), reading address 0x00000000001ef008


Register to memory mapping:

RIP=0x00007ff9f3742346 jvm.dll
RAX=0x0000000000000001 is an unknown value
RBX=0x0000000080437ea8 is pointing into object: [B 
{0x000000008042ca50} - klass: {type array byte}
 - length: 124280
RCX=0x0000000080437ea8 is pointing into object: [B 
{0x000000008042ca50} - klass: {type array byte}
 - length: 124280
RDX=0x0000000080437ea8 is pointing into object: [B 
{0x000000008042ca50} - klass: {type array byte}
 - length: 124280
RSP=0x000000f8b07bf248 points into unknown readable memory: 0x00007ff9f38950ba | ba 50 89 f3 f9 7f 00 00
RBP=0x000000f898f181e0 points into unknown readable memory: 0x000000f898f21000 | 00 10 f2 98 f8 00 00 00
RSI=0x0000000000000001 is an unknown value
RDI=0x0 is NULL
R8 =0x0 is NULL
R9 =0x00000000001ef000 is an unknown value
R10=0x000000f898f181e0 points into unknown readable memory: 0x000000f898f21000 | 00 10 f2 98 f8 00 00 00
R11=0x346dc5d63886594b is an unknown value
R12=0x000000000000000c is an unknown value
R13=0x0000000100005c58 is a pointer to class: 
java.lang.ref.WeakReference {0x0000000100005c60}
R14=0x0 is NULL
R15=0x0000000085e047d8 is an oop: java.lang.ref.WeakReference 
{0x0000000085e047d8} - klass: 'java/lang/ref/WeakReference'


Registers:
RAX=0x0000000000000001, RBX=0x0000000080437ea8, RCX=0x0000000080437ea8, RDX=0x0000000080437ea8
RSP=0x000000f8b07bf248, RBP=0x000000f898f181e0, RSI=0x0000000000000001, RDI=0x0000000000000000
R8 =0x0000000000000000, R9 =0x00000000001ef000, R10=0x000000f898f181e0, R11=0x346dc5d63886594b
R12=0x000000000000000c, R13=0x0000000100005c58, R14=0x0000000000000000, R15=0x0000000085e047d8
RIP=0x00007ff9f3742346, EFLAGS=0x0000000000010206

Top of Stack: (sp=0x000000f8b07bf248)
0x000000f8b07bf248:   00007ff9f38950ba 0000000080437ea8
0x000000f8b07bf258:   0000000100005e80 000000000000005e
0x000000f8b07bf268:   0000000000000001 0000000100005e88
0x000000f8b07bf278:   00007ff9f3894f66 0000000100005e80
0x000000f8b07bf288:   0000000080437ea8 000000f898f262f0
0x000000f8b07bf298:   000000f8b07bf498 0000000000000000
0x000000f8b07bf2a8:   000000f8b07bf498 0000000085e047f0
0x000000f8b07bf2b8:   00007ff9f388c99d 0000000000000004
0x000000f8b07bf2c8:   0000000085e047e8 0000000085e047d8
0x000000f8b07bf2d8:   0000000085e04734 000000f8b07bf470
0x000000f8b07bf2e8:   000000f898f23d01 aaaaaaaaaaaaaaab
0x000000f8b07bf2f8:   0000000085e047d8 000000f8b07bf498
0x000000f8b07bf308:   00007ff9f388c681 0000000000000003
0x000000f8b07bf318:   0000000100005c58 0000000000000004
0x000000f8b07bf328:   000000f898f23d01 0000000085e047d8
0x000000f8b07bf338:   00007ff9f389ac0f 000000f898f262f0 

Instructions: (pc=0x00007ff9f3742346)
0x00007ff9f3742246:   48 89 5c 24 20 e8 f0 00 00 00 80 7f 30 00 48 63
0x00007ff9f3742256:   c8 48 89 4c 24 28 0f 28 44 24 20 74 17 0f 11 86
0x00007ff9f3742266:   98 03 00 00 48 8b 5c 24 40 48 8b 74 24 48 48 83
0x00007ff9f3742276:   c4 30 5f c3 48 8b 07 48 8d 54 24 20 48 8b cf 66
0x00007ff9f3742286:   0f 7f 44 24 20 ff 50 38 48 8b 5c 24 40 48 8b 74
0x00007ff9f3742296:   24 48 48 83 c4 30 5f c3 cc cc 40 53 48 83 ec 30
0x00007ff9f37422a6:   0f 10 82 98 03 00 00 48 8b da 0f 10 c8 66 0f 73
0x00007ff9f37422b6:   d9 08 66 48 0f 7e c8 48 85 c0 74 28 48 8b 01 48
0x00007ff9f37422c6:   8d 54 24 20 0f 29 44 24 20 ff 50 40 33 c0 48 89
0x00007ff9f37422d6:   44 24 20 48 89 44 24 28 0f 10 44 24 20 0f 11 83
0x00007ff9f37422e6:   98 03 00 00 48 83 c4 30 5b c3 48 8b 49 38 48 8b
0x00007ff9f37422f6:   01 48 ff 60 28 cc cc cc cc cc 80 3d d2 5e 89 00
0x00007ff9f3742306:   00 48 8b c1 74 1b 8b 51 08 8b 0d 03 cb 84 00 48
0x00007ff9f3742316:   d3 e2 48 8b c8 48 03 15 ee ca 84 00 e9 19 00 00
0x00007ff9f3742326:   00 48 8b 51 08 48 8b c8 e9 0d 00 00 00 cc cc cc
0x00007ff9f3742336:   cc cc cc cc cc cc cc cc cc cc 4c 8b ca 48 8b d1
0x00007ff9f3742346:   45 8b 41 08 45 85 c0 7e 0e 41 f6 c0 01 75 59 41
0x00007ff9f3742356:   c1 f8 03 41 8b c0 c3 79 4f 80 3d 73 5e 89 00 00
0x00007ff9f3742366:   b8 0c 00 00 00 b9 10 00 00 00 0f 45 c8 8b 05 1b
0x00007ff9f3742376:   14 83 00 ff c8 4c 63 c8 48 63 c1 41 8b c8 83 e1
0x00007ff9f3742386:   3f 48 63 14 10 41 8b c0 48 c1 f8 10 0f b6 c0 48
0x00007ff9f3742396:   d3 e2 49 8d 0c 11 49 f7 d1 48 03 c1 49 c1 e9 03
0x00007ff9f37423a6:   48 c1 e8 03 41 23 c1 c3 49 8b 01 49 8b c9 48 ff
0x00007ff9f37423b6:   a0 10 01 00 00 cc cc cc cc cc 48 8b c2 c3 cc cc
0x00007ff9f37423c6:   cc cc cc cc cc cc cc cc cc cc 48 83 ec 38 48 8b
0x00007ff9f37423d6:   41 38 80 78 08 00 74 00 0f 10 02 48 8b 49 38 48
0x00007ff9f37423e6:   8d 54 24 20 0f 29 44 24 20 e8 3c f0 ff ff 48 83
0x00007ff9f37423f6:   c4 38 c3 cc cc cc cc cc cc cc 48 83 ec 38 0f 10
0x00007ff9f3742406:   02 48 8b 01 48 8d 54 24 20 0f 29 44 24 20 ff 50
0x00007ff9f3742416:   38 48 83 c4 38 c3 cc cc cc cc 48 89 5c 24 08 55
0x00007ff9f3742426:   56 57 41 54 41 55 41 56 41 57 48 8d 6c 24 e0 48
0x00007ff9f3742436:   81 ec 20 01 00 00 48 8b 05 4d 51 86 00 48 33 c4 


Stack slot to memory mapping:
stack at sp + 0 slots: 0x00007ff9f38950ba jvm.dll
stack at sp + 1 slots: 0x0000000080437ea8 is pointing into object: [B 
{0x000000008042ca50} - klass: {type array byte}
 - length: 124280
stack at sp + 2 slots: 0x0000000100005e80 is pointing into metadata
stack at sp + 3 slots: 0x000000000000005e is an unknown value
stack at sp + 4 slots: 0x0000000000000001 is an unknown value
stack at sp + 5 slots: 0x0000000100005e88 is a pointer to class: 
java.lang.ref.FinalReference {0x0000000100005e90}
stack at sp + 6 slots: 0x00007ff9f3894f66 jvm.dll
stack at sp + 7 slots: 0x0000000100005e80 is pointing into metadata


---------------  P R O C E S S  ---------------

Threads class SMR info:
_java_thread_list=0x000000f8be840dc0, length=77, elements={
0x000000f898ed6000, 0x000000f8b2deb800, 0x000000f8b2df4800, 0x000000f8b3810000,
0x000000f8b3811000, 0x000000f8b3813800, 0x000000f8b3815800, 0x000000f8b3817800,
0x000000f8b386d800, 0x000000f8b39c4000, 0x000000f8b778e800, 0x000000f8b6e6f800,
0x000000f8b69a9800, 0x000000f8b74fc000, 0x000000f8b74fd000, 0x000000f8b74fd800,
0x000000f8b74ff800, 0x000000f8b7501000, 0x000000f8b74fe800, 0x000000f8b7502000,
0x000000f8b7ae2800, 0x000000f8b7ae4000, 0x000000f8bb53a800, 0x000000f8b7ae3000,
0x000000f8b7ae1800, 0x000000f8b7ae5800, 0x000000f8b7ae6800, 0x000000f8b7ae9800,
0x000000f8b7ae9000, 0x000000f8b7ae7000, 0x000000f8b7aec000, 0x000000f8b7aed000,
0x000000f8b7aeb800, 0x000000f8b7aea800, 0x000000f8b7aee800, 0x000000f8b3860800,
0x000000f8b7aef800, 0x000000f8b7aed800, 0x000000f8bb533000, 0x000000f8bb531800,
0x000000f8bb531000, 0x000000f8bb535000, 0x000000f8bb534000, 0x000000f8bb532800,
0x000000f8bb535800, 0x000000f8bb539000, 0x000000f8bb536800, 0x000000f8bb53a000,
0x000000f8bb537800, 0x000000f8bb53e000, 0x000000f8bb53f800, 0x000000f8be983800,
0x000000f8be986000, 0x000000f8be987000, 0x000000f8be985000, 0x000000f8be989000,
0x000000f8be98a000, 0x000000f8be987800, 0x000000f8be988800, 0x000000f8b7502800,
0x000000f8b7500000, 0x000000f8b3b76800, 0x000000f8b3b78000, 0x000000f8b3b75800,
0x000000f8b3b79000, 0x000000f8b3b79800, 0x000000f8b3b77800, 0x000000f8b3b7c000,
0x000000f8b3b7b800, 0x000000f8b3b7d000, 0x000000f8b3b7a800, 0x000000f8b3b7f800,
0x000000f8b3b7e000, 0x000000f8b3b81000, 0x000000f8b3b7e800, 0x000000f8b3b82000,
0x000000f8b3b82800
}

Java Threads: ( => current thread )
  0x000000f898ed6000 JavaThread "main" [_thread_blocked, id=3160, stack(0x000000f898580000,0x000000f898680000)]
  0x000000f8b2deb800 JavaThread "Reference Handler" daemon [_thread_blocked, id=6808, stack(0x000000f8b3d00000,0x000000f8b3e00000)]
  0x000000f8b2df4800 JavaThread "Finalizer" daemon [_thread_blocked, id=5628, stack(0x000000f8b3e00000,0x000000f8b3f00000)]
  0x000000f8b3810000 JavaThread "Signal Dispatcher" daemon [_thread_blocked, id=6404, stack(0x000000f8b3f00000,0x000000f8b4000000)]
  0x000000f8b3811000 JavaThread "Attach Listener" daemon [_thread_blocked, id=4188, stack(0x000000f8b4000000,0x000000f8b4100000)]
  0x000000f8b3813800 JavaThread "Service Thread" daemon [_thread_blocked, id=592, stack(0x000000f8b4100000,0x000000f8b4200000)]
  0x000000f8b3815800 JavaThread "C2 CompilerThread0" daemon [_thread_blocked, id=6928, stack(0x000000f8b4200000,0x000000f8b4300000)]
  0x000000f8b3817800 JavaThread "C1 CompilerThread0" daemon [_thread_blocked, id=4508, stack(0x000000f8b4300000,0x000000f8b4400000)]
  0x000000f8b386d800 JavaThread "Sweeper thread" daemon [_thread_blocked, id=3120, stack(0x000000f8b4400000,0x000000f8b4500000)]
  0x000000f8b39c4000 JavaThread "Common-Cleaner" daemon [_thread_blocked, id=4588, stack(0x000000f8b4500000,0x000000f8b4600000)]
  0x000000f8b778e800 JavaThread "Daemon health stats" [_thread_blocked, id=1712, stack(0x000000f8b8d80000,0x000000f8b8e80000)]
  0x000000f8b6e6f800 JavaThread "Incoming local TCP Connector on port 55367" [_thread_in_native, id=1248, stack(0x000000f8b8e80000,0x000000f8b8f80000)]
  0x000000f8b69a9800 JavaThread "Daemon periodic checks" [_thread_blocked, id=2180, stack(0x000000f8b8960000,0x000000f8b8a60000)]
  0x000000f8b74fc000 JavaThread "Cache worker for journal cache (C:\Users\Timur\.gradle\caches\journal-1)" [_thread_blocked, id=2820, stack(0x000000f8ba030000,0x000000f8ba130000)]
  0x000000f8b74fd000 JavaThread "File lock request listener" [_thread_in_native, id=4144, stack(0x000000f8ba130000,0x000000f8ba230000)]
  0x000000f8b74fd800 JavaThread "Cache worker for file hash cache (C:\Users\Timur\.gradle\caches\7.4\fileHashes)" [_thread_blocked, id=6344, stack(0x000000f8ba430000,0x000000f8ba530000)]
  0x000000f8b74ff800 JavaThread "jar transforms" [_thread_blocked, id=6348, stack(0x000000f8bbb60000,0x000000f8bbc60000)]
  0x000000f8b7501000 JavaThread "jar transforms Thread 2" [_thread_blocked, id=4624, stack(0x000000f8bbc60000,0x000000f8bbd60000)]
  0x000000f8b74fe800 JavaThread "jar transforms Thread 3" [_thread_blocked, id=4772, stack(0x000000f8bbd60000,0x000000f8bbe60000)]
  0x000000f8b7502000 JavaThread "jar transforms Thread 4" [_thread_blocked, id=3428, stack(0x000000f8bbe60000,0x000000f8bbf60000)]
  0x000000f8b7ae2800 JavaThread "Cache worker for execution history cache (C:\Users\Timur\.gradle\caches\7.4\executionHistory)" [_thread_blocked, id=2472, stack(0x000000f8bc560000,0x000000f8bc660000)]
  0x000000f8b7ae4000 JavaThread "Cache worker for file content cache (C:\Users\Timur\.gradle\caches\7.4\fileContent)" [_thread_blocked, id=5024, stack(0x000000f8bcc60000,0x000000f8bcd60000)]
  0x000000f8bb53a800 JavaThread "Memory manager" [_thread_blocked, id=5160, stack(0x000000f8c21d0000,0x000000f8c22d0000)]
  0x000000f8b7ae3000 JavaThread "Daemon Thread 2" [_thread_blocked, id=1808, stack(0x000000f8b4f00000,0x000000f8b5000000)]
  0x000000f8b7ae1800 JavaThread "Handler for socket connection from /127.0.0.1:55367 to /127.0.0.1:55563" [_thread_in_native, id=6292, stack(0x000000f8b9530000,0x000000f8b9630000)]
  0x000000f8b7ae5800 JavaThread "Cancel handler" [_thread_blocked, id=5028, stack(0x000000f8b9630000,0x000000f8b9730000)]
  0x000000f8b7ae6800 JavaThread "Daemon worker Thread 2" [_thread_in_vm, id=6580, stack(0x000000f8b9730000,0x000000f8b9830000)]
  0x000000f8b7ae9800 JavaThread "Asynchronous log dispatcher for DefaultDaemonConnection: socket connection from /127.0.0.1:55367 to /127.0.0.1:55563" [_thread_blocked, id=6188, stack(0x000000f8b9830000,0x000000f8b9930000)]
  0x000000f8b7ae9000 JavaThread "Stdin handler" [_thread_blocked, id=6284, stack(0x000000f8b9930000,0x000000f8b9a30000)]
  0x000000f8b7ae7000 JavaThread "Daemon client event forwarder" [_thread_blocked, id=4812, stack(0x000000f8b9b30000,0x000000f8b9c30000)]
  0x000000f8b7aec000 JavaThread "Cache worker for checksums cache (C:\Users\Timur\AndroidStudioProjects\TestApplication\.gradle\7.4\checksums)" [_thread_blocked, id=164, stack(0x000000f8b9c30000,0x000000f8b9d30000)]
  0x000000f8b7aed000 JavaThread "Cache worker for cache directory md-rule (C:\Users\Timur\.gradle\caches\7.4\md-rule)" [_thread_blocked, id=5452, stack(0x000000f8bbf60000,0x000000f8bc060000)]
  0x000000f8b7aeb800 JavaThread "Cache worker for file hash cache (C:\Users\Timur\AndroidStudioProjects\TestApplication\.gradle\7.4\fileHashes)" [_thread_blocked, id=2672, stack(0x000000f8bc060000,0x000000f8bc160000)]
  0x000000f8b7aea800 JavaThread "Cache worker for cache directory md-supplier (C:\Users\Timur\.gradle\caches\7.4\md-supplier)" [_thread_blocked, id=6428, stack(0x000000f8bc160000,0x000000f8bc260000)]
  0x000000f8b7aee800 JavaThread "Cache worker for dependencies-accessors (C:\Users\Timur\AndroidStudioProjects\TestApplication\.gradle\7.4\dependencies-accessors)" [_thread_blocked, id=6656, stack(0x000000f8bc260000,0x000000f8bc360000)]
  0x000000f8b3860800 JavaThread "C2 CompilerThread1" daemon [_thread_blocked, id=1272, stack(0x000000f8bcd60000,0x000000f8bce60000)]
  0x000000f8b7aef800 JavaThread "Cache worker for Build Output Cleanup Cache (C:\Users\Timur\AndroidStudioProjects\TestApplication\.gradle\buildOutputCleanup)" [_thread_blocked, id=4504, stack(0x000000f8bd680000,0x000000f8bd780000)]
  0x000000f8b7aed800 JavaThread "Unconstrained build operations" [_thread_blocked, id=1764, stack(0x000000f8befd0000,0x000000f8bf0d0000)]
  0x000000f8bb533000 JavaThread "Unconstrained build operations Thread 2" [_thread_blocked, id=6220, stack(0x000000f8bf0d0000,0x000000f8bf1d0000)]
  0x000000f8bb531800 JavaThread "Unconstrained build operations Thread 3" [_thread_blocked, id=2108, stack(0x000000f8bf1d0000,0x000000f8bf2d0000)]
  0x000000f8bb531000 JavaThread "Unconstrained build operations Thread 4" [_thread_blocked, id=2448, stack(0x000000f8bf2d0000,0x000000f8bf3d0000)]
  0x000000f8bb535000 JavaThread "Unconstrained build operations Thread 5" [_thread_blocked, id=3208, stack(0x000000f8bf3d0000,0x000000f8bf4d0000)]
  0x000000f8bb534000 JavaThread "Unconstrained build operations Thread 6" [_thread_blocked, id=3360, stack(0x000000f8bf4d0000,0x000000f8bf5d0000)]
  0x000000f8bb532800 JavaThread "Unconstrained build operations Thread 7" [_thread_blocked, id=2064, stack(0x000000f8bf5d0000,0x000000f8bf6d0000)]
  0x000000f8bb535800 JavaThread "Unconstrained build operations Thread 8" [_thread_blocked, id=3800, stack(0x000000f8bf6d0000,0x000000f8bf7d0000)]
  0x000000f8bb539000 JavaThread "Unconstrained build operations Thread 9" [_thread_blocked, id=3216, stack(0x000000f8bf7d0000,0x000000f8bf8d0000)]
  0x000000f8bb536800 JavaThread "Unconstrained build operations Thread 10" [_thread_blocked, id=6096, stack(0x000000f8bf8d0000,0x000000f8bf9d0000)]
  0x000000f8bb53a000 JavaThread "Unconstrained build operations Thread 11" [_thread_blocked, id=5212, stack(0x000000f8bf9d0000,0x000000f8bfad0000)]
  0x000000f8bb537800 JavaThread "Unconstrained build operations Thread 12" [_thread_blocked, id=4300, stack(0x000000f8bfad0000,0x000000f8bfbd0000)]
  0x000000f8bb53e000 JavaThread "Unconstrained build operations Thread 13" [_thread_blocked, id=5360, stack(0x000000f8bfbd0000,0x000000f8bfcd0000)]
  0x000000f8bb53f800 JavaThread "Unconstrained build operations Thread 14" [_thread_blocked, id=5220, stack(0x000000f8bfcd0000,0x000000f8bfdd0000)]
  0x000000f8be983800 JavaThread "Unconstrained build operations Thread 15" [_thread_blocked, id=2996, stack(0x000000f8bfdd0000,0x000000f8bfed0000)]
  0x000000f8be986000 JavaThread "Unconstrained build operations Thread 16" [_thread_blocked, id=3500, stack(0x000000f8bfed0000,0x000000f8bffd0000)]
  0x000000f8be987000 JavaThread "Unconstrained build operations Thread 17" [_thread_blocked, id=1668, stack(0x000000f8bffd0000,0x000000f8c00d0000)]
  0x000000f8be985000 JavaThread "Unconstrained build operations Thread 18" [_thread_blocked, id=1696, stack(0x000000f8c00d0000,0x000000f8c01d0000)]
  0x000000f8be989000 JavaThread "Unconstrained build operations Thread 19" [_thread_blocked, id=6272, stack(0x000000f8c01d0000,0x000000f8c02d0000)]
  0x000000f8be98a000 JavaThread "Unconstrained build operations Thread 20" [_thread_blocked, id=5500, stack(0x000000f8c02d0000,0x000000f8c03d0000)]
  0x000000f8be987800 JavaThread "Unconstrained build operations Thread 21" [_thread_blocked, id=3376, stack(0x000000f8c03d0000,0x000000f8c04d0000)]
  0x000000f8be988800 JavaThread "Unconstrained build operations Thread 22" [_thread_blocked, id=3700, stack(0x000000f8c04d0000,0x000000f8c05d0000)]
  0x000000f8b7502800 JavaThread "Unconstrained build operations Thread 23" [_thread_blocked, id=4328, stack(0x000000f8c05d0000,0x000000f8c06d0000)]
  0x000000f8b7500000 JavaThread "Unconstrained build operations Thread 24" [_thread_blocked, id=4540, stack(0x000000f8c06d0000,0x000000f8c07d0000)]
  0x000000f8b3b76800 JavaThread "Unconstrained build operations Thread 25" [_thread_blocked, id=4336, stack(0x000000f8c07d0000,0x000000f8c08d0000)]
  0x000000f8b3b78000 JavaThread "Unconstrained build operations Thread 26" [_thread_blocked, id=1360, stack(0x000000f8c08d0000,0x000000f8c09d0000)]
  0x000000f8b3b75800 JavaThread "Unconstrained build operations Thread 27" [_thread_blocked, id=5804, stack(0x000000f8c09d0000,0x000000f8c0ad0000)]
  0x000000f8b3b79000 JavaThread "Unconstrained build operations Thread 28" [_thread_blocked, id=6556, stack(0x000000f8c0ad0000,0x000000f8c0bd0000)]
  0x000000f8b3b79800 JavaThread "Unconstrained build operations Thread 29" [_thread_blocked, id=4160, stack(0x000000f8c0bd0000,0x000000f8c0cd0000)]
  0x000000f8b3b77800 JavaThread "Unconstrained build operations Thread 30" [_thread_blocked, id=2276, stack(0x000000f8c0cd0000,0x000000f8c0dd0000)]
  0x000000f8b3b7c000 JavaThread "Unconstrained build operations Thread 31" [_thread_blocked, id=4172, stack(0x000000f8c0dd0000,0x000000f8c0ed0000)]
  0x000000f8b3b7b800 JavaThread "Unconstrained build operations Thread 32" [_thread_blocked, id=2572, stack(0x000000f8c0ed0000,0x000000f8c0fd0000)]
  0x000000f8b3b7d000 JavaThread "Unconstrained build operations Thread 33" [_thread_blocked, id=6236, stack(0x000000f8c0fd0000,0x000000f8c10d0000)]
  0x000000f8b3b7a800 JavaThread "Unconstrained build operations Thread 34" [_thread_blocked, id=4284, stack(0x000000f8c10d0000,0x000000f8c11d0000)]
  0x000000f8b3b7f800 JavaThread "Unconstrained build operations Thread 35" [_thread_blocked, id=5612, stack(0x000000f8c11d0000,0x000000f8c12d0000)]
  0x000000f8b3b7e000 JavaThread "Unconstrained build operations Thread 36" [_thread_blocked, id=1792, stack(0x000000f8c12d0000,0x000000f8c13d0000)]
  0x000000f8b3b81000 JavaThread "Unconstrained build operations Thread 37" [_thread_blocked, id=3300, stack(0x000000f8c13d0000,0x000000f8c14d0000)]
  0x000000f8b3b7e800 JavaThread "Unconstrained build operations Thread 38" [_thread_blocked, id=1864, stack(0x000000f8c14d0000,0x000000f8c15d0000)]
  0x000000f8b3b82000 JavaThread "Unconstrained build operations Thread 39" [_thread_blocked, id=6508, stack(0x000000f8c15d0000,0x000000f8c16d0000)]
  0x000000f8b3b82800 JavaThread "Unconstrained build operations Thread 40" [_thread_blocked, id=2992, stack(0x000000f8c16d0000,0x000000f8c17d0000)]

Other Threads:
  0x000000f8b3805000 VMThread "VM Thread" [stack: 0x000000f8b3c00000,0x000000f8b3d00000] [id=2800]
  0x000000f8b3a15800 WatcherThread [stack: 0x000000f8b4600000,0x000000f8b4700000] [id=2076]
  0x000000f898eef000 GCTaskThread "GC Thread#0" [stack: 0x000000f898860000,0x000000f898960000] [id=4968]
  0x000000f8b4e92000 GCTaskThread "GC Thread#1" [stack: 0x000000f8b5fd0000,0x000000f8b60d0000] [id=5308]
  0x000000f8b3a93000 GCTaskThread "GC Thread#2" [stack: 0x000000f8b60d0000,0x000000f8b61d0000] [id=2248]
  0x000000f8b7785800 GCTaskThread "GC Thread#3" [stack: 0x000000f8b9d30000,0x000000f8b9e30000] [id=6160]
  0x000000f898f21000 ConcurrentGCThread "G1 Main Marker" [stack: 0x000000f8b05c0000,0x000000f8b06c0000] [id=1536]
=>0x000000f898f22800 ConcurrentGCThread "G1 Conc#0" [stack: 0x000000f8b06c0000,0x000000f8b07c0000] [id=1816]
  0x000000f8b2c35800 ConcurrentGCThread "G1 Refine#0" [stack: 0x000000f8b2e00000,0x000000f8b2f00000] [id=684]
  0x000000f8b2c36800 ConcurrentGCThread "G1 Young RemSet Sampling" [stack: 0x000000f8b2f00000,0x000000f8b3000000] [id=2128]

Threads with active compile tasks:

VM state:not at safepoint (normal execution)

VM Mutex/Monitor currently owned by a thread: None

Heap address: 0x0000000080000000, size: 2048 MB, Compressed Oops mode: 32-bit
Narrow klass base: 0x0000000000000000, Narrow klass shift: 3
Compressed class space size: 1073741824 Address: 0x0000000100000000

Heap:
 garbage-first heap   total 276480K, used 188944K [0x0000000080000000, 0x0000000100000000)
  region size 1024K, 27 young (27648K), 9 survivors (9216K)
 Metaspace       used 121579K, capacity 124636K, committed 124880K, reserved 1157120K
  class space    used 15270K, capacity 16326K, committed 16460K, reserved 1048576K
Heap Regions: E=young(eden), S=young(survivor), O=old, HS=humongous(starts), HC=humongous(continues), CS=collection set, F=free, A=archive, TAMS=top-at-mark-start (previous, next)
|   0|0x0000000080000000, 0x0000000080100000, 0x0000000080100000|100%|HS|  |TAMS 0x0000000080100000, 0x0000000080100000| Complete 
|   1|0x0000000080100000, 0x0000000080200000, 0x0000000080200000|100%|HC|  |TAMS 0x0000000080200000, 0x0000000080200000| Complete 
|   2|0x0000000080200000, 0x0000000080300000, 0x0000000080300000|100%|HC|  |TAMS 0x0000000080300000, 0x0000000080300000| Complete 
|   3|0x0000000080300000, 0x0000000080400000, 0x0000000080400000|100%| O|  |TAMS 0x0000000080400000, 0x0000000080400000| Untracked 
|   4|0x0000000080400000, 0x0000000080500000, 0x0000000080500000|100%| O|  |TAMS 0x0000000080500000, 0x0000000080500000| Untracked 
|   5|0x0000000080500000, 0x0000000080600000, 0x0000000080600000|100%| O|  |TAMS 0x0000000080600000, 0x0000000080600000| Untracked 
|   6|0x0000000080600000, 0x0000000080700000, 0x0000000080700000|100%| O|  |TAMS 0x0000000080700000, 0x0000000080700000| Untracked 
|   7|0x0000000080700000, 0x0000000080800000, 0x0000000080800000|100%| O|  |TAMS 0x0000000080800000, 0x0000000080800000| Untracked 
|   8|0x0000000080800000, 0x0000000080900000, 0x0000000080900000|100%| O|  |TAMS 0x0000000080900000, 0x0000000080900000| Untracked 
|   9|0x0000000080900000, 0x0000000080a00000, 0x0000000080a00000|100%| O|  |TAMS 0x0000000080a00000, 0x0000000080a00000| Untracked 
|  10|0x0000000080a00000, 0x0000000080b00000, 0x0000000080b00000|100%| O|  |TAMS 0x0000000080b00000, 0x0000000080b00000| Untracked 
|  11|0x0000000080b00000, 0x0000000080c00000, 0x0000000080c00000|100%| O|  |TAMS 0x0000000080c00000, 0x0000000080c00000| Untracked 
|  12|0x0000000080c00000, 0x0000000080d00000, 0x0000000080d00000|100%| O|  |TAMS 0x0000000080d00000, 0x0000000080d00000| Untracked 
|  13|0x0000000080d00000, 0x0000000080e00000, 0x0000000080e00000|100%| O|  |TAMS 0x0000000080e00000, 0x0000000080e00000| Untracked 
|  14|0x0000000080e00000, 0x0000000080f00000, 0x0000000080f00000|100%| O|  |TAMS 0x0000000080f00000, 0x0000000080f00000| Untracked 
|  15|0x0000000080f00000, 0x0000000081000000, 0x0000000081000000|100%| O|  |TAMS 0x0000000081000000, 0x0000000081000000| Untracked 
|  16|0x0000000081000000, 0x0000000081100000, 0x0000000081100000|100%|HS|  |TAMS 0x0000000081100000, 0x0000000081100000| Complete 
|  17|0x0000000081100000, 0x0000000081200000, 0x0000000081200000|100%|HC|  |TAMS 0x0000000081200000, 0x0000000081200000| Complete 
|  18|0x0000000081200000, 0x0000000081300000, 0x0000000081300000|100%|HS|  |TAMS 0x0000000081300000, 0x0000000081300000| Complete 
|  19|0x0000000081300000, 0x0000000081400000, 0x0000000081400000|100%|HC|  |TAMS 0x0000000081400000, 0x0000000081400000| Complete 
|  20|0x0000000081400000, 0x0000000081500000, 0x0000000081500000|100%|HC|  |TAMS 0x0000000081500000, 0x0000000081500000| Complete 
|  21|0x0000000081500000, 0x0000000081600000, 0x0000000081600000|100%|HS|  |TAMS 0x0000000081600000, 0x0000000081600000| Complete 
|  22|0x0000000081600000, 0x0000000081700000, 0x0000000081700000|100%|HC|  |TAMS 0x0000000081700000, 0x0000000081700000| Complete 
|  23|0x0000000081700000, 0x0000000081800000, 0x0000000081800000|100%|HC|  |TAMS 0x0000000081800000, 0x0000000081800000| Complete 
|  24|0x0000000081800000, 0x0000000081900000, 0x0000000081900000|100%|HS|  |TAMS 0x0000000081900000, 0x0000000081900000| Complete 
|  25|0x0000000081900000, 0x0000000081a00000, 0x0000000081a00000|100%|HC|  |TAMS 0x0000000081a00000, 0x0000000081a00000| Complete 
|  26|0x0000000081a00000, 0x0000000081b00000, 0x0000000081b00000|100%|HC|  |TAMS 0x0000000081b00000, 0x0000000081b00000| Complete 
|  27|0x0000000081b00000, 0x0000000081c00000, 0x0000000081c00000|100%|HC|  |TAMS 0x0000000081c00000, 0x0000000081c00000| Complete 
|  28|0x0000000081c00000, 0x0000000081d00000, 0x0000000081d00000|100%|HS|  |TAMS 0x0000000081d00000, 0x0000000081d00000| Complete 
|  29|0x0000000081d00000, 0x0000000081e00000, 0x0000000081e00000|100%|HC|  |TAMS 0x0000000081e00000, 0x0000000081e00000| Complete 
|  30|0x0000000081e00000, 0x0000000081f00000, 0x0000000081f00000|100%|HC|  |TAMS 0x0000000081f00000, 0x0000000081f00000| Complete 
|  31|0x0000000081f00000, 0x0000000082000000, 0x0000000082000000|100%|HC|  |TAMS 0x0000000082000000, 0x0000000082000000| Complete 
|  32|0x0000000082000000, 0x0000000082100000, 0x0000000082100000|100%|HC|  |TAMS 0x0000000082100000, 0x0000000082100000| Complete 
|  33|0x0000000082100000, 0x0000000082200000, 0x0000000082200000|100%|HS|  |TAMS 0x0000000082200000, 0x0000000082200000| Complete 
|  34|0x0000000082200000, 0x0000000082300000, 0x0000000082300000|100%| O|  |TAMS 0x0000000082300000, 0x0000000082300000| Untracked 
|  35|0x0000000082300000, 0x0000000082400000, 0x0000000082400000|100%| O|  |TAMS 0x0000000082400000, 0x0000000082400000| Untracked 
|  36|0x0000000082400000, 0x0000000082500000, 0x0000000082500000|100%| O|  |TAMS 0x0000000082500000, 0x0000000082500000| Untracked 
|  37|0x0000000082500000, 0x0000000082600000, 0x0000000082600000|100%| O|  |TAMS 0x0000000082600000, 0x0000000082600000| Untracked 
|  38|0x0000000082600000, 0x0000000082700000, 0x0000000082700000|100%| O|  |TAMS 0x0000000082700000, 0x0000000082700000| Untracked 
|  39|0x0000000082700000, 0x0000000082800000, 0x0000000082800000|100%| O|  |TAMS 0x0000000082800000, 0x0000000082800000| Untracked 
|  40|0x0000000082800000, 0x0000000082900000, 0x0000000082900000|100%| O|  |TAMS 0x0000000082900000, 0x0000000082900000| Untracked 
|  41|0x0000000082900000, 0x0000000082a00000, 0x0000000082a00000|100%| O|  |TAMS 0x0000000082a00000, 0x0000000082a00000| Untracked 
|  42|0x0000000082a00000, 0x0000000082b00000, 0x0000000082b00000|100%| O|  |TAMS 0x0000000082b00000, 0x0000000082b00000| Untracked 
|  43|0x0000000082b00000, 0x0000000082c00000, 0x0000000082c00000|100%| O|  |TAMS 0x0000000082c00000, 0x0000000082c00000| Untracked 
|  44|0x0000000082c00000, 0x0000000082d00000, 0x0000000082d00000|100%| O|  |TAMS 0x0000000082d00000, 0x0000000082d00000| Untracked 
|  45|0x0000000082d00000, 0x0000000082e00000, 0x0000000082e00000|100%| O|  |TAMS 0x0000000082e00000, 0x0000000082e00000| Untracked 
|  46|0x0000000082e00000, 0x0000000082f00000, 0x0000000082f00000|100%| O|  |TAMS 0x0000000082f00000, 0x0000000082f00000| Untracked 
|  47|0x0000000082f00000, 0x0000000083000000, 0x0000000083000000|100%| O|  |TAMS 0x0000000083000000, 0x0000000083000000| Untracked 
|  48|0x0000000083000000, 0x0000000083100000, 0x0000000083100000|100%| O|  |TAMS 0x0000000083100000, 0x0000000083100000| Untracked 
|  49|0x0000000083100000, 0x0000000083200000, 0x0000000083200000|100%|HS|  |TAMS 0x0000000083200000, 0x0000000083200000| Complete 
|  50|0x0000000083200000, 0x0000000083300000, 0x0000000083300000|100%|HC|  |TAMS 0x0000000083300000, 0x0000000083300000| Complete 
|  51|0x0000000083300000, 0x0000000083400000, 0x0000000083400000|100%|HC|  |TAMS 0x0000000083400000, 0x0000000083400000| Complete 
|  52|0x0000000083400000, 0x0000000083500000, 0x0000000083500000|100%|HC|  |TAMS 0x0000000083500000, 0x0000000083500000| Complete 
|  53|0x0000000083500000, 0x0000000083600000, 0x0000000083600000|100%|HS|  |TAMS 0x0000000083600000, 0x0000000083600000| Complete 
|  54|0x0000000083600000, 0x0000000083700000, 0x0000000083700000|100%|HC|  |TAMS 0x0000000083700000, 0x0000000083700000| Complete 
|  55|0x0000000083700000, 0x0000000083800000, 0x0000000083800000|100%|HC|  |TAMS 0x0000000083800000, 0x0000000083800000| Complete 
|  56|0x0000000083800000, 0x0000000083900000, 0x0000000083900000|100%|HS|  |TAMS 0x0000000083900000, 0x0000000083900000| Complete 
|  57|0x0000000083900000, 0x0000000083a00000, 0x0000000083a00000|100%|HC|  |TAMS 0x0000000083a00000, 0x0000000083a00000| Complete 
|  58|0x0000000083a00000, 0x0000000083b00000, 0x0000000083b00000|100%|HS|  |TAMS 0x0000000083b00000, 0x0000000083b00000| Complete 
|  59|0x0000000083b00000, 0x0000000083c00000, 0x0000000083c00000|100%|HC|  |TAMS 0x0000000083c00000, 0x0000000083c00000| Complete 
|  60|0x0000000083c00000, 0x0000000083d00000, 0x0000000083d00000|100%|HC|  |TAMS 0x0000000083d00000, 0x0000000083d00000| Complete 
|  61|0x0000000083d00000, 0x0000000083e00000, 0x0000000083e00000|100%| O|  |TAMS 0x0000000083e00000, 0x0000000083e00000| Untracked 
|  62|0x0000000083e00000, 0x0000000083f00000, 0x0000000083f00000|100%| O|  |TAMS 0x0000000083f00000, 0x0000000083f00000| Untracked 
|  63|0x0000000083f00000, 0x0000000084000000, 0x0000000084000000|100%| O|  |TAMS 0x0000000084000000, 0x0000000084000000| Untracked 
|  64|0x0000000084000000, 0x0000000084100000, 0x0000000084100000|100%| O|  |TAMS 0x0000000084100000, 0x0000000084100000| Untracked 
|  65|0x0000000084100000, 0x0000000084200000, 0x0000000084200000|100%|HS|  |TAMS 0x0000000084200000, 0x0000000084200000| Complete 
|  66|0x0000000084200000, 0x0000000084300000, 0x0000000084300000|100%|HC|  |TAMS 0x0000000084300000, 0x0000000084300000| Complete 
|  67|0x0000000084300000, 0x0000000084400000, 0x0000000084400000|100%|HC|  |TAMS 0x0000000084400000, 0x0000000084400000| Complete 
|  68|0x0000000084400000, 0x0000000084500000, 0x0000000084500000|100%|HC|  |TAMS 0x0000000084500000, 0x0000000084500000| Complete 
|  69|0x0000000084500000, 0x0000000084600000, 0x0000000084600000|100%|HC|  |TAMS 0x0000000084600000, 0x0000000084600000| Complete 
|  70|0x0000000084600000, 0x0000000084700000, 0x0000000084700000|100%| O|  |TAMS 0x0000000084700000, 0x0000000084700000| Untracked 
|  71|0x0000000084700000, 0x0000000084800000, 0x0000000084800000|100%| O|  |TAMS 0x0000000084800000, 0x0000000084800000| Untracked 
|  72|0x0000000084800000, 0x0000000084900000, 0x0000000084900000|100%| O|  |TAMS 0x0000000084900000, 0x0000000084900000| Untracked 
|  73|0x0000000084900000, 0x0000000084a00000, 0x0000000084a00000|100%| O|  |TAMS 0x0000000084a00000, 0x0000000084a00000| Untracked 
|  74|0x0000000084a00000, 0x0000000084b00000, 0x0000000084b00000|100%|HS|  |TAMS 0x0000000084b00000, 0x0000000084b00000| Complete 
|  75|0x0000000084b00000, 0x0000000084c00000, 0x0000000084c00000|100%|HS|  |TAMS 0x0000000084c00000, 0x0000000084c00000| Complete 
|  76|0x0000000084c00000, 0x0000000084d00000, 0x0000000084d00000|100%|HS|  |TAMS 0x0000000084d00000, 0x0000000084d00000| Complete 
|  77|0x0000000084d00000, 0x0000000084e00000, 0x0000000084e00000|100%| O|  |TAMS 0x0000000084e00000, 0x0000000084e00000| Untracked 
|  78|0x0000000084e00000, 0x0000000084f00000, 0x0000000084f00000|100%| O|  |TAMS 0x0000000084f00000, 0x0000000084f00000| Untracked 
|  79|0x0000000084f00000, 0x0000000085000000, 0x0000000085000000|100%| O|  |TAMS 0x0000000085000000, 0x0000000085000000| Untracked 
|  80|0x0000000085000000, 0x0000000085100000, 0x0000000085100000|100%|HS|  |TAMS 0x0000000085100000, 0x0000000085100000| Complete 
|  81|0x0000000085100000, 0x0000000085200000, 0x0000000085200000|100%|HC|  |TAMS 0x0000000085200000, 0x0000000085200000| Complete 
|  82|0x0000000085200000, 0x0000000085300000, 0x0000000085300000|100%|HC|  |TAMS 0x0000000085300000, 0x0000000085300000| Complete 
|  83|0x0000000085300000, 0x0000000085400000, 0x0000000085400000|100%| O|  |TAMS 0x0000000085400000, 0x0000000085400000| Untracked 
|  84|0x0000000085400000, 0x0000000085500000, 0x0000000085500000|100%|HS|  |TAMS 0x0000000085500000, 0x0000000085500000| Complete 
|  85|0x0000000085500000, 0x0000000085600000, 0x0000000085600000|100%|HC|  |TAMS 0x0000000085600000, 0x0000000085600000| Complete 
|  86|0x0000000085600000, 0x0000000085700000, 0x0000000085700000|100%| O|  |TAMS 0x0000000085700000, 0x0000000085700000| Untracked 
|  87|0x0000000085700000, 0x0000000085800000, 0x0000000085800000|100%| O|  |TAMS 0x0000000085800000, 0x0000000085800000| Untracked 
|  88|0x0000000085800000, 0x0000000085900000, 0x0000000085900000|100%| O|  |TAMS 0x0000000085900000, 0x0000000085900000| Untracked 
|  89|0x0000000085900000, 0x0000000085a00000, 0x0000000085a00000|100%| O|  |TAMS 0x0000000085a00000, 0x0000000085a00000| Untracked 
|  90|0x0000000085a00000, 0x0000000085b00000, 0x0000000085b00000|100%|HS|  |TAMS 0x0000000085b00000, 0x0000000085b00000| Complete 
|  91|0x0000000085b00000, 0x0000000085c00000, 0x0000000085c00000|100%| O|  |TAMS 0x0000000085c00000, 0x0000000085c00000| Untracked 
|  92|0x0000000085c00000, 0x0000000085d00000, 0x0000000085d00000|100%| O|  |TAMS 0x0000000085d00000, 0x0000000085d00000| Untracked 
|  93|0x0000000085d00000, 0x0000000085e00000, 0x0000000085e00000|100%| O|  |TAMS 0x0000000085e00000, 0x0000000085e00000| Untracked 
|  94|0x0000000085e00000, 0x0000000085f00000, 0x0000000085f00000|100%| O|  |TAMS 0x0000000085f00000, 0x0000000085f00000| Untracked 
|  95|0x0000000085f00000, 0x0000000086000000, 0x0000000086000000|100%| O|  |TAMS 0x0000000086000000, 0x0000000086000000| Untracked 
|  96|0x0000000086000000, 0x0000000086100000, 0x0000000086100000|100%| O|  |TAMS 0x0000000086100000, 0x0000000086100000| Untracked 
|  97|0x0000000086100000, 0x0000000086200000, 0x0000000086200000|100%| O|  |TAMS 0x0000000086200000, 0x0000000086200000| Untracked 
|  98|0x0000000086200000, 0x0000000086300000, 0x0000000086300000|100%| O|  |TAMS 0x0000000086300000, 0x0000000086300000| Untracked 
|  99|0x0000000086300000, 0x0000000086400000, 0x0000000086400000|100%| O|  |TAMS 0x0000000086400000, 0x0000000086400000| Untracked 
| 100|0x0000000086400000, 0x0000000086500000, 0x0000000086500000|100%| O|  |TAMS 0x0000000086500000, 0x0000000086500000| Untracked 
| 101|0x0000000086500000, 0x0000000086600000, 0x0000000086600000|100%| O|  |TAMS 0x0000000086600000, 0x0000000086600000| Untracked 
| 102|0x0000000086600000, 0x0000000086700000, 0x0000000086700000|100%| O|  |TAMS 0x0000000086700000, 0x0000000086700000| Untracked 
| 103|0x0000000086700000, 0x0000000086800000, 0x0000000086800000|100%| O|  |TAMS 0x0000000086800000, 0x0000000086800000| Untracked 
| 104|0x0000000086800000, 0x0000000086900000, 0x0000000086900000|100%| O|  |TAMS 0x0000000086900000, 0x0000000086900000| Untracked 
| 105|0x0000000086900000, 0x0000000086a00000, 0x0000000086a00000|100%| O|  |TAMS 0x0000000086a00000, 0x0000000086a00000| Untracked 
| 106|0x0000000086a00000, 0x0000000086b00000, 0x0000000086b00000|100%| O|  |TAMS 0x0000000086b00000, 0x0000000086b00000| Untracked 
| 107|0x0000000086b00000, 0x0000000086c00000, 0x0000000086c00000|100%| O|  |TAMS 0x0000000086c00000, 0x0000000086c00000| Untracked 
| 108|0x0000000086c00000, 0x0000000086d00000, 0x0000000086d00000|100%| O|  |TAMS 0x0000000086d00000, 0x0000000086d00000| Untracked 
| 109|0x0000000086d00000, 0x0000000086e00000, 0x0000000086e00000|100%|HS|  |TAMS 0x0000000086e00000, 0x0000000086e00000| Complete 
| 110|0x0000000086e00000, 0x0000000086f00000, 0x0000000086f00000|100%|HC|  |TAMS 0x0000000086f00000, 0x0000000086f00000| Complete 
| 111|0x0000000086f00000, 0x0000000087000000, 0x0000000087000000|100%|HS|  |TAMS 0x0000000087000000, 0x0000000087000000| Complete 
| 112|0x0000000087000000, 0x0000000087100000, 0x0000000087100000|100%|HC|  |TAMS 0x0000000087100000, 0x0000000087100000| Complete 
| 113|0x0000000087100000, 0x0000000087200000, 0x0000000087200000|100%|HC|  |TAMS 0x0000000087200000, 0x0000000087200000| Complete 
| 114|0x0000000087200000, 0x0000000087300000, 0x0000000087300000|100%|HS|  |TAMS 0x0000000087300000, 0x0000000087300000| Complete 
| 115|0x0000000087300000, 0x0000000087400000, 0x0000000087400000|100%|HC|  |TAMS 0x0000000087400000, 0x0000000087400000| Complete 
| 116|0x0000000087400000, 0x0000000087500000, 0x0000000087500000|100%|HC|  |TAMS 0x0000000087500000, 0x0000000087500000| Complete 
| 117|0x0000000087500000, 0x0000000087600000, 0x0000000087600000|100%|HS|  |TAMS 0x0000000087600000, 0x0000000087600000| Complete 
| 118|0x0000000087600000, 0x0000000087700000, 0x0000000087700000|100%|HC|  |TAMS 0x0000000087700000, 0x0000000087700000| Complete 
| 119|0x0000000087700000, 0x0000000087800000, 0x0000000087800000|100%|HC|  |TAMS 0x0000000087800000, 0x0000000087800000| Complete 
| 120|0x0000000087800000, 0x0000000087900000, 0x0000000087900000|100%|HC|  |TAMS 0x0000000087900000, 0x0000000087900000| Complete 
| 121|0x0000000087900000, 0x0000000087a00000, 0x0000000087a00000|100%|HS|  |TAMS 0x0000000087a00000, 0x0000000087a00000| Complete 
| 122|0x0000000087a00000, 0x0000000087b00000, 0x0000000087b00000|100%|HC|  |TAMS 0x0000000087b00000, 0x0000000087b00000| Complete 
| 123|0x0000000087b00000, 0x0000000087c00000, 0x0000000087c00000|100%|HC|  |TAMS 0x0000000087c00000, 0x0000000087c00000| Complete 
| 124|0x0000000087c00000, 0x0000000087d00000, 0x0000000087d00000|100%|HC|  |TAMS 0x0000000087d00000, 0x0000000087d00000| Complete 
| 125|0x0000000087d00000, 0x0000000087e00000, 0x0000000087e00000|100%|HC|  |TAMS 0x0000000087e00000, 0x0000000087e00000| Complete 
| 126|0x0000000087e00000, 0x0000000087f00000, 0x0000000087f00000|100%| O|  |TAMS 0x0000000087f00000, 0x0000000087f00000| Untracked 
| 127|0x0000000087f00000, 0x0000000088000000, 0x0000000088000000|100%| O|  |TAMS 0x0000000088000000, 0x0000000088000000| Untracked 
| 128|0x0000000088000000, 0x0000000088100000, 0x0000000088100000|100%| O|  |TAMS 0x0000000088100000, 0x0000000088100000| Untracked 
| 129|0x0000000088100000, 0x0000000088200000, 0x0000000088200000|100%| O|  |TAMS 0x0000000088200000, 0x0000000088200000| Untracked 
| 130|0x0000000088200000, 0x0000000088300000, 0x0000000088300000|100%| O|  |TAMS 0x0000000088300000, 0x0000000088300000| Untracked 
| 131|0x0000000088300000, 0x0000000088400000, 0x0000000088400000|100%| O|  |TAMS 0x0000000088400000, 0x0000000088400000| Untracked 
| 132|0x0000000088400000, 0x0000000088500000, 0x0000000088500000|100%| O|  |TAMS 0x0000000088500000, 0x0000000088500000| Untracked 
| 133|0x0000000088500000, 0x0000000088600000, 0x0000000088600000|100%| O|  |TAMS 0x0000000088600000, 0x0000000088600000| Untracked 
| 134|0x0000000088600000, 0x0000000088700000, 0x0000000088700000|100%| O|  |TAMS 0x0000000088700000, 0x0000000088700000| Untracked 
| 135|0x0000000088700000, 0x0000000088800000, 0x0000000088800000|100%| O|  |TAMS 0x0000000088800000, 0x0000000088800000| Untracked 
| 136|0x0000000088800000, 0x0000000088900000, 0x0000000088900000|100%| O|  |TAMS 0x0000000088900000, 0x0000000088900000| Untracked 
| 137|0x0000000088900000, 0x0000000088a00000, 0x0000000088a00000|100%| O|  |TAMS 0x0000000088a00000, 0x0000000088a00000| Untracked 
| 138|0x0000000088a00000, 0x0000000088b00000, 0x0000000088b00000|100%| O|  |TAMS 0x0000000088b00000, 0x0000000088b00000| Untracked 
| 139|0x0000000088b00000, 0x0000000088c00000, 0x0000000088c00000|100%| O|  |TAMS 0x0000000088c00000, 0x0000000088c00000| Untracked 
| 140|0x0000000088c00000, 0x0000000088d00000, 0x0000000088d00000|100%| O|  |TAMS 0x0000000088d00000, 0x0000000088d00000| Untracked 
| 141|0x0000000088d00000, 0x0000000088e00000, 0x0000000088e00000|100%| O|  |TAMS 0x0000000088e00000, 0x0000000088e00000| Untracked 
| 142|0x0000000088e00000, 0x0000000088f00000, 0x0000000088f00000|100%| O|  |TAMS 0x0000000088f00000, 0x0000000088f00000| Untracked 
| 143|0x0000000088f00000, 0x0000000089000000, 0x0000000089000000|100%| O|  |TAMS 0x0000000089000000, 0x0000000089000000| Untracked 
| 144|0x0000000089000000, 0x0000000089100000, 0x0000000089100000|100%| O|  |TAMS 0x0000000089100000, 0x0000000089100000| Untracked 
| 145|0x0000000089100000, 0x0000000089200000, 0x0000000089200000|100%| O|  |TAMS 0x0000000089200000, 0x0000000089200000| Untracked 
| 146|0x0000000089200000, 0x0000000089300000, 0x0000000089300000|100%| O|  |TAMS 0x0000000089300000, 0x0000000089300000| Untracked 
| 147|0x0000000089300000, 0x0000000089400000, 0x0000000089400000|100%| O|  |TAMS 0x0000000089400000, 0x0000000089400000| Untracked 
| 148|0x0000000089400000, 0x0000000089500000, 0x0000000089500000|100%| O|  |TAMS 0x0000000089500000, 0x0000000089500000| Untracked 
| 149|0x0000000089500000, 0x0000000089600000, 0x0000000089600000|100%| O|  |TAMS 0x0000000089600000, 0x0000000089600000| Untracked 
| 150|0x0000000089600000, 0x0000000089700000, 0x0000000089700000|100%| O|  |TAMS 0x0000000089700000, 0x0000000089700000| Untracked 
| 151|0x0000000089700000, 0x0000000089800000, 0x0000000089800000|100%| O|  |TAMS 0x0000000089800000, 0x0000000089800000| Untracked 
| 152|0x0000000089800000, 0x0000000089900000, 0x0000000089900000|100%| O|  |TAMS 0x0000000089900000, 0x0000000089900000| Untracked 
| 153|0x0000000089900000, 0x0000000089a00000, 0x0000000089a00000|100%| O|  |TAMS 0x0000000089a00000, 0x0000000089a00000| Untracked 
| 154|0x0000000089a00000, 0x0000000089b00000, 0x0000000089b00000|100%| O|  |TAMS 0x0000000089b00000, 0x0000000089b00000| Untracked 
| 155|0x0000000089b00000, 0x0000000089c00000, 0x0000000089c00000|100%| O|  |TAMS 0x0000000089c00000, 0x0000000089c00000| Untracked 
| 156|0x0000000089c00000, 0x0000000089d00000, 0x0000000089d00000|100%| O|  |TAMS 0x0000000089ce8a00, 0x0000000089d00000| Untracked 
| 157|0x0000000089d00000, 0x0000000089e00000, 0x0000000089e00000|100%| O|  |TAMS 0x0000000089d00000, 0x0000000089e00000| Untracked 
| 158|0x0000000089e00000, 0x0000000089f00000, 0x0000000089f00000|100%| O|  |TAMS 0x0000000089e00000, 0x0000000089f00000| Untracked 
| 159|0x0000000089f00000, 0x000000008a000000, 0x000000008a000000|100%|HS|  |TAMS 0x0000000089f00000, 0x0000000089f00000| Complete 
| 160|0x000000008a000000, 0x000000008a000000, 0x000000008a100000|  0%| F|  |TAMS 0x000000008a000000, 0x000000008a000000| Untracked 
| 161|0x000000008a100000, 0x000000008a100000, 0x000000008a200000|  0%| F|  |TAMS 0x000000008a100000, 0x000000008a100000| Untracked 
| 162|0x000000008a200000, 0x000000008a200000, 0x000000008a300000|  0%| F|  |TAMS 0x000000008a200000, 0x000000008a200000| Untracked 
| 163|0x000000008a300000, 0x000000008a300000, 0x000000008a400000|  0%| F|  |TAMS 0x000000008a300000, 0x000000008a300000| Untracked 
| 164|0x000000008a400000, 0x000000008a400000, 0x000000008a500000|  0%| F|  |TAMS 0x000000008a400000, 0x000000008a400000| Untracked 
| 165|0x000000008a500000, 0x000000008a500000, 0x000000008a600000|  0%| F|  |TAMS 0x000000008a500000, 0x000000008a500000| Untracked 
| 166|0x000000008a600000, 0x000000008a600000, 0x000000008a700000|  0%| F|  |TAMS 0x000000008a600000, 0x000000008a600000| Untracked 
| 167|0x000000008a700000, 0x000000008a700000, 0x000000008a800000|  0%| F|  |TAMS 0x000000008a700000, 0x000000008a700000| Untracked 
| 168|0x000000008a800000, 0x000000008a800000, 0x000000008a900000|  0%| F|  |TAMS 0x000000008a800000, 0x000000008a800000| Untracked 
| 169|0x000000008a900000, 0x000000008a900000, 0x000000008aa00000|  0%| F|  |TAMS 0x000000008a900000, 0x000000008a900000| Untracked 
| 170|0x000000008aa00000, 0x000000008aa00000, 0x000000008ab00000|  0%| F|  |TAMS 0x000000008aa00000, 0x000000008aa00000| Untracked 
| 171|0x000000008ab00000, 0x000000008ab00000, 0x000000008ac00000|  0%| F|  |TAMS 0x000000008ab00000, 0x000000008ab00000| Untracked 
| 172|0x000000008ac00000, 0x000000008ac00000, 0x000000008ad00000|  0%| F|  |TAMS 0x000000008ac00000, 0x000000008ac00000| Untracked 
| 173|0x000000008ad00000, 0x000000008ad00000, 0x000000008ae00000|  0%| F|  |TAMS 0x000000008ad00000, 0x000000008ad00000| Untracked 
| 174|0x000000008ae00000, 0x000000008ae00000, 0x000000008af00000|  0%| F|  |TAMS 0x000000008ae00000, 0x000000008ae00000| Untracked 
| 175|0x000000008af00000, 0x000000008af00000, 0x000000008b000000|  0%| F|  |TAMS 0x000000008af00000, 0x000000008af00000| Untracked 
| 176|0x000000008b000000, 0x000000008b000000, 0x000000008b100000|  0%| F|  |TAMS 0x000000008b000000, 0x000000008b000000| Untracked 
| 177|0x000000008b100000, 0x000000008b100000, 0x000000008b200000|  0%| F|  |TAMS 0x000000008b100000, 0x000000008b100000| Untracked 
| 178|0x000000008b200000, 0x000000008b200000, 0x000000008b300000|  0%| F|  |TAMS 0x000000008b200000, 0x000000008b200000| Untracked 
| 179|0x000000008b300000, 0x000000008b300000, 0x000000008b400000|  0%| F|  |TAMS 0x000000008b300000, 0x000000008b300000| Untracked 
| 180|0x000000008b400000, 0x000000008b400000, 0x000000008b500000|  0%| F|  |TAMS 0x000000008b400000, 0x000000008b400000| Untracked 
| 181|0x000000008b500000, 0x000000008b500000, 0x000000008b600000|  0%| F|  |TAMS 0x000000008b500000, 0x000000008b500000| Untracked 
| 182|0x000000008b600000, 0x000000008b600000, 0x000000008b700000|  0%| F|  |TAMS 0x000000008b600000, 0x000000008b600000| Untracked 
| 183|0x000000008b700000, 0x000000008b700000, 0x000000008b800000|  0%| F|  |TAMS 0x000000008b700000, 0x000000008b700000| Untracked 
| 184|0x000000008b800000, 0x000000008b800000, 0x000000008b900000|  0%| F|  |TAMS 0x000000008b800000, 0x000000008b800000| Untracked 
| 185|0x000000008b900000, 0x000000008b900000, 0x000000008ba00000|  0%| F|  |TAMS 0x000000008b900000, 0x000000008b900000| Untracked 
| 186|0x000000008ba00000, 0x000000008ba00000, 0x000000008bb00000|  0%| F|  |TAMS 0x000000008ba00000, 0x000000008ba00000| Untracked 
| 187|0x000000008bb00000, 0x000000008bb00000, 0x000000008bc00000|  0%| F|  |TAMS 0x000000008bb00000, 0x000000008bb00000| Untracked 
| 188|0x000000008bc00000, 0x000000008bc00000, 0x000000008bd00000|  0%| F|  |TAMS 0x000000008bc00000, 0x000000008bc00000| Untracked 
| 189|0x000000008bd00000, 0x000000008bd00000, 0x000000008be00000|  0%| F|  |TAMS 0x000000008bd00000, 0x000000008bd00000| Untracked 
| 190|0x000000008be00000, 0x000000008be00000, 0x000000008bf00000|  0%| F|  |TAMS 0x000000008be00000, 0x000000008be00000| Untracked 
| 191|0x000000008bf00000, 0x000000008bf00000, 0x000000008c000000|  0%| F|  |TAMS 0x000000008bf00000, 0x000000008bf00000| Untracked 
| 192|0x000000008c000000, 0x000000008c000000, 0x000000008c100000|  0%| F|  |TAMS 0x000000008c000000, 0x000000008c000000| Untracked 
| 193|0x000000008c100000, 0x000000008c100000, 0x000000008c200000|  0%| F|  |TAMS 0x000000008c100000, 0x000000008c100000| Untracked 
| 194|0x000000008c200000, 0x000000008c200000, 0x000000008c300000|  0%| F|  |TAMS 0x000000008c200000, 0x000000008c200000| Untracked 
| 195|0x000000008c300000, 0x000000008c300000, 0x000000008c400000|  0%| F|  |TAMS 0x000000008c300000, 0x000000008c300000| Untracked 
| 196|0x000000008c400000, 0x000000008c400000, 0x000000008c500000|  0%| F|  |TAMS 0x000000008c400000, 0x000000008c400000| Untracked 
| 197|0x000000008c500000, 0x000000008c500000, 0x000000008c600000|  0%| F|  |TAMS 0x000000008c500000, 0x000000008c500000| Untracked 
| 198|0x000000008c600000, 0x000000008c600000, 0x000000008c700000|  0%| F|  |TAMS 0x000000008c600000, 0x000000008c600000| Untracked 
| 199|0x000000008c700000, 0x000000008c700000, 0x000000008c800000|  0%| F|  |TAMS 0x000000008c700000, 0x000000008c700000| Untracked 
| 200|0x000000008c800000, 0x000000008c800000, 0x000000008c900000|  0%| F|  |TAMS 0x000000008c800000, 0x000000008c800000| Untracked 
| 201|0x000000008c900000, 0x000000008c900000, 0x000000008ca00000|  0%| F|  |TAMS 0x000000008c900000, 0x000000008c900000| Untracked 
| 202|0x000000008ca00000, 0x000000008ca00000, 0x000000008cb00000|  0%| F|  |TAMS 0x000000008ca00000, 0x000000008ca00000| Untracked 
| 203|0x000000008cb00000, 0x000000008cb00000, 0x000000008cc00000|  0%| F|  |TAMS 0x000000008cb00000, 0x000000008cb00000| Untracked 
| 204|0x000000008cc00000, 0x000000008cc00000, 0x000000008cd00000|  0%| F|  |TAMS 0x000000008cc00000, 0x000000008cc00000| Untracked 
| 205|0x000000008cd00000, 0x000000008cd00000, 0x000000008ce00000|  0%| F|  |TAMS 0x000000008cd00000, 0x000000008cd00000| Untracked 
| 206|0x000000008ce00000, 0x000000008ce00000, 0x000000008cf00000|  0%| F|  |TAMS 0x000000008ce00000, 0x000000008ce00000| Untracked 
| 207|0x000000008cf00000, 0x000000008cf00000, 0x000000008d000000|  0%| F|  |TAMS 0x000000008cf00000, 0x000000008cf00000| Untracked 
| 208|0x000000008d000000, 0x000000008d000000, 0x000000008d100000|  0%| F|  |TAMS 0x000000008d000000, 0x000000008d000000| Untracked 
| 209|0x000000008d100000, 0x000000008d100000, 0x000000008d200000|  0%| F|  |TAMS 0x000000008d100000, 0x000000008d100000| Untracked 
| 210|0x000000008d200000, 0x000000008d200000, 0x000000008d300000|  0%| F|  |TAMS 0x000000008d200000, 0x000000008d200000| Untracked 
| 211|0x000000008d300000, 0x000000008d300000, 0x000000008d400000|  0%| F|  |TAMS 0x000000008d300000, 0x000000008d300000| Untracked 
| 212|0x000000008d400000, 0x000000008d400000, 0x000000008d500000|  0%| F|  |TAMS 0x000000008d400000, 0x000000008d400000| Untracked 
| 213|0x000000008d500000, 0x000000008d500000, 0x000000008d600000|  0%| F|  |TAMS 0x000000008d500000, 0x000000008d500000| Untracked 
| 214|0x000000008d600000, 0x000000008d600000, 0x000000008d700000|  0%| F|  |TAMS 0x000000008d600000, 0x000000008d600000| Untracked 
| 215|0x000000008d700000, 0x000000008d700000, 0x000000008d800000|  0%| F|  |TAMS 0x000000008d700000, 0x000000008d700000| Untracked 
| 216|0x000000008d800000, 0x000000008d800000, 0x000000008d900000|  0%| F|  |TAMS 0x000000008d800000, 0x000000008d800000| Untracked 
| 217|0x000000008d900000, 0x000000008d900000, 0x000000008da00000|  0%| F|  |TAMS 0x000000008d900000, 0x000000008d900000| Untracked 
| 218|0x000000008da00000, 0x000000008da00000, 0x000000008db00000|  0%| F|  |TAMS 0x000000008da00000, 0x000000008da00000| Untracked 
| 219|0x000000008db00000, 0x000000008db00000, 0x000000008dc00000|  0%| F|  |TAMS 0x000000008db00000, 0x000000008db00000| Untracked 
| 220|0x000000008dc00000, 0x000000008dc00000, 0x000000008dd00000|  0%| F|  |TAMS 0x000000008dc00000, 0x000000008dc00000| Untracked 
| 221|0x000000008dd00000, 0x000000008dd00000, 0x000000008de00000|  0%| F|  |TAMS 0x000000008dd00000, 0x000000008dd00000| Untracked 
| 222|0x000000008de00000, 0x000000008de00000, 0x000000008df00000|  0%| F|  |TAMS 0x000000008de00000, 0x000000008de00000| Untracked 
| 223|0x000000008df00000, 0x000000008df00000, 0x000000008e000000|  0%| F|  |TAMS 0x000000008df00000, 0x000000008df00000| Untracked 
| 224|0x000000008e000000, 0x000000008e000000, 0x000000008e100000|  0%| F|  |TAMS 0x000000008e000000, 0x000000008e000000| Untracked 
| 225|0x000000008e100000, 0x000000008e100000, 0x000000008e200000|  0%| F|  |TAMS 0x000000008e100000, 0x000000008e100000| Untracked 
| 226|0x000000008e200000, 0x000000008e2841c0, 0x000000008e300000| 51%| S|CS|TAMS 0x000000008e200000, 0x000000008e200000| Complete 
| 227|0x000000008e300000, 0x000000008e400000, 0x000000008e400000|100%| S|CS|TAMS 0x000000008e300000, 0x000000008e300000| Complete 
| 228|0x000000008e400000, 0x000000008e500000, 0x000000008e500000|100%| S|CS|TAMS 0x000000008e400000, 0x000000008e400000| Complete 
| 229|0x000000008e500000, 0x000000008e600000, 0x000000008e600000|100%| S|CS|TAMS 0x000000008e500000, 0x000000008e500000| Complete 
| 230|0x000000008e600000, 0x000000008e700000, 0x000000008e700000|100%| S|CS|TAMS 0x000000008e600000, 0x000000008e600000| Complete 
| 231|0x000000008e700000, 0x000000008e800000, 0x000000008e800000|100%| S|CS|TAMS 0x000000008e700000, 0x000000008e700000| Complete 
| 232|0x000000008e800000, 0x000000008e900000, 0x000000008e900000|100%| S|CS|TAMS 0x000000008e800000, 0x000000008e800000| Complete 
| 233|0x000000008e900000, 0x000000008ea00000, 0x000000008ea00000|100%| S|CS|TAMS 0x000000008e900000, 0x000000008e900000| Complete 
| 234|0x000000008ea00000, 0x000000008eb00000, 0x000000008eb00000|100%| S|CS|TAMS 0x000000008ea00000, 0x000000008ea00000| Complete 
| 235|0x000000008eb00000, 0x000000008eb00000, 0x000000008ec00000|  0%| F|  |TAMS 0x000000008eb00000, 0x000000008eb00000| Untracked 
| 236|0x000000008ec00000, 0x000000008ec00000, 0x000000008ed00000|  0%| F|  |TAMS 0x000000008ec00000, 0x000000008ec00000| Untracked 
| 237|0x000000008ed00000, 0x000000008ed00000, 0x000000008ee00000|  0%| F|  |TAMS 0x000000008ed00000, 0x000000008ed00000| Untracked 
| 238|0x000000008ee00000, 0x000000008ee00000, 0x000000008ef00000|  0%| F|  |TAMS 0x000000008ee00000, 0x000000008ee00000| Untracked 
| 239|0x000000008ef00000, 0x000000008ef00000, 0x000000008f000000|  0%| F|  |TAMS 0x000000008ef00000, 0x000000008ef00000| Untracked 
| 240|0x000000008f000000, 0x000000008f000000, 0x000000008f100000|  0%| F|  |TAMS 0x000000008f000000, 0x000000008f000000| Untracked 
| 241|0x000000008f100000, 0x000000008f100000, 0x000000008f200000|  0%| F|  |TAMS 0x000000008f100000, 0x000000008f100000| Untracked 
| 242|0x000000008f200000, 0x000000008f200000, 0x000000008f300000|  0%| F|  |TAMS 0x000000008f200000, 0x000000008f200000| Untracked 
| 243|0x000000008f300000, 0x000000008f300000, 0x000000008f400000|  0%| F|  |TAMS 0x000000008f300000, 0x000000008f300000| Untracked 
| 244|0x000000008f400000, 0x000000008f400000, 0x000000008f500000|  0%| F|  |TAMS 0x000000008f400000, 0x000000008f400000| Untracked 
| 245|0x000000008f500000, 0x000000008f500000, 0x000000008f600000|  0%| F|  |TAMS 0x000000008f500000, 0x000000008f500000| Untracked 
| 246|0x000000008f600000, 0x000000008f600000, 0x000000008f700000|  0%| F|  |TAMS 0x000000008f600000, 0x000000008f600000| Untracked 
| 247|0x000000008f700000, 0x000000008f700000, 0x000000008f800000|  0%| F|  |TAMS 0x000000008f700000, 0x000000008f700000| Untracked 
| 248|0x000000008f800000, 0x000000008f800000, 0x000000008f900000|  0%| F|  |TAMS 0x000000008f800000, 0x000000008f800000| Untracked 
| 249|0x000000008f900000, 0x000000008f900000, 0x000000008fa00000|  0%| F|  |TAMS 0x000000008f900000, 0x000000008f900000| Untracked 
| 250|0x000000008fa00000, 0x000000008fa00000, 0x000000008fb00000|  0%| F|  |TAMS 0x000000008fa00000, 0x000000008fa00000| Untracked 
| 251|0x000000008fb00000, 0x000000008fb00000, 0x000000008fc00000|  0%| F|  |TAMS 0x000000008fb00000, 0x000000008fb00000| Untracked 
| 252|0x000000008fc00000, 0x000000008fd00000, 0x000000008fd00000|100%| E|  |TAMS 0x000000008fc00000, 0x000000008fc00000| Complete 
| 253|0x000000008fd00000, 0x000000008fe00000, 0x000000008fe00000|100%| E|CS|TAMS 0x000000008fd00000, 0x000000008fd00000| Complete 
| 254|0x000000008fe00000, 0x000000008ff00000, 0x000000008ff00000|100%| E|CS|TAMS 0x000000008fe00000, 0x000000008fe00000| Complete 
| 255|0x000000008ff00000, 0x0000000090000000, 0x0000000090000000|100%| E|CS|TAMS 0x000000008ff00000, 0x000000008ff00000| Complete 
| 256|0x0000000090000000, 0x0000000090100000, 0x0000000090100000|100%| E|CS|TAMS 0x0000000090000000, 0x0000000090000000| Complete 
| 257|0x0000000090100000, 0x0000000090200000, 0x0000000090200000|100%| E|CS|TAMS 0x0000000090100000, 0x0000000090100000| Complete 
| 258|0x0000000090200000, 0x0000000090300000, 0x0000000090300000|100%| E|CS|TAMS 0x0000000090200000, 0x0000000090200000| Complete 
| 259|0x0000000090300000, 0x0000000090400000, 0x0000000090400000|100%| E|CS|TAMS 0x0000000090300000, 0x0000000090300000| Complete 
| 260|0x0000000090400000, 0x0000000090500000, 0x0000000090500000|100%| E|CS|TAMS 0x0000000090400000, 0x0000000090400000| Complete 
| 261|0x0000000090500000, 0x0000000090600000, 0x0000000090600000|100%| E|CS|TAMS 0x0000000090500000, 0x0000000090500000| Complete 
| 262|0x0000000090600000, 0x0000000090700000, 0x0000000090700000|100%| E|CS|TAMS 0x0000000090600000, 0x0000000090600000| Complete 
| 263|0x0000000090700000, 0x0000000090800000, 0x0000000090800000|100%| E|CS|TAMS 0x0000000090700000, 0x0000000090700000| Complete 
| 264|0x0000000090800000, 0x0000000090900000, 0x0000000090900000|100%| E|CS|TAMS 0x0000000090800000, 0x0000000090800000| Complete 
| 265|0x0000000090900000, 0x0000000090a00000, 0x0000000090a00000|100%| E|CS|TAMS 0x0000000090900000, 0x0000000090900000| Complete 
| 266|0x0000000090a00000, 0x0000000090b00000, 0x0000000090b00000|100%| E|CS|TAMS 0x0000000090a00000, 0x0000000090a00000| Complete 
| 267|0x0000000090b00000, 0x0000000090c00000, 0x0000000090c00000|100%| E|  |TAMS 0x0000000090b00000, 0x0000000090b00000| Complete 
| 268|0x0000000090c00000, 0x0000000090d00000, 0x0000000090d00000|100%| E|CS|TAMS 0x0000000090c00000, 0x0000000090c00000| Complete 
| 269|0x0000000090d00000, 0x0000000090e00000, 0x0000000090e00000|100%| E|CS|TAMS 0x0000000090d00000, 0x0000000090d00000| Complete 

Card table byte_map: [0x000000f8abdc0000,0x000000f8ac1c0000] _byte_map_base: 0x000000f8ab9c0000

Marking Bits (Prev, Next): (CMBitMap*) 0x000000f898f181f8, (CMBitMap*) 0x000000f898f18230
 Prev Bits: [0x000000f8ac5c0000, 0x000000f8ae5c0000)
 Next Bits: [0x000000f8ae5c0000, 0x000000f8b05c0000)

Polling page: 0x000000f896cc0000

Metaspace:

Usage:
  Non-class:    105.90 MB capacity,   103.93 MB ( 98%) used,     1.64 MB (  2%) free+waste,   338.25 KB ( <1%) overhead. 
      Class:     15.97 MB capacity,    14.93 MB ( 93%) used,   922.79 KB (  6%) free+waste,   150.50 KB ( <1%) overhead. 
       Both:    121.87 MB capacity,   118.86 MB ( 98%) used,     2.54 MB (  2%) free+waste,   488.75 KB ( <1%) overhead. 

Virtual space:
  Non-class space:      108.00 MB reserved,     106.13 MB ( 98%) committed 
      Class space:        1.00 GB reserved,      16.07 MB (  2%) committed 
             Both:        1.11 GB reserved,     122.20 MB ( 11%) committed 

Chunk freelists:
   Non-Class:  46.00 KB
       Class:  26.00 KB
        Both:  72.00 KB

MaxMetaspaceSize: 17179869184.00 GB
CompressedClassSpaceSize: 1.00 GB
Initial GC threshold: 20.80 MB
Current GC threshold: 198.05 MB
CDS: off

CodeHeap 'non-profiled nmethods': size=120064Kb used=10189Kb max_used=10189Kb free=109874Kb
 bounds [0x000000f8a4480000, 0x000000f8a4e80000, 0x000000f8ab9c0000]
CodeHeap 'profiled nmethods': size=120000Kb used=37919Kb max_used=37919Kb free=82080Kb
 bounds [0x000000f89cf50000, 0x000000f89f460000, 0x000000f8a4480000]
CodeHeap 'non-nmethods': size=5696Kb used=2474Kb max_used=2542Kb free=3221Kb
 bounds [0x000000f89c9c0000, 0x000000f89cc40000, 0x000000f89cf50000]
 total_blobs=17534 nmethods=16525 adapters=921
 compilation: enabled
              stopped_count=0, restarted_count=0
 full_count=0

Compilation events (20 events):
Event: 2082.104 Thread 0x000000f8b3817800 16658       3       java.lang.invoke.LambdaForm$MH/0x00000001004d1c40::invoke (218 bytes)
Event: 2082.105 Thread 0x000000f8b3817800 nmethod 16658 0x000000f89f452590 code [0x000000f89f452860, 0x000000f89f453da8]
Event: 2082.113 Thread 0x000000f8b3815800 nmethod 16655 0x000000f8a4e6da90 code [0x000000f8a4e6dc60, 0x000000f8a4e6e3a8]
Event: 2082.113 Thread 0x000000f8b3815800 16657   !   4       org.codehaus.groovy.vmplugin.v8.Java8::checkCanSetAccessible (49 bytes)
Event: 2082.114 Thread 0x000000f8b3815800 nmethod 16657 0x000000f8a4e6e690 code [0x000000f8a4e6e820, 0x000000f8a4e6e8d8]
Event: 2082.116 Thread 0x000000f8b3815800 16659       4       java.util.jar.JarFile::getVersionedEntry (85 bytes)
Event: 2082.121 Thread 0x000000f8b3817800 16660       3       com.sun.beans.finder.FinderUtils::isExported (14 bytes)
Event: 2082.121 Thread 0x000000f8b3817800 nmethod 16660 0x000000f89f454390 code [0x000000f89f454580, 0x000000f89f4548c8]
Event: 2082.124 Thread 0x000000f8b3817800 16661       3       java.util.Hashtable$Enumerator::<init> (51 bytes)
Event: 2082.124 Thread 0x000000f8b3817800 nmethod 16661 0x000000f89f454a90 code [0x000000f89f454c40, 0x000000f89f454e78]
Event: 2082.124 Thread 0x000000f8b3817800 16662  s    3       java.util.Hashtable::isEmpty (13 bytes)
Event: 2082.124 Thread 0x000000f8b3817800 nmethod 16662 0x000000f89f454f90 code [0x000000f89f455140, 0x000000f89f4553f8]
Event: 2082.132 Thread 0x000000f8b3860800 nmethod 16656 0x000000f8a4e6e990 code [0x000000f8a4e6ebc0, 0x000000f8a4e6fa00]
Event: 2082.133 Thread 0x000000f8b3815800 nmethod 16659 0x000000f8a4e70490 code [0x000000f8a4e70680, 0x000000f8a4e70fd8]
Event: 2082.140 Thread 0x000000f8b3860800 16663 %     4       java.util.Properties$LineReader::readLine @ 224 (635 bytes)
Event: 2082.140 Thread 0x000000f8b3817800 16664       3       com.google.common.collect.Iterators::transform (15 bytes)
Event: 2082.141 Thread 0x000000f8b3817800 nmethod 16664 0x000000f89f455490 code [0x000000f89f4556a0, 0x000000f89f455d78]
Event: 2082.169 Thread 0x000000f8b3817800 16665       3       sun.nio.fs.WindowsPath::normalize (5 bytes)
Event: 2082.169 Thread 0x000000f8b3817800 nmethod 16665 0x000000f89f455f90 code [0x000000f89f456140, 0x000000f89f4562e8]
Event: 2082.179 Thread 0x000000f8b3860800 nmethod 16663% 0x000000f8a4e71310 code [0x000000f8a4e71540, 0x000000f8a4e72958]

GC Heap History (20 events):
Event: 16.032 GC heap before
{Heap before GC invocations=23 (full 0):
 garbage-first heap   total 276480K, used 230436K [0x0000000080000000, 0x0000000100000000)
  region size 1024K, 102 young (104448K), 9 survivors (9216K)
 Metaspace       used 87649K, capacity 90049K, committed 90192K, reserved 1128448K
  class space    used 11300K, capacity 12120K, committed 12236K, reserved 1048576K
}
Event: 16.051 GC heap after
{Heap after GC invocations=24 (full 0):
 garbage-first heap   total 276480K, used 143981K [0x0000000080000000, 0x0000000100000000)
  region size 1024K, 11 young (11264K), 11 survivors (11264K)
 Metaspace       used 87649K, capacity 90049K, committed 90192K, reserved 1128448K
  class space    used 11300K, capacity 12120K, committed 12236K, reserved 1048576K
}
Event: 16.541 GC heap before
{Heap before GC invocations=24 (full 0):
 garbage-first heap   total 276480K, used 205421K [0x0000000080000000, 0x0000000100000000)
  region size 1024K, 72 young (73728K), 11 survivors (11264K)
 Metaspace       used 90140K, capacity 92428K, committed 92752K, reserved 1130496K
  class space    used 11614K, capacity 12419K, committed 12492K, reserved 1048576K
}
Event: 16.557 GC heap after
{Heap after GC invocations=25 (full 0):
 garbage-first heap   total 276480K, used 146143K [0x0000000080000000, 0x0000000100000000)
  region size 1024K, 3 young (3072K), 3 survivors (3072K)
 Metaspace       used 90140K, capacity 92428K, committed 92752K, reserved 1130496K
  class space    used 11614K, capacity 12419K, committed 12492K, reserved 1048576K
}
Event: 17.890 GC heap before
{Heap before GC invocations=26 (full 0):
 garbage-first heap   total 276480K, used 229087K [0x0000000080000000, 0x0000000100000000)
  region size 1024K, 83 young (84992K), 3 survivors (3072K)
 Metaspace       used 99725K, capacity 102266K, committed 102608K, reserved 1138688K
  class space    used 12853K, capacity 13801K, committed 13900K, reserved 1048576K
}
Event: 17.902 GC heap after
{Heap after GC invocations=27 (full 0):
 garbage-first heap   total 276480K, used 149104K [0x0000000080000000, 0x0000000100000000)
  region size 1024K, 6 young (6144K), 6 survivors (6144K)
 Metaspace       used 99725K, capacity 102266K, committed 102608K, reserved 1138688K
  class space    used 12853K, capacity 13801K, committed 13900K, reserved 1048576K
}
Event: 21.193 GC heap before
{Heap before GC invocations=27 (full 0):
 garbage-first heap   total 276480K, used 228976K [0x0000000080000000, 0x0000000100000000)
  region size 1024K, 85 young (87040K), 6 survivors (6144K)
 Metaspace       used 108716K, capacity 111327K, committed 111568K, reserved 1146880K
  class space    used 13875K, capacity 14833K, committed 14924K, reserved 1048576K
}
Event: 21.214 GC heap after
{Heap after GC invocations=28 (full 0):
 garbage-first heap   total 276480K, used 154562K [0x0000000080000000, 0x0000000100000000)
  region size 1024K, 11 young (11264K), 11 survivors (11264K)
 Metaspace       used 108716K, capacity 111327K, committed 111568K, reserved 1146880K
  class space    used 13875K, capacity 14833K, committed 14924K, reserved 1048576K
}
Event: 24.372 GC heap before
{Heap before GC invocations=29 (full 0):
 garbage-first heap   total 276480K, used 231362K [0x0000000080000000, 0x0000000100000000)
  region size 1024K, 87 young (89088K), 11 survivors (11264K)
 Metaspace       used 110217K, capacity 112998K, committed 113360K, reserved 1146880K
  class space    used 13993K, capacity 15052K, committed 15180K, reserved 1048576K
}
Event: 24.393 GC heap after
{Heap after GC invocations=30 (full 0):
 garbage-first heap   total 276480K, used 157474K [0x0000000080000000, 0x0000000100000000)
  region size 1024K, 9 young (9216K), 9 survivors (9216K)
 Metaspace       used 110217K, capacity 112998K, committed 113360K, reserved 1146880K
  class space    used 13993K, capacity 15052K, committed 15180K, reserved 1048576K
}
Event: 26.699 GC heap before
{Heap before GC invocations=30 (full 0):
 garbage-first heap   total 276480K, used 232226K [0x0000000080000000, 0x0000000100000000)
  region size 1024K, 83 young (84992K), 9 survivors (9216K)
 Metaspace       used 111336K, capacity 114112K, committed 114384K, reserved 1148928K
  class space    used 14065K, capacity 15098K, committed 15180K, reserved 1048576K
}
Event: 26.720 GC heap after
{Heap after GC invocations=31 (full 0):
 garbage-first heap   total 276480K, used 161377K [0x0000000080000000, 0x0000000100000000)
  region size 1024K, 7 young (7168K), 7 survivors (7168K)
 Metaspace       used 111336K, capacity 114112K, committed 114384K, reserved 1148928K
  class space    used 14065K, capacity 15098K, committed 15180K, reserved 1048576K
}
Event: 27.949 GC heap before
{Heap before GC invocations=32 (full 0):
 garbage-first heap   total 276480K, used 234081K [0x0000000080000000, 0x0000000100000000)
  region size 1024K, 79 young (80896K), 7 survivors (7168K)
 Metaspace       used 114158K, capacity 116867K, committed 117072K, reserved 1150976K
  class space    used 14408K, capacity 15437K, committed 15564K, reserved 1048576K
}
Event: 27.962 GC heap after
{Heap after GC invocations=33 (full 0):
 garbage-first heap   total 276480K, used 163047K [0x0000000080000000, 0x0000000100000000)
  region size 1024K, 6 young (6144K), 6 survivors (6144K)
 Metaspace       used 114158K, capacity 116867K, committed 117072K, reserved 1150976K
  class space    used 14408K, capacity 15437K, committed 15564K, reserved 1048576K
}
Event: 28.703 GC heap before
{Heap before GC invocations=33 (full 0):
 garbage-first heap   total 276480K, used 235751K [0x0000000080000000, 0x0000000100000000)
  region size 1024K, 78 young (79872K), 6 survivors (6144K)
 Metaspace       used 118551K, capacity 121292K, committed 121424K, reserved 1155072K
  class space    used 14931K, capacity 15969K, committed 16076K, reserved 1048576K
}
Event: 28.718 GC heap after
{Heap after GC invocations=34 (full 0):
 garbage-first heap   total 276480K, used 166818K [0x0000000080000000, 0x0000000100000000)
  region size 1024K, 6 young (6144K), 6 survivors (6144K)
 Metaspace       used 118551K, capacity 121292K, committed 121424K, reserved 1155072K
  class space    used 14931K, capacity 15969K, committed 16076K, reserved 1048576K
}
Event: 1813.296 GC heap before
{Heap before GC invocations=35 (full 0):
 garbage-first heap   total 276480K, used 237474K [0x0000000080000000, 0x0000000100000000)
  region size 1024K, 75 young (76800K), 6 survivors (6144K)
 Metaspace       used 119843K, capacity 122815K, committed 123088K, reserved 1157120K
  class space    used 15036K, capacity 16087K, committed 16204K, reserved 1048576K
}
Event: 1813.307 GC heap after
{Heap after GC invocations=36 (full 0):
 garbage-first heap   total 276480K, used 168522K [0x0000000080000000, 0x0000000100000000)
  region size 1024K, 6 young (6144K), 6 survivors (6144K)
 Metaspace       used 119843K, capacity 122815K, committed 123088K, reserved 1157120K
  class space    used 15036K, capacity 16087K, committed 16204K, reserved 1048576K
}
Event: 2082.042 GC heap before
{Heap before GC invocations=36 (full 0):
 garbage-first heap   total 276480K, used 202314K [0x0000000080000000, 0x0000000100000000)
  region size 1024K, 41 young (41984K), 6 survivors (6144K)
 Metaspace       used 120246K, capacity 123346K, committed 123600K, reserved 1157120K
  class space    used 15094K, capacity 16154K, committed 16204K, reserved 1048576K
}
Event: 2082.059 GC heap after
{Heap after GC invocations=37 (full 0):
 garbage-first heap   total 276480K, used 171536K [0x0000000080000000, 0x0000000100000000)
  region size 1024K, 9 young (9216K), 9 survivors (9216K)
 Metaspace       used 120246K, capacity 123346K, committed 123600K, reserved 1157120K
  class space    used 15094K, capacity 16154K, committed 16204K, reserved 1048576K
}

Deoptimization events (20 events):
Event: 2081.963 Thread 0x000000f8b7ae6800 Uncommon trap: trap_request=0xffffff4d fr.pc=0x000000f8a4c08ea8 relative=0x0000000000000388
Event: 2081.963 Thread 0x000000f8b7ae6800 Uncommon trap: reason=unstable_if action=reinterpret pc=0x000000f8a4c08ea8 method=java.util.stream.AbstractPipeline.<init>(Ljava/util/stream/AbstractPipeline;I)V @ 69 c2
Event: 2081.963 Thread 0x000000f8b7ae6800 DEOPT PACKING pc=0x000000f8a4c08ea8 sp=0x000000f8b982ad90
Event: 2081.963 Thread 0x000000f8b7ae6800 DEOPT UNPACKING pc=0x000000f89ca0a1af sp=0x000000f8b982ad70 mode 2
Event: 2081.965 Thread 0x000000f8b7ae6800 Uncommon trap: trap_request=0xffffffde fr.pc=0x000000f8a4b92c48 relative=0x0000000000000968
Event: 2081.965 Thread 0x000000f8b7ae6800 Uncommon trap: reason=class_check action=maybe_recompile pc=0x000000f8a4b92c48 method=org.gradle.tooling.internal.provider.runner.ClientBuildEventGenerator$Enabled.accept(Lorg/gradle/internal/operations/BuildOperationDescriptor;)Lorg/gradle/tooling/intern
Event: 2081.965 Thread 0x000000f8b7ae6800 DEOPT PACKING pc=0x000000f8a4b92c48 sp=0x000000f8b982b2b0
Event: 2081.965 Thread 0x000000f8b7ae6800 DEOPT UNPACKING pc=0x000000f89ca0a1af sp=0x000000f8b982b1d8 mode 2
Event: 2081.968 Thread 0x000000f8b7ae7000 Uncommon trap: trap_request=0xffffffd6 fr.pc=0x000000f8a4dd5a50 relative=0x0000000000000670
Event: 2081.968 Thread 0x000000f8b7ae7000 Uncommon trap: reason=array_check action=maybe_recompile pc=0x000000f8a4dd5a50 method=java.util.ComparableTimSort.binarySort([Ljava/lang/Object;III)V @ 215 c2
Event: 2081.968 Thread 0x000000f8b7ae7000 DEOPT PACKING pc=0x000000f8a4dd5a50 sp=0x000000f8b9c2bdd0
Event: 2081.968 Thread 0x000000f8b7ae7000 DEOPT UNPACKING pc=0x000000f89ca0a1af sp=0x000000f8b9c2bd70 mode 2
Event: 2082.089 Thread 0x000000f8b7ae6800 Uncommon trap: trap_request=0xffffffde fr.pc=0x000000f8a475e9bc relative=0x0000000000000c1c
Event: 2082.089 Thread 0x000000f8b7ae6800 Uncommon trap: reason=class_check action=maybe_recompile pc=0x000000f8a475e9bc method=org.codehaus.groovy.reflection.ParameterTypes.getParametersTypes0()V @ 16 c2
Event: 2082.089 Thread 0x000000f8b7ae6800 DEOPT PACKING pc=0x000000f8a475e9bc sp=0x000000f8b9826230
Event: 2082.089 Thread 0x000000f8b7ae6800 DEOPT UNPACKING pc=0x000000f89ca0a1af sp=0x000000f8b98261a8 mode 2
Event: 2082.091 Thread 0x000000f8b7ae6800 Uncommon trap: trap_request=0xffffffc6 fr.pc=0x000000f8a4972b88 relative=0x0000000000000548
Event: 2082.091 Thread 0x000000f8b7ae6800 Uncommon trap: reason=bimorphic_or_optimized_type_check action=maybe_recompile pc=0x000000f8a4972b88 method=groovy.lang.MetaClassImpl.filterPropertyMethod(Ljava/lang/Object;ZZ)Ljava/lang/Object; @ 165 c2
Event: 2082.091 Thread 0x000000f8b7ae6800 DEOPT PACKING pc=0x000000f8a4972b88 sp=0x000000f8b9828f00
Event: 2082.091 Thread 0x000000f8b7ae6800 DEOPT UNPACKING pc=0x000000f89ca0a1af sp=0x000000f8b9828e68 mode 2

Classes redefined (0 events):
No events

Internal exceptions (20 events):
Event: 2082.071 Thread 0x000000f8b7ae6800 Exception <a 'java/lang/ClassNotFoundException'{0x0000000090995ec8}: com/google/gms/googleservices/GoogleServicesPluginCustomizer> (0x0000000090995ec8) thrown at [./src/hotspot/share/classfile/systemDictionary.cpp, line 231]
Event: 2082.076 Thread 0x000000f8b7ae6800 Exception <a 'java/lang/ClassNotFoundException'{0x0000000090815768}: com/google/gms/googleservices/GoogleServicesPlugin$GoogleServicesPluginConfig_DecoratedBeanInfo> (0x0000000090815768) thrown at [./src/hotspot/share/classfile/systemDictionary.cpp, line 231]
Event: 2082.077 Thread 0x000000f8b7ae6800 Exception <a 'java/lang/ClassNotFoundException'{0x0000000090838a68}: com/google/gms/googleservices/GoogleServicesPlugin$GoogleServicesPluginConfigBeanInfo> (0x0000000090838a68) thrown at [./src/hotspot/share/classfile/systemDictionary.cpp, line 231]
Event: 2082.077 Thread 0x000000f8b7ae6800 Exception <a 'java/lang/ClassNotFoundException'{0x000000009085c148}: com/google/gms/googleservices/GoogleServicesPlugin$GoogleServicesPluginConfigCustomizer> (0x000000009085c148) thrown at [./src/hotspot/share/classfile/systemDictionary.cpp, line 231]
Event: 2082.078 Thread 0x000000f8b7ae6800 Exception <a 'java/lang/ClassNotFoundException'{0x000000009088b008}: com/google/gms/googleservices/GoogleServicesPlugin$GoogleServicesPluginConfig_DecoratedCustomizer> (0x000000009088b008) thrown at [./src/hotspot/share/classfile/systemDictionary.cpp, line 231]
Event: 2082.084 Thread 0x000000f8b7ae6800 Exception <a 'java/lang/ClassNotFoundException'{0x000000009073b558}: org/gradle/configuration/internal/DefaultListenerBuildOperationDecorator$BuildOperationEmittingClosureBeanInfo> (0x000000009073b558) thrown at [./src/hotspot/share/classfile/systemDictionary.cpp, line 231]
Event: 2082.085 Thread 0x000000f8b7ae6800 Exception <a 'java/lang/ClassNotFoundException'{0x0000000090784250}: org/gradle/configuration/internal/DefaultListenerBuildOperationDecorator$BuildOperationEmittingClosureCustomizer> (0x0000000090784250) thrown at [./src/hotspot/share/classfile/systemDictionary.cpp, line 231]
Event: 2082.087 Thread 0x000000f8b7ae6800 Exception <a 'java/lang/ClassNotFoundException'{0x00000000907d0450}: com/google/gms/googleservices/GoogleServicesPlugin$PluginTypeBeanInfo> (0x00000000907d0450) thrown at [./src/hotspot/share/classfile/systemDictionary.cpp, line 231]
Event: 2082.087 Thread 0x000000f8b7ae6800 Exception <a 'java/lang/ClassNotFoundException'{0x00000000907ef768}: com/google/gms/googleservices/GoogleServicesPlugin$PluginTypeCustomizer> (0x00000000907ef768) thrown at [./src/hotspot/share/classfile/systemDictionary.cpp, line 231]
Event: 2082.090 Thread 0x000000f8b7ae6800 Exception <a 'java/lang/ClassNotFoundException'{0x000000009060a3c0}: groovy/runtime/metaclass/[Lcom/google/gms/googleservices/GoogleServicesPlugin$PluginType;MetaClass> (0x000000009060a3c0) thrown at [./src/hotspot/share/prims/jni.cpp, line 637]
Event: 2082.090 Thread 0x000000f8b7ae6800 Exception <a 'java/lang/ClassNotFoundException'{0x0000000090612af8}: [Lcom/google/gms/googleservices/GoogleServicesPlugin$PluginType;BeanInfo> (0x0000000090612af8) thrown at [./src/hotspot/share/prims/jni.cpp, line 637]
Event: 2082.090 Thread 0x000000f8b7ae6800 Exception <a 'java/lang/ClassNotFoundException'{0x0000000090613e28}: [Lcom/google/gms/googleservices/GoogleServicesPlugin$PluginType;BeanInfo> (0x0000000090613e28) thrown at [./src/hotspot/share/prims/jni.cpp, line 637]
Event: 2082.090 Thread 0x000000f8b7ae6800 Exception <a 'java/lang/ClassNotFoundException'{0x0000000090615158}: [Lcom/google/gms/googleservices/GoogleServicesPlugin$PluginType;BeanInfo> (0x0000000090615158) thrown at [./src/hotspot/share/prims/jni.cpp, line 637]
Event: 2082.090 Thread 0x000000f8b7ae6800 Exception <a 'java/lang/ClassNotFoundException'{0x0000000090616598}: [Lcom/google/gms/googleservices/GoogleServicesPlugin$PluginType;Customizer> (0x0000000090616598) thrown at [./src/hotspot/share/prims/jni.cpp, line 637]
Event: 2082.090 Thread 0x000000f8b7ae6800 Exception <a 'java/lang/ClassNotFoundException'{0x00000000906178d0}: [Lcom/google/gms/googleservices/GoogleServicesPlugin$PluginType;Customizer> (0x00000000906178d0) thrown at [./src/hotspot/share/prims/jni.cpp, line 637]
Event: 2082.091 Thread 0x000000f8b7ae6800 Exception <a 'java/lang/ClassNotFoundException'{0x0000000090618c08}: [Lcom/google/gms/googleservices/GoogleServicesPlugin$PluginType;Customizer> (0x0000000090618c08) thrown at [./src/hotspot/share/prims/jni.cpp, line 637]
Event: 2082.113 Thread 0x000000f8b7ae6800 Exception <a 'java/lang/ClassNotFoundException'{0x00000000905e83f8}: org/gradle/internal/logging/slf4j/OutputEventListenerBackedLoggerBeanInfo> (0x00000000905e83f8) thrown at [./src/hotspot/share/classfile/systemDictionary.cpp, line 231]
Event: 2082.116 Thread 0x000000f8b7ae6800 Exception <a 'java/lang/ClassNotFoundException'{0x0000000090423338}: org/gradle/internal/logging/slf4j/BuildOperationAwareLoggerBeanInfo> (0x0000000090423338) thrown at [./src/hotspot/share/classfile/systemDictionary.cpp, line 231]
Event: 2082.120 Thread 0x000000f8b7ae6800 Exception <a 'java/lang/ClassNotFoundException'{0x000000009045dc28}: org/gradle/internal/logging/slf4j/BuildOperationAwareLoggerCustomizer> (0x000000009045dc28) thrown at [./src/hotspot/share/classfile/systemDictionary.cpp, line 231]
Event: 2082.123 Thread 0x000000f8b7ae6800 Exception <a 'java/lang/ClassNotFoundException'{0x00000000904cb530}: org/gradle/internal/logging/slf4j/OutputEventListenerBackedLoggerCustomizer> (0x00000000904cb530) thrown at [./src/hotspot/share/classfile/systemDictionary.cpp, line 231]

Events (20 events):
Event: 2082.126 loading class org/gradle/internal/serialize/Message
Event: 2082.126 loading class org/gradle/internal/serialize/Message done
Event: 2082.130 loading class groovy/runtime/metaclass/com/google/gms/googleservices/GoogleServicesPlugin$_apply_closure2MetaClass
Event: 2082.130 loading class groovy/runtime/metaclass/com/google/gms/googleservices/GoogleServicesPlugin$_apply_closure2MetaClass done
Event: 2082.130 loading class org/codehaus/groovy/runtime/callsite/PojoMetaMethodSite$PojoCachedMethodSiteNoUnwrap
Event: 2082.130 loading class org/codehaus/groovy/runtime/callsite/PojoMetaMethodSite$PojoCachedMethodSiteNoUnwrap done
Event: 2082.132 loading class org/codehaus/groovy/runtime/ConvertedClosure
Event: 2082.132 loading class org/codehaus/groovy/runtime/ConvertedClosure done
Event: 2082.132 loading class org/codehaus/groovy/runtime/ConversionHandler
Event: 2082.132 loading class org/codehaus/groovy/runtime/ConversionHandler done
Event: 2082.134 loading class com/google/gms/googleservices/GoogleServicesPlugin$_apply_closure3
Event: 2082.134 loading class com/google/gms/googleservices/GoogleServicesPlugin$_apply_closure3 done
Event: 2082.134 loading class groovy/runtime/metaclass/com/google/gms/googleservices/GoogleServicesPlugin$_apply_closure3MetaClass
Event: 2082.134 loading class groovy/runtime/metaclass/com/google/gms/googleservices/GoogleServicesPlugin$_apply_closure3MetaClass done
Event: 2082.135 loading class com/google/gms/googleservices/GoogleServicesPlugin$_apply_closure4
Event: 2082.135 loading class com/google/gms/googleservices/GoogleServicesPlugin$_apply_closure4 done
Event: 2082.135 loading class groovy/runtime/metaclass/com/google/gms/googleservices/GoogleServicesPlugin$_apply_closure4MetaClass
Event: 2082.135 loading class groovy/runtime/metaclass/com/google/gms/googleservices/GoogleServicesPlugin$_apply_closure4MetaClass done
Event: 2082.139 Executing VM operation: RevokeBias
Event: 2082.139 Executing VM operation: RevokeBias done


Dynamic libraries:
0x00007ff76fd80000 - 0x00007ff76fd8a000 	C:\Program Files\Android\Android Studio\jre\bin\java.exe
0x00007ffa22e10000 - 0x00007ffa22fbd000 	C:\Windows\SYSTEM32\ntdll.dll
0x00007ffa22b50000 - 0x00007ffa22c8f000 	C:\Windows\system32\KERNEL32.DLL
0x00007ffa20110000 - 0x00007ffa20225000 	C:\Windows\system32\KERNELBASE.dll
0x00007ffa12270000 - 0x00007ffa12289000 	C:\Program Files\Android\Android Studio\jre\bin\jli.dll
0x00007ffa0e6a0000 - 0x00007ffa0e6b7000 	C:\Program Files\Android\Android Studio\jre\bin\VCRUNTIME140.dll
0x00007ffa1d230000 - 0x00007ffa1d234000 	C:\Windows\SYSTEM32\api-ms-win-crt-stdio-l1-1-0.dll
0x00007ffa1bfa0000 - 0x00007ffa1bfa4000 	C:\Windows\SYSTEM32\api-ms-win-crt-runtime-l1-1-0.dll
0x00007ffa155b0000 - 0x00007ffa155b3000 	C:\Windows\SYSTEM32\api-ms-win-crt-environment-l1-1-0.dll
0x00007ffa153f0000 - 0x00007ffa153f5000 	C:\Windows\SYSTEM32\api-ms-win-crt-math-l1-1-0.dll
0x00007ffa13150000 - 0x00007ffa13153000 	C:\Windows\SYSTEM32\api-ms-win-crt-locale-l1-1-0.dll
0x00007ffa14670000 - 0x00007ffa14673000 	C:\Windows\SYSTEM32\api-ms-win-crt-heap-l1-1-0.dll
0x00007ffa1dfd0000 - 0x00007ffa1e24b000 	C:\Windows\WinSxS\amd64_microsoft.windows.common-controls_6595b64144ccf1df_6.0.9600.19394_none_62486577ecb635cf\COMCTL32.dll
0x00007ffa22c90000 - 0x00007ffa22e07000 	C:\Windows\system32\USER32.dll
0x00007ffa153e0000 - 0x00007ffa153e3000 	C:\Windows\SYSTEM32\api-ms-win-crt-filesystem-l1-1-0.dll
0x00007ffa1c850000 - 0x00007ffa1c854000 	C:\Windows\SYSTEM32\api-ms-win-crt-string-l1-1-0.dll
0x00007ffa15cc0000 - 0x00007ffa15cc4000 	C:\Windows\SYSTEM32\api-ms-win-crt-convert-l1-1-0.dll
0x00007ffa20b40000 - 0x00007ffa20bea000 	C:\Windows\system32\msvcrt.dll
0x00007ffa20e70000 - 0x00007ffa20fbe000 	C:\Windows\system32\GDI32.dll
0x00007ffa0a050000 - 0x00007ffa0a144000 	C:\Windows\SYSTEM32\ucrtbase.DLL
0x00007ffa20bf0000 - 0x00007ffa20c26000 	C:\Windows\system32\IMM32.DLL
0x00007ffa209d0000 - 0x00007ffa20b21000 	C:\Windows\system32\MSCTF.dll
0x00007ffa07230000 - 0x00007ffa072cd000 	C:\Program Files\Android\Android Studio\jre\bin\msvcp140.dll
0x00007ffa1c1b0000 - 0x00007ffa1c1b5000 	C:\Windows\SYSTEM32\api-ms-win-crt-multibyte-l1-1-0.dll
0x00007ffa14680000 - 0x00007ffa14683000 	C:\Windows\SYSTEM32\api-ms-win-crt-time-l1-1-0.dll
0x00007ffa15400000 - 0x00007ffa15403000 	C:\Windows\SYSTEM32\api-ms-win-crt-utility-l1-1-0.dll
0x00007ff9f35b0000 - 0x00007ff9f40b2000 	C:\Program Files\Android\Android Studio\jre\bin\server\jvm.dll
0x00007ffa206c0000 - 0x00007ffa2076d000 	C:\Windows\system32\ADVAPI32.dll
0x00007ffa12f90000 - 0x00007ffa12f99000 	C:\Windows\SYSTEM32\WSOCK32.dll
0x00007ffa1d320000 - 0x00007ffa1d342000 	C:\Windows\SYSTEM32\WINMM.dll
0x00007ffa1db80000 - 0x00007ffa1db8a000 	C:\Windows\SYSTEM32\VERSION.dll
0x00007ffa206b0000 - 0x00007ffa206b7000 	C:\Windows\system32\PSAPI.DLL
0x00007ffa207d0000 - 0x00007ffa2082b000 	C:\Windows\SYSTEM32\sechost.dll
0x00007ffa228e0000 - 0x00007ffa22a15000 	C:\Windows\system32\RPCRT4.dll
0x00007ffa20e10000 - 0x00007ffa20e6a000 	C:\Windows\system32\WS2_32.dll
0x00007ffa1d2f0000 - 0x00007ffa1d31a000 	C:\Windows\SYSTEM32\WINMMBASE.dll
0x00007ffa200e0000 - 0x00007ffa2010e000 	C:\Windows\system32\SspiCli.dll
0x00007ffa20b30000 - 0x00007ffa20b39000 	C:\Windows\system32\NSI.dll
0x00007ffa1ff80000 - 0x00007ffa1ffcf000 	C:\Windows\SYSTEM32\cfgmgr32.dll
0x00007ffa1ecf0000 - 0x00007ffa1ed18000 	C:\Windows\SYSTEM32\DEVOBJ.dll
0x00007ffa12fa0000 - 0x00007ffa12fb1000 	C:\Program Files\Android\Android Studio\jre\bin\verify.dll
0x00007ffa0a570000 - 0x00007ffa0a6fa000 	C:\Windows\SYSTEM32\DBGHELP.DLL
0x00007ffa0fd30000 - 0x00007ffa0fd59000 	C:\Program Files\Android\Android Studio\jre\bin\java.dll
0x00007ffa14450000 - 0x00007ffa1445b000 	C:\Program Files\Android\Android Studio\jre\bin\jimage.dll
0x00007ffa11e80000 - 0x00007ffa11e98000 	C:\Program Files\Android\Android Studio\jre\bin\zip.dll
0x00007ffa20fe0000 - 0x00007ffa2250c000 	C:\Windows\system32\SHELL32.dll
0x00007ffa20490000 - 0x00007ffa206a2000 	C:\Windows\SYSTEM32\combase.dll
0x00007ffa22a20000 - 0x00007ffa22a74000 	C:\Windows\system32\SHLWAPI.dll
0x00007ffa1e4b0000 - 0x00007ffa1e562000 	C:\Windows\SYSTEM32\SHCORE.dll
0x00007ffa1feb0000 - 0x00007ffa1fec5000 	C:\Windows\SYSTEM32\profapi.dll
0x00007ffa0f050000 - 0x00007ffa0f06a000 	C:\Program Files\Android\Android Studio\jre\bin\net.dll
0x00007ffa144f0000 - 0x00007ffa145b9000 	C:\Windows\SYSTEM32\WINHTTP.dll
0x00007ffa1f6f0000 - 0x00007ffa1f749000 	C:\Windows\system32\mswsock.dll
0x00007ffa0e8e0000 - 0x00007ffa0e8f4000 	C:\Program Files\Android\Android Studio\jre\bin\nio.dll
0x00007ffa0e9f0000 - 0x00007ffa0ea17000 	C:\Users\Timur\.gradle\native\e1d6ef7f7dcc3fd88c89a11ec53ec762bb8ba0a96d01ffa2cd45eb1d1d8dd5c5\windows-amd64\native-platform.dll
0x00007ffa14380000 - 0x00007ffa1438a000 	C:\Program Files\Android\Android Studio\jre\bin\management.dll
0x00007ffa132a0000 - 0x00007ffa132ad000 	C:\Program Files\Android\Android Studio\jre\bin\management_ext.dll
0x00007ffa1f750000 - 0x00007ffa1f770000 	C:\Windows\SYSTEM32\CRYPTSP.dll
0x00007ffa1f370000 - 0x00007ffa1f3a6000 	C:\Windows\system32\rsaenh.dll
0x00007ffa1f990000 - 0x00007ffa1f9b6000 	C:\Windows\SYSTEM32\bcrypt.dll
0x00007ffa1f480000 - 0x00007ffa1f4a1000 	C:\Windows\SYSTEM32\USERENV.dll
0x00007ffa1fd10000 - 0x00007ffa1fd73000 	C:\Windows\system32\bcryptprimitives.dll
0x00007ffa1fd80000 - 0x00007ffa1fd8b000 	C:\Windows\SYSTEM32\CRYPTBASE.dll
0x00007ffa1cf80000 - 0x00007ffa1cfaa000 	C:\Windows\SYSTEM32\IPHLPAPI.DLL
0x00007ffa1cf70000 - 0x00007ffa1cf7a000 	C:\Windows\SYSTEM32\WINNSI.DLL
0x00007ffa162e0000 - 0x00007ffa162f6000 	C:\Windows\SYSTEM32\dhcpcsvc6.DLL
0x00007ffa162c0000 - 0x00007ffa162da000 	C:\Windows\SYSTEM32\dhcpcsvc.DLL
0x00007ffa0a710000 - 0x00007ffa0a737000 	C:\Program Files\Android\Android Studio\jre\bin\sunec.dll
0x00007ffa1f4f0000 - 0x00007ffa1f594000 	C:\Windows\SYSTEM32\DNSAPI.dll
0x00007ffa14350000 - 0x00007ffa1435a000 	C:\Windows\System32\rasadhlp.dll
0x00007ffa16300000 - 0x00007ffa1636b000 	C:\Windows\System32\fwpuclnt.dll

dbghelp: loaded successfully - version: 4.0.5 - missing functions: none
symbol engine: initialized successfully - sym options: 0x614 - pdb path: .;C:\Program Files\Android\Android Studio\jre\bin;C:\Windows\SYSTEM32;C:\Windows\WinSxS\amd64_microsoft.windows.common-controls_6595b64144ccf1df_6.0.9600.19394_none_62486577ecb635cf;C:\Program Files\Android\Android Studio\jre\bin\server;C:\Users\Timur\.gradle\native\e1d6ef7f7dcc3fd88c89a11ec53ec762bb8ba0a96d01ffa2cd45eb1d1d8dd5c5\windows-amd64

VM Arguments:
jvm_args: --add-opens=java.base/java.util=ALL-UNNAMED --add-opens=java.base/java.lang=ALL-UNNAMED --add-opens=java.base/java.lang.invoke=ALL-UNNAMED --add-opens=java.base/java.util=ALL-UNNAMED --add-opens=java.prefs/java.util.prefs=ALL-UNNAMED --add-opens=java.prefs/java.util.prefs=ALL-UNNAMED --add-opens=java.base/java.nio.charset=ALL-UNNAMED --add-opens=java.base/java.net=ALL-UNNAMED --add-opens=java.base/java.util.concurrent.atomic=ALL-UNNAMED -Xmx2048m -Dfile.encoding=UTF-8 -Duser.country=RU -Duser.language=ru -Duser.variant 
java_command: org.gradle.launcher.daemon.bootstrap.GradleDaemon 7.4
java_class_path (initial): C:\Users\Timur\.gradle\wrapper\dists\gradle-7.4-bin\c0gwcg53nkjbqw7r0h0umtfvt\gradle-7.4\lib\gradle-launcher-7.4.jar
Launcher Type: SUN_STANDARD

[Global flags]
     intx CICompilerCount                          = 3                                         {product} {ergonomic}
     uint ConcGCThreads                            = 1                                         {product} {ergonomic}
     uint G1ConcRefinementThreads                  = 4                                         {product} {ergonomic}
   size_t G1HeapRegionSize                         = 1048576                                   {product} {ergonomic}
    uintx GCDrainStackTargetSize                   = 64                                        {product} {ergonomic}
   size_t InitialHeapSize                          = 134217728                                 {product} {ergonomic}
   size_t MarkStackSize                            = 4194304                                   {product} {ergonomic}
   size_t MaxHeapSize                              = 2147483648                                {product} {command line}
   size_t MaxNewSize                               = 1287651328                                {product} {ergonomic}
   size_t MinHeapDeltaBytes                        = 1048576                                   {product} {ergonomic}
    uintx NonNMethodCodeHeapSize                   = 5830732                                {pd product} {ergonomic}
    uintx NonProfiledCodeHeapSize                  = 122913754                              {pd product} {ergonomic}
    uintx ProfiledCodeHeapSize                     = 122913754                              {pd product} {ergonomic}
    uintx ReservedCodeCacheSize                    = 251658240                              {pd product} {ergonomic}
     bool SegmentedCodeCache                       = true                                      {product} {ergonomic}
     bool UseCompressedClassPointers               = true                                 {lp64_product} {ergonomic}
     bool UseCompressedOops                        = true                                 {lp64_product} {ergonomic}
     bool UseG1GC                                  = true                                      {product} {ergonomic}
     bool UseLargePagesIndividualAllocation        = false                                  {pd product} {ergonomic}

Logging:
Log output configuration:
 #0: stdout all=warning uptime,level,tags
 #1: stderr all=off uptime,level,tags

Environment Variables:
PATH=C:\Program Files\Common Files\Oracle\Java\javapath;C:\Windows\system32;C:\Windows;C:\Windows\System32\Wbem;C:\Windows\System32\WindowsPowerShell\v1.0\;C:\Program Files (x86)\NVIDIA Corporation\PhysX\Common;C:\Program Files\NVIDIA Corporation\NVIDIA NvDLISR
USERNAME=Timur
OS=Windows_NT
PROCESSOR_IDENTIFIER=AMD64 Family 21 Model 2 Stepping 0, AuthenticAMD



---------------  S Y S T E M  ---------------

OS: Windows 8.1 , 64 bit Build 9600 (6.3.9600.20389)
OS uptime: 3 days 18:36 hours

CPU:total 4 (initial active 4) (4 cores per cpu, 1 threads per core) family 21 model 2 stepping 0 microcode 0x600081c, cmov, cx8, fxsr, mmx, sse, sse2, sse3, ssse3, sse4.1, sse4.2, popcnt, avx, aes, clmul, mmxext, 3dnowpref, lzcnt, sse4a, tsc, tscinvbit, tscinv, bmi1, fma

Memory: 4k page, system-wide physical 8173M (2107M free)
TotalPageFile size 16365M (AvailPageFile size 8748M)
current process WorkingSet (physical memory assigned to process): 586M, peak: 598M
current process commit charge ("private bytes"): 617M, peak: 627M

vm_info: OpenJDK 64-Bit Server VM (11.0.13+0-b1751.21-8125866) for windows-amd64 JRE (11.0.13+0-b1751.21-8125866), built on Feb  2 2022 03:00:22 by "builder" with MS VC++ 14.0 (VS2015)

END.
