#
# A fatal error has been detected by the Java Runtime Environment:
#
#  EXCEPTION_ACCESS_VIOLATION (0xc0000005) at pc=0x00007ffe00a52346, pid=3600, tid=6976
#
# JRE version: OpenJDK Runtime Environment (11.0.13) (build 11.0.13+0-b1751.21-8125866)
# Java VM: OpenJDK 64-Bit Server VM (11.0.13+0-b1751.21-8125866, mixed mode, tiered, compressed oops, g1 gc, windows-amd64)
# Problematic frame:
# V  [jvm.dll+0x192346]
#
# No core dump will be written. Minidumps are not enabled by default on client versions of Windows
#
# If you would like to submit a bug report, please visit:
#   https://bugreport.java.com/bugreport/crash.jsp
#

---------------  S U M M A R Y ------------

Command Line: --add-opens=java.base/java.util=ALL-UNNAMED --add-opens=java.base/java.lang=ALL-UNNAMED --add-opens=java.base/java.lang.invoke=ALL-UNNAMED --add-opens=java.base/java.util=ALL-UNNAMED --add-opens=java.prefs/java.util.prefs=ALL-UNNAMED --add-opens=java.prefs/java.util.prefs=ALL-UNNAMED --add-opens=java.base/java.nio.charset=ALL-UNNAMED --add-opens=java.base/java.net=ALL-UNNAMED --add-opens=java.base/java.util.concurrent.atomic=ALL-UNNAMED -Xmx2048m -Dfile.encoding=UTF-8 -Duser.country=RU -Duser.language=ru -Duser.variant org.gradle.launcher.daemon.bootstrap.GradleDaemon 7.4

Host: AMD FX(tm)-4350 Quad-Core Processor            , 4 cores, 7G,  Windows 8.1 , 64 bit Build 9600 (6.3.9600.20389)
Time: Sat Oct  8 20:24:14 2022 RTZ 4 (ceia) elapsed time: 167.368183 seconds (0d 0h 2m 47s)

---------------  T H R E A D  ---------------

Current thread (0x000000a84f452800):  ConcurrentGCThread "G1 Conc#0" [stack: 0x000000a866bf0000,0x000000a866cf0000] [id=6976]

Stack: [0x000000a866bf0000,0x000000a866cf0000],  sp=0x000000a866cef948,  free space=1022k
Native frames: (J=compiled Java code, j=interpreted, Vv=VM code, C=native code)
V  [jvm.dll+0x192346]


siginfo: EXCEPTION_ACCESS_VIOLATION (0xc0000005), reading address 0x000000042062e848


Register to memory mapping:

RIP=0x00007ffe00a52346 jvm.dll
RAX=0x0800092204492201 is an unknown value
RBX=0x00000000840c5cd8 is pointing into object: java.beans.MethodDescriptor 
{0x00000000840c5cd0} - klass: 'java/beans/MethodDescriptor'
RCX=0x00000000840c5cd8 is pointing into object: java.beans.MethodDescriptor 
{0x00000000840c5cd0} - klass: 'java/beans/MethodDescriptor'
RDX=0x00000000840c5cd8 is pointing into object: java.beans.MethodDescriptor 
{0x00000000840c5cd0} - klass: 'java/beans/MethodDescriptor'
RSP=0x000000a866cef948 points into unknown readable memory: 0x00007ffe00ba50ba | ba 50 ba 00 fe 7f 00 00
RBP=0x000000a84f4481e0 points into unknown readable memory: 0x000000a84f451000 | 00 10 45 4f a8 00 00 00
RSI=0x0000000000000001 is an unknown value
RDI=0x0 is NULL
R8 =0x0800092204492210 is an unknown value
R9 =0x000000042062e840 is an unknown value
R10=0x000000a84f4481e0 points into unknown readable memory: 0x000000a84f451000 | 00 10 45 4f a8 00 00 00
R11=0x000000a864af0000 points into unknown readable memory: 0x0000000000000001 | 01 00 00 00 00 00 00 00
R12=0x000000000000000c is an unknown value
R13=0xaaaaaaaaaaaaaaab is an unknown value
R14=0x0 is NULL
R15=0x00000000842c9028 is an oop: org.codehaus.groovy.reflection.CachedMethod 
{0x00000000842c9028} - klass: 'org/codehaus/groovy/reflection/CachedMethod'


Registers:
RAX=0x0800092204492201, RBX=0x00000000840c5cd8, RCX=0x00000000840c5cd8, RDX=0x00000000840c5cd8
RSP=0x000000a866cef948, RBP=0x000000a84f4481e0, RSI=0x0000000000000001, RDI=0x0000000000000000
R8 =0x0800092204492210, R9 =0x000000042062e840, R10=0x000000a84f4481e0, R11=0x000000a864af0000
R12=0x000000000000000c, R13=0xaaaaaaaaaaaaaaab, R14=0x0000000000000000, R15=0x00000000842c9028
RIP=0x00007ffe00a52346, EFLAGS=0x0000000000010202

Top of Stack: (sp=0x000000a866cef948)
0x000000a866cef948:   00007ffe00ba50ba 00000000840c5cd8
0x000000a866cef958:   0000000100432640 00000000813e4c70
0x000000a866cef968:   000000a866cefb58 0000000100432648
0x000000a866cef978:   00007ffe00ba4f66 0000000100432640
0x000000a866cef988:   00000000840c5cd8 000000a84f456eb0
0x000000a866cef998:   000000a866cefb58 0000000000000000
0x000000a866cef9a8:   000000a866cefb58 00000000842c9068
0x000000a866cef9b8:   00007ffe00b9cdcd 0000000000000008
0x000000a866cef9c8:   00000000842c9050 00000000842c8f20
0x000000a866cef9d8:   00000000842c8f30 000000a866cefb30
0x000000a866cef9e8:   000000a84f453d01 00000001004322f8
0x000000a866cef9f8:   00007ffe00b9c681 0000000000000008
0x000000a866cefa08:   000000a866cefb58 00000000842c9028
0x000000a866cefa18:   000000a866cefb30 00000000842c9028
0x000000a866cefa28:   00007ffe00baac0f 000000a84f456eb0
0x000000a866cefa38:   0000000000860000 000000a866cefb30 

Instructions: (pc=0x00007ffe00a52346)
0x00007ffe00a52246:   48 89 5c 24 20 e8 f0 00 00 00 80 7f 30 00 48 63
0x00007ffe00a52256:   c8 48 89 4c 24 28 0f 28 44 24 20 74 17 0f 11 86
0x00007ffe00a52266:   98 03 00 00 48 8b 5c 24 40 48 8b 74 24 48 48 83
0x00007ffe00a52276:   c4 30 5f c3 48 8b 07 48 8d 54 24 20 48 8b cf 66
0x00007ffe00a52286:   0f 7f 44 24 20 ff 50 38 48 8b 5c 24 40 48 8b 74
0x00007ffe00a52296:   24 48 48 83 c4 30 5f c3 cc cc 40 53 48 83 ec 30
0x00007ffe00a522a6:   0f 10 82 98 03 00 00 48 8b da 0f 10 c8 66 0f 73
0x00007ffe00a522b6:   d9 08 66 48 0f 7e c8 48 85 c0 74 28 48 8b 01 48
0x00007ffe00a522c6:   8d 54 24 20 0f 29 44 24 20 ff 50 40 33 c0 48 89
0x00007ffe00a522d6:   44 24 20 48 89 44 24 28 0f 10 44 24 20 0f 11 83
0x00007ffe00a522e6:   98 03 00 00 48 83 c4 30 5b c3 48 8b 49 38 48 8b
0x00007ffe00a522f6:   01 48 ff 60 28 cc cc cc cc cc 80 3d d2 5e 89 00
0x00007ffe00a52306:   00 48 8b c1 74 1b 8b 51 08 8b 0d 03 cb 84 00 48
0x00007ffe00a52316:   d3 e2 48 8b c8 48 03 15 ee ca 84 00 e9 19 00 00
0x00007ffe00a52326:   00 48 8b 51 08 48 8b c8 e9 0d 00 00 00 cc cc cc
0x00007ffe00a52336:   cc cc cc cc cc cc cc cc cc cc 4c 8b ca 48 8b d1
0x00007ffe00a52346:   45 8b 41 08 45 85 c0 7e 0e 41 f6 c0 01 75 59 41
0x00007ffe00a52356:   c1 f8 03 41 8b c0 c3 79 4f 80 3d 73 5e 89 00 00
0x00007ffe00a52366:   b8 0c 00 00 00 b9 10 00 00 00 0f 45 c8 8b 05 1b
0x00007ffe00a52376:   14 83 00 ff c8 4c 63 c8 48 63 c1 41 8b c8 83 e1
0x00007ffe00a52386:   3f 48 63 14 10 41 8b c0 48 c1 f8 10 0f b6 c0 48
0x00007ffe00a52396:   d3 e2 49 8d 0c 11 49 f7 d1 48 03 c1 49 c1 e9 03
0x00007ffe00a523a6:   48 c1 e8 03 41 23 c1 c3 49 8b 01 49 8b c9 48 ff
0x00007ffe00a523b6:   a0 10 01 00 00 cc cc cc cc cc 48 8b c2 c3 cc cc
0x00007ffe00a523c6:   cc cc cc cc cc cc cc cc cc cc 48 83 ec 38 48 8b
0x00007ffe00a523d6:   41 38 80 78 08 00 74 00 0f 10 02 48 8b 49 38 48
0x00007ffe00a523e6:   8d 54 24 20 0f 29 44 24 20 e8 3c f0 ff ff 48 83
0x00007ffe00a523f6:   c4 38 c3 cc cc cc cc cc cc cc 48 83 ec 38 0f 10
0x00007ffe00a52406:   02 48 8b 01 48 8d 54 24 20 0f 29 44 24 20 ff 50
0x00007ffe00a52416:   38 48 83 c4 38 c3 cc cc cc cc 48 89 5c 24 08 55
0x00007ffe00a52426:   56 57 41 54 41 55 41 56 41 57 48 8d 6c 24 e0 48
0x00007ffe00a52436:   81 ec 20 01 00 00 48 8b 05 4d 51 86 00 48 33 c4 


Stack slot to memory mapping:
stack at sp + 0 slots: 0x00007ffe00ba50ba jvm.dll
stack at sp + 1 slots: 0x00000000840c5cd8 is pointing into object: java.beans.MethodDescriptor 
{0x00000000840c5cd0} - klass: 'java/beans/MethodDescriptor'
stack at sp + 2 slots: 0x0000000100432640 is pointing into metadata
stack at sp + 3 slots: 0x00000000813e4c70 is an oop: org.codehaus.groovy.reflection.stdclasses.StringCachedClass 
{0x00000000813e4c70} - klass: 'org/codehaus/groovy/reflection/stdclasses/StringCachedClass'
stack at sp + 4 slots: 0x000000a866cefb58 points into unknown readable memory: 0x00007ffe011095c0 | c0 95 10 01 fe 7f 00 00
stack at sp + 5 slots: 0x0000000100432648 is a pointer to class: 
org.codehaus.groovy.runtime.InvokerInvocationException {0x0000000100432650}
stack at sp + 6 slots: 0x00007ffe00ba4f66 jvm.dll
stack at sp + 7 slots: 0x0000000100432640 is pointing into metadata


---------------  P R O C E S S  ---------------

Threads class SMR info:
_java_thread_list=0x000000a86e30a440, length=82, elements={
0x000000a84f406000, 0x000000a869316000, 0x000000a869324800, 0x000000a869d43000,
0x000000a869d44000, 0x000000a869d46000, 0x000000a869d8a800, 0x000000a869dba800,
0x000000a869e1e000, 0x000000a869f02000, 0x000000a86df9e800, 0x000000a86d1fb800,
0x000000a86d15c000, 0x000000a86d90c000, 0x000000a86d90b000, 0x000000a86d90f000,
0x000000a86d910800, 0x000000a86d911800, 0x000000a86e19a800, 0x000000a86e19c800,
0x000000a86e19e800, 0x000000a871b46000, 0x000000a871b47000, 0x000000a871b4b000,
0x000000a871d8f800, 0x000000a871d93000, 0x000000a871d91000, 0x000000a871d96000,
0x000000a871b40800, 0x000000a871b3e000, 0x000000a871b41000, 0x000000a871b3e800,
0x000000a871b42000, 0x000000a871b3f800, 0x000000a871b42800, 0x000000a871b45000,
0x000000a871b43800, 0x000000a871b44800, 0x000000a871b4a000, 0x000000a871b48800,
0x000000a871b49800, 0x000000a871b47800, 0x000000a871b4b800, 0x000000a871b4c800,
0x000000a86e19b000, 0x000000a86e19c000, 0x000000a86e1a1800, 0x000000a86e1a1000,
0x000000a86e19f000, 0x000000a86e1a2800, 0x000000a86e1a0000, 0x000000a86e1a4000,
0x000000a86e1a3800, 0x000000a86e1a5800, 0x000000a86e1a6800, 0x000000a86e1a7800,
0x000000a86e1a5000, 0x000000a86e1a8000, 0x000000a86e1a9000, 0x000000a871d90800,
0x000000a871d93800, 0x000000a871d92000, 0x000000a871d94800, 0x000000a871d95800,
0x000000a86d90d800, 0x000000a86d90c800, 0x000000a86d910000, 0x000000a86d90e800,
0x000000a86d832800, 0x000000a86d831000, 0x000000a86d832000, 0x000000a86d830800,
0x000000a86d834800, 0x000000a86d836000, 0x000000a86d833800, 0x000000a86d837000,
0x000000a86d837800, 0x000000a86d835000, 0x000000a86d83b000, 0x000000a86d839800,
0x000000a86d838800, 0x000000a86ad43800
}

Java Threads: ( => current thread )
  0x000000a84f406000 JavaThread "main" [_thread_blocked, id=5852, stack(0x000000a84eab0000,0x000000a84ebb0000)]
  0x000000a869316000 JavaThread "Reference Handler" daemon [_thread_blocked, id=5860, stack(0x000000a86a230000,0x000000a86a330000)]
  0x000000a869324800 JavaThread "Finalizer" daemon [_thread_blocked, id=3152, stack(0x000000a86a330000,0x000000a86a430000)]
  0x000000a869d43000 JavaThread "Signal Dispatcher" daemon [_thread_blocked, id=6208, stack(0x000000a86a510000,0x000000a86a610000)]
  0x000000a869d44000 JavaThread "Attach Listener" daemon [_thread_blocked, id=4812, stack(0x000000a86a610000,0x000000a86a710000)]
  0x000000a869d46000 JavaThread "Service Thread" daemon [_thread_blocked, id=6264, stack(0x000000a86a710000,0x000000a86a810000)]
  0x000000a869d8a800 JavaThread "C2 CompilerThread0" daemon [_thread_in_native, id=3560, stack(0x000000a86a810000,0x000000a86a910000)]
  0x000000a869dba800 JavaThread "C1 CompilerThread0" daemon [_thread_blocked, id=6552, stack(0x000000a86a910000,0x000000a86aa10000)]
  0x000000a869e1e000 JavaThread "Sweeper thread" daemon [_thread_blocked, id=2256, stack(0x000000a86aa10000,0x000000a86ab10000)]
  0x000000a869f02000 JavaThread "Common-Cleaner" daemon [_thread_blocked, id=2300, stack(0x000000a86ab10000,0x000000a86ac10000)]
  0x000000a86df9e800 JavaThread "Daemon health stats" [_thread_blocked, id=6364, stack(0x000000a86f170000,0x000000a86f270000)]
  0x000000a86d1fb800 JavaThread "Incoming local TCP Connector on port 51109" [_thread_in_native, id=5664, stack(0x000000a86f850000,0x000000a86f950000)]
  0x000000a86d15c000 JavaThread "Daemon periodic checks" [_thread_blocked, id=5292, stack(0x000000a86f720000,0x000000a86f820000)]
  0x000000a86d90c000 JavaThread "Cache worker for journal cache (C:\Users\Timur\.gradle\caches\journal-1)" [_thread_blocked, id=5432, stack(0x000000a86f550000,0x000000a86f650000)]
  0x000000a86d90b000 JavaThread "File lock request listener" [_thread_in_native, id=1904, stack(0x000000a870110000,0x000000a870210000)]
  0x000000a86d90f000 JavaThread "Cache worker for file hash cache (C:\Users\Timur\.gradle\caches\7.4\fileHashes)" [_thread_blocked, id=6368, stack(0x000000a8708e0000,0x000000a8709e0000)]
  0x000000a86d910800 JavaThread "Cache worker for execution history cache (C:\Users\Timur\.gradle\caches\7.4\executionHistory)" [_thread_blocked, id=4868, stack(0x000000a872620000,0x000000a872720000)]
  0x000000a86d911800 JavaThread "jar transforms" [_thread_blocked, id=6136, stack(0x000000a872f20000,0x000000a873020000)]
  0x000000a86e19a800 JavaThread "Cache worker for file content cache (C:\Users\Timur\.gradle\caches\7.4\fileContent)" [_thread_blocked, id=5304, stack(0x000000a873020000,0x000000a873120000)]
  0x000000a86e19c800 JavaThread "jar transforms Thread 2" [_thread_blocked, id=3400, stack(0x000000a873320000,0x000000a873420000)]
  0x000000a86e19e800 JavaThread "jar transforms Thread 3" [_thread_blocked, id=6268, stack(0x000000a873420000,0x000000a873520000)]
  0x000000a871b46000 JavaThread "jar transforms Thread 4" [_thread_blocked, id=2672, stack(0x000000a8775c0000,0x000000a8776c0000)]
  0x000000a871b47000 JavaThread "Memory manager" [_thread_blocked, id=3396, stack(0x000000a8780c0000,0x000000a8781c0000)]
  0x000000a871b4b000 JavaThread "RMI Scheduler(0)" daemon [_thread_blocked, id=5936, stack(0x000000a87cb50000,0x000000a87cc50000)]
  0x000000a871d8f800 JavaThread "RMI GC Daemon" daemon [_thread_blocked, id=6100, stack(0x000000a87cd50000,0x000000a87ce50000)]
  0x000000a871d93000 JavaThread "RMI TCP Accept-0" daemon [_thread_in_native, id=6828, stack(0x000000a87ce50000,0x000000a87cf50000)]
  0x000000a871d91000 JavaThread "RMI Reaper" [_thread_blocked, id=6372, stack(0x000000a87cf50000,0x000000a87d050000)]
  0x000000a871d96000 JavaThread "ForkJoinPool.commonPool-worker-3" daemon [_thread_blocked, id=6244, stack(0x000000a87e250000,0x000000a87e350000)]
  0x000000a871b40800 JavaThread "Daemon Thread 2" [_thread_blocked, id=5268, stack(0x000000a86b510000,0x000000a86b610000)]
  0x000000a871b3e000 JavaThread "Handler for socket connection from /127.0.0.1:51109 to /127.0.0.1:51219" [_thread_in_native, id=6428, stack(0x000000a86f950000,0x000000a86fa50000)]
  0x000000a871b41000 JavaThread "Cancel handler" [_thread_blocked, id=3004, stack(0x000000a86fd10000,0x000000a86fe10000)]
  0x000000a871b3e800 JavaThread "Daemon worker Thread 2" [_thread_in_native, id=384, stack(0x000000a86fe10000,0x000000a86ff10000)]
  0x000000a871b42000 JavaThread "Asynchronous log dispatcher for DefaultDaemonConnection: socket connection from /127.0.0.1:51109 to /127.0.0.1:51219" [_thread_blocked, id=7020, stack(0x000000a86ff10000,0x000000a870010000)]
  0x000000a871b3f800 JavaThread "Stdin handler" [_thread_blocked, id=6980, stack(0x000000a870010000,0x000000a870110000)]
  0x000000a871b42800 JavaThread "Daemon client event forwarder" [_thread_in_Java, id=456, stack(0x000000a8703e0000,0x000000a8704e0000)]
  0x000000a871b45000 JavaThread "Cache worker for checksums cache (C:\Users\Timur\AndroidStudioProjects\TestApplication\.gradle\7.4\checksums)" [_thread_blocked, id=5416, stack(0x000000a8705e0000,0x000000a8706e0000)]
  0x000000a871b43800 JavaThread "Cache worker for cache directory md-rule (C:\Users\Timur\.gradle\caches\7.4\md-rule)" [_thread_blocked, id=5616, stack(0x000000a872220000,0x000000a872320000)]
  0x000000a871b44800 JavaThread "Cache worker for file hash cache (C:\Users\Timur\AndroidStudioProjects\TestApplication\.gradle\7.4\fileHashes)" [_thread_blocked, id=4324, stack(0x000000a872320000,0x000000a872420000)]
  0x000000a871b4a000 JavaThread "Cache worker for cache directory md-supplier (C:\Users\Timur\.gradle\caches\7.4\md-supplier)" [_thread_blocked, id=5792, stack(0x000000a872420000,0x000000a872520000)]
  0x000000a871b48800 JavaThread "Cache worker for dependencies-accessors (C:\Users\Timur\AndroidStudioProjects\TestApplication\.gradle\7.4\dependencies-accessors)" [_thread_blocked, id=6920, stack(0x000000a873720000,0x000000a873820000)]
  0x000000a871b49800 JavaThread "Cache worker for Build Output Cleanup Cache (C:\Users\Timur\AndroidStudioProjects\TestApplication\.gradle\buildOutputCleanup)" [_thread_blocked, id=6636, stack(0x000000a874cc0000,0x000000a874dc0000)]
  0x000000a871b47800 JavaThread "Unconstrained build operations" [_thread_blocked, id=6340, stack(0x000000a872520000,0x000000a872620000)]
  0x000000a871b4b800 JavaThread "Unconstrained build operations Thread 2" [_thread_blocked, id=6332, stack(0x000000a874dc0000,0x000000a874ec0000)]
  0x000000a871b4c800 JavaThread "Unconstrained build operations Thread 3" [_thread_blocked, id=5552, stack(0x000000a874ec0000,0x000000a874fc0000)]
  0x000000a86e19b000 JavaThread "Unconstrained build operations Thread 4" [_thread_blocked, id=5644, stack(0x000000a874fc0000,0x000000a8750c0000)]
  0x000000a86e19c000 JavaThread "Unconstrained build operations Thread 5" [_thread_blocked, id=4960, stack(0x000000a8750c0000,0x000000a8751c0000)]
  0x000000a86e1a1800 JavaThread "Unconstrained build operations Thread 6" [_thread_blocked, id=6732, stack(0x000000a8751c0000,0x000000a8752c0000)]
  0x000000a86e1a1000 JavaThread "Unconstrained build operations Thread 7" [_thread_blocked, id=5464, stack(0x000000a8752c0000,0x000000a8753c0000)]
  0x000000a86e19f000 JavaThread "Unconstrained build operations Thread 8" [_thread_blocked, id=6464, stack(0x000000a8753c0000,0x000000a8754c0000)]
  0x000000a86e1a2800 JavaThread "Unconstrained build operations Thread 9" [_thread_blocked, id=6708, stack(0x000000a8754c0000,0x000000a8755c0000)]
  0x000000a86e1a0000 JavaThread "Unconstrained build operations Thread 10" [_thread_blocked, id=4588, stack(0x000000a8755c0000,0x000000a8756c0000)]
  0x000000a86e1a4000 JavaThread "Unconstrained build operations Thread 11" [_thread_blocked, id=6768, stack(0x000000a8756c0000,0x000000a8757c0000)]
  0x000000a86e1a3800 JavaThread "Unconstrained build operations Thread 12" [_thread_blocked, id=5496, stack(0x000000a8757c0000,0x000000a8758c0000)]
  0x000000a86e1a5800 JavaThread "Unconstrained build operations Thread 13" [_thread_blocked, id=5296, stack(0x000000a8758c0000,0x000000a8759c0000)]
  0x000000a86e1a6800 JavaThread "Unconstrained build operations Thread 14" [_thread_blocked, id=1912, stack(0x000000a8759c0000,0x000000a875ac0000)]
  0x000000a86e1a7800 JavaThread "Unconstrained build operations Thread 15" [_thread_blocked, id=612, stack(0x000000a875ac0000,0x000000a875bc0000)]
  0x000000a86e1a5000 JavaThread "Unconstrained build operations Thread 16" [_thread_blocked, id=4932, stack(0x000000a875bc0000,0x000000a875cc0000)]
  0x000000a86e1a8000 JavaThread "Unconstrained build operations Thread 17" [_thread_blocked, id=1052, stack(0x000000a875cc0000,0x000000a875dc0000)]
  0x000000a86e1a9000 JavaThread "Unconstrained build operations Thread 18" [_thread_blocked, id=6748, stack(0x000000a875dc0000,0x000000a875ec0000)]
  0x000000a871d90800 JavaThread "Unconstrained build operations Thread 19" [_thread_blocked, id=5688, stack(0x000000a875ec0000,0x000000a875fc0000)]
  0x000000a871d93800 JavaThread "Unconstrained build operations Thread 20" [_thread_blocked, id=6032, stack(0x000000a875fc0000,0x000000a8760c0000)]
  0x000000a871d92000 JavaThread "Unconstrained build operations Thread 21" [_thread_blocked, id=3028, stack(0x000000a8760c0000,0x000000a8761c0000)]
  0x000000a871d94800 JavaThread "Unconstrained build operations Thread 22" [_thread_blocked, id=6240, stack(0x000000a8761c0000,0x000000a8762c0000)]
  0x000000a871d95800 JavaThread "Unconstrained build operations Thread 23" [_thread_blocked, id=4700, stack(0x000000a8762c0000,0x000000a8763c0000)]
  0x000000a86d90d800 JavaThread "Unconstrained build operations Thread 24" [_thread_blocked, id=6924, stack(0x000000a8763c0000,0x000000a8764c0000)]
  0x000000a86d90c800 JavaThread "Unconstrained build operations Thread 25" [_thread_blocked, id=5560, stack(0x000000a8764c0000,0x000000a8765c0000)]
  0x000000a86d910000 JavaThread "Unconstrained build operations Thread 26" [_thread_blocked, id=4524, stack(0x000000a8765c0000,0x000000a8766c0000)]
  0x000000a86d90e800 JavaThread "Unconstrained build operations Thread 27" [_thread_blocked, id=6548, stack(0x000000a8766c0000,0x000000a8767c0000)]
  0x000000a86d832800 JavaThread "Unconstrained build operations Thread 28" [_thread_blocked, id=7088, stack(0x000000a8767c0000,0x000000a8768c0000)]
  0x000000a86d831000 JavaThread "Unconstrained build operations Thread 29" [_thread_blocked, id=6212, stack(0x000000a8768c0000,0x000000a8769c0000)]
  0x000000a86d832000 JavaThread "Unconstrained build operations Thread 30" [_thread_blocked, id=5472, stack(0x000000a8769c0000,0x000000a876ac0000)]
  0x000000a86d830800 JavaThread "Unconstrained build operations Thread 31" [_thread_blocked, id=5156, stack(0x000000a876ac0000,0x000000a876bc0000)]
  0x000000a86d834800 JavaThread "Unconstrained build operations Thread 32" [_thread_blocked, id=5168, stack(0x000000a876bc0000,0x000000a876cc0000)]
  0x000000a86d836000 JavaThread "Unconstrained build operations Thread 33" [_thread_blocked, id=5184, stack(0x000000a876cc0000,0x000000a876dc0000)]
  0x000000a86d833800 JavaThread "Unconstrained build operations Thread 34" [_thread_blocked, id=5188, stack(0x000000a876dc0000,0x000000a876ec0000)]
  0x000000a86d837000 JavaThread "Unconstrained build operations Thread 35" [_thread_blocked, id=5192, stack(0x000000a876ec0000,0x000000a876fc0000)]
  0x000000a86d837800 JavaThread "Unconstrained build operations Thread 36" [_thread_blocked, id=5196, stack(0x000000a876fc0000,0x000000a8770c0000)]
  0x000000a86d835000 JavaThread "Unconstrained build operations Thread 37" [_thread_blocked, id=5200, stack(0x000000a8770c0000,0x000000a8771c0000)]
  0x000000a86d83b000 JavaThread "Unconstrained build operations Thread 38" [_thread_blocked, id=5204, stack(0x000000a8771c0000,0x000000a8772c0000)]
  0x000000a86d839800 JavaThread "Unconstrained build operations Thread 39" [_thread_blocked, id=5208, stack(0x000000a8772c0000,0x000000a8773c0000)]
  0x000000a86d838800 JavaThread "Unconstrained build operations Thread 40" [_thread_blocked, id=5212, stack(0x000000a8773c0000,0x000000a8774c0000)]
  0x000000a86ad43800 JavaThread "C2 CompilerThread1" daemon [_thread_in_native, id=5216, stack(0x000000a8774c0000,0x000000a8775c0000)]

Other Threads:
  0x000000a869d34000 VMThread "VM Thread" [stack: 0x000000a86a130000,0x000000a86a230000] [id=6960]
  0x000000a869f25000 WatcherThread [stack: 0x000000a86ac10000,0x000000a86ad10000] [id=7072]
  0x000000a84f41f000 GCTaskThread "GC Thread#0" [stack: 0x000000a84ed90000,0x000000a84ee90000] [id=6820]
  0x000000a86b691000 GCTaskThread "GC Thread#1" [stack: 0x000000a86c5e0000,0x000000a86c6e0000] [id=1084]
  0x000000a86adf9800 GCTaskThread "GC Thread#2" [stack: 0x000000a86c6e0000,0x000000a86c7e0000] [id=6572]
  0x000000a86b2a2800 GCTaskThread "GC Thread#3" [stack: 0x000000a8704e0000,0x000000a8705e0000] [id=2728]
  0x000000a84f451000 ConcurrentGCThread "G1 Main Marker" [stack: 0x000000a866af0000,0x000000a866bf0000] [id=732]
=>0x000000a84f452800 ConcurrentGCThread "G1 Conc#0" [stack: 0x000000a866bf0000,0x000000a866cf0000] [id=6976]
  0x000000a869164800 ConcurrentGCThread "G1 Refine#0" [stack: 0x000000a869330000,0x000000a869430000] [id=6352]
  0x000000a869167800 ConcurrentGCThread "G1 Young RemSet Sampling" [stack: 0x000000a869430000,0x000000a869530000] [id=4760]

Threads with active compile tasks:
C2 CompilerThread0 167402 14068   !   4       org.gradle.internal.serialize.kryo.StringDeduplicatingKryoBackedDecoder::readNullableString (110 bytes)
C2 CompilerThread1 167402 14065       4       org.gradle.internal.serialize.kryo.StringDeduplicatingKryoBackedDecoder::readString (5 bytes)

VM state:not at safepoint (normal execution)

VM Mutex/Monitor currently owned by a thread: None

Heap address: 0x0000000080000000, size: 2048 MB, Compressed Oops mode: 32-bit
Narrow klass base: 0x0000000000000000, Narrow klass shift: 3
Compressed class space size: 1073741824 Address: 0x0000000100000000

Heap:
 garbage-first heap   total 273408K, used 113146K [0x0000000080000000, 0x0000000100000000)
  region size 1024K, 17 young (17408K), 14 survivors (14336K)
 Metaspace       used 113129K, capacity 116394K, committed 116500K, reserved 1150976K
  class space    used 14824K, capacity 16072K, committed 16076K, reserved 1048576K
Heap Regions: E=young(eden), S=young(survivor), O=old, HS=humongous(starts), HC=humongous(continues), CS=collection set, F=free, A=archive, TAMS=top-at-mark-start (previous, next)
|   0|0x0000000080000000, 0x0000000080100000, 0x0000000080100000|100%|HS|  |TAMS 0x0000000080100000, 0x0000000080100000| Complete 
|   1|0x0000000080100000, 0x0000000080200000, 0x0000000080200000|100%|HC|  |TAMS 0x0000000080200000, 0x0000000080200000| Complete 
|   2|0x0000000080200000, 0x0000000080300000, 0x0000000080300000|100%|HC|  |TAMS 0x0000000080300000, 0x0000000080300000| Complete 
|   3|0x0000000080300000, 0x0000000080400000, 0x0000000080400000|100%| O|  |TAMS 0x0000000080400000, 0x0000000080400000| Untracked 
|   4|0x0000000080400000, 0x0000000080500000, 0x0000000080500000|100%| O|  |TAMS 0x0000000080500000, 0x0000000080500000| Untracked 
|   5|0x0000000080500000, 0x0000000080600000, 0x0000000080600000|100%| O|  |TAMS 0x0000000080600000, 0x0000000080600000| Untracked 
|   6|0x0000000080600000, 0x0000000080700000, 0x0000000080700000|100%| O|  |TAMS 0x0000000080700000, 0x0000000080700000| Untracked 
|   7|0x0000000080700000, 0x0000000080800000, 0x0000000080800000|100%| O|  |TAMS 0x0000000080800000, 0x0000000080800000| Untracked 
|   8|0x0000000080800000, 0x0000000080900000, 0x0000000080900000|100%| O|  |TAMS 0x0000000080900000, 0x0000000080900000| Untracked 
|   9|0x0000000080900000, 0x0000000080a00000, 0x0000000080a00000|100%| O|  |TAMS 0x0000000080a00000, 0x0000000080a00000| Untracked 
|  10|0x0000000080a00000, 0x0000000080b00000, 0x0000000080b00000|100%| O|  |TAMS 0x0000000080b00000, 0x0000000080b00000| Untracked 
|  11|0x0000000080b00000, 0x0000000080c00000, 0x0000000080c00000|100%| O|  |TAMS 0x0000000080c00000, 0x0000000080c00000| Untracked 
|  12|0x0000000080c00000, 0x0000000080d00000, 0x0000000080d00000|100%| O|  |TAMS 0x0000000080d00000, 0x0000000080d00000| Untracked 
|  13|0x0000000080d00000, 0x0000000080e00000, 0x0000000080e00000|100%| O|  |TAMS 0x0000000080e00000, 0x0000000080e00000| Untracked 
|  14|0x0000000080e00000, 0x0000000080f00000, 0x0000000080f00000|100%| O|  |TAMS 0x0000000080f00000, 0x0000000080f00000| Untracked 
|  15|0x0000000080f00000, 0x0000000081000000, 0x0000000081000000|100%| O|  |TAMS 0x0000000081000000, 0x0000000081000000| Untracked 
|  16|0x0000000081000000, 0x0000000081100000, 0x0000000081100000|100%|HS|  |TAMS 0x0000000081100000, 0x0000000081100000| Complete 
|  17|0x0000000081100000, 0x0000000081200000, 0x0000000081200000|100%| O|  |TAMS 0x0000000081200000, 0x0000000081200000| Untracked 
|  18|0x0000000081200000, 0x0000000081300000, 0x0000000081300000|100%| O|  |TAMS 0x0000000081300000, 0x0000000081300000| Untracked 
|  19|0x0000000081300000, 0x0000000081400000, 0x0000000081400000|100%| O|  |TAMS 0x0000000081400000, 0x0000000081400000| Untracked 
|  20|0x0000000081400000, 0x0000000081500000, 0x0000000081500000|100%| O|  |TAMS 0x0000000081500000, 0x0000000081500000| Untracked 
|  21|0x0000000081500000, 0x0000000081600000, 0x0000000081600000|100%| O|  |TAMS 0x0000000081600000, 0x0000000081600000| Untracked 
|  22|0x0000000081600000, 0x0000000081700000, 0x0000000081700000|100%| O|  |TAMS 0x0000000081700000, 0x0000000081700000| Untracked 
|  23|0x0000000081700000, 0x0000000081800000, 0x0000000081800000|100%| O|  |TAMS 0x0000000081800000, 0x0000000081800000| Untracked 
|  24|0x0000000081800000, 0x0000000081900000, 0x0000000081900000|100%|HS|  |TAMS 0x0000000081900000, 0x0000000081900000| Complete 
|  25|0x0000000081900000, 0x0000000081a00000, 0x0000000081a00000|100%|HS|  |TAMS 0x0000000081a00000, 0x0000000081a00000| Complete 
|  26|0x0000000081a00000, 0x0000000081b00000, 0x0000000081b00000|100%|HS|  |TAMS 0x0000000081b00000, 0x0000000081b00000| Complete 
|  27|0x0000000081b00000, 0x0000000081c00000, 0x0000000081c00000|100%|HC|  |TAMS 0x0000000081c00000, 0x0000000081c00000| Complete 
|  28|0x0000000081c00000, 0x0000000081d00000, 0x0000000081d00000|100%|HC|  |TAMS 0x0000000081d00000, 0x0000000081d00000| Complete 
|  29|0x0000000081d00000, 0x0000000081e00000, 0x0000000081e00000|100%| O|  |TAMS 0x0000000081e00000, 0x0000000081e00000| Untracked 
|  30|0x0000000081e00000, 0x0000000081f00000, 0x0000000081f00000|100%|HS|  |TAMS 0x0000000081f00000, 0x0000000081f00000| Complete 
|  31|0x0000000081f00000, 0x0000000082000000, 0x0000000082000000|100%|HC|  |TAMS 0x0000000082000000, 0x0000000082000000| Complete 
|  32|0x0000000082000000, 0x0000000082100000, 0x0000000082100000|100%| O|  |TAMS 0x0000000082100000, 0x0000000082100000| Untracked 
|  33|0x0000000082100000, 0x0000000082200000, 0x0000000082200000|100%| O|  |TAMS 0x0000000082200000, 0x0000000082200000| Untracked 
|  34|0x0000000082200000, 0x0000000082300000, 0x0000000082300000|100%| O|  |TAMS 0x0000000082300000, 0x0000000082300000| Untracked 
|  35|0x0000000082300000, 0x0000000082400000, 0x0000000082400000|100%| O|  |TAMS 0x0000000082400000, 0x0000000082400000| Untracked 
|  36|0x0000000082400000, 0x0000000082500000, 0x0000000082500000|100%| O|  |TAMS 0x0000000082500000, 0x0000000082500000| Untracked 
|  37|0x0000000082500000, 0x0000000082600000, 0x0000000082600000|100%| O|  |TAMS 0x0000000082600000, 0x0000000082600000| Untracked 
|  38|0x0000000082600000, 0x0000000082700000, 0x0000000082700000|100%| O|  |TAMS 0x0000000082700000, 0x0000000082700000| Untracked 
|  39|0x0000000082700000, 0x0000000082800000, 0x0000000082800000|100%| O|  |TAMS 0x0000000082800000, 0x0000000082800000| Untracked 
|  40|0x0000000082800000, 0x0000000082900000, 0x0000000082900000|100%| O|  |TAMS 0x0000000082900000, 0x0000000082900000| Untracked 
|  41|0x0000000082900000, 0x0000000082a00000, 0x0000000082a00000|100%| O|  |TAMS 0x0000000082a00000, 0x0000000082a00000| Untracked 
|  42|0x0000000082a00000, 0x0000000082b00000, 0x0000000082b00000|100%| O|  |TAMS 0x0000000082b00000, 0x0000000082b00000| Untracked 
|  43|0x0000000082b00000, 0x0000000082c00000, 0x0000000082c00000|100%| O|  |TAMS 0x0000000082c00000, 0x0000000082c00000| Untracked 
|  44|0x0000000082c00000, 0x0000000082d00000, 0x0000000082d00000|100%| O|  |TAMS 0x0000000082d00000, 0x0000000082d00000| Untracked 
|  45|0x0000000082d00000, 0x0000000082e00000, 0x0000000082e00000|100%| O|  |TAMS 0x0000000082e00000, 0x0000000082e00000| Untracked 
|  46|0x0000000082e00000, 0x0000000082f00000, 0x0000000082f00000|100%| O|  |TAMS 0x0000000082f00000, 0x0000000082f00000| Untracked 
|  47|0x0000000082f00000, 0x0000000083000000, 0x0000000083000000|100%| O|  |TAMS 0x0000000083000000, 0x0000000083000000| Untracked 
|  48|0x0000000083000000, 0x0000000083100000, 0x0000000083100000|100%| O|  |TAMS 0x0000000083100000, 0x0000000083100000| Untracked 
|  49|0x0000000083100000, 0x0000000083200000, 0x0000000083200000|100%| O|  |TAMS 0x0000000083200000, 0x0000000083200000| Untracked 
|  50|0x0000000083200000, 0x0000000083300000, 0x0000000083300000|100%| O|  |TAMS 0x0000000083300000, 0x0000000083300000| Untracked 
|  51|0x0000000083300000, 0x0000000083400000, 0x0000000083400000|100%| O|  |TAMS 0x0000000083400000, 0x0000000083400000| Untracked 
|  52|0x0000000083400000, 0x0000000083500000, 0x0000000083500000|100%| O|  |TAMS 0x0000000083500000, 0x0000000083500000| Untracked 
|  53|0x0000000083500000, 0x0000000083600000, 0x0000000083600000|100%| O|  |TAMS 0x0000000083600000, 0x0000000083600000| Untracked 
|  54|0x0000000083600000, 0x0000000083700000, 0x0000000083700000|100%| O|  |TAMS 0x0000000083700000, 0x0000000083700000| Untracked 
|  55|0x0000000083700000, 0x0000000083800000, 0x0000000083800000|100%| O|  |TAMS 0x0000000083800000, 0x0000000083800000| Untracked 
|  56|0x0000000083800000, 0x0000000083900000, 0x0000000083900000|100%| O|  |TAMS 0x0000000083900000, 0x0000000083900000| Untracked 
|  57|0x0000000083900000, 0x0000000083a00000, 0x0000000083a00000|100%| O|  |TAMS 0x0000000083a00000, 0x0000000083a00000| Untracked 
|  58|0x0000000083a00000, 0x0000000083b00000, 0x0000000083b00000|100%| O|  |TAMS 0x0000000083b00000, 0x0000000083b00000| Untracked 
|  59|0x0000000083b00000, 0x0000000083c00000, 0x0000000083c00000|100%| O|  |TAMS 0x0000000083c00000, 0x0000000083c00000| Untracked 
|  60|0x0000000083c00000, 0x0000000083d00000, 0x0000000083d00000|100%| O|  |TAMS 0x0000000083d00000, 0x0000000083d00000| Untracked 
|  61|0x0000000083d00000, 0x0000000083e00000, 0x0000000083e00000|100%| O|  |TAMS 0x0000000083e00000, 0x0000000083e00000| Untracked 
|  62|0x0000000083e00000, 0x0000000083f00000, 0x0000000083f00000|100%| O|  |TAMS 0x0000000083f00000, 0x0000000083f00000| Untracked 
|  63|0x0000000083f00000, 0x0000000084000000, 0x0000000084000000|100%| O|  |TAMS 0x0000000084000000, 0x0000000084000000| Untracked 
|  64|0x0000000084000000, 0x0000000084100000, 0x0000000084100000|100%| O|  |TAMS 0x0000000084100000, 0x0000000084100000| Untracked 
|  65|0x0000000084100000, 0x0000000084200000, 0x0000000084200000|100%| O|  |TAMS 0x0000000084200000, 0x0000000084200000| Untracked 
|  66|0x0000000084200000, 0x0000000084300000, 0x0000000084300000|100%| O|  |TAMS 0x0000000084300000, 0x0000000084300000| Untracked 
|  67|0x0000000084300000, 0x0000000084400000, 0x0000000084400000|100%| O|  |TAMS 0x0000000084400000, 0x0000000084400000| Untracked 
|  68|0x0000000084400000, 0x0000000084500000, 0x0000000084500000|100%| O|  |TAMS 0x0000000084500000, 0x0000000084500000| Untracked 
|  69|0x0000000084500000, 0x0000000084600000, 0x0000000084600000|100%| O|  |TAMS 0x0000000084600000, 0x0000000084600000| Untracked 
|  70|0x0000000084600000, 0x0000000084700000, 0x0000000084700000|100%| O|  |TAMS 0x0000000084700000, 0x0000000084700000| Untracked 
|  71|0x0000000084700000, 0x0000000084800000, 0x0000000084800000|100%| O|  |TAMS 0x0000000084800000, 0x0000000084800000| Untracked 
|  72|0x0000000084800000, 0x0000000084900000, 0x0000000084900000|100%| O|  |TAMS 0x0000000084900000, 0x0000000084900000| Untracked 
|  73|0x0000000084900000, 0x0000000084a00000, 0x0000000084a00000|100%| O|  |TAMS 0x0000000084a00000, 0x0000000084a00000| Untracked 
|  74|0x0000000084a00000, 0x0000000084b00000, 0x0000000084b00000|100%| O|  |TAMS 0x0000000084b00000, 0x0000000084b00000| Untracked 
|  75|0x0000000084b00000, 0x0000000084c00000, 0x0000000084c00000|100%| O|  |TAMS 0x0000000084c00000, 0x0000000084c00000| Untracked 
|  76|0x0000000084c00000, 0x0000000084d00000, 0x0000000084d00000|100%| O|  |TAMS 0x0000000084d00000, 0x0000000084d00000| Untracked 
|  77|0x0000000084d00000, 0x0000000084e00000, 0x0000000084e00000|100%| O|  |TAMS 0x0000000084e00000, 0x0000000084e00000| Untracked 
|  78|0x0000000084e00000, 0x0000000084f00000, 0x0000000084f00000|100%| O|  |TAMS 0x0000000084f00000, 0x0000000084f00000| Untracked 
|  79|0x0000000084f00000, 0x0000000085000000, 0x0000000085000000|100%| O|  |TAMS 0x0000000085000000, 0x0000000085000000| Untracked 
|  80|0x0000000085000000, 0x0000000085100000, 0x0000000085100000|100%| O|  |TAMS 0x0000000085100000, 0x0000000085100000| Untracked 
|  81|0x0000000085100000, 0x0000000085200000, 0x0000000085200000|100%| O|  |TAMS 0x0000000085200000, 0x0000000085200000| Untracked 
|  82|0x0000000085200000, 0x0000000085300000, 0x0000000085300000|100%| O|  |TAMS 0x0000000085300000, 0x0000000085300000| Untracked 
|  83|0x0000000085300000, 0x0000000085400000, 0x0000000085400000|100%| O|  |TAMS 0x0000000085400000, 0x0000000085400000| Untracked 
|  84|0x0000000085400000, 0x0000000085500000, 0x0000000085500000|100%| O|  |TAMS 0x0000000085500000, 0x0000000085500000| Untracked 
|  85|0x0000000085500000, 0x0000000085600000, 0x0000000085600000|100%| O|  |TAMS 0x0000000085600000, 0x0000000085600000| Untracked 
|  86|0x0000000085600000, 0x0000000085700000, 0x0000000085700000|100%| O|  |TAMS 0x0000000085700000, 0x0000000085700000| Untracked 
|  87|0x0000000085700000, 0x0000000085800000, 0x0000000085800000|100%| O|  |TAMS 0x0000000085800000, 0x0000000085800000| Untracked 
|  88|0x0000000085800000, 0x0000000085900000, 0x0000000085900000|100%| O|  |TAMS 0x0000000085900000, 0x0000000085900000| Untracked 
|  89|0x0000000085900000, 0x0000000085a00000, 0x0000000085a00000|100%| O|  |TAMS 0x0000000085a00000, 0x0000000085a00000| Untracked 
|  90|0x0000000085a00000, 0x0000000085b00000, 0x0000000085b00000|100%| O|  |TAMS 0x0000000085b00000, 0x0000000085b00000| Untracked 
|  91|0x0000000085b00000, 0x0000000085c00000, 0x0000000085c00000|100%| O|  |TAMS 0x0000000085c00000, 0x0000000085c00000| Untracked 
|  92|0x0000000085c00000, 0x0000000085d00000, 0x0000000085d00000|100%| O|  |TAMS 0x0000000085d00000, 0x0000000085d00000| Untracked 
|  93|0x0000000085d00000, 0x0000000085e00000, 0x0000000085e00000|100%| O|  |TAMS 0x0000000085e00000, 0x0000000085e00000| Untracked 
|  94|0x0000000085e00000, 0x0000000085e80c00, 0x0000000085f00000| 50%| O|  |TAMS 0x0000000085e80c00, 0x0000000085e80c00| Untracked 
|  95|0x0000000085f00000, 0x0000000085f00000, 0x0000000086000000|  0%| F|  |TAMS 0x0000000085f00000, 0x0000000085f00000| Untracked 
|  96|0x0000000086000000, 0x0000000086000000, 0x0000000086100000|  0%| F|  |TAMS 0x0000000086000000, 0x0000000086000000| Untracked 
|  97|0x0000000086100000, 0x0000000086100000, 0x0000000086200000|  0%| F|  |TAMS 0x0000000086100000, 0x0000000086100000| Untracked 
|  98|0x0000000086200000, 0x0000000086200000, 0x0000000086300000|  0%| F|  |TAMS 0x0000000086200000, 0x0000000086200000| Untracked 
|  99|0x0000000086300000, 0x0000000086300000, 0x0000000086400000|  0%| F|  |TAMS 0x0000000086300000, 0x0000000086300000| Untracked 
| 100|0x0000000086400000, 0x0000000086400000, 0x0000000086500000|  0%| F|  |TAMS 0x0000000086400000, 0x0000000086400000| Untracked 
| 101|0x0000000086500000, 0x0000000086500000, 0x0000000086600000|  0%| F|  |TAMS 0x0000000086500000, 0x0000000086500000| Untracked 
| 102|0x0000000086600000, 0x0000000086600000, 0x0000000086700000|  0%| F|  |TAMS 0x0000000086600000, 0x0000000086600000| Untracked 
| 103|0x0000000086700000, 0x0000000086700000, 0x0000000086800000|  0%| F|  |TAMS 0x0000000086700000, 0x0000000086700000| Untracked 
| 104|0x0000000086800000, 0x0000000086800000, 0x0000000086900000|  0%| F|  |TAMS 0x0000000086800000, 0x0000000086800000| Untracked 
| 105|0x0000000086900000, 0x0000000086900000, 0x0000000086a00000|  0%| F|  |TAMS 0x0000000086900000, 0x0000000086900000| Untracked 
| 106|0x0000000086a00000, 0x0000000086a00000, 0x0000000086b00000|  0%| F|  |TAMS 0x0000000086a00000, 0x0000000086a00000| Untracked 
| 107|0x0000000086b00000, 0x0000000086b00000, 0x0000000086c00000|  0%| F|  |TAMS 0x0000000086b00000, 0x0000000086b00000| Untracked 
| 108|0x0000000086c00000, 0x0000000086c00000, 0x0000000086d00000|  0%| F|  |TAMS 0x0000000086c00000, 0x0000000086c00000| Untracked 
| 109|0x0000000086d00000, 0x0000000086d00000, 0x0000000086e00000|  0%| F|  |TAMS 0x0000000086d00000, 0x0000000086d00000| Untracked 
| 110|0x0000000086e00000, 0x0000000086e00000, 0x0000000086f00000|  0%| F|  |TAMS 0x0000000086e00000, 0x0000000086e00000| Untracked 
| 111|0x0000000086f00000, 0x0000000086f00000, 0x0000000087000000|  0%| F|  |TAMS 0x0000000086f00000, 0x0000000086f00000| Untracked 
| 112|0x0000000087000000, 0x0000000087000000, 0x0000000087100000|  0%| F|  |TAMS 0x0000000087000000, 0x0000000087000000| Untracked 
| 113|0x0000000087100000, 0x0000000087100000, 0x0000000087200000|  0%| F|  |TAMS 0x0000000087100000, 0x0000000087100000| Untracked 
| 114|0x0000000087200000, 0x0000000087200000, 0x0000000087300000|  0%| F|  |TAMS 0x0000000087200000, 0x0000000087200000| Untracked 
| 115|0x0000000087300000, 0x0000000087300000, 0x0000000087400000|  0%| F|  |TAMS 0x0000000087300000, 0x0000000087300000| Untracked 
| 116|0x0000000087400000, 0x0000000087400000, 0x0000000087500000|  0%| F|  |TAMS 0x0000000087400000, 0x0000000087400000| Untracked 
| 117|0x0000000087500000, 0x0000000087500000, 0x0000000087600000|  0%| F|  |TAMS 0x0000000087500000, 0x0000000087500000| Untracked 
| 118|0x0000000087600000, 0x0000000087600000, 0x0000000087700000|  0%| F|  |TAMS 0x0000000087600000, 0x0000000087600000| Untracked 
| 119|0x0000000087700000, 0x0000000087700000, 0x0000000087800000|  0%| F|  |TAMS 0x0000000087700000, 0x0000000087700000| Untracked 
| 120|0x0000000087800000, 0x0000000087800000, 0x0000000087900000|  0%| F|  |TAMS 0x0000000087800000, 0x0000000087800000| Untracked 
| 121|0x0000000087900000, 0x0000000087900000, 0x0000000087a00000|  0%| F|  |TAMS 0x0000000087900000, 0x0000000087900000| Untracked 
| 122|0x0000000087a00000, 0x0000000087a00000, 0x0000000087b00000|  0%| F|  |TAMS 0x0000000087a00000, 0x0000000087a00000| Untracked 
| 123|0x0000000087b00000, 0x0000000087b00000, 0x0000000087c00000|  0%| F|  |TAMS 0x0000000087b00000, 0x0000000087b00000| Untracked 
| 124|0x0000000087c00000, 0x0000000087c00000, 0x0000000087d00000|  0%| F|  |TAMS 0x0000000087c00000, 0x0000000087c00000| Untracked 
| 125|0x0000000087d00000, 0x0000000087d00000, 0x0000000087e00000|  0%| F|  |TAMS 0x0000000087d00000, 0x0000000087d00000| Untracked 
| 126|0x0000000087e00000, 0x0000000087e00000, 0x0000000087f00000|  0%| F|  |TAMS 0x0000000087e00000, 0x0000000087e00000| Untracked 
| 127|0x0000000087f00000, 0x0000000087f00000, 0x0000000088000000|  0%| F|  |TAMS 0x0000000087f00000, 0x0000000087f00000| Untracked 
| 128|0x0000000088000000, 0x0000000088000000, 0x0000000088100000|  0%| F|  |TAMS 0x0000000088000000, 0x0000000088000000| Untracked 
| 129|0x0000000088100000, 0x0000000088100000, 0x0000000088200000|  0%| F|  |TAMS 0x0000000088100000, 0x0000000088100000| Untracked 
| 130|0x0000000088200000, 0x0000000088200000, 0x0000000088300000|  0%| F|  |TAMS 0x0000000088200000, 0x0000000088200000| Untracked 
| 131|0x0000000088300000, 0x0000000088300000, 0x0000000088400000|  0%| F|  |TAMS 0x0000000088300000, 0x0000000088300000| Untracked 
| 132|0x0000000088400000, 0x00000000884fdf98, 0x0000000088500000| 99%| S|CS|TAMS 0x0000000088400000, 0x0000000088400000| Complete 
| 133|0x0000000088500000, 0x0000000088600000, 0x0000000088600000|100%| S|CS|TAMS 0x0000000088500000, 0x0000000088500000| Complete 
| 134|0x0000000088600000, 0x0000000088700000, 0x0000000088700000|100%| S|CS|TAMS 0x0000000088600000, 0x0000000088600000| Complete 
| 135|0x0000000088700000, 0x0000000088800000, 0x0000000088800000|100%| S|CS|TAMS 0x0000000088700000, 0x0000000088700000| Complete 
| 136|0x0000000088800000, 0x0000000088900000, 0x0000000088900000|100%| S|CS|TAMS 0x0000000088800000, 0x0000000088800000| Complete 
| 137|0x0000000088900000, 0x0000000088a00000, 0x0000000088a00000|100%| S|CS|TAMS 0x0000000088900000, 0x0000000088900000| Complete 
| 138|0x0000000088a00000, 0x0000000088b00000, 0x0000000088b00000|100%| S|CS|TAMS 0x0000000088a00000, 0x0000000088a00000| Complete 
| 139|0x0000000088b00000, 0x0000000088c00000, 0x0000000088c00000|100%| S|CS|TAMS 0x0000000088b00000, 0x0000000088b00000| Complete 
| 140|0x0000000088c00000, 0x0000000088d00000, 0x0000000088d00000|100%| S|CS|TAMS 0x0000000088c00000, 0x0000000088c00000| Complete 
| 141|0x0000000088d00000, 0x0000000088e00000, 0x0000000088e00000|100%| S|CS|TAMS 0x0000000088d00000, 0x0000000088d00000| Complete 
| 142|0x0000000088e00000, 0x0000000088f00000, 0x0000000088f00000|100%| S|CS|TAMS 0x0000000088e00000, 0x0000000088e00000| Complete 
| 143|0x0000000088f00000, 0x0000000089000000, 0x0000000089000000|100%| S|CS|TAMS 0x0000000088f00000, 0x0000000088f00000| Complete 
| 144|0x0000000089000000, 0x0000000089100000, 0x0000000089100000|100%| S|CS|TAMS 0x0000000089000000, 0x0000000089000000| Complete 
| 145|0x0000000089100000, 0x0000000089200000, 0x0000000089200000|100%| S|CS|TAMS 0x0000000089100000, 0x0000000089100000| Complete 
| 146|0x0000000089200000, 0x0000000089200000, 0x0000000089300000|  0%| F|  |TAMS 0x0000000089200000, 0x0000000089200000| Untracked 
| 147|0x0000000089300000, 0x0000000089300000, 0x0000000089400000|  0%| F|  |TAMS 0x0000000089300000, 0x0000000089300000| Untracked 
| 148|0x0000000089400000, 0x0000000089400000, 0x0000000089500000|  0%| F|  |TAMS 0x0000000089400000, 0x0000000089400000| Untracked 
| 149|0x0000000089500000, 0x0000000089500000, 0x0000000089600000|  0%| F|  |TAMS 0x0000000089500000, 0x0000000089500000| Untracked 
| 150|0x0000000089600000, 0x0000000089600000, 0x0000000089700000|  0%| F|  |TAMS 0x0000000089600000, 0x0000000089600000| Untracked 
| 151|0x0000000089700000, 0x0000000089700000, 0x0000000089800000|  0%| F|  |TAMS 0x0000000089700000, 0x0000000089700000| Untracked 
| 152|0x0000000089800000, 0x0000000089800000, 0x0000000089900000|  0%| F|  |TAMS 0x0000000089800000, 0x0000000089800000| Untracked 
| 153|0x0000000089900000, 0x0000000089900000, 0x0000000089a00000|  0%| F|  |TAMS 0x0000000089900000, 0x0000000089900000| Untracked 
| 154|0x0000000089a00000, 0x0000000089a00000, 0x0000000089b00000|  0%| F|  |TAMS 0x0000000089a00000, 0x0000000089a00000| Untracked 
| 155|0x0000000089b00000, 0x0000000089b00000, 0x0000000089c00000|  0%| F|  |TAMS 0x0000000089b00000, 0x0000000089b00000| Untracked 
| 156|0x0000000089c00000, 0x0000000089c00000, 0x0000000089d00000|  0%| F|  |TAMS 0x0000000089c00000, 0x0000000089c00000| Untracked 
| 157|0x0000000089d00000, 0x0000000089d00000, 0x0000000089e00000|  0%| F|  |TAMS 0x0000000089d00000, 0x0000000089d00000| Untracked 
| 158|0x0000000089e00000, 0x0000000089e00000, 0x0000000089f00000|  0%| F|  |TAMS 0x0000000089e00000, 0x0000000089e00000| Untracked 
| 159|0x0000000089f00000, 0x0000000089f00000, 0x000000008a000000|  0%| F|  |TAMS 0x0000000089f00000, 0x0000000089f00000| Untracked 
| 160|0x000000008a000000, 0x000000008a000000, 0x000000008a100000|  0%| F|  |TAMS 0x000000008a000000, 0x000000008a000000| Untracked 
| 161|0x000000008a100000, 0x000000008a100000, 0x000000008a200000|  0%| F|  |TAMS 0x000000008a100000, 0x000000008a100000| Untracked 
| 162|0x000000008a200000, 0x000000008a200000, 0x000000008a300000|  0%| F|  |TAMS 0x000000008a200000, 0x000000008a200000| Untracked 
| 163|0x000000008a300000, 0x000000008a300000, 0x000000008a400000|  0%| F|  |TAMS 0x000000008a300000, 0x000000008a300000| Untracked 
| 164|0x000000008a400000, 0x000000008a400000, 0x000000008a500000|  0%| F|  |TAMS 0x000000008a400000, 0x000000008a400000| Untracked 
| 165|0x000000008a500000, 0x000000008a500000, 0x000000008a600000|  0%| F|  |TAMS 0x000000008a500000, 0x000000008a500000| Untracked 
| 166|0x000000008a600000, 0x000000008a600000, 0x000000008a700000|  0%| F|  |TAMS 0x000000008a600000, 0x000000008a600000| Untracked 
| 167|0x000000008a700000, 0x000000008a700000, 0x000000008a800000|  0%| F|  |TAMS 0x000000008a700000, 0x000000008a700000| Untracked 
| 168|0x000000008a800000, 0x000000008a800000, 0x000000008a900000|  0%| F|  |TAMS 0x000000008a800000, 0x000000008a800000| Untracked 
| 169|0x000000008a900000, 0x000000008a900000, 0x000000008aa00000|  0%| F|  |TAMS 0x000000008a900000, 0x000000008a900000| Untracked 
| 170|0x000000008aa00000, 0x000000008aa00000, 0x000000008ab00000|  0%| F|  |TAMS 0x000000008aa00000, 0x000000008aa00000| Untracked 
| 171|0x000000008ab00000, 0x000000008ab00000, 0x000000008ac00000|  0%| F|  |TAMS 0x000000008ab00000, 0x000000008ab00000| Untracked 
| 172|0x000000008ac00000, 0x000000008ac00000, 0x000000008ad00000|  0%| F|  |TAMS 0x000000008ac00000, 0x000000008ac00000| Untracked 
| 173|0x000000008ad00000, 0x000000008ad00000, 0x000000008ae00000|  0%| F|  |TAMS 0x000000008ad00000, 0x000000008ad00000| Untracked 
| 174|0x000000008ae00000, 0x000000008ae00000, 0x000000008af00000|  0%| F|  |TAMS 0x000000008ae00000, 0x000000008ae00000| Untracked 
| 175|0x000000008af00000, 0x000000008af00000, 0x000000008b000000|  0%| F|  |TAMS 0x000000008af00000, 0x000000008af00000| Untracked 
| 176|0x000000008b000000, 0x000000008b000000, 0x000000008b100000|  0%| F|  |TAMS 0x000000008b000000, 0x000000008b000000| Untracked 
| 177|0x000000008b100000, 0x000000008b100000, 0x000000008b200000|  0%| F|  |TAMS 0x000000008b100000, 0x000000008b100000| Untracked 
| 178|0x000000008b200000, 0x000000008b200000, 0x000000008b300000|  0%| F|  |TAMS 0x000000008b200000, 0x000000008b200000| Untracked 
| 179|0x000000008b300000, 0x000000008b300000, 0x000000008b400000|  0%| F|  |TAMS 0x000000008b300000, 0x000000008b300000| Untracked 
| 180|0x000000008b400000, 0x000000008b400000, 0x000000008b500000|  0%| F|  |TAMS 0x000000008b400000, 0x000000008b400000| Untracked 
| 181|0x000000008b500000, 0x000000008b500000, 0x000000008b600000|  0%| F|  |TAMS 0x000000008b500000, 0x000000008b500000| Untracked 
| 182|0x000000008b600000, 0x000000008b600000, 0x000000008b700000|  0%| F|  |TAMS 0x000000008b600000, 0x000000008b600000| Untracked 
| 183|0x000000008b700000, 0x000000008b700000, 0x000000008b800000|  0%| F|  |TAMS 0x000000008b700000, 0x000000008b700000| Untracked 
| 184|0x000000008b800000, 0x000000008b800000, 0x000000008b900000|  0%| F|  |TAMS 0x000000008b800000, 0x000000008b800000| Untracked 
| 185|0x000000008b900000, 0x000000008b900000, 0x000000008ba00000|  0%| F|  |TAMS 0x000000008b900000, 0x000000008b900000| Untracked 
| 186|0x000000008ba00000, 0x000000008ba00000, 0x000000008bb00000|  0%| F|  |TAMS 0x000000008ba00000, 0x000000008ba00000| Untracked 
| 187|0x000000008bb00000, 0x000000008bb00000, 0x000000008bc00000|  0%| F|  |TAMS 0x000000008bb00000, 0x000000008bb00000| Untracked 
| 188|0x000000008bc00000, 0x000000008bc00000, 0x000000008bd00000|  0%| F|  |TAMS 0x000000008bc00000, 0x000000008bc00000| Untracked 
| 189|0x000000008bd00000, 0x000000008bd00000, 0x000000008be00000|  0%| F|  |TAMS 0x000000008bd00000, 0x000000008bd00000| Untracked 
| 190|0x000000008be00000, 0x000000008be00000, 0x000000008bf00000|  0%| F|  |TAMS 0x000000008be00000, 0x000000008be00000| Untracked 
| 191|0x000000008bf00000, 0x000000008bf00000, 0x000000008c000000|  0%| F|  |TAMS 0x000000008bf00000, 0x000000008bf00000| Untracked 
| 192|0x000000008c000000, 0x000000008c000000, 0x000000008c100000|  0%| F|  |TAMS 0x000000008c000000, 0x000000008c000000| Untracked 
| 193|0x000000008c100000, 0x000000008c100000, 0x000000008c200000|  0%| F|  |TAMS 0x000000008c100000, 0x000000008c100000| Untracked 
| 194|0x000000008c200000, 0x000000008c200000, 0x000000008c300000|  0%| F|  |TAMS 0x000000008c200000, 0x000000008c200000| Untracked 
| 195|0x000000008c300000, 0x000000008c300000, 0x000000008c400000|  0%| F|  |TAMS 0x000000008c300000, 0x000000008c300000| Untracked 
| 196|0x000000008c400000, 0x000000008c400000, 0x000000008c500000|  0%| F|  |TAMS 0x000000008c400000, 0x000000008c400000| Untracked 
| 197|0x000000008c500000, 0x000000008c500000, 0x000000008c600000|  0%| F|  |TAMS 0x000000008c500000, 0x000000008c500000| Untracked 
| 198|0x000000008c600000, 0x000000008c600000, 0x000000008c700000|  0%| F|  |TAMS 0x000000008c600000, 0x000000008c600000| Untracked 
| 199|0x000000008c700000, 0x000000008c700000, 0x000000008c800000|  0%| F|  |TAMS 0x000000008c700000, 0x000000008c700000| Untracked 
| 200|0x000000008c800000, 0x000000008c800000, 0x000000008c900000|  0%| F|  |TAMS 0x000000008c800000, 0x000000008c800000| Untracked 
| 201|0x000000008c900000, 0x000000008c900000, 0x000000008ca00000|  0%| F|  |TAMS 0x000000008c900000, 0x000000008c900000| Untracked 
| 202|0x000000008ca00000, 0x000000008ca00000, 0x000000008cb00000|  0%| F|  |TAMS 0x000000008ca00000, 0x000000008ca00000| Untracked 
| 203|0x000000008cb00000, 0x000000008cb00000, 0x000000008cc00000|  0%| F|  |TAMS 0x000000008cb00000, 0x000000008cb00000| Untracked 
| 204|0x000000008cc00000, 0x000000008cc00000, 0x000000008cd00000|  0%| F|  |TAMS 0x000000008cc00000, 0x000000008cc00000| Untracked 
| 205|0x000000008cd00000, 0x000000008cd00000, 0x000000008ce00000|  0%| F|  |TAMS 0x000000008cd00000, 0x000000008cd00000| Untracked 
| 206|0x000000008ce00000, 0x000000008ce00000, 0x000000008cf00000|  0%| F|  |TAMS 0x000000008ce00000, 0x000000008ce00000| Untracked 
| 207|0x000000008cf00000, 0x000000008cf00000, 0x000000008d000000|  0%| F|  |TAMS 0x000000008cf00000, 0x000000008cf00000| Untracked 
| 208|0x000000008d000000, 0x000000008d000000, 0x000000008d100000|  0%| F|  |TAMS 0x000000008d000000, 0x000000008d000000| Untracked 
| 209|0x000000008d100000, 0x000000008d100000, 0x000000008d200000|  0%| F|  |TAMS 0x000000008d100000, 0x000000008d100000| Untracked 
| 210|0x000000008d200000, 0x000000008d200000, 0x000000008d300000|  0%| F|  |TAMS 0x000000008d200000, 0x000000008d200000| Untracked 
| 211|0x000000008d300000, 0x000000008d300000, 0x000000008d400000|  0%| F|  |TAMS 0x000000008d300000, 0x000000008d300000| Untracked 
| 212|0x000000008d400000, 0x000000008d400000, 0x000000008d500000|  0%| F|  |TAMS 0x000000008d400000, 0x000000008d400000| Untracked 
| 213|0x000000008d500000, 0x000000008d500000, 0x000000008d600000|  0%| F|  |TAMS 0x000000008d500000, 0x000000008d500000| Untracked 
| 214|0x000000008d600000, 0x000000008d600000, 0x000000008d700000|  0%| F|  |TAMS 0x000000008d600000, 0x000000008d600000| Untracked 
| 215|0x000000008d700000, 0x000000008d700000, 0x000000008d800000|  0%| F|  |TAMS 0x000000008d700000, 0x000000008d700000| Untracked 
| 216|0x000000008d800000, 0x000000008d800000, 0x000000008d900000|  0%| F|  |TAMS 0x000000008d800000, 0x000000008d800000| Untracked 
| 217|0x000000008d900000, 0x000000008d900000, 0x000000008da00000|  0%| F|  |TAMS 0x000000008d900000, 0x000000008d900000| Untracked 
| 218|0x000000008da00000, 0x000000008da00000, 0x000000008db00000|  0%| F|  |TAMS 0x000000008da00000, 0x000000008da00000| Untracked 
| 219|0x000000008db00000, 0x000000008db00000, 0x000000008dc00000|  0%| F|  |TAMS 0x000000008db00000, 0x000000008db00000| Untracked 
| 220|0x000000008dc00000, 0x000000008dc00000, 0x000000008dd00000|  0%| F|  |TAMS 0x000000008dc00000, 0x000000008dc00000| Untracked 
| 221|0x000000008dd00000, 0x000000008dd00000, 0x000000008de00000|  0%| F|  |TAMS 0x000000008dd00000, 0x000000008dd00000| Untracked 
| 222|0x000000008de00000, 0x000000008de00000, 0x000000008df00000|  0%| F|  |TAMS 0x000000008de00000, 0x000000008de00000| Untracked 
| 223|0x000000008df00000, 0x000000008df00000, 0x000000008e000000|  0%| F|  |TAMS 0x000000008df00000, 0x000000008df00000| Untracked 
| 224|0x000000008e000000, 0x000000008e000000, 0x000000008e100000|  0%| F|  |TAMS 0x000000008e000000, 0x000000008e000000| Untracked 
| 225|0x000000008e100000, 0x000000008e100000, 0x000000008e200000|  0%| F|  |TAMS 0x000000008e100000, 0x000000008e100000| Untracked 
| 226|0x000000008e200000, 0x000000008e200000, 0x000000008e300000|  0%| F|  |TAMS 0x000000008e200000, 0x000000008e200000| Untracked 
| 227|0x000000008e300000, 0x000000008e300000, 0x000000008e400000|  0%| F|  |TAMS 0x000000008e300000, 0x000000008e300000| Untracked 
| 228|0x000000008e400000, 0x000000008e400000, 0x000000008e500000|  0%| F|  |TAMS 0x000000008e400000, 0x000000008e400000| Untracked 
| 229|0x000000008e500000, 0x000000008e500000, 0x000000008e600000|  0%| F|  |TAMS 0x000000008e500000, 0x000000008e500000| Untracked 
| 230|0x000000008e600000, 0x000000008e600000, 0x000000008e700000|  0%| F|  |TAMS 0x000000008e600000, 0x000000008e600000| Untracked 
| 231|0x000000008e700000, 0x000000008e700000, 0x000000008e800000|  0%| F|  |TAMS 0x000000008e700000, 0x000000008e700000| Untracked 
| 232|0x000000008e800000, 0x000000008e800000, 0x000000008e900000|  0%| F|  |TAMS 0x000000008e800000, 0x000000008e800000| Untracked 
| 233|0x000000008e900000, 0x000000008e900000, 0x000000008ea00000|  0%| F|  |TAMS 0x000000008e900000, 0x000000008e900000| Untracked 
| 234|0x000000008ea00000, 0x000000008ea00000, 0x000000008eb00000|  0%| F|  |TAMS 0x000000008ea00000, 0x000000008ea00000| Untracked 
| 235|0x000000008eb00000, 0x000000008eb00000, 0x000000008ec00000|  0%| F|  |TAMS 0x000000008eb00000, 0x000000008eb00000| Untracked 
| 236|0x000000008ec00000, 0x000000008ec00000, 0x000000008ed00000|  0%| F|  |TAMS 0x000000008ec00000, 0x000000008ec00000| Untracked 
| 237|0x000000008ed00000, 0x000000008ed00000, 0x000000008ee00000|  0%| F|  |TAMS 0x000000008ed00000, 0x000000008ed00000| Untracked 
| 238|0x000000008ee00000, 0x000000008ee00000, 0x000000008ef00000|  0%| F|  |TAMS 0x000000008ee00000, 0x000000008ee00000| Untracked 
| 239|0x000000008ef00000, 0x000000008ef00000, 0x000000008f000000|  0%| F|  |TAMS 0x000000008ef00000, 0x000000008ef00000| Untracked 
| 240|0x000000008f000000, 0x000000008f000000, 0x000000008f100000|  0%| F|  |TAMS 0x000000008f000000, 0x000000008f000000| Untracked 
| 241|0x000000008f100000, 0x000000008f100000, 0x000000008f200000|  0%| F|  |TAMS 0x000000008f100000, 0x000000008f100000| Untracked 
| 242|0x000000008f200000, 0x000000008f200000, 0x000000008f300000|  0%| F|  |TAMS 0x000000008f200000, 0x000000008f200000| Untracked 
| 243|0x000000008f300000, 0x000000008f300000, 0x000000008f400000|  0%| F|  |TAMS 0x000000008f300000, 0x000000008f300000| Untracked 
| 244|0x000000008f400000, 0x000000008f400000, 0x000000008f500000|  0%| F|  |TAMS 0x000000008f400000, 0x000000008f400000| Untracked 
| 245|0x000000008f500000, 0x000000008f500000, 0x000000008f600000|  0%| F|  |TAMS 0x000000008f500000, 0x000000008f500000| Untracked 
| 246|0x000000008f600000, 0x000000008f600000, 0x000000008f700000|  0%| F|  |TAMS 0x000000008f600000, 0x000000008f600000| Untracked 
| 247|0x000000008f700000, 0x000000008f700000, 0x000000008f800000|  0%| F|  |TAMS 0x000000008f700000, 0x000000008f700000| Untracked 
| 248|0x000000008f800000, 0x000000008f800000, 0x000000008f900000|  0%| F|  |TAMS 0x000000008f800000, 0x000000008f800000| Untracked 
| 249|0x000000008f900000, 0x000000008f900000, 0x000000008fa00000|  0%| F|  |TAMS 0x000000008f900000, 0x000000008f900000| Untracked 
| 250|0x000000008fa00000, 0x000000008fa00000, 0x000000008fb00000|  0%| F|  |TAMS 0x000000008fa00000, 0x000000008fa00000| Untracked 
| 251|0x000000008fb00000, 0x000000008fb00000, 0x000000008fc00000|  0%| F|  |TAMS 0x000000008fb00000, 0x000000008fb00000| Untracked 
| 252|0x000000008fc00000, 0x000000008fc00000, 0x000000008fd00000|  0%| F|  |TAMS 0x000000008fc00000, 0x000000008fc00000| Untracked 
| 253|0x000000008fd00000, 0x000000008fd00000, 0x000000008fe00000|  0%| F|  |TAMS 0x000000008fd00000, 0x000000008fd00000| Untracked 
| 254|0x000000008fe00000, 0x000000008fe00000, 0x000000008ff00000|  0%| F|  |TAMS 0x000000008fe00000, 0x000000008fe00000| Untracked 
| 255|0x000000008ff00000, 0x000000008ff00000, 0x0000000090000000|  0%| F|  |TAMS 0x000000008ff00000, 0x000000008ff00000| Untracked 
| 256|0x0000000090000000, 0x0000000090000000, 0x0000000090100000|  0%| F|  |TAMS 0x0000000090000000, 0x0000000090000000| Untracked 
| 257|0x0000000090100000, 0x0000000090100000, 0x0000000090200000|  0%| F|  |TAMS 0x0000000090100000, 0x0000000090100000| Untracked 
| 258|0x0000000090200000, 0x0000000090200000, 0x0000000090300000|  0%| F|  |TAMS 0x0000000090200000, 0x0000000090200000| Untracked 
| 259|0x0000000090300000, 0x0000000090300000, 0x0000000090400000|  0%| F|  |TAMS 0x0000000090300000, 0x0000000090300000| Untracked 
| 260|0x0000000090400000, 0x0000000090400000, 0x0000000090500000|  0%| F|  |TAMS 0x0000000090400000, 0x0000000090400000| Untracked 
| 261|0x0000000090500000, 0x0000000090500000, 0x0000000090600000|  0%| F|  |TAMS 0x0000000090500000, 0x0000000090500000| Untracked 
| 262|0x0000000090600000, 0x0000000090600000, 0x0000000090700000|  0%| F|  |TAMS 0x0000000090600000, 0x0000000090600000| Untracked 
| 263|0x0000000090700000, 0x0000000090700000, 0x0000000090800000|  0%| F|  |TAMS 0x0000000090700000, 0x0000000090700000| Untracked 
| 264|0x0000000090800000, 0x000000009083fb60, 0x0000000090900000| 24%| E|  |TAMS 0x0000000090800000, 0x0000000090800000| Complete 
| 265|0x0000000090900000, 0x0000000090a00000, 0x0000000090a00000|100%| E|CS|TAMS 0x0000000090900000, 0x0000000090900000| Complete 
| 266|0x0000000090a00000, 0x0000000090b00000, 0x0000000090b00000|100%| E|CS|TAMS 0x0000000090a00000, 0x0000000090a00000| Complete 

Card table byte_map: [0x000000a8622f0000,0x000000a8626f0000] _byte_map_base: 0x000000a861ef0000

Marking Bits (Prev, Next): (CMBitMap*) 0x000000a84f4481f8, (CMBitMap*) 0x000000a84f448230
 Prev Bits: [0x000000a862af0000, 0x000000a864af0000)
 Next Bits: [0x000000a864af0000, 0x000000a866af0000)

Polling page: 0x000000a84d1e0000

Metaspace:

Usage:
  Non-class:     97.97 MB capacity,    96.00 MB ( 98%) used,     1.60 MB (  2%) free+waste,   380.38 KB ( <1%) overhead. 
      Class:     15.70 MB capacity,    14.48 MB ( 92%) used,     1.05 MB (  7%) free+waste,   176.31 KB (  1%) overhead. 
       Both:    113.67 MB capacity,   110.48 MB ( 97%) used,     2.64 MB (  2%) free+waste,   556.69 KB ( <1%) overhead. 

Virtual space:
  Non-class space:      100.00 MB reserved,      98.07 MB ( 98%) committed 
      Class space:        1.00 GB reserved,      15.70 MB (  2%) committed 
             Both:        1.10 GB reserved,     113.77 MB ( 10%) committed 

Chunk freelists:
   Non-Class:  38.00 KB
       Class:  0 bytes
        Both:  38.00 KB

MaxMetaspaceSize: 17179869184.00 GB
CompressedClassSpaceSize: 1.00 GB
Initial GC threshold: 20.80 MB
Current GC threshold: 168.82 MB
CDS: off

CodeHeap 'non-profiled nmethods': size=120064Kb used=8620Kb max_used=8620Kb free=111443Kb
 bounds [0x000000a85a9b0000, 0x000000a85b220000, 0x000000a861ef0000]
CodeHeap 'profiled nmethods': size=120000Kb used=30646Kb max_used=30646Kb free=89353Kb
 bounds [0x000000a853480000, 0x000000a855270000, 0x000000a85a9b0000]
CodeHeap 'non-nmethods': size=5696Kb used=2452Kb max_used=2493Kb free=3244Kb
 bounds [0x000000a852ef0000, 0x000000a853170000, 0x000000a853480000]
 total_blobs=14940 nmethods=13951 adapters=902
 compilation: enabled
              stopped_count=0, restarted_count=0
 full_count=0

Compilation events (20 events):
Event: 167.283 Thread 0x000000a869dba800 14071       3       org.gradle.api.internal.artifacts.ivyservice.resolveengine.result.DefaultResolutionResultBuilder::visitComponent (41 bytes)
Event: 167.284 Thread 0x000000a869dba800 nmethod 14071 0x000000a855262490 code [0x000000a8552626a0, 0x000000a855262c88]
Event: 167.284 Thread 0x000000a869dba800 14072       3       org.gradle.api.internal.artifacts.ivyservice.resolveengine.result.DefaultResolutionResultBuilder::create (40 bytes)
Event: 167.284 Thread 0x000000a869dba800 nmethod 14072 0x000000a855262e10 code [0x000000a855263000, 0x000000a8552633c8]
Event: 167.284 Thread 0x000000a869dba800 14073       3       org.gradle.api.internal.artifacts.result.DefaultResolvedComponentResult::<init> (116 bytes)
Event: 167.285 Thread 0x000000a869dba800 nmethod 14073 0x000000a855263590 code [0x000000a8552638a0, 0x000000a8552649b8]
Event: 167.285 Thread 0x000000a869dba800 14074   !   3       org.gradle.api.internal.artifacts.ivyservice.resolveengine.result.CachingComponentSelectionDescriptorFactory::newDescriptor (42 bytes)
Event: 167.286 Thread 0x000000a869dba800 nmethod 14074 0x000000a855265010 code [0x000000a855265340, 0x000000a8552668d8]
Event: 167.286 Thread 0x000000a869dba800 14075       3       org.gradle.api.internal.artifacts.ivyservice.resolveengine.result.CachingComponentSelectionDescriptorFactory$$Lambda$686/0x0000000100a1f040::get$Lambda (9 bytes)
Event: 167.286 Thread 0x000000a869dba800 nmethod 14075 0x000000a855267210 code [0x000000a8552673e0, 0x000000a855267638]
Event: 167.298 Thread 0x000000a869d8a800 nmethod 14066 0x000000a85b218290 code [0x000000a85b218440, 0x000000a85b218b98]
Event: 167.298 Thread 0x000000a869d8a800 14067       4       com.esotericsoftware.kryo.io.Input::readInt (70 bytes)
Event: 167.339 Thread 0x000000a869d8a800 nmethod 14067 0x000000a85b218f10 code [0x000000a85b219160, 0x000000a85b21a450]
Event: 167.339 Thread 0x000000a869d8a800 14068   !   4       org.gradle.internal.serialize.kryo.StringDeduplicatingKryoBackedDecoder::readNullableString (110 bytes)
Event: 167.345 Thread 0x000000a869dba800 14076   !   3       java.io.ObjectOutputStream::writeObject0 (619 bytes)
Event: 167.349 Thread 0x000000a869dba800 nmethod 14076 0x000000a855267710 code [0x000000a855267d40, 0x000000a85526b298]
Event: 167.361 Thread 0x000000a869dba800 14079       3       org.gradle.api.internal.artifacts.ivyservice.resolveengine.result.DefaultComponentSelectionDescriptor::<init> (85 bytes)
Event: 167.364 Thread 0x000000a869dba800 nmethod 14079 0x000000a85526c890 code [0x000000a85526caa0, 0x000000a85526d008]
Event: 167.364 Thread 0x000000a869dba800 14081       3       org.gradle.api.internal.artifacts.ivyservice.resolveengine.result.DetachedComponentResult::<init> (38 bytes)
Event: 167.364 Thread 0x000000a869dba800 nmethod 14081 0x000000a85526d210 code [0x000000a85526d3e0, 0x000000a85526d778]

GC Heap History (20 events):
Event: 9.657 GC heap before
{Heap before GC invocations=15 (full 0):
 garbage-first heap   total 189440K, used 127758K [0x0000000080000000, 0x0000000100000000)
  region size 1024K, 75 young (76800K), 7 survivors (7168K)
 Metaspace       used 67862K, capacity 69456K, committed 69668K, reserved 1110016K
  class space    used 8545K, capacity 9136K, committed 9164K, reserved 1048576K
}
Event: 9.671 GC heap after
{Heap after GC invocations=16 (full 0):
 garbage-first heap   total 189440K, used 62276K [0x0000000080000000, 0x0000000100000000)
  region size 1024K, 5 young (5120K), 5 survivors (5120K)
 Metaspace       used 67862K, capacity 69456K, committed 69668K, reserved 1110016K
  class space    used 8545K, capacity 9136K, committed 9164K, reserved 1048576K
}
Event: 10.556 GC heap before
{Heap before GC invocations=16 (full 0):
 garbage-first heap   total 189440K, used 132932K [0x0000000080000000, 0x0000000100000000)
  region size 1024K, 74 young (75776K), 5 survivors (5120K)
 Metaspace       used 73594K, capacity 75183K, committed 75556K, reserved 1114112K
  class space    used 9450K, capacity 10061K, committed 10188K, reserved 1048576K
}
Event: 10.570 GC heap after
{Heap after GC invocations=17 (full 0):
 garbage-first heap   total 227328K, used 66738K [0x0000000080000000, 0x0000000100000000)
  region size 1024K, 9 young (9216K), 9 survivors (9216K)
 Metaspace       used 73594K, capacity 75183K, committed 75556K, reserved 1114112K
  class space    used 9450K, capacity 10061K, committed 10188K, reserved 1048576K
}
Event: 11.700 GC heap before
{Heap before GC invocations=17 (full 0):
 garbage-first heap   total 227328K, used 159922K [0x0000000080000000, 0x0000000100000000)
  region size 1024K, 100 young (102400K), 9 survivors (9216K)
 Metaspace       used 79872K, capacity 81670K, committed 81828K, reserved 1120256K
  class space    used 10333K, capacity 11005K, committed 11084K, reserved 1048576K
}
Event: 11.720 GC heap after
{Heap after GC invocations=18 (full 0):
 garbage-first heap   total 227328K, used 73562K [0x0000000080000000, 0x0000000100000000)
  region size 1024K, 12 young (12288K), 12 survivors (12288K)
 Metaspace       used 79872K, capacity 81670K, committed 81828K, reserved 1120256K
  class space    used 10333K, capacity 11005K, committed 11084K, reserved 1048576K
}
Event: 13.370 GC heap before
{Heap before GC invocations=18 (full 0):
 garbage-first heap   total 227328K, used 164698K [0x0000000080000000, 0x0000000100000000)
  region size 1024K, 102 young (104448K), 12 survivors (12288K)
 Metaspace       used 86529K, capacity 88692K, committed 88996K, reserved 1126400K
  class space    used 11233K, capacity 12025K, committed 12108K, reserved 1048576K
}
Event: 13.393 GC heap after
{Heap after GC invocations=19 (full 0):
 garbage-first heap   total 227328K, used 80144K [0x0000000080000000, 0x0000000100000000)
  region size 1024K, 13 young (13312K), 13 survivors (13312K)
 Metaspace       used 86529K, capacity 88692K, committed 88996K, reserved 1126400K
  class space    used 11233K, capacity 12025K, committed 12108K, reserved 1048576K
}
Event: 14.616 GC heap before
{Heap before GC invocations=19 (full 0):
 garbage-first heap   total 227328K, used 169232K [0x0000000080000000, 0x0000000100000000)
  region size 1024K, 101 young (103424K), 13 survivors (13312K)
 Metaspace       used 87337K, capacity 89512K, committed 89764K, reserved 1126400K
  class space    used 11282K, capacity 12085K, committed 12108K, reserved 1048576K
}
Event: 14.642 GC heap after
{Heap after GC invocations=20 (full 0):
 garbage-first heap   total 227328K, used 86655K [0x0000000080000000, 0x0000000100000000)
  region size 1024K, 13 young (13312K), 13 survivors (13312K)
 Metaspace       used 87337K, capacity 89512K, committed 89764K, reserved 1126400K
  class space    used 11282K, capacity 12085K, committed 12108K, reserved 1048576K
}
Event: 15.432 GC heap before
{Heap before GC invocations=20 (full 0):
 garbage-first heap   total 227328K, used 174719K [0x0000000080000000, 0x0000000100000000)
  region size 1024K, 100 young (102400K), 13 survivors (13312K)
 Metaspace       used 88997K, capacity 91140K, committed 91300K, reserved 1128448K
  class space    used 11513K, capacity 12327K, committed 12364K, reserved 1048576K
}
Event: 15.466 GC heap after
{Heap after GC invocations=21 (full 0):
 garbage-first heap   total 227328K, used 91923K [0x0000000080000000, 0x0000000100000000)
  region size 1024K, 12 young (12288K), 12 survivors (12288K)
 Metaspace       used 88997K, capacity 91140K, committed 91300K, reserved 1128448K
  class space    used 11513K, capacity 12327K, committed 12364K, reserved 1048576K
}
Event: 16.644 GC heap before
{Heap before GC invocations=21 (full 0):
 garbage-first heap   total 227328K, used 177939K [0x0000000080000000, 0x0000000100000000)
  region size 1024K, 96 young (98304K), 12 survivors (12288K)
 Metaspace       used 94665K, capacity 96931K, committed 97188K, reserved 1134592K
  class space    used 12205K, capacity 13060K, committed 13132K, reserved 1048576K
}
Event: 16.673 GC heap after
{Heap after GC invocations=22 (full 0):
 garbage-first heap   total 273408K, used 97072K [0x0000000080000000, 0x0000000100000000)
  region size 1024K, 11 young (11264K), 11 survivors (11264K)
 Metaspace       used 94665K, capacity 96931K, committed 97188K, reserved 1134592K
  class space    used 12205K, capacity 13060K, committed 13132K, reserved 1048576K
}
Event: 19.478 GC heap before
{Heap before GC invocations=22 (full 0):
 garbage-first heap   total 273408K, used 206640K [0x0000000080000000, 0x0000000100000000)
  region size 1024K, 119 young (121856K), 11 survivors (11264K)
 Metaspace       used 97598K, capacity 100055K, committed 100260K, reserved 1136640K
  class space    used 12566K, capacity 13518K, committed 13644K, reserved 1048576K
}
Event: 19.500 GC heap after
{Heap after GC invocations=23 (full 0):
 garbage-first heap   total 273408K, used 102750K [0x0000000080000000, 0x0000000100000000)
  region size 1024K, 11 young (11264K), 11 survivors (11264K)
 Metaspace       used 97598K, capacity 100055K, committed 100260K, reserved 1136640K
  class space    used 12566K, capacity 13518K, committed 13644K, reserved 1048576K
}
Event: 19.630 GC heap before
{Heap before GC invocations=23 (full 0):
 garbage-first heap   total 273408K, used 109918K [0x0000000080000000, 0x0000000100000000)
  region size 1024K, 20 young (20480K), 11 survivors (11264K)
 Metaspace       used 98718K, capacity 101235K, committed 101396K, reserved 1136640K
  class space    used 12728K, capacity 13712K, committed 13772K, reserved 1048576K
}
Event: 19.644 GC heap after
{Heap after GC invocations=24 (full 0):
 garbage-first heap   total 273408K, used 103890K [0x0000000080000000, 0x0000000100000000)
  region size 1024K, 7 young (7168K), 7 survivors (7168K)
 Metaspace       used 98718K, capacity 101235K, committed 101396K, reserved 1136640K
  class space    used 12728K, capacity 13712K, committed 13772K, reserved 1048576K
}
Event: 167.161 GC heap before
{Heap before GC invocations=25 (full 0):
 garbage-first heap   total 273408K, used 230866K [0x0000000080000000, 0x0000000100000000)
  region size 1024K, 121 young (123904K), 7 survivors (7168K)
 Metaspace       used 113102K, capacity 116390K, committed 116500K, reserved 1150976K
  class space    used 14824K, capacity 16071K, committed 16076K, reserved 1048576K
}
Event: 167.200 GC heap after
{Heap after GC invocations=26 (full 0):
 garbage-first heap   total 273408K, used 111098K [0x0000000080000000, 0x0000000100000000)
  region size 1024K, 14 young (14336K), 14 survivors (14336K)
 Metaspace       used 113102K, capacity 116390K, committed 116500K, reserved 1150976K
  class space    used 14824K, capacity 16071K, committed 16076K, reserved 1048576K
}

Deoptimization events (20 events):
Event: 166.490 Thread 0x000000a871b3e800 Uncommon trap: trap_request=0xffffffde fr.pc=0x000000a85b022958 relative=0x0000000000000638
Event: 166.490 Thread 0x000000a871b3e800 Uncommon trap: reason=class_check action=maybe_recompile pc=0x000000a85b022958 method=org.gradle.internal.snapshot.SnapshotHierarchy.findSnapshot(Ljava/lang/String;)Ljava/util/Optional; @ 2 c2
Event: 166.490 Thread 0x000000a871b3e800 DEOPT PACKING pc=0x000000a85b022958 sp=0x000000a86ff09410
Event: 166.490 Thread 0x000000a871b3e800 DEOPT UNPACKING pc=0x000000a852f3a1af sp=0x000000a86ff093c8 mode 2
Event: 166.570 Thread 0x000000a871b3e800 Uncommon trap: trap_request=0xffffffde fr.pc=0x000000a85b09c580 relative=0x00000000000000c0
Event: 166.570 Thread 0x000000a871b3e800 Uncommon trap: reason=class_check action=maybe_recompile pc=0x000000a85b09c580 method=org.gradle.api.internal.file.AbstractOpaqueFileCollection.iterator()Ljava/util/Iterator; @ 4 c2
Event: 166.570 Thread 0x000000a871b3e800 DEOPT PACKING pc=0x000000a85b09c580 sp=0x000000a86ff09740
Event: 166.570 Thread 0x000000a871b3e800 DEOPT UNPACKING pc=0x000000a852f3a1af sp=0x000000a86ff096c8 mode 2
Event: 166.610 Thread 0x000000a871b42800 Uncommon trap: trap_request=0xffffff4d fr.pc=0x000000a85b17e23c relative=0x0000000000006dbc
Event: 166.610 Thread 0x000000a871b42800 Uncommon trap: reason=unstable_if action=reinterpret pc=0x000000a85b17e23c method=java.io.ObjectOutputStream.writeOrdinaryObject(Ljava/lang/Object;Ljava/io/ObjectStreamClass;Z)V @ 113 c2
Event: 166.610 Thread 0x000000a871b42800 DEOPT PACKING pc=0x000000a85b17e23c sp=0x000000a8704de950
Event: 166.610 Thread 0x000000a871b42800 DEOPT UNPACKING pc=0x000000a852f3a1af sp=0x000000a8704de900 mode 2
Event: 166.867 Thread 0x000000a871b3e800 DEOPT PACKING pc=0x000000a85391f779 sp=0x000000a86ff08a10
Event: 166.867 Thread 0x000000a871b3e800 DEOPT UNPACKING pc=0x000000a852f3a95e sp=0x000000a86ff07ed8 mode 0
Event: 166.872 Thread 0x000000a871b3e800 Uncommon trap: trap_request=0xffffffc6 fr.pc=0x000000a85b07e98c relative=0x000000000000058c
Event: 166.872 Thread 0x000000a871b3e800 Uncommon trap: reason=bimorphic_or_optimized_type_check action=maybe_recompile pc=0x000000a85b07e98c method=org.gradle.internal.snapshot.impl.IsolatedArray.isolate()[Ljava/lang/Object; @ 46 c2
Event: 166.872 Thread 0x000000a871b3e800 DEOPT PACKING pc=0x000000a85b07e98c sp=0x000000a86ff08d70
Event: 166.872 Thread 0x000000a871b3e800 DEOPT UNPACKING pc=0x000000a852f3a1af sp=0x000000a86ff08cc0 mode 2
Event: 166.992 Thread 0x000000a871b3e800 DEOPT PACKING pc=0x000000a8542b0c24 sp=0x000000a86ff08db0
Event: 166.992 Thread 0x000000a871b3e800 DEOPT UNPACKING pc=0x000000a852f3a95e sp=0x000000a86ff082d0 mode 0

Classes redefined (0 events):
No events

Internal exceptions (20 events):
Event: 20.430 Thread 0x000000a871b4b800 Exception <a 'sun/nio/fs/WindowsException'{0x000000008df46b00}> (0x000000008df46b00) thrown at [./src/hotspot/share/prims/jni.cpp, line 616]
Event: 20.473 Thread 0x000000a871b49800 Exception <a 'java/lang/NoSuchMethodError'{0x000000008dd5d3d8}: <clinit>> (0x000000008dd5d3d8) thrown at [./src/hotspot/share/prims/jni.cpp, line 1366]
Event: 20.514 Thread 0x000000a871d94800 Exception <a 'sun/nio/fs/WindowsException'{0x000000008db5dc60}> (0x000000008db5dc60) thrown at [./src/hotspot/share/prims/jni.cpp, line 616]
Event: 20.621 Thread 0x000000a871d94800 Exception <a 'sun/nio/fs/WindowsException'{0x000000008d66c5e8}> (0x000000008d66c5e8) thrown at [./src/hotspot/share/prims/jni.cpp, line 616]
Event: 20.763 Thread 0x000000a871b4a000 Exception <a 'java/lang/NoSuchMethodError'{0x000000008cc1f710}: <clinit>> (0x000000008cc1f710) thrown at [./src/hotspot/share/prims/jni.cpp, line 1366]
Event: 20.764 Thread 0x000000a871b4a000 Exception <a 'java/lang/NoSuchMethodError'{0x000000008cc32718}: <clinit>> (0x000000008cc32718) thrown at [./src/hotspot/share/prims/jni.cpp, line 1366]
Event: 20.822 Thread 0x000000a871d93800 Exception <a 'sun/nio/fs/WindowsException'{0x000000008ca3cfa0}> (0x000000008ca3cfa0) thrown at [./src/hotspot/share/prims/jni.cpp, line 616]
Event: 20.827 Thread 0x000000a871d93800 Implicit null exception at 0x000000a85afa84f1 to 0x000000a85afaaff8
Event: 20.894 Thread 0x000000a871d93800 Exception <a 'java/lang/NoSuchMethodError'{0x000000008caf22a0}: 'java.lang.Object java.lang.invoke.DirectMethodHandle$Holder.invokeStatic(java.lang.Object, java.lang.Object, java.lang.Object, java.lang.Object, java.lang.Object, int, java.lang.Object)'> (0x000000008caf22a0) thrown at [./src/hotspot/share/interpreter/linkResolver.cpp, line 773]
Event: 20.959 Thread 0x000000a871d93800 Exception <a 'java/lang/NoSuchMethodError'{0x000000008c6e1a40}: 'java.lang.Object java.lang.invoke.DirectMethodHandle$Holder.invokeSpecial(java.lang.Object, java.lang.Object, java.lang.Object, java.lang.Object, java.lang.Object, java.lang.Object, java.lang.Object, int, java.lang.Object)'> (0x000000008c6e1a40) thrown at [./src/hotspot/share/interpreter/linkResolver.cpp, line 773]
Event: 20.959 Thread 0x000000a871d93800 Exception <a 'java/lang/NoSuchMethodError'{0x000000008c6eafa8}: 'java.lang.Object java.lang.invoke.DirectMethodHandle$Holder.invokeStatic(java.lang.Object, java.lang.Object, java.lang.Object, java.lang.Object, java.lang.Object, java.lang.Object, java.lang.Object, int)'> (0x000000008c6eafa8) thrown at [./src/hotspot/share/interpreter/linkResolver.cpp, line 773]
Event: 20.959 Thread 0x000000a871d93800 Exception <a 'java/lang/NoSuchMethodError'{0x000000008c6ef270}: 'java.lang.Object java.lang.invoke.DirectMethodHandle$Holder.invokeSpecial(java.lang.Object, java.lang.Object, java.lang.Object, java.lang.Object, java.lang.Object, java.lang.Object, java.lang.Object, java.lang.Object, int)'> (0x000000008c6ef270) thrown at [./src/hotspot/share/interpreter/linkResolver.cpp, line 773]
Event: 20.960 Thread 0x000000a871d93800 Exception <a 'java/lang/NoSuchMethodError'{0x000000008c6f2bb0}: 'java.lang.Object java.lang.invoke.Invokers$Holder.linkToTargetMethod(java.lang.Object, java.lang.Object, java.lang.Object, java.lang.Object, java.lang.Object, java.lang.Object, int, java.lang.Object)'> (0x000000008c6f2bb0) thrown at [./src/hotspot/share/interpreter/linkResolver.cpp, line 773]
Event: 21.163 Thread 0x000000a871d93800 Exception <a 'java/lang/NoSuchMethodError'{0x000000008becb190}: 'java.lang.Object java.lang.invoke.DirectMethodHandle$Holder.invokeVirtual(java.lang.Object, java.lang.Object, int)'> (0x000000008becb190) thrown at [./src/hotspot/share/interpreter/linkResolver.cpp, line 773]
Event: 21.164 Thread 0x000000a871d93800 Implicit null exception at 0x000000a85ab62aeb to 0x000000a85ab62b0c
Event: 21.236 Thread 0x000000a86d387000 Exception <a 'sun/nio/fs/WindowsException'{0x000000008bcc14f8}> (0x000000008bcc14f8) thrown at [./src/hotspot/share/prims/jni.cpp, line 616]
Event: 21.236 Thread 0x000000a86d387000 Exception <a 'sun/nio/fs/WindowsException'{0x000000008bcc1578}> (0x000000008bcc1578) thrown at [./src/hotspot/share/prims/jni.cpp, line 616]
Event: 21.237 Thread 0x000000a86d387000 Exception <a 'sun/nio/fs/WindowsException'{0x000000008bcc2f48}> (0x000000008bcc2f48) thrown at [./src/hotspot/share/prims/jni.cpp, line 616]
Event: 21.325 Thread 0x000000a86d387000 Implicit null exception at 0x000000a85b069eaf to 0x000000a85b069efc
Event: 166.822 Thread 0x000000a871b3e800 Exception <a 'sun/nio/fs/WindowsException'{0x0000000089ae4d00}> (0x0000000089ae4d00) thrown at [./src/hotspot/share/prims/jni.cpp, line 616]

Events (20 events):
Event: 166.870 Executing VM operation: RevokeBias
Event: 166.870 Executing VM operation: RevokeBias done
Event: 166.870 Executing VM operation: RevokeBias
Event: 166.870 Executing VM operation: RevokeBias done
Event: 166.870 Executing VM operation: RevokeBias
Event: 166.870 Executing VM operation: RevokeBias done
Event: 166.872 Executing VM operation: RevokeBias
Event: 166.872 Executing VM operation: RevokeBias done
Event: 166.874 Executing VM operation: RevokeBias
Event: 166.874 Executing VM operation: RevokeBias done
Event: 166.940 Executing VM operation: RevokeBias
Event: 166.940 Executing VM operation: RevokeBias done
Event: 166.940 Executing VM operation: RevokeBias
Event: 166.940 Executing VM operation: RevokeBias done
Event: 166.960 Executing VM operation: RevokeBias
Event: 166.960 Executing VM operation: RevokeBias done
Event: 167.161 Executing VM operation: G1CollectForAllocation
Event: 167.200 Executing VM operation: G1CollectForAllocation done
Event: 167.204 Executing VM operation: RevokeBias
Event: 167.204 Executing VM operation: RevokeBias done


Dynamic libraries:
0x00007ff725b90000 - 0x00007ff725b9a000 	C:\Program Files\Android\Android Studio\jre\bin\java.exe
0x00007ffe2db70000 - 0x00007ffe2dd1d000 	C:\Windows\SYSTEM32\ntdll.dll
0x00007ffe2ca70000 - 0x00007ffe2cbaf000 	C:\Windows\system32\KERNEL32.DLL
0x00007ffe2ad30000 - 0x00007ffe2ae45000 	C:\Windows\system32\KERNELBASE.dll
0x00007ffdf7ef0000 - 0x00007ffdf7f09000 	C:\Program Files\Android\Android Studio\jre\bin\jli.dll
0x00007ffdf7ed0000 - 0x00007ffdf7ee7000 	C:\Program Files\Android\Android Studio\jre\bin\VCRUNTIME140.dll
0x00007ffe18160000 - 0x00007ffe18164000 	C:\Windows\SYSTEM32\api-ms-win-crt-stdio-l1-1-0.dll
0x00007ffe1cb50000 - 0x00007ffe1cb54000 	C:\Windows\SYSTEM32\api-ms-win-crt-runtime-l1-1-0.dll
0x00007ffe27200000 - 0x00007ffe27203000 	C:\Windows\SYSTEM32\api-ms-win-crt-environment-l1-1-0.dll
0x00007ffe270f0000 - 0x00007ffe270f5000 	C:\Windows\SYSTEM32\api-ms-win-crt-math-l1-1-0.dll
0x00007ffe0fe00000 - 0x00007ffe0fe03000 	C:\Windows\SYSTEM32\api-ms-win-crt-locale-l1-1-0.dll
0x00007ffe146d0000 - 0x00007ffe146d3000 	C:\Windows\SYSTEM32\api-ms-win-crt-heap-l1-1-0.dll
0x00007ffe2a6f0000 - 0x00007ffe2a96b000 	C:\Windows\WinSxS\amd64_microsoft.windows.common-controls_6595b64144ccf1df_6.0.9600.19394_none_62486577ecb635cf\COMCTL32.dll
0x00007ffe2d0b0000 - 0x00007ffe2d227000 	C:\Windows\system32\USER32.dll
0x00007ffe270e0000 - 0x00007ffe270e3000 	C:\Windows\SYSTEM32\api-ms-win-crt-filesystem-l1-1-0.dll
0x00007ffe1c9f0000 - 0x00007ffe1c9f4000 	C:\Windows\SYSTEM32\api-ms-win-crt-string-l1-1-0.dll
0x00007ffe18170000 - 0x00007ffe18174000 	C:\Windows\SYSTEM32\api-ms-win-crt-convert-l1-1-0.dll
0x00007ffe2d8a0000 - 0x00007ffe2d94a000 	C:\Windows\system32\msvcrt.dll
0x00007ffe2d230000 - 0x00007ffe2d37e000 	C:\Windows\system32\GDI32.dll
0x00007ffe0f7e0000 - 0x00007ffe0f8d4000 	C:\Windows\SYSTEM32\ucrtbase.DLL
0x00007ffe2d5d0000 - 0x00007ffe2d606000 	C:\Windows\system32\IMM32.DLL
0x00007ffe2d670000 - 0x00007ffe2d7c1000 	C:\Windows\system32\MSCTF.dll
0x00007ffdf7e30000 - 0x00007ffdf7ecd000 	C:\Program Files\Android\Android Studio\jre\bin\msvcp140.dll
0x00007ffdff660000 - 0x00007ffdff665000 	C:\Windows\SYSTEM32\api-ms-win-crt-multibyte-l1-1-0.dll
0x00007ffe1ca20000 - 0x00007ffe1ca23000 	C:\Windows\SYSTEM32\api-ms-win-crt-time-l1-1-0.dll
0x00007ffe271f0000 - 0x00007ffe271f3000 	C:\Windows\SYSTEM32\api-ms-win-crt-utility-l1-1-0.dll
0x00007ffe008c0000 - 0x00007ffe013c2000 	C:\Program Files\Android\Android Studio\jre\bin\server\jvm.dll
0x00007ffe2d390000 - 0x00007ffe2d43d000 	C:\Windows\system32\ADVAPI32.dll
0x00007ffe1d160000 - 0x00007ffe1d169000 	C:\Windows\SYSTEM32\WSOCK32.dll
0x00007ffe278b0000 - 0x00007ffe278d2000 	C:\Windows\SYSTEM32\WINMM.dll
0x00007ffe293d0000 - 0x00007ffe293da000 	C:\Windows\SYSTEM32\VERSION.dll
0x00007ffe2d0a0000 - 0x00007ffe2d0a7000 	C:\Windows\system32\PSAPI.DLL
0x00007ffe2b220000 - 0x00007ffe2b27b000 	C:\Windows\SYSTEM32\sechost.dll
0x00007ffe2cbc0000 - 0x00007ffe2ccf5000 	C:\Windows\system32\RPCRT4.dll
0x00007ffe2c7b0000 - 0x00007ffe2c80a000 	C:\Windows\system32\WS2_32.dll
0x00007ffe27820000 - 0x00007ffe2784a000 	C:\Windows\SYSTEM32\WINMMBASE.dll
0x00007ffe2b0b0000 - 0x00007ffe2b0de000 	C:\Windows\system32\SspiCli.dll
0x00007ffe2b210000 - 0x00007ffe2b219000 	C:\Windows\system32\NSI.dll
0x00007ffe2ace0000 - 0x00007ffe2ad2f000 	C:\Windows\SYSTEM32\cfgmgr32.dll
0x00007ffe28f90000 - 0x00007ffe28fb8000 	C:\Windows\SYSTEM32\DEVOBJ.dll
0x00007ffe1ca00000 - 0x00007ffe1ca11000 	C:\Program Files\Android\Android Studio\jre\bin\verify.dll
0x00007ffe19990000 - 0x00007ffe19b1a000 	C:\Windows\SYSTEM32\DBGHELP.DLL
0x00007ffe18e50000 - 0x00007ffe18e79000 	C:\Program Files\Android\Android Studio\jre\bin\java.dll
0x00007ffe18e40000 - 0x00007ffe18e4b000 	C:\Program Files\Android\Android Studio\jre\bin\jimage.dll
0x00007ffe10210000 - 0x00007ffe10228000 	C:\Program Files\Android\Android Studio\jre\bin\zip.dll
0x00007ffe2b280000 - 0x00007ffe2c7ac000 	C:\Windows\system32\SHELL32.dll
0x00007ffe2d950000 - 0x00007ffe2db62000 	C:\Windows\SYSTEM32\combase.dll
0x00007ffe2d610000 - 0x00007ffe2d664000 	C:\Windows\system32\SHLWAPI.dll
0x00007ffe2a2e0000 - 0x00007ffe2a392000 	C:\Windows\SYSTEM32\SHCORE.dll
0x00007ffe2ac10000 - 0x00007ffe2ac25000 	C:\Windows\SYSTEM32\profapi.dll
0x00007ffe0fee0000 - 0x00007ffe0fefa000 	C:\Program Files\Android\Android Studio\jre\bin\net.dll
0x00007ffe29950000 - 0x00007ffe29a19000 	C:\Windows\SYSTEM32\WINHTTP.dll
0x00007ffe29ff0000 - 0x00007ffe2a049000 	C:\Windows\system32\mswsock.dll
0x00007ffe0fec0000 - 0x00007ffe0fed4000 	C:\Program Files\Android\Android Studio\jre\bin\nio.dll
0x00007ffdff2f0000 - 0x00007ffdff317000 	C:\Users\Timur\.gradle\native\e1d6ef7f7dcc3fd88c89a11ec53ec762bb8ba0a96d01ffa2cd45eb1d1d8dd5c5\windows-amd64\native-platform.dll
0x00007ffe18e30000 - 0x00007ffe18e3a000 	C:\Program Files\Android\Android Studio\jre\bin\management.dll
0x00007ffe0feb0000 - 0x00007ffe0febd000 	C:\Program Files\Android\Android Studio\jre\bin\management_ext.dll
0x00007ffe2a050000 - 0x00007ffe2a070000 	C:\Windows\SYSTEM32\CRYPTSP.dll
0x00007ffe29c70000 - 0x00007ffe29ca6000 	C:\Windows\system32\rsaenh.dll
0x00007ffe2a290000 - 0x00007ffe2a2b6000 	C:\Windows\SYSTEM32\bcrypt.dll
0x00007ffe29d80000 - 0x00007ffe29da1000 	C:\Windows\SYSTEM32\USERENV.dll
0x00007ffe2aa70000 - 0x00007ffe2aad3000 	C:\Windows\system32\bcryptprimitives.dll
0x00007ffe2aae0000 - 0x00007ffe2aaeb000 	C:\Windows\SYSTEM32\CRYPTBASE.dll
0x00007ffe27510000 - 0x00007ffe2753a000 	C:\Windows\SYSTEM32\IPHLPAPI.DLL
0x00007ffe27500000 - 0x00007ffe2750a000 	C:\Windows\SYSTEM32\WINNSI.DLL
0x00007ffe208a0000 - 0x00007ffe208b6000 	C:\Windows\SYSTEM32\dhcpcsvc6.DLL
0x00007ffe20940000 - 0x00007ffe2095a000 	C:\Windows\SYSTEM32\dhcpcsvc.DLL
0x00007ffdf30e0000 - 0x00007ffdf30e8000 	C:\Program Files\Android\Android Studio\jre\bin\rmi.dll
0x00007ffe002b0000 - 0x00007ffe002d7000 	C:\Program Files\Android\Android Studio\jre\bin\sunec.dll

dbghelp: loaded successfully - version: 4.0.5 - missing functions: none
symbol engine: initialized successfully - sym options: 0x614 - pdb path: .;C:\Program Files\Android\Android Studio\jre\bin;C:\Windows\SYSTEM32;C:\Windows\WinSxS\amd64_microsoft.windows.common-controls_6595b64144ccf1df_6.0.9600.19394_none_62486577ecb635cf;C:\Program Files\Android\Android Studio\jre\bin\server;C:\Users\Timur\.gradle\native\e1d6ef7f7dcc3fd88c89a11ec53ec762bb8ba0a96d01ffa2cd45eb1d1d8dd5c5\windows-amd64

VM Arguments:
jvm_args: --add-opens=java.base/java.util=ALL-UNNAMED --add-opens=java.base/java.lang=ALL-UNNAMED --add-opens=java.base/java.lang.invoke=ALL-UNNAMED --add-opens=java.base/java.util=ALL-UNNAMED --add-opens=java.prefs/java.util.prefs=ALL-UNNAMED --add-opens=java.prefs/java.util.prefs=ALL-UNNAMED --add-opens=java.base/java.nio.charset=ALL-UNNAMED --add-opens=java.base/java.net=ALL-UNNAMED --add-opens=java.base/java.util.concurrent.atomic=ALL-UNNAMED -Xmx2048m -Dfile.encoding=UTF-8 -Duser.country=RU -Duser.language=ru -Duser.variant 
java_command: org.gradle.launcher.daemon.bootstrap.GradleDaemon 7.4
java_class_path (initial): C:\Users\Timur\.gradle\wrapper\dists\gradle-7.4-bin\c0gwcg53nkjbqw7r0h0umtfvt\gradle-7.4\lib\gradle-launcher-7.4.jar
Launcher Type: SUN_STANDARD

[Global flags]
     intx CICompilerCount                          = 3                                         {product} {ergonomic}
     uint ConcGCThreads                            = 1                                         {product} {ergonomic}
     uint G1ConcRefinementThreads                  = 4                                         {product} {ergonomic}
   size_t G1HeapRegionSize                         = 1048576                                   {product} {ergonomic}
    uintx GCDrainStackTargetSize                   = 64                                        {product} {ergonomic}
   size_t InitialHeapSize                          = 134217728                                 {product} {ergonomic}
   size_t MarkStackSize                            = 4194304                                   {product} {ergonomic}
   size_t MaxHeapSize                              = 2147483648                                {product} {command line}
   size_t MaxNewSize                               = 1287651328                                {product} {ergonomic}
   size_t MinHeapDeltaBytes                        = 1048576                                   {product} {ergonomic}
    uintx NonNMethodCodeHeapSize                   = 5830732                                {pd product} {ergonomic}
    uintx NonProfiledCodeHeapSize                  = 122913754                              {pd product} {ergonomic}
    uintx ProfiledCodeHeapSize                     = 122913754                              {pd product} {ergonomic}
    uintx ReservedCodeCacheSize                    = 251658240                              {pd product} {ergonomic}
     bool SegmentedCodeCache                       = true                                      {product} {ergonomic}
     bool UseCompressedClassPointers               = true                                 {lp64_product} {ergonomic}
     bool UseCompressedOops                        = true                                 {lp64_product} {ergonomic}
     bool UseG1GC                                  = true                                      {product} {ergonomic}
     bool UseLargePagesIndividualAllocation        = false                                  {pd product} {ergonomic}

Logging:
Log output configuration:
 #0: stdout all=warning uptime,level,tags
 #1: stderr all=off uptime,level,tags

Environment Variables:
PATH=C:\Program Files\Common Files\Oracle\Java\javapath;C:\Windows\system32;C:\Windows;C:\Windows\System32\Wbem;C:\Windows\System32\WindowsPowerShell\v1.0\;C:\Program Files (x86)\NVIDIA Corporation\PhysX\Common;C:\Program Files\NVIDIA Corporation\NVIDIA NvDLISR
USERNAME=Timur
OS=Windows_NT
PROCESSOR_IDENTIFIER=AMD64 Family 21 Model 2 Stepping 0, AuthenticAMD



---------------  S Y S T E M  ---------------

OS: Windows 8.1 , 64 bit Build 9600 (6.3.9600.20389)
OS uptime: 0 days 0:25 hours

CPU:total 4 (initial active 4) (4 cores per cpu, 1 threads per core) family 21 model 2 stepping 0 microcode 0x600081c, cmov, cx8, fxsr, mmx, sse, sse2, sse3, ssse3, sse4.1, sse4.2, popcnt, avx, aes, clmul, mmxext, 3dnowpref, lzcnt, sse4a, tsc, tscinvbit, tscinv, bmi1, fma

Memory: 4k page, system-wide physical 8173M (1007M free)
TotalPageFile size 16365M (AvailPageFile size 5997M)
current process WorkingSet (physical memory assigned to process): 559M, peak: 572M
current process commit charge ("private bytes"): 588M, peak: 598M

vm_info: OpenJDK 64-Bit Server VM (11.0.13+0-b1751.21-8125866) for windows-amd64 JRE (11.0.13+0-b1751.21-8125866), built on Feb  2 2022 03:00:22 by "builder" with MS VC++ 14.0 (VS2015)

END.
