#
# A fatal error has been detected by the Java Runtime Environment:
#
#  EXCEPTION_ACCESS_VIOLATION (0xc0000005) at pc=0x00007ffde0e72346, pid=3180, tid=6224
#
# JRE version: OpenJDK Runtime Environment (11.0.13) (build 11.0.13+0-b1751.21-8125866)
# Java VM: OpenJDK 64-Bit Server VM (11.0.13+0-b1751.21-8125866, mixed mode, tiered, compressed oops, g1 gc, windows-amd64)
# Problematic frame:
# V  [jvm.dll+0x192346]
#
# No core dump will be written. Minidumps are not enabled by default on client versions of Windows
#
# If you would like to submit a bug report, please visit:
#   https://bugreport.java.com/bugreport/crash.jsp
#

---------------  S U M M A R Y ------------

Command Line: --add-opens=java.base/java.util=ALL-UNNAMED --add-opens=java.base/java.lang=ALL-UNNAMED --add-opens=java.base/java.lang.invoke=ALL-UNNAMED --add-opens=java.base/java.util=ALL-UNNAMED --add-opens=java.prefs/java.util.prefs=ALL-UNNAMED --add-opens=java.prefs/java.util.prefs=ALL-UNNAMED --add-opens=java.base/java.nio.charset=ALL-UNNAMED --add-opens=java.base/java.net=ALL-UNNAMED --add-opens=java.base/java.util.concurrent.atomic=ALL-UNNAMED -Xmx2048m -Dfile.encoding=UTF-8 -Duser.country=RU -Duser.language=ru -Duser.variant org.gradle.launcher.daemon.bootstrap.GradleDaemon 7.4

Host: AMD FX(tm)-4350 Quad-Core Processor            , 4 cores, 7G,  Windows 8.1 , 64 bit Build 9600 (6.3.9600.20389)
Time: Tue Oct  4 20:59:20 2022 RTZ 4 (ceia) elapsed time: 10283.712418 seconds (0d 2h 51m 23s)

---------------  T H R E A D  ---------------

Current thread (0x0000002f95d73800):  ConcurrentGCThread "G1 Conc#0" [stack: 0x0000002fad510000,0x0000002fad610000] [id=6224]

Stack: [0x0000002fad510000,0x0000002fad610000],  sp=0x0000002fad60f3e8,  free space=1020k
Native frames: (J=compiled Java code, j=interpreted, Vv=VM code, C=native code)
V  [jvm.dll+0x192346]


siginfo: EXCEPTION_ACCESS_VIOLATION (0xc0000005), reading address 0x00000000000000f0


Register to memory mapping:

RIP=0x00007ffde0e72346 jvm.dll
RAX=0x0000000000000001 is an unknown value
RBX=0x000000008ace4c68 is pointing into object: java.util.concurrent.ConcurrentHashMap$Node 
{0x000000008ace4c50} - klass: 'java/util/concurrent/ConcurrentHashMap$Node'
RCX=0x000000008ace4c68 is pointing into object: java.util.concurrent.ConcurrentHashMap$Node 
{0x000000008ace4c50} - klass: 'java/util/concurrent/ConcurrentHashMap$Node'
RDX=0x000000008ace4c68 is pointing into object: java.util.concurrent.ConcurrentHashMap$Node 
{0x000000008ace4c50} - klass: 'java/util/concurrent/ConcurrentHashMap$Node'
RSP=0x0000002fad60f3e8 points into unknown readable memory: 0x00007ffde0fc50ba | ba 50 fc e0 fd 7f 00 00
RBP=0x0000002f95d69110 points into unknown readable memory: 0x0000002f95d72000 | 00 20 d7 95 2f 00 00 00
RSI=0x0000000000000001 is an unknown value
RDI=0x0 is NULL
R8 =0x0 is NULL
R9 =0x00000000000000e8 is an unknown value
R10=0x0000002f95d69110 points into unknown readable memory: 0x0000002f95d72000 | 00 20 d7 95 2f 00 00 00
R11=0x0000002fa9410000 points into unknown readable memory: 0x0000000000000001 | 01 00 00 00 00 00 00 00
R12=0x000000000000000c is an unknown value
R13=0xaaaaaaaaaaaaaaab is an unknown value
R14=0x0 is NULL
R15=0x0000002fad60f5c0 points into unknown readable memory: 0x0000002f95d69110 | 10 91 d6 95 2f 00 00 00


Registers:
RAX=0x0000000000000001, RBX=0x000000008ace4c68, RCX=0x000000008ace4c68, RDX=0x000000008ace4c68
RSP=0x0000002fad60f3e8, RBP=0x0000002f95d69110, RSI=0x0000000000000001, RDI=0x0000000000000000
R8 =0x0000000000000000, R9 =0x00000000000000e8, R10=0x0000002f95d69110, R11=0x0000002fa9410000
R12=0x000000000000000c, R13=0xaaaaaaaaaaaaaaab, R14=0x0000000000000000, R15=0x0000002fad60f5c0
RIP=0x00007ffde0e72346, EFLAGS=0x0000000000010206

Top of Stack: (sp=0x0000002fad60f3e8)
0x0000002fad60f3e8:   00007ffde0fc50ba 000000008ace4c68
0x0000002fad60f3f8:   0000002fad60f5e8 0000002f95d15010
0x0000002fad60f408:   0000000100005a28 0000002f95d74c01
0x0000002fad60f418:   00007ffde0fc4f66 0000002fad60f5e8
0x0000002fad60f428:   000000008ace4c68 0000002f95d7ea80
0x0000002fad60f438:   0000002fad60f5e8 0000000000000000
0x0000002fad60f448:   000000008add9460 000000008addb4b8
0x0000002fad60f458:   00007ffde0fbe20d 000000008a727fe8
0x0000002fad60f468:   000000008add9d88 aaaaaaaaaaaaaaab
0x0000002fad60f478:   000000008add9450 000000010001ae30
0x0000002fad60f488:   00007ffde0fbc681 0000000000000402
0x0000002fad60f498:   000000008add94a8 000000008add9450
0x0000002fad60f4a8:   0000002fad60f5c0 000000008add94a8
0x0000002fad60f4b8:   00007ffde0fcac0f 0000002f95d7ea80
0x0000002fad60f4c8:   00000000015c0000 0000002fad60f5c0
0x0000002fad60f4d8:   0000000000000000 000000008add94a8 

Instructions: (pc=0x00007ffde0e72346)
0x00007ffde0e72246:   48 89 5c 24 20 e8 f0 00 00 00 80 7f 30 00 48 63
0x00007ffde0e72256:   c8 48 89 4c 24 28 0f 28 44 24 20 74 17 0f 11 86
0x00007ffde0e72266:   98 03 00 00 48 8b 5c 24 40 48 8b 74 24 48 48 83
0x00007ffde0e72276:   c4 30 5f c3 48 8b 07 48 8d 54 24 20 48 8b cf 66
0x00007ffde0e72286:   0f 7f 44 24 20 ff 50 38 48 8b 5c 24 40 48 8b 74
0x00007ffde0e72296:   24 48 48 83 c4 30 5f c3 cc cc 40 53 48 83 ec 30
0x00007ffde0e722a6:   0f 10 82 98 03 00 00 48 8b da 0f 10 c8 66 0f 73
0x00007ffde0e722b6:   d9 08 66 48 0f 7e c8 48 85 c0 74 28 48 8b 01 48
0x00007ffde0e722c6:   8d 54 24 20 0f 29 44 24 20 ff 50 40 33 c0 48 89
0x00007ffde0e722d6:   44 24 20 48 89 44 24 28 0f 10 44 24 20 0f 11 83
0x00007ffde0e722e6:   98 03 00 00 48 83 c4 30 5b c3 48 8b 49 38 48 8b
0x00007ffde0e722f6:   01 48 ff 60 28 cc cc cc cc cc 80 3d d2 5e 89 00
0x00007ffde0e72306:   00 48 8b c1 74 1b 8b 51 08 8b 0d 03 cb 84 00 48
0x00007ffde0e72316:   d3 e2 48 8b c8 48 03 15 ee ca 84 00 e9 19 00 00
0x00007ffde0e72326:   00 48 8b 51 08 48 8b c8 e9 0d 00 00 00 cc cc cc
0x00007ffde0e72336:   cc cc cc cc cc cc cc cc cc cc 4c 8b ca 48 8b d1
0x00007ffde0e72346:   45 8b 41 08 45 85 c0 7e 0e 41 f6 c0 01 75 59 41
0x00007ffde0e72356:   c1 f8 03 41 8b c0 c3 79 4f 80 3d 73 5e 89 00 00
0x00007ffde0e72366:   b8 0c 00 00 00 b9 10 00 00 00 0f 45 c8 8b 05 1b
0x00007ffde0e72376:   14 83 00 ff c8 4c 63 c8 48 63 c1 41 8b c8 83 e1
0x00007ffde0e72386:   3f 48 63 14 10 41 8b c0 48 c1 f8 10 0f b6 c0 48
0x00007ffde0e72396:   d3 e2 49 8d 0c 11 49 f7 d1 48 03 c1 49 c1 e9 03
0x00007ffde0e723a6:   48 c1 e8 03 41 23 c1 c3 49 8b 01 49 8b c9 48 ff
0x00007ffde0e723b6:   a0 10 01 00 00 cc cc cc cc cc 48 8b c2 c3 cc cc
0x00007ffde0e723c6:   cc cc cc cc cc cc cc cc cc cc 48 83 ec 38 48 8b
0x00007ffde0e723d6:   41 38 80 78 08 00 74 00 0f 10 02 48 8b 49 38 48
0x00007ffde0e723e6:   8d 54 24 20 0f 29 44 24 20 e8 3c f0 ff ff 48 83
0x00007ffde0e723f6:   c4 38 c3 cc cc cc cc cc cc cc 48 83 ec 38 0f 10
0x00007ffde0e72406:   02 48 8b 01 48 8d 54 24 20 0f 29 44 24 20 ff 50
0x00007ffde0e72416:   38 48 83 c4 38 c3 cc cc cc cc 48 89 5c 24 08 55
0x00007ffde0e72426:   56 57 41 54 41 55 41 56 41 57 48 8d 6c 24 e0 48
0x00007ffde0e72436:   81 ec 20 01 00 00 48 8b 05 4d 51 86 00 48 33 c4 


Stack slot to memory mapping:
stack at sp + 0 slots: 0x00007ffde0fc50ba jvm.dll
stack at sp + 1 slots: 0x000000008ace4c68 is pointing into object: java.util.concurrent.ConcurrentHashMap$Node 
{0x000000008ace4c50} - klass: 'java/util/concurrent/ConcurrentHashMap$Node'
stack at sp + 2 slots: 0x0000002fad60f5e8 points into unknown readable memory: 0x00007ffde15295c0 | c0 95 52 e1 fd 7f 00 00
stack at sp + 3 slots: 0x0000002f95d15010 points into unknown readable memory: 0x00000000000000a1 | a1 00 00 00 00 00 00 00
stack at sp + 4 slots: 0x0000000100005a28 is a pointer to class: 
java.lang.ref.SoftReference {0x0000000100005a30}
stack at sp + 5 slots: 0x0000002f95d74c01 points into unknown readable memory: 00 00 00 01 00 00 00
stack at sp + 6 slots: 0x00007ffde0fc4f66 jvm.dll
stack at sp + 7 slots: 0x0000002fad60f5e8 points into unknown readable memory: 0x00007ffde15295c0 | c0 95 52 e1 fd 7f 00 00


---------------  P R O C E S S  ---------------

Threads class SMR info:
_java_thread_list=0x0000002fba472110, length=90, elements={
0x0000002f95d26000, 0x0000002fb066b000, 0x0000002fb066c800, 0x0000002fb06c6800,
0x0000002fb06c7800, 0x0000002fb06ca000, 0x0000002fb06cc000, 0x0000002fb06cf000,
0x0000002fb06d1000, 0x0000002fb0828800, 0x0000002fb269d000, 0x0000002fb23f3800,
0x0000002fb49c7000, 0x0000002fb42f7800, 0x0000002fb42f6000, 0x0000002fb42f5800,
0x0000002fb42fa000, 0x0000002fb447d000, 0x0000002fb447e000, 0x0000002fb4480800,
0x0000002fb447f800, 0x0000002fb488e000, 0x0000002fb488b800, 0x0000002fba762000,
0x0000002fba764800, 0x0000002fba762800, 0x0000002fba765000, 0x0000002fba767800,
0x0000002fb3f07800, 0x0000002fba760000, 0x0000002fba75f800, 0x0000002fb4884000,
0x0000002fb4883800, 0x0000002fb4885000, 0x0000002fb4887800, 0x0000002fb4885800,
0x0000002fb4886800, 0x0000002fb4888000, 0x0000002fb488c000, 0x0000002fb488a000,
0x0000002fb488a800, 0x0000002fb488e800, 0x0000002fb488f800, 0x0000002fb457a800,
0x0000002fb488d000, 0x0000002fb4892000, 0x0000002fb4891000, 0x0000002fb46be000,
0x0000002fb46bf800, 0x0000002fb46bf000, 0x0000002fb46c0800, 0x0000002fb46c3000,
0x0000002fb46c1800, 0x0000002fb46c4000, 0x0000002fb46c4800, 0x0000002fb46c2000,
0x0000002fb46c6800, 0x0000002fb46c7000, 0x0000002fb46c5800, 0x0000002fb46cb000,
0x0000002fb46c8800, 0x0000002fb46ca800, 0x0000002fb46cc000, 0x0000002fb46c9800,
0x0000002fb46cd000, 0x0000002fb3f01000, 0x0000002fb3f01800, 0x0000002fb3f02800,
0x0000002fb3f05000, 0x0000002fb3f05800, 0x0000002fb3f04000, 0x0000002fb3f03000,
0x0000002fb3f09000, 0x0000002fb3f08000, 0x0000002fb3f06800, 0x0000002fb3f0b800,
0x0000002fb3f0c000, 0x0000002fb3f09800, 0x0000002fb3f0d000, 0x0000002fb3f0a800,
0x0000002fb3f0f800, 0x0000002fb3f0e000, 0x0000002fb3f0e800, 0x0000002fb4482000,
0x0000002fb4482800, 0x0000002fb4483800, 0x0000002fb4481000, 0x0000002fb4485000,
0x0000002fb4487000, 0x0000002fb4484800
}

Java Threads: ( => current thread )
  0x0000002f95d26000 JavaThread "main" [_thread_blocked, id=6736, stack(0x0000002f93ca0000,0x0000002f93da0000)]
  0x0000002fb066b000 JavaThread "Reference Handler" daemon [_thread_blocked, id=3576, stack(0x0000002fb0b60000,0x0000002fb0c60000)]
  0x0000002fb066c800 JavaThread "Finalizer" daemon [_thread_blocked, id=6192, stack(0x0000002fb0c60000,0x0000002fb0d60000)]
  0x0000002fb06c6800 JavaThread "Signal Dispatcher" daemon [_thread_blocked, id=2436, stack(0x0000002fb0e40000,0x0000002fb0f40000)]
  0x0000002fb06c7800 JavaThread "Attach Listener" daemon [_thread_blocked, id=5608, stack(0x0000002fb0f40000,0x0000002fb1040000)]
  0x0000002fb06ca000 JavaThread "Service Thread" daemon [_thread_blocked, id=4064, stack(0x0000002fb1040000,0x0000002fb1140000)]
  0x0000002fb06cc000 JavaThread "C2 CompilerThread0" daemon [_thread_in_native, id=3596, stack(0x0000002fb1140000,0x0000002fb1240000)]
  0x0000002fb06cf000 JavaThread "C1 CompilerThread0" daemon [_thread_blocked, id=5372, stack(0x0000002fb1240000,0x0000002fb1340000)]
  0x0000002fb06d1000 JavaThread "Sweeper thread" daemon [_thread_blocked, id=6408, stack(0x0000002fb1340000,0x0000002fb1440000)]
  0x0000002fb0828800 JavaThread "Common-Cleaner" daemon [_thread_blocked, id=3984, stack(0x0000002fb1440000,0x0000002fb1540000)]
  0x0000002fb269d000 JavaThread "Daemon health stats" [_thread_blocked, id=7468, stack(0x0000002fb5dc0000,0x0000002fb5ec0000)]
  0x0000002fb23f3800 JavaThread "Incoming local TCP Connector on port 50139" [_thread_in_native, id=280, stack(0x0000002fb5a70000,0x0000002fb5b70000)]
  0x0000002fb49c7000 JavaThread "Daemon periodic checks" [_thread_blocked, id=4684, stack(0x0000002fb58a0000,0x0000002fb59a0000)]
  0x0000002fb42f7800 JavaThread "Cache worker for journal cache (C:\Users\Timur\.gradle\caches\journal-1)" [_thread_blocked, id=7064, stack(0x0000002fb1e40000,0x0000002fb1f40000)]
  0x0000002fb42f6000 JavaThread "File lock request listener" [_thread_in_native, id=6996, stack(0x0000002fb6f70000,0x0000002fb7070000)]
  0x0000002fb42f5800 JavaThread "Cache worker for file hash cache (C:\Users\Timur\.gradle\caches\7.4\fileHashes)" [_thread_blocked, id=4940, stack(0x0000002fb7070000,0x0000002fb7170000)]
  0x0000002fb42fa000 JavaThread "Cache worker for execution history cache (C:\Users\Timur\.gradle\caches\7.4\executionHistory)" [_thread_blocked, id=4208, stack(0x0000002fb8e40000,0x0000002fb8f40000)]
  0x0000002fb447d000 JavaThread "jar transforms" [_thread_blocked, id=2928, stack(0x0000002fb9770000,0x0000002fb9870000)]
  0x0000002fb447e000 JavaThread "Cache worker for file content cache (C:\Users\Timur\.gradle\caches\7.4\fileContent)" [_thread_blocked, id=7568, stack(0x0000002fb9870000,0x0000002fb9970000)]
  0x0000002fb4480800 JavaThread "jar transforms Thread 2" [_thread_blocked, id=5456, stack(0x0000002fb9de0000,0x0000002fb9ee0000)]
  0x0000002fb447f800 JavaThread "jar transforms Thread 3" [_thread_blocked, id=8112, stack(0x0000002fb9c70000,0x0000002fb9d70000)]
  0x0000002fb488e000 JavaThread "jar transforms Thread 4" [_thread_blocked, id=2364, stack(0x0000002fbdfc0000,0x0000002fbe0c0000)]
  0x0000002fb488b800 JavaThread "Memory manager" [_thread_blocked, id=3812, stack(0x0000002fbe6c0000,0x0000002fbe7c0000)]
  0x0000002fba762000 JavaThread "RMI Scheduler(0)" daemon [_thread_blocked, id=920, stack(0x0000002fb7970000,0x0000002fb7a70000)]
  0x0000002fba764800 JavaThread "RMI GC Daemon" daemon [_thread_blocked, id=5872, stack(0x0000002fc2930000,0x0000002fc2a30000)]
  0x0000002fba762800 JavaThread "RMI TCP Accept-0" daemon [_thread_in_native, id=7544, stack(0x0000002fc2c30000,0x0000002fc2d30000)]
  0x0000002fba765000 JavaThread "RMI Reaper" [_thread_blocked, id=4956, stack(0x0000002fc2d30000,0x0000002fc2e30000)]
  0x0000002fba767800 JavaThread "Cache worker for Java compile cache (C:\Users\Timur\.gradle\caches\7.4\javaCompile)" [_thread_blocked, id=8044, stack(0x0000002fc3230000,0x0000002fc3330000)]
  0x0000002fb3f07800 JavaThread "ForkJoinPool.commonPool-worker-5" daemon [_thread_blocked, id=6924, stack(0x0000002fc5e70000,0x0000002fc5f70000)]
  0x0000002fba760000 JavaThread "Daemon Thread 17" [_thread_blocked, id=3036, stack(0x0000002fb5ec0000,0x0000002fb5fc0000)]
  0x0000002fba75f800 JavaThread "Daemon worker Thread 17" [_thread_blocked, id=2416, stack(0x0000002fb6770000,0x0000002fb6870000)]
  0x0000002fb4884000 JavaThread "RMI TCP Connection(idle)" daemon [_thread_blocked, id=7500, stack(0x0000002fb6870000,0x0000002fb6970000)]
  0x0000002fb4883800 JavaThread "Handler for socket connection from /127.0.0.1:50139 to /127.0.0.1:57917" [_thread_in_native, id=4896, stack(0x0000002fb6970000,0x0000002fb6a70000)]
  0x0000002fb4885000 JavaThread "Cancel handler" [_thread_blocked, id=3048, stack(0x0000002fb6b70000,0x0000002fb6c70000)]
  0x0000002fb4887800 JavaThread "Asynchronous log dispatcher for DefaultDaemonConnection: socket connection from /127.0.0.1:50139 to /127.0.0.1:57917" [_thread_blocked, id=8972, stack(0x0000002fb7770000,0x0000002fb7870000)]
  0x0000002fb4885800 JavaThread "Stdin handler" [_thread_blocked, id=7452, stack(0x0000002fb7870000,0x0000002fb7970000)]
  0x0000002fb4886800 JavaThread "Daemon client event forwarder" [_thread_blocked, id=4300, stack(0x0000002fb8c40000,0x0000002fb8d40000)]
  0x0000002fb4888000 JavaThread "Cache worker for checksums cache (C:\Users\Timur\AndroidStudioProjects\TestApplication\.gradle\7.4\checksums)" [_thread_blocked, id=2124, stack(0x0000002fb8d40000,0x0000002fb8e40000)]
  0x0000002fb488c000 JavaThread "Cache worker for cache directory md-rule (C:\Users\Timur\.gradle\caches\7.4\md-rule)" [_thread_blocked, id=1964, stack(0x0000002fb9b70000,0x0000002fb9c70000)]
  0x0000002fb488a000 JavaThread "Cache worker for file hash cache (C:\Users\Timur\AndroidStudioProjects\TestApplication\.gradle\7.4\fileHashes)" [_thread_blocked, id=5304, stack(0x0000002fb9ee0000,0x0000002fb9fe0000)]
  0x0000002fb488a800 JavaThread "Cache worker for cache directory md-supplier (C:\Users\Timur\.gradle\caches\7.4\md-supplier)" [_thread_blocked, id=5584, stack(0x0000002fbb9c0000,0x0000002fbbac0000)]
  0x0000002fb488e800 JavaThread "Cache worker for dependencies-accessors (C:\Users\Timur\AndroidStudioProjects\TestApplication\.gradle\7.4\dependencies-accessors)" [_thread_blocked, id=2472, stack(0x0000002fbbac0000,0x0000002fbbbc0000)]
  0x0000002fb488f800 JavaThread "Cache worker for Build Output Cleanup Cache (C:\Users\Timur\AndroidStudioProjects\TestApplication\.gradle\buildOutputCleanup)" [_thread_in_native, id=5216, stack(0x0000002fbbbc0000,0x0000002fbbcc0000)]
  0x0000002fb457a800 JavaThread "C2 CompilerThread1" daemon [_thread_in_native, id=6276, stack(0x0000002fbbcc0000,0x0000002fbbdc0000)]
  0x0000002fb488d000 JavaThread "Unconstrained build operations" [_thread_blocked, id=3312, stack(0x0000002fbbee0000,0x0000002fbbfe0000)]
  0x0000002fb4892000 JavaThread "Unconstrained build operations Thread 2" [_thread_blocked, id=3324, stack(0x0000002fbbfe0000,0x0000002fbc0e0000)]
  0x0000002fb4891000 JavaThread "Unconstrained build operations Thread 3" [_thread_blocked, id=1624, stack(0x0000002fbc0e0000,0x0000002fbc1e0000)]
  0x0000002fb46be000 JavaThread "Unconstrained build operations Thread 4" [_thread_blocked, id=7540, stack(0x0000002fbc1e0000,0x0000002fbc2e0000)]
  0x0000002fb46bf800 JavaThread "Unconstrained build operations Thread 5" [_thread_blocked, id=884, stack(0x0000002fbbdc0000,0x0000002fbbec0000)]
  0x0000002fb46bf000 JavaThread "Unconstrained build operations Thread 6" [_thread_blocked, id=380, stack(0x0000002fbc2e0000,0x0000002fbc3e0000)]
  0x0000002fb46c0800 JavaThread "Unconstrained build operations Thread 7" [_thread_blocked, id=5168, stack(0x0000002fbc3e0000,0x0000002fbc4e0000)]
  0x0000002fb46c3000 JavaThread "Unconstrained build operations Thread 8" [_thread_blocked, id=6544, stack(0x0000002fbc4e0000,0x0000002fbc5e0000)]
  0x0000002fb46c1800 JavaThread "Unconstrained build operations Thread 9" [_thread_blocked, id=4848, stack(0x0000002fbc5e0000,0x0000002fbc6e0000)]
  0x0000002fb46c4000 JavaThread "Unconstrained build operations Thread 10" [_thread_blocked, id=3784, stack(0x0000002fbc6e0000,0x0000002fbc7e0000)]
  0x0000002fb46c4800 JavaThread "Unconstrained build operations Thread 11" [_thread_blocked, id=2808, stack(0x0000002fbc7e0000,0x0000002fbc8e0000)]
  0x0000002fb46c2000 JavaThread "Unconstrained build operations Thread 12" [_thread_blocked, id=1880, stack(0x0000002fbc8e0000,0x0000002fbc9e0000)]
  0x0000002fb46c6800 JavaThread "Unconstrained build operations Thread 13" [_thread_blocked, id=8872, stack(0x0000002fbc9e0000,0x0000002fbcae0000)]
  0x0000002fb46c7000 JavaThread "Unconstrained build operations Thread 14" [_thread_blocked, id=5040, stack(0x0000002fbcae0000,0x0000002fbcbe0000)]
  0x0000002fb46c5800 JavaThread "Unconstrained build operations Thread 15" [_thread_blocked, id=8128, stack(0x0000002fbcbe0000,0x0000002fbcce0000)]
  0x0000002fb46cb000 JavaThread "Unconstrained build operations Thread 16" [_thread_blocked, id=7036, stack(0x0000002fbcce0000,0x0000002fbcde0000)]
  0x0000002fb46c8800 JavaThread "Unconstrained build operations Thread 17" [_thread_blocked, id=5764, stack(0x0000002fbcde0000,0x0000002fbcee0000)]
  0x0000002fb46ca800 JavaThread "Unconstrained build operations Thread 18" [_thread_blocked, id=4772, stack(0x0000002fbcee0000,0x0000002fbcfe0000)]
  0x0000002fb46cc000 JavaThread "Unconstrained build operations Thread 19" [_thread_blocked, id=6812, stack(0x0000002fbcfe0000,0x0000002fbd0e0000)]
  0x0000002fb46c9800 JavaThread "Unconstrained build operations Thread 20" [_thread_blocked, id=4448, stack(0x0000002fbd0e0000,0x0000002fbd1e0000)]
  0x0000002fb46cd000 JavaThread "Unconstrained build operations Thread 21" [_thread_blocked, id=4968, stack(0x0000002fbd1e0000,0x0000002fbd2e0000)]
  0x0000002fb3f01000 JavaThread "Unconstrained build operations Thread 22" [_thread_blocked, id=8500, stack(0x0000002fbd2e0000,0x0000002fbd3e0000)]
  0x0000002fb3f01800 JavaThread "Unconstrained build operations Thread 23" [_thread_blocked, id=8960, stack(0x0000002fbd3e0000,0x0000002fbd4e0000)]
  0x0000002fb3f02800 JavaThread "Unconstrained build operations Thread 24" [_thread_blocked, id=1812, stack(0x0000002fbd4e0000,0x0000002fbd5e0000)]
  0x0000002fb3f05000 JavaThread "Unconstrained build operations Thread 25" [_thread_blocked, id=1004, stack(0x0000002fbd5e0000,0x0000002fbd6e0000)]
  0x0000002fb3f05800 JavaThread "Unconstrained build operations Thread 26" [_thread_blocked, id=9008, stack(0x0000002fbd6e0000,0x0000002fbd7e0000)]
  0x0000002fb3f04000 JavaThread "Unconstrained build operations Thread 27" [_thread_blocked, id=6400, stack(0x0000002fbd7e0000,0x0000002fbd8e0000)]
  0x0000002fb3f03000 JavaThread "Unconstrained build operations Thread 28" [_thread_blocked, id=8540, stack(0x0000002fbd8e0000,0x0000002fbd9e0000)]
  0x0000002fb3f09000 JavaThread "Unconstrained build operations Thread 29" [_thread_blocked, id=4488, stack(0x0000002fbd9e0000,0x0000002fbdae0000)]
  0x0000002fb3f08000 JavaThread "Unconstrained build operations Thread 30" [_thread_blocked, id=432, stack(0x0000002fbdae0000,0x0000002fbdbe0000)]
  0x0000002fb3f06800 JavaThread "Unconstrained build operations Thread 31" [_thread_blocked, id=572, stack(0x0000002fbdbe0000,0x0000002fbdce0000)]
  0x0000002fb3f0b800 JavaThread "Unconstrained build operations Thread 32" [_thread_blocked, id=4244, stack(0x0000002fbe7c0000,0x0000002fbe8c0000)]
  0x0000002fb3f0c000 JavaThread "Unconstrained build operations Thread 33" [_thread_blocked, id=524, stack(0x0000002fc1170000,0x0000002fc1270000)]
  0x0000002fb3f09800 JavaThread "Unconstrained build operations Thread 34" [_thread_blocked, id=5336, stack(0x0000002fc1ae0000,0x0000002fc1be0000)]
  0x0000002fb3f0d000 JavaThread "Unconstrained build operations Thread 35" [_thread_blocked, id=8292, stack(0x0000002fc2230000,0x0000002fc2330000)]
  0x0000002fb3f0a800 JavaThread "Unconstrained build operations Thread 36" [_thread_blocked, id=6728, stack(0x0000002fc3530000,0x0000002fc3630000)]
  0x0000002fb3f0f800 JavaThread "Unconstrained build operations Thread 37" [_thread_blocked, id=3908, stack(0x0000002fc3630000,0x0000002fc3730000)]
  0x0000002fb3f0e000 JavaThread "Unconstrained build operations Thread 38" [_thread_blocked, id=8924, stack(0x0000002fc3930000,0x0000002fc3a30000)]
  0x0000002fb3f0e800 JavaThread "Unconstrained build operations Thread 39" [_thread_blocked, id=840, stack(0x0000002fc5d70000,0x0000002fc5e70000)]
  0x0000002fb4482000 JavaThread "Unconstrained build operations Thread 40" [_thread_blocked, id=8248, stack(0x0000002fc64a0000,0x0000002fc65a0000)]
  0x0000002fb4482800 JavaThread "build event listener" [_thread_blocked, id=5692, stack(0x0000002fc8980000,0x0000002fc8a80000)]
  0x0000002fb4483800 JavaThread "included builds" [_thread_blocked, id=9112, stack(0x0000002fc8a80000,0x0000002fc8b80000)]
  0x0000002fb4481000 JavaThread "Execution worker for ':'" [_thread_in_Java, id=5440, stack(0x0000002fc8b80000,0x0000002fc8c80000)]
  0x0000002fb4485000 JavaThread "Execution worker for ':' Thread 2" [_thread_blocked, id=3584, stack(0x0000002fc8c80000,0x0000002fc8d80000)]
  0x0000002fb4487000 JavaThread "Execution worker for ':' Thread 3" [_thread_blocked, id=7124, stack(0x0000002fc8fa0000,0x0000002fc90a0000)]
  0x0000002fb4484800 JavaThread "Cache worker for execution history cache (C:\Users\Timur\AndroidStudioProjects\TestApplication\.gradle\7.4\executionHistory)" [_thread_blocked, id=6456, stack(0x0000002fc90a0000,0x0000002fc91a0000)]

Other Threads:
  0x0000002fb0664000 VMThread "VM Thread" [stack: 0x0000002fb0a60000,0x0000002fb0b60000] [id=1344]
  0x0000002fb0845800 WatcherThread [stack: 0x0000002fb1540000,0x0000002fb1640000] [id=4360]
  0x0000002f95d3f000 GCTaskThread "GC Thread#0" [stack: 0x0000002f956e0000,0x0000002f957e0000] [id=8156]
  0x0000002fb173c800 GCTaskThread "GC Thread#1" [stack: 0x0000002fb2f10000,0x0000002fb3010000] [id=1960]
  0x0000002fb2061800 GCTaskThread "GC Thread#2" [stack: 0x0000002fb3010000,0x0000002fb3110000] [id=3028]
  0x0000002fb205e800 GCTaskThread "GC Thread#3" [stack: 0x0000002fb6c70000,0x0000002fb6d70000] [id=6652]
  0x0000002f95d72000 ConcurrentGCThread "G1 Main Marker" [stack: 0x0000002fad410000,0x0000002fad510000] [id=6824]
=>0x0000002f95d73800 ConcurrentGCThread "G1 Conc#0" [stack: 0x0000002fad510000,0x0000002fad610000] [id=6224]
  0x0000002fafa9c800 ConcurrentGCThread "G1 Refine#0" [stack: 0x0000002fafc60000,0x0000002fafd60000] [id=2316]
  0x0000002fafa9d000 ConcurrentGCThread "G1 Young RemSet Sampling" [stack: 0x0000002fafd60000,0x0000002fafe60000] [id=6316]

Threads with active compile tasks:
C2 CompilerThread010283755 32168       4       org.gradle.execution.plan.DefaultPlanExecutor$ExecutorWorker$$Lambda$786/0x0000000100b4ec40::transform (24 bytes)
C2 CompilerThread110283755 32169   !   4       org.gradle.execution.plan.DefaultPlanExecutor$ExecutorWorker::lambda$executeNextNode$2 (135 bytes)

VM state:not at safepoint (normal execution)

VM Mutex/Monitor currently owned by a thread: None

Heap address: 0x0000000080000000, size: 2048 MB, Compressed Oops mode: 32-bit
Narrow klass base: 0x0000000000000000, Narrow klass shift: 3
Compressed class space size: 1073741824 Address: 0x0000000100000000

Heap:
 garbage-first heap   total 278528K, used 205775K [0x0000000080000000, 0x0000000100000000)
  region size 1024K, 8 young (8192K), 5 survivors (5120K)
 Metaspace       used 153147K, capacity 159469K, committed 159612K, reserved 1187840K
  class space    used 19111K, capacity 21318K, committed 21400K, reserved 1048576K
Heap Regions: E=young(eden), S=young(survivor), O=old, HS=humongous(starts), HC=humongous(continues), CS=collection set, F=free, A=archive, TAMS=top-at-mark-start (previous, next)
|   0|0x0000000080000000, 0x0000000080100000, 0x0000000080100000|100%|HS|  |TAMS 0x0000000080100000, 0x0000000080100000| Complete 
|   1|0x0000000080100000, 0x0000000080200000, 0x0000000080200000|100%|HC|  |TAMS 0x0000000080200000, 0x0000000080200000| Complete 
|   2|0x0000000080200000, 0x0000000080300000, 0x0000000080300000|100%|HC|  |TAMS 0x0000000080300000, 0x0000000080300000| Complete 
|   3|0x0000000080300000, 0x0000000080400000, 0x0000000080400000|100%| O|  |TAMS 0x0000000080400000, 0x0000000080400000| Untracked 
|   4|0x0000000080400000, 0x0000000080500000, 0x0000000080500000|100%| O|  |TAMS 0x0000000080500000, 0x0000000080500000| Untracked 
|   5|0x0000000080500000, 0x0000000080600000, 0x0000000080600000|100%| O|  |TAMS 0x0000000080600000, 0x0000000080600000| Untracked 
|   6|0x0000000080600000, 0x0000000080700000, 0x0000000080700000|100%| O|  |TAMS 0x0000000080700000, 0x0000000080700000| Untracked 
|   7|0x0000000080700000, 0x0000000080800000, 0x0000000080800000|100%| O|  |TAMS 0x0000000080800000, 0x0000000080800000| Untracked 
|   8|0x0000000080800000, 0x0000000080900000, 0x0000000080900000|100%| O|  |TAMS 0x0000000080900000, 0x0000000080900000| Untracked 
|   9|0x0000000080900000, 0x0000000080a00000, 0x0000000080a00000|100%| O|  |TAMS 0x0000000080a00000, 0x0000000080a00000| Untracked 
|  10|0x0000000080a00000, 0x0000000080b00000, 0x0000000080b00000|100%| O|  |TAMS 0x0000000080b00000, 0x0000000080b00000| Untracked 
|  11|0x0000000080b00000, 0x0000000080c00000, 0x0000000080c00000|100%| O|  |TAMS 0x0000000080c00000, 0x0000000080c00000| Untracked 
|  12|0x0000000080c00000, 0x0000000080d00000, 0x0000000080d00000|100%| O|  |TAMS 0x0000000080d00000, 0x0000000080d00000| Untracked 
|  13|0x0000000080d00000, 0x0000000080e00000, 0x0000000080e00000|100%| O|  |TAMS 0x0000000080e00000, 0x0000000080e00000| Untracked 
|  14|0x0000000080e00000, 0x0000000080f00000, 0x0000000080f00000|100%| O|  |TAMS 0x0000000080f00000, 0x0000000080f00000| Untracked 
|  15|0x0000000080f00000, 0x0000000081000000, 0x0000000081000000|100%| O|  |TAMS 0x0000000081000000, 0x0000000081000000| Untracked 
|  16|0x0000000081000000, 0x0000000081100000, 0x0000000081100000|100%|HS|  |TAMS 0x0000000081100000, 0x0000000081100000| Complete 
|  17|0x0000000081100000, 0x0000000081200000, 0x0000000081200000|100%| O|  |TAMS 0x0000000081200000, 0x0000000081200000| Untracked 
|  18|0x0000000081200000, 0x0000000081300000, 0x0000000081300000|100%| O|  |TAMS 0x0000000081300000, 0x0000000081300000| Untracked 
|  19|0x0000000081300000, 0x0000000081400000, 0x0000000081400000|100%| O|  |TAMS 0x0000000081400000, 0x0000000081400000| Untracked 
|  20|0x0000000081400000, 0x0000000081500000, 0x0000000081500000|100%| O|  |TAMS 0x0000000081500000, 0x0000000081500000| Untracked 
|  21|0x0000000081500000, 0x0000000081600000, 0x0000000081600000|100%| O|  |TAMS 0x0000000081600000, 0x0000000081600000| Untracked 
|  22|0x0000000081600000, 0x0000000081700000, 0x0000000081700000|100%| O|  |TAMS 0x0000000081700000, 0x0000000081700000| Untracked 
|  23|0x0000000081700000, 0x0000000081800000, 0x0000000081800000|100%| O|  |TAMS 0x0000000081800000, 0x0000000081800000| Untracked 
|  24|0x0000000081800000, 0x0000000081900000, 0x0000000081900000|100%|HS|  |TAMS 0x0000000081900000, 0x0000000081900000| Complete 
|  25|0x0000000081900000, 0x0000000081a00000, 0x0000000081a00000|100%|HS|  |TAMS 0x0000000081a00000, 0x0000000081a00000| Complete 
|  26|0x0000000081a00000, 0x0000000081b00000, 0x0000000081b00000|100%|HS|  |TAMS 0x0000000081b00000, 0x0000000081b00000| Complete 
|  27|0x0000000081b00000, 0x0000000081c00000, 0x0000000081c00000|100%|HC|  |TAMS 0x0000000081c00000, 0x0000000081c00000| Complete 
|  28|0x0000000081c00000, 0x0000000081d00000, 0x0000000081d00000|100%|HC|  |TAMS 0x0000000081d00000, 0x0000000081d00000| Complete 
|  29|0x0000000081d00000, 0x0000000081e00000, 0x0000000081e00000|100%| O|  |TAMS 0x0000000081e00000, 0x0000000081e00000| Untracked 
|  30|0x0000000081e00000, 0x0000000081f00000, 0x0000000081f00000|100%|HS|  |TAMS 0x0000000081f00000, 0x0000000081f00000| Complete 
|  31|0x0000000081f00000, 0x0000000082000000, 0x0000000082000000|100%|HC|  |TAMS 0x0000000082000000, 0x0000000082000000| Complete 
|  32|0x0000000082000000, 0x0000000082100000, 0x0000000082100000|100%| O|  |TAMS 0x0000000082100000, 0x0000000082100000| Untracked 
|  33|0x0000000082100000, 0x0000000082200000, 0x0000000082200000|100%| O|  |TAMS 0x0000000082200000, 0x0000000082200000| Untracked 
|  34|0x0000000082200000, 0x0000000082300000, 0x0000000082300000|100%| O|  |TAMS 0x0000000082300000, 0x0000000082300000| Untracked 
|  35|0x0000000082300000, 0x0000000082400000, 0x0000000082400000|100%| O|  |TAMS 0x0000000082400000, 0x0000000082400000| Untracked 
|  36|0x0000000082400000, 0x0000000082500000, 0x0000000082500000|100%| O|  |TAMS 0x0000000082500000, 0x0000000082500000| Untracked 
|  37|0x0000000082500000, 0x0000000082600000, 0x0000000082600000|100%| O|  |TAMS 0x0000000082600000, 0x0000000082600000| Untracked 
|  38|0x0000000082600000, 0x0000000082700000, 0x0000000082700000|100%| O|  |TAMS 0x0000000082700000, 0x0000000082700000| Untracked 
|  39|0x0000000082700000, 0x0000000082800000, 0x0000000082800000|100%| O|  |TAMS 0x0000000082800000, 0x0000000082800000| Untracked 
|  40|0x0000000082800000, 0x0000000082900000, 0x0000000082900000|100%| O|  |TAMS 0x0000000082900000, 0x0000000082900000| Untracked 
|  41|0x0000000082900000, 0x0000000082a00000, 0x0000000082a00000|100%| O|  |TAMS 0x0000000082a00000, 0x0000000082a00000| Untracked 
|  42|0x0000000082a00000, 0x0000000082b00000, 0x0000000082b00000|100%| O|  |TAMS 0x0000000082b00000, 0x0000000082b00000| Untracked 
|  43|0x0000000082b00000, 0x0000000082c00000, 0x0000000082c00000|100%| O|  |TAMS 0x0000000082c00000, 0x0000000082c00000| Untracked 
|  44|0x0000000082c00000, 0x0000000082d00000, 0x0000000082d00000|100%| O|  |TAMS 0x0000000082d00000, 0x0000000082d00000| Untracked 
|  45|0x0000000082d00000, 0x0000000082e00000, 0x0000000082e00000|100%| O|  |TAMS 0x0000000082e00000, 0x0000000082e00000| Untracked 
|  46|0x0000000082e00000, 0x0000000082f00000, 0x0000000082f00000|100%| O|  |TAMS 0x0000000082f00000, 0x0000000082f00000| Untracked 
|  47|0x0000000082f00000, 0x0000000083000000, 0x0000000083000000|100%| O|  |TAMS 0x0000000083000000, 0x0000000083000000| Untracked 
|  48|0x0000000083000000, 0x0000000083100000, 0x0000000083100000|100%|HS|  |TAMS 0x0000000083100000, 0x0000000083100000| Complete 
|  49|0x0000000083100000, 0x0000000083200000, 0x0000000083200000|100%| O|  |TAMS 0x0000000083200000, 0x0000000083200000| Untracked 
|  50|0x0000000083200000, 0x0000000083300000, 0x0000000083300000|100%| O|  |TAMS 0x0000000083300000, 0x0000000083300000| Untracked 
|  51|0x0000000083300000, 0x0000000083400000, 0x0000000083400000|100%| O|  |TAMS 0x0000000083400000, 0x0000000083400000| Untracked 
|  52|0x0000000083400000, 0x0000000083500000, 0x0000000083500000|100%| O|  |TAMS 0x0000000083500000, 0x0000000083500000| Untracked 
|  53|0x0000000083500000, 0x0000000083600000, 0x0000000083600000|100%| O|  |TAMS 0x0000000083600000, 0x0000000083600000| Untracked 
|  54|0x0000000083600000, 0x0000000083700000, 0x0000000083700000|100%| O|  |TAMS 0x0000000083700000, 0x0000000083700000| Untracked 
|  55|0x0000000083700000, 0x0000000083800000, 0x0000000083800000|100%| O|  |TAMS 0x0000000083800000, 0x0000000083800000| Untracked 
|  56|0x0000000083800000, 0x0000000083900000, 0x0000000083900000|100%| O|  |TAMS 0x0000000083900000, 0x0000000083900000| Untracked 
|  57|0x0000000083900000, 0x0000000083a00000, 0x0000000083a00000|100%| O|  |TAMS 0x0000000083a00000, 0x0000000083a00000| Untracked 
|  58|0x0000000083a00000, 0x0000000083b00000, 0x0000000083b00000|100%|HS|  |TAMS 0x0000000083b00000, 0x0000000083b00000| Complete 
|  59|0x0000000083b00000, 0x0000000083c00000, 0x0000000083c00000|100%| O|  |TAMS 0x0000000083c00000, 0x0000000083c00000| Untracked 
|  60|0x0000000083c00000, 0x0000000083d00000, 0x0000000083d00000|100%| O|  |TAMS 0x0000000083d00000, 0x0000000083d00000| Untracked 
|  61|0x0000000083d00000, 0x0000000083e00000, 0x0000000083e00000|100%| O|  |TAMS 0x0000000083d00000, 0x0000000083e00000| Untracked 
|  62|0x0000000083e00000, 0x0000000083f00000, 0x0000000083f00000|100%| O|  |TAMS 0x0000000083f00000, 0x0000000083f00000| Untracked 
|  63|0x0000000083f00000, 0x0000000084000000, 0x0000000084000000|100%|HS|  |TAMS 0x0000000084000000, 0x0000000084000000| Complete 
|  64|0x0000000084000000, 0x0000000084100000, 0x0000000084100000|100%|HC|  |TAMS 0x0000000084100000, 0x0000000084100000| Complete 
|  65|0x0000000084100000, 0x0000000084200000, 0x0000000084200000|100%|HC|  |TAMS 0x0000000084200000, 0x0000000084200000| Complete 
|  66|0x0000000084200000, 0x0000000084300000, 0x0000000084300000|100%|HC|  |TAMS 0x0000000084300000, 0x0000000084300000| Complete 
|  67|0x0000000084300000, 0x0000000084400000, 0x0000000084400000|100%| O|  |TAMS 0x0000000084400000, 0x0000000084400000| Untracked 
|  68|0x0000000084400000, 0x0000000084500000, 0x0000000084500000|100%| O|  |TAMS 0x0000000084500000, 0x0000000084500000| Untracked 
|  69|0x0000000084500000, 0x0000000084600000, 0x0000000084600000|100%|HS|  |TAMS 0x0000000084600000, 0x0000000084600000| Complete 
|  70|0x0000000084600000, 0x0000000084700000, 0x0000000084700000|100%|HC|  |TAMS 0x0000000084700000, 0x0000000084700000| Complete 
|  71|0x0000000084700000, 0x0000000084800000, 0x0000000084800000|100%| O|  |TAMS 0x0000000084800000, 0x0000000084800000| Untracked 
|  72|0x0000000084800000, 0x0000000084900000, 0x0000000084900000|100%| O|  |TAMS 0x0000000084900000, 0x0000000084900000| Untracked 
|  73|0x0000000084900000, 0x0000000084a00000, 0x0000000084a00000|100%| O|  |TAMS 0x0000000084a00000, 0x0000000084a00000| Untracked 
|  74|0x0000000084a00000, 0x0000000084b00000, 0x0000000084b00000|100%| O|  |TAMS 0x0000000084b00000, 0x0000000084b00000| Untracked 
|  75|0x0000000084b00000, 0x0000000084c00000, 0x0000000084c00000|100%|HS|  |TAMS 0x0000000084c00000, 0x0000000084c00000| Complete 
|  76|0x0000000084c00000, 0x0000000084d00000, 0x0000000084d00000|100%|HC|  |TAMS 0x0000000084d00000, 0x0000000084d00000| Complete 
|  77|0x0000000084d00000, 0x0000000084e00000, 0x0000000084e00000|100%|HS|  |TAMS 0x0000000084e00000, 0x0000000084e00000| Complete 
|  78|0x0000000084e00000, 0x0000000084f00000, 0x0000000084f00000|100%|HC|  |TAMS 0x0000000084f00000, 0x0000000084f00000| Complete 
|  79|0x0000000084f00000, 0x0000000085000000, 0x0000000085000000|100%| O|  |TAMS 0x0000000085000000, 0x0000000085000000| Untracked 
|  80|0x0000000085000000, 0x0000000085100000, 0x0000000085100000|100%| O|  |TAMS 0x0000000085100000, 0x0000000085100000| Untracked 
|  81|0x0000000085100000, 0x0000000085200000, 0x0000000085200000|100%| O|  |TAMS 0x0000000085200000, 0x0000000085200000| Untracked 
|  82|0x0000000085200000, 0x0000000085300000, 0x0000000085300000|100%| O|  |TAMS 0x0000000085300000, 0x0000000085300000| Untracked 
|  83|0x0000000085300000, 0x0000000085400000, 0x0000000085400000|100%| O|  |TAMS 0x0000000085400000, 0x0000000085400000| Untracked 
|  84|0x0000000085400000, 0x0000000085500000, 0x0000000085500000|100%| O|  |TAMS 0x0000000085500000, 0x0000000085500000| Untracked 
|  85|0x0000000085500000, 0x0000000085600000, 0x0000000085600000|100%| O|  |TAMS 0x0000000085600000, 0x0000000085600000| Untracked 
|  86|0x0000000085600000, 0x0000000085700000, 0x0000000085700000|100%| O|  |TAMS 0x0000000085700000, 0x0000000085700000| Untracked 
|  87|0x0000000085700000, 0x0000000085800000, 0x0000000085800000|100%| O|  |TAMS 0x0000000085800000, 0x0000000085800000| Untracked 
|  88|0x0000000085800000, 0x0000000085900000, 0x0000000085900000|100%| O|  |TAMS 0x0000000085900000, 0x0000000085900000| Untracked 
|  89|0x0000000085900000, 0x0000000085a00000, 0x0000000085a00000|100%| O|  |TAMS 0x0000000085a00000, 0x0000000085a00000| Untracked 
|  90|0x0000000085a00000, 0x0000000085b00000, 0x0000000085b00000|100%| O|  |TAMS 0x0000000085b00000, 0x0000000085b00000| Untracked 
|  91|0x0000000085b00000, 0x0000000085c00000, 0x0000000085c00000|100%| O|  |TAMS 0x0000000085c00000, 0x0000000085c00000| Untracked 
|  92|0x0000000085c00000, 0x0000000085d00000, 0x0000000085d00000|100%| O|  |TAMS 0x0000000085d00000, 0x0000000085d00000| Untracked 
|  93|0x0000000085d00000, 0x0000000085e00000, 0x0000000085e00000|100%|HS|  |TAMS 0x0000000085e00000, 0x0000000085e00000| Complete 
|  94|0x0000000085e00000, 0x0000000085f00000, 0x0000000085f00000|100%|HC|  |TAMS 0x0000000085f00000, 0x0000000085f00000| Complete 
|  95|0x0000000085f00000, 0x0000000086000000, 0x0000000086000000|100%|HC|  |TAMS 0x0000000086000000, 0x0000000086000000| Complete 
|  96|0x0000000086000000, 0x0000000086100000, 0x0000000086100000|100%| O|  |TAMS 0x0000000086100000, 0x0000000086100000| Untracked 
|  97|0x0000000086100000, 0x0000000086200000, 0x0000000086200000|100%| O|  |TAMS 0x0000000086200000, 0x0000000086200000| Untracked 
|  98|0x0000000086200000, 0x0000000086300000, 0x0000000086300000|100%|HS|  |TAMS 0x0000000086300000, 0x0000000086300000| Complete 
|  99|0x0000000086300000, 0x0000000086400000, 0x0000000086400000|100%|HC|  |TAMS 0x0000000086400000, 0x0000000086400000| Complete 
| 100|0x0000000086400000, 0x0000000086500000, 0x0000000086500000|100%|HC|  |TAMS 0x0000000086500000, 0x0000000086500000| Complete 
| 101|0x0000000086500000, 0x0000000086600000, 0x0000000086600000|100%| O|  |TAMS 0x0000000086600000, 0x0000000086600000| Untracked 
| 102|0x0000000086600000, 0x0000000086700000, 0x0000000086700000|100%| O|  |TAMS 0x0000000086700000, 0x0000000086700000| Untracked 
| 103|0x0000000086700000, 0x0000000086800000, 0x0000000086800000|100%| O|  |TAMS 0x0000000086800000, 0x0000000086800000| Untracked 
| 104|0x0000000086800000, 0x0000000086900000, 0x0000000086900000|100%| O|  |TAMS 0x0000000086900000, 0x0000000086900000| Untracked 
| 105|0x0000000086900000, 0x0000000086a00000, 0x0000000086a00000|100%| O|  |TAMS 0x0000000086a00000, 0x0000000086a00000| Untracked 
| 106|0x0000000086a00000, 0x0000000086b00000, 0x0000000086b00000|100%| O|  |TAMS 0x0000000086b00000, 0x0000000086b00000| Untracked 
| 107|0x0000000086b00000, 0x0000000086c00000, 0x0000000086c00000|100%| O|  |TAMS 0x0000000086c00000, 0x0000000086c00000| Untracked 
| 108|0x0000000086c00000, 0x0000000086d00000, 0x0000000086d00000|100%| O|  |TAMS 0x0000000086d00000, 0x0000000086d00000| Untracked 
| 109|0x0000000086d00000, 0x0000000086e00000, 0x0000000086e00000|100%| O|  |TAMS 0x0000000086e00000, 0x0000000086e00000| Untracked 
| 110|0x0000000086e00000, 0x0000000086f00000, 0x0000000086f00000|100%| O|  |TAMS 0x0000000086f00000, 0x0000000086f00000| Untracked 
| 111|0x0000000086f00000, 0x0000000087000000, 0x0000000087000000|100%| O|  |TAMS 0x0000000087000000, 0x0000000087000000| Untracked 
| 112|0x0000000087000000, 0x0000000087100000, 0x0000000087100000|100%|HS|  |TAMS 0x0000000087100000, 0x0000000087100000| Complete 
| 113|0x0000000087100000, 0x0000000087200000, 0x0000000087200000|100%|HC|  |TAMS 0x0000000087200000, 0x0000000087200000| Complete 
| 114|0x0000000087200000, 0x0000000087300000, 0x0000000087300000|100%|HC|  |TAMS 0x0000000087300000, 0x0000000087300000| Complete 
| 115|0x0000000087300000, 0x0000000087400000, 0x0000000087400000|100%|HC|  |TAMS 0x0000000087400000, 0x0000000087400000| Complete 
| 116|0x0000000087400000, 0x0000000087500000, 0x0000000087500000|100%|HC|  |TAMS 0x0000000087500000, 0x0000000087500000| Complete 
| 117|0x0000000087500000, 0x0000000087600000, 0x0000000087600000|100%| O|  |TAMS 0x0000000087600000, 0x0000000087600000| Untracked 
| 118|0x0000000087600000, 0x0000000087700000, 0x0000000087700000|100%|HS|  |TAMS 0x0000000087700000, 0x0000000087700000| Complete 
| 119|0x0000000087700000, 0x0000000087800000, 0x0000000087800000|100%|HC|  |TAMS 0x0000000087800000, 0x0000000087800000| Complete 
| 120|0x0000000087800000, 0x0000000087900000, 0x0000000087900000|100%|HC|  |TAMS 0x0000000087900000, 0x0000000087900000| Complete 
| 121|0x0000000087900000, 0x0000000087a00000, 0x0000000087a00000|100%|HC|  |TAMS 0x0000000087a00000, 0x0000000087a00000| Complete 
| 122|0x0000000087a00000, 0x0000000087b00000, 0x0000000087b00000|100%| O|  |TAMS 0x0000000087b00000, 0x0000000087b00000| Untracked 
| 123|0x0000000087b00000, 0x0000000087c00000, 0x0000000087c00000|100%| O|  |TAMS 0x0000000087c00000, 0x0000000087c00000| Untracked 
| 124|0x0000000087c00000, 0x0000000087d00000, 0x0000000087d00000|100%| O|  |TAMS 0x0000000087d00000, 0x0000000087d00000| Untracked 
| 125|0x0000000087d00000, 0x0000000087e00000, 0x0000000087e00000|100%| O|  |TAMS 0x0000000087e00000, 0x0000000087e00000| Untracked 
| 126|0x0000000087e00000, 0x0000000087f00000, 0x0000000087f00000|100%|HS|  |TAMS 0x0000000087f00000, 0x0000000087f00000| Complete 
| 127|0x0000000087f00000, 0x0000000088000000, 0x0000000088000000|100%|HC|  |TAMS 0x0000000088000000, 0x0000000088000000| Complete 
| 128|0x0000000088000000, 0x0000000088100000, 0x0000000088100000|100%|HC|  |TAMS 0x0000000088100000, 0x0000000088100000| Complete 
| 129|0x0000000088100000, 0x0000000088200000, 0x0000000088200000|100%|HS|  |TAMS 0x0000000088200000, 0x0000000088200000| Complete 
| 130|0x0000000088200000, 0x0000000088300000, 0x0000000088300000|100%|HC|  |TAMS 0x0000000088300000, 0x0000000088300000| Complete 
| 131|0x0000000088300000, 0x0000000088400000, 0x0000000088400000|100%|HC|  |TAMS 0x0000000088400000, 0x0000000088400000| Complete 
| 132|0x0000000088400000, 0x0000000088500000, 0x0000000088500000|100%| O|  |TAMS 0x0000000088500000, 0x0000000088500000| Untracked 
| 133|0x0000000088500000, 0x0000000088600000, 0x0000000088600000|100%| O|  |TAMS 0x0000000088600000, 0x0000000088600000| Untracked 
| 134|0x0000000088600000, 0x0000000088700000, 0x0000000088700000|100%| O|  |TAMS 0x0000000088700000, 0x0000000088700000| Untracked 
| 135|0x0000000088700000, 0x0000000088800000, 0x0000000088800000|100%| O|  |TAMS 0x0000000088800000, 0x0000000088800000| Untracked 
| 136|0x0000000088800000, 0x0000000088900000, 0x0000000088900000|100%| O|  |TAMS 0x0000000088900000, 0x0000000088900000| Untracked 
| 137|0x0000000088900000, 0x0000000088a00000, 0x0000000088a00000|100%| O|  |TAMS 0x0000000088a00000, 0x0000000088a00000| Untracked 
| 138|0x0000000088a00000, 0x0000000088b00000, 0x0000000088b00000|100%| O|  |TAMS 0x0000000088b00000, 0x0000000088b00000| Untracked 
| 139|0x0000000088b00000, 0x0000000088c00000, 0x0000000088c00000|100%| O|  |TAMS 0x0000000088c00000, 0x0000000088c00000| Untracked 
| 140|0x0000000088c00000, 0x0000000088d00000, 0x0000000088d00000|100%| O|  |TAMS 0x0000000088d00000, 0x0000000088d00000| Untracked 
| 141|0x0000000088d00000, 0x0000000088e00000, 0x0000000088e00000|100%| O|  |TAMS 0x0000000088e00000, 0x0000000088e00000| Untracked 
| 142|0x0000000088e00000, 0x0000000088f00000, 0x0000000088f00000|100%| O|  |TAMS 0x0000000088f00000, 0x0000000088f00000| Untracked 
| 143|0x0000000088f00000, 0x0000000089000000, 0x0000000089000000|100%| O|  |TAMS 0x0000000089000000, 0x0000000089000000| Untracked 
| 144|0x0000000089000000, 0x0000000089100000, 0x0000000089100000|100%| O|  |TAMS 0x0000000089100000, 0x0000000089100000| Untracked 
| 145|0x0000000089100000, 0x0000000089200000, 0x0000000089200000|100%| O|  |TAMS 0x0000000089200000, 0x0000000089200000| Untracked 
| 146|0x0000000089200000, 0x0000000089300000, 0x0000000089300000|100%| O|  |TAMS 0x0000000089300000, 0x0000000089300000| Untracked 
| 147|0x0000000089300000, 0x0000000089400000, 0x0000000089400000|100%|HS|  |TAMS 0x0000000089400000, 0x0000000089400000| Complete 
| 148|0x0000000089400000, 0x0000000089500000, 0x0000000089500000|100%|HC|  |TAMS 0x0000000089500000, 0x0000000089500000| Complete 
| 149|0x0000000089500000, 0x0000000089600000, 0x0000000089600000|100%|HC|  |TAMS 0x0000000089600000, 0x0000000089600000| Complete 
| 150|0x0000000089600000, 0x0000000089700000, 0x0000000089700000|100%|HC|  |TAMS 0x0000000089700000, 0x0000000089700000| Complete 
| 151|0x0000000089700000, 0x0000000089800000, 0x0000000089800000|100%|HC|  |TAMS 0x0000000089800000, 0x0000000089800000| Complete 
| 152|0x0000000089800000, 0x0000000089900000, 0x0000000089900000|100%|HS|  |TAMS 0x0000000089900000, 0x0000000089900000| Complete 
| 153|0x0000000089900000, 0x0000000089a00000, 0x0000000089a00000|100%|HC|  |TAMS 0x0000000089a00000, 0x0000000089a00000| Complete 
| 154|0x0000000089a00000, 0x0000000089b00000, 0x0000000089b00000|100%|HC|  |TAMS 0x0000000089b00000, 0x0000000089b00000| Complete 
| 155|0x0000000089b00000, 0x0000000089c00000, 0x0000000089c00000|100%|HS|  |TAMS 0x0000000089c00000, 0x0000000089c00000| Complete 
| 156|0x0000000089c00000, 0x0000000089d00000, 0x0000000089d00000|100%|HC|  |TAMS 0x0000000089d00000, 0x0000000089d00000| Complete 
| 157|0x0000000089d00000, 0x0000000089e00000, 0x0000000089e00000|100%|HC|  |TAMS 0x0000000089e00000, 0x0000000089e00000| Complete 
| 158|0x0000000089e00000, 0x0000000089f00000, 0x0000000089f00000|100%|HS|  |TAMS 0x0000000089f00000, 0x0000000089f00000| Complete 
| 159|0x0000000089f00000, 0x000000008a000000, 0x000000008a000000|100%|HC|  |TAMS 0x000000008a000000, 0x000000008a000000| Complete 
| 160|0x000000008a000000, 0x000000008a100000, 0x000000008a100000|100%|HC|  |TAMS 0x000000008a100000, 0x000000008a100000| Complete 
| 161|0x000000008a100000, 0x000000008a200000, 0x000000008a200000|100%|HC|  |TAMS 0x000000008a200000, 0x000000008a200000| Complete 
| 162|0x000000008a200000, 0x000000008a300000, 0x000000008a300000|100%|HC|  |TAMS 0x000000008a300000, 0x000000008a300000| Complete 
| 163|0x000000008a300000, 0x000000008a400000, 0x000000008a400000|100%|HS|  |TAMS 0x000000008a400000, 0x000000008a400000| Complete 
| 164|0x000000008a400000, 0x000000008a500000, 0x000000008a500000|100%|HC|  |TAMS 0x000000008a500000, 0x000000008a500000| Complete 
| 165|0x000000008a500000, 0x000000008a600000, 0x000000008a600000|100%|HC|  |TAMS 0x000000008a600000, 0x000000008a600000| Complete 
| 166|0x000000008a600000, 0x000000008a700000, 0x000000008a700000|100%|HC|  |TAMS 0x000000008a700000, 0x000000008a700000| Complete 
| 167|0x000000008a700000, 0x000000008a800000, 0x000000008a800000|100%| O|  |TAMS 0x000000008a800000, 0x000000008a800000| Untracked 
| 168|0x000000008a800000, 0x000000008a900000, 0x000000008a900000|100%| O|  |TAMS 0x000000008a900000, 0x000000008a900000| Untracked 
| 169|0x000000008a900000, 0x000000008aa00000, 0x000000008aa00000|100%| O|  |TAMS 0x000000008aa00000, 0x000000008aa00000| Untracked 
| 170|0x000000008aa00000, 0x000000008ab00000, 0x000000008ab00000|100%| O|  |TAMS 0x000000008ab00000, 0x000000008ab00000| Untracked 
| 171|0x000000008ab00000, 0x000000008ac00000, 0x000000008ac00000|100%| O|  |TAMS 0x000000008ac00000, 0x000000008ac00000| Untracked 
| 172|0x000000008ac00000, 0x000000008ad00000, 0x000000008ad00000|100%| O|  |TAMS 0x000000008ad00000, 0x000000008ad00000| Untracked 
| 173|0x000000008ad00000, 0x000000008ae00000, 0x000000008ae00000|100%| O|  |TAMS 0x000000008ae00000, 0x000000008ae00000| Untracked 
| 174|0x000000008ae00000, 0x000000008af00000, 0x000000008af00000|100%| O|  |TAMS 0x000000008af00000, 0x000000008af00000| Untracked 
| 175|0x000000008af00000, 0x000000008b000000, 0x000000008b000000|100%| O|  |TAMS 0x000000008b000000, 0x000000008b000000| Untracked 
| 176|0x000000008b000000, 0x000000008b100000, 0x000000008b100000|100%| O|  |TAMS 0x000000008b100000, 0x000000008b100000| Untracked 
| 177|0x000000008b100000, 0x000000008b200000, 0x000000008b200000|100%| O|  |TAMS 0x000000008b200000, 0x000000008b200000| Untracked 
| 178|0x000000008b200000, 0x000000008b300000, 0x000000008b300000|100%| O|  |TAMS 0x000000008b300000, 0x000000008b300000| Untracked 
| 179|0x000000008b300000, 0x000000008b400000, 0x000000008b400000|100%| O|  |TAMS 0x000000008b400000, 0x000000008b400000| Untracked 
| 180|0x000000008b400000, 0x000000008b500000, 0x000000008b500000|100%| O|  |TAMS 0x000000008b500000, 0x000000008b500000| Untracked 
| 181|0x000000008b500000, 0x000000008b600000, 0x000000008b600000|100%| O|  |TAMS 0x000000008b500000, 0x000000008b600000| Untracked 
| 182|0x000000008b600000, 0x000000008b700000, 0x000000008b700000|100%| O|  |TAMS 0x000000008b700000, 0x000000008b700000| Untracked 
| 183|0x000000008b700000, 0x000000008b800000, 0x000000008b800000|100%| O|  |TAMS 0x000000008b800000, 0x000000008b800000| Untracked 
| 184|0x000000008b800000, 0x000000008b900000, 0x000000008b900000|100%| O|  |TAMS 0x000000008b900000, 0x000000008b900000| Untracked 
| 185|0x000000008b900000, 0x000000008ba00000, 0x000000008ba00000|100%| O|  |TAMS 0x000000008ba00000, 0x000000008ba00000| Untracked 
| 186|0x000000008ba00000, 0x000000008bb00000, 0x000000008bb00000|100%| O|  |TAMS 0x000000008bb00000, 0x000000008bb00000| Untracked 
| 187|0x000000008bb00000, 0x000000008bc00000, 0x000000008bc00000|100%| O|  |TAMS 0x000000008bc00000, 0x000000008bc00000| Untracked 
| 188|0x000000008bc00000, 0x000000008bd00000, 0x000000008bd00000|100%| O|  |TAMS 0x000000008bc62000, 0x000000008bd00000| Untracked 
| 189|0x000000008bd00000, 0x000000008be00000, 0x000000008be00000|100%| O|  |TAMS 0x000000008bd00000, 0x000000008be00000| Untracked 
| 190|0x000000008be00000, 0x000000008bf00000, 0x000000008bf00000|100%| O|  |TAMS 0x000000008be00000, 0x000000008bf00000| Untracked 
| 191|0x000000008bf00000, 0x000000008c000000, 0x000000008c000000|100%| O|  |TAMS 0x000000008bf00000, 0x000000008c000000| Untracked 
| 192|0x000000008c000000, 0x000000008c042c00, 0x000000008c100000| 26%| O|  |TAMS 0x000000008c000000, 0x000000008c042c00| Untracked 
| 193|0x000000008c100000, 0x000000008c200000, 0x000000008c200000|100%|HS|  |TAMS 0x000000008c100000, 0x000000008c100000| Complete 
| 194|0x000000008c200000, 0x000000008c300000, 0x000000008c300000|100%|HC|  |TAMS 0x000000008c200000, 0x000000008c200000| Complete 
| 195|0x000000008c300000, 0x000000008c300000, 0x000000008c400000|  0%| F|  |TAMS 0x000000008c300000, 0x000000008c300000| Untracked 
| 196|0x000000008c400000, 0x000000008c400000, 0x000000008c500000|  0%| F|  |TAMS 0x000000008c400000, 0x000000008c400000| Untracked 
| 197|0x000000008c500000, 0x000000008c500000, 0x000000008c600000|  0%| F|  |TAMS 0x000000008c500000, 0x000000008c500000| Untracked 
| 198|0x000000008c600000, 0x000000008c600000, 0x000000008c700000|  0%| F|  |TAMS 0x000000008c600000, 0x000000008c600000| Untracked 
| 199|0x000000008c700000, 0x000000008c700000, 0x000000008c800000|  0%| F|  |TAMS 0x000000008c700000, 0x000000008c700000| Untracked 
| 200|0x000000008c800000, 0x000000008c800000, 0x000000008c900000|  0%| F|  |TAMS 0x000000008c800000, 0x000000008c800000| Untracked 
| 201|0x000000008c900000, 0x000000008c900000, 0x000000008ca00000|  0%| F|  |TAMS 0x000000008c900000, 0x000000008c900000| Untracked 
| 202|0x000000008ca00000, 0x000000008ca00000, 0x000000008cb00000|  0%| F|  |TAMS 0x000000008ca00000, 0x000000008ca00000| Untracked 
| 203|0x000000008cb00000, 0x000000008cb00000, 0x000000008cc00000|  0%| F|  |TAMS 0x000000008cb00000, 0x000000008cb00000| Untracked 
| 204|0x000000008cc00000, 0x000000008cc00000, 0x000000008cd00000|  0%| F|  |TAMS 0x000000008cc00000, 0x000000008cc00000| Untracked 
| 205|0x000000008cd00000, 0x000000008cd00000, 0x000000008ce00000|  0%| F|  |TAMS 0x000000008cd00000, 0x000000008cd00000| Untracked 
| 206|0x000000008ce00000, 0x000000008ce00000, 0x000000008cf00000|  0%| F|  |TAMS 0x000000008ce00000, 0x000000008ce00000| Untracked 
| 207|0x000000008cf00000, 0x000000008cf00000, 0x000000008d000000|  0%| F|  |TAMS 0x000000008cf00000, 0x000000008cf00000| Untracked 
| 208|0x000000008d000000, 0x000000008d000000, 0x000000008d100000|  0%| F|  |TAMS 0x000000008d000000, 0x000000008d000000| Untracked 
| 209|0x000000008d100000, 0x000000008d100000, 0x000000008d200000|  0%| F|  |TAMS 0x000000008d100000, 0x000000008d100000| Untracked 
| 210|0x000000008d200000, 0x000000008d200000, 0x000000008d300000|  0%| F|  |TAMS 0x000000008d200000, 0x000000008d200000| Untracked 
| 211|0x000000008d300000, 0x000000008d300000, 0x000000008d400000|  0%| F|  |TAMS 0x000000008d300000, 0x000000008d300000| Untracked 
| 212|0x000000008d400000, 0x000000008d400000, 0x000000008d500000|  0%| F|  |TAMS 0x000000008d400000, 0x000000008d400000| Untracked 
| 213|0x000000008d500000, 0x000000008d500000, 0x000000008d600000|  0%| F|  |TAMS 0x000000008d500000, 0x000000008d500000| Untracked 
| 214|0x000000008d600000, 0x000000008d600000, 0x000000008d700000|  0%| F|  |TAMS 0x000000008d600000, 0x000000008d600000| Untracked 
| 215|0x000000008d700000, 0x000000008d700000, 0x000000008d800000|  0%| F|  |TAMS 0x000000008d700000, 0x000000008d700000| Untracked 
| 216|0x000000008d800000, 0x000000008d800000, 0x000000008d900000|  0%| F|  |TAMS 0x000000008d800000, 0x000000008d800000| Untracked 
| 217|0x000000008d900000, 0x000000008d900000, 0x000000008da00000|  0%| F|  |TAMS 0x000000008d900000, 0x000000008d900000| Untracked 
| 218|0x000000008da00000, 0x000000008da00000, 0x000000008db00000|  0%| F|  |TAMS 0x000000008da00000, 0x000000008da00000| Untracked 
| 219|0x000000008db00000, 0x000000008db00000, 0x000000008dc00000|  0%| F|  |TAMS 0x000000008db00000, 0x000000008db00000| Untracked 
| 220|0x000000008dc00000, 0x000000008dc00000, 0x000000008dd00000|  0%| F|  |TAMS 0x000000008dc00000, 0x000000008dc00000| Untracked 
| 221|0x000000008dd00000, 0x000000008dd00000, 0x000000008de00000|  0%| F|  |TAMS 0x000000008dd00000, 0x000000008dd00000| Untracked 
| 222|0x000000008de00000, 0x000000008de00000, 0x000000008df00000|  0%| F|  |TAMS 0x000000008de00000, 0x000000008de00000| Untracked 
| 223|0x000000008df00000, 0x000000008df00000, 0x000000008e000000|  0%| F|  |TAMS 0x000000008df00000, 0x000000008df00000| Untracked 
| 224|0x000000008e000000, 0x000000008e000000, 0x000000008e100000|  0%| F|  |TAMS 0x000000008e000000, 0x000000008e000000| Untracked 
| 225|0x000000008e100000, 0x000000008e100000, 0x000000008e200000|  0%| F|  |TAMS 0x000000008e100000, 0x000000008e100000| Untracked 
| 226|0x000000008e200000, 0x000000008e200000, 0x000000008e300000|  0%| F|  |TAMS 0x000000008e200000, 0x000000008e200000| Untracked 
| 227|0x000000008e300000, 0x000000008e300000, 0x000000008e400000|  0%| F|  |TAMS 0x000000008e300000, 0x000000008e300000| Untracked 
| 228|0x000000008e400000, 0x000000008e400000, 0x000000008e500000|  0%| F|  |TAMS 0x000000008e400000, 0x000000008e400000| Untracked 
| 229|0x000000008e500000, 0x000000008e500000, 0x000000008e600000|  0%| F|  |TAMS 0x000000008e500000, 0x000000008e500000| Untracked 
| 230|0x000000008e600000, 0x000000008e600000, 0x000000008e700000|  0%| F|  |TAMS 0x000000008e600000, 0x000000008e600000| Untracked 
| 231|0x000000008e700000, 0x000000008e7b12e8, 0x000000008e800000| 69%| S|CS|TAMS 0x000000008e700000, 0x000000008e700000| Complete 
| 232|0x000000008e800000, 0x000000008e900000, 0x000000008e900000|100%| S|CS|TAMS 0x000000008e800000, 0x000000008e800000| Complete 
| 233|0x000000008e900000, 0x000000008ea00000, 0x000000008ea00000|100%| S|CS|TAMS 0x000000008e900000, 0x000000008e900000| Complete 
| 234|0x000000008ea00000, 0x000000008eb00000, 0x000000008eb00000|100%| S|CS|TAMS 0x000000008ea00000, 0x000000008ea00000| Complete 
| 235|0x000000008eb00000, 0x000000008ec00000, 0x000000008ec00000|100%| S|CS|TAMS 0x000000008eb00000, 0x000000008eb00000| Complete 
| 236|0x000000008ec00000, 0x000000008ec00000, 0x000000008ed00000|  0%| F|  |TAMS 0x000000008ec00000, 0x000000008ec00000| Untracked 
| 237|0x000000008ed00000, 0x000000008ed00000, 0x000000008ee00000|  0%| F|  |TAMS 0x000000008ed00000, 0x000000008ed00000| Untracked 
| 238|0x000000008ee00000, 0x000000008ee00000, 0x000000008ef00000|  0%| F|  |TAMS 0x000000008ee00000, 0x000000008ee00000| Untracked 
| 239|0x000000008ef00000, 0x000000008ef00000, 0x000000008f000000|  0%| F|  |TAMS 0x000000008ef00000, 0x000000008ef00000| Untracked 
| 240|0x000000008f000000, 0x000000008f000000, 0x000000008f100000|  0%| F|  |TAMS 0x000000008f000000, 0x000000008f000000| Untracked 
| 241|0x000000008f100000, 0x000000008f100000, 0x000000008f200000|  0%| F|  |TAMS 0x000000008f100000, 0x000000008f100000| Untracked 
| 242|0x000000008f200000, 0x000000008f200000, 0x000000008f300000|  0%| F|  |TAMS 0x000000008f200000, 0x000000008f200000| Untracked 
| 243|0x000000008f300000, 0x000000008f300000, 0x000000008f400000|  0%| F|  |TAMS 0x000000008f300000, 0x000000008f300000| Untracked 
| 244|0x000000008f400000, 0x000000008f400000, 0x000000008f500000|  0%| F|  |TAMS 0x000000008f400000, 0x000000008f400000| Untracked 
| 245|0x000000008f500000, 0x000000008f500000, 0x000000008f600000|  0%| F|  |TAMS 0x000000008f500000, 0x000000008f500000| Untracked 
| 246|0x000000008f600000, 0x000000008f600000, 0x000000008f700000|  0%| F|  |TAMS 0x000000008f600000, 0x000000008f600000| Untracked 
| 247|0x000000008f700000, 0x000000008f700000, 0x000000008f800000|  0%| F|  |TAMS 0x000000008f700000, 0x000000008f700000| Untracked 
| 248|0x000000008f800000, 0x000000008f800000, 0x000000008f900000|  0%| F|  |TAMS 0x000000008f800000, 0x000000008f800000| Untracked 
| 249|0x000000008f900000, 0x000000008f900000, 0x000000008fa00000|  0%| F|  |TAMS 0x000000008f900000, 0x000000008f900000| Untracked 
| 250|0x000000008fa00000, 0x000000008fa00000, 0x000000008fb00000|  0%| F|  |TAMS 0x000000008fa00000, 0x000000008fa00000| Untracked 
| 251|0x000000008fb00000, 0x000000008fb00000, 0x000000008fc00000|  0%| F|  |TAMS 0x000000008fb00000, 0x000000008fb00000| Untracked 
| 252|0x000000008fc00000, 0x000000008fc00000, 0x000000008fd00000|  0%| F|  |TAMS 0x000000008fc00000, 0x000000008fc00000| Untracked 
| 253|0x000000008fd00000, 0x000000008fd00000, 0x000000008fe00000|  0%| F|  |TAMS 0x000000008fd00000, 0x000000008fd00000| Untracked 
| 254|0x000000008fe00000, 0x000000008fe00000, 0x000000008ff00000|  0%| F|  |TAMS 0x000000008fe00000, 0x000000008fe00000| Untracked 
| 255|0x000000008ff00000, 0x000000008ff00000, 0x0000000090000000|  0%| F|  |TAMS 0x000000008ff00000, 0x000000008ff00000| Untracked 
| 256|0x0000000090000000, 0x0000000090000000, 0x0000000090100000|  0%| F|  |TAMS 0x0000000090000000, 0x0000000090000000| Untracked 
| 257|0x0000000090100000, 0x0000000090100000, 0x0000000090200000|  0%| F|  |TAMS 0x0000000090100000, 0x0000000090100000| Untracked 
| 258|0x0000000090200000, 0x0000000090200000, 0x0000000090300000|  0%| F|  |TAMS 0x0000000090200000, 0x0000000090200000| Untracked 
| 259|0x0000000090300000, 0x0000000090300000, 0x0000000090400000|  0%| F|  |TAMS 0x0000000090300000, 0x0000000090300000| Untracked 
| 260|0x0000000090400000, 0x0000000090400000, 0x0000000090500000|  0%| F|  |TAMS 0x0000000090400000, 0x0000000090400000| Untracked 
| 261|0x0000000090500000, 0x0000000090500000, 0x0000000090600000|  0%| F|  |TAMS 0x0000000090500000, 0x0000000090500000| Untracked 
| 262|0x0000000090600000, 0x0000000090600000, 0x0000000090700000|  0%| F|  |TAMS 0x0000000090600000, 0x0000000090600000| Untracked 
| 263|0x0000000090700000, 0x0000000090700000, 0x0000000090800000|  0%| F|  |TAMS 0x0000000090700000, 0x0000000090700000| Untracked 
| 264|0x0000000090800000, 0x0000000090800000, 0x0000000090900000|  0%| F|  |TAMS 0x0000000090800000, 0x0000000090800000| Untracked 
| 265|0x0000000090900000, 0x0000000090900000, 0x0000000090a00000|  0%| F|  |TAMS 0x0000000090900000, 0x0000000090900000| Untracked 
| 266|0x0000000090a00000, 0x0000000090a00000, 0x0000000090b00000|  0%| F|  |TAMS 0x0000000090a00000, 0x0000000090a00000| Untracked 
| 267|0x0000000090b00000, 0x0000000090b00000, 0x0000000090c00000|  0%| F|  |TAMS 0x0000000090b00000, 0x0000000090b00000| Untracked 
| 268|0x0000000090c00000, 0x0000000090c00000, 0x0000000090d00000|  0%| F|  |TAMS 0x0000000090c00000, 0x0000000090c00000| Untracked 
| 269|0x0000000090d00000, 0x0000000090d81558, 0x0000000090e00000| 50%| E|  |TAMS 0x0000000090d00000, 0x0000000090d00000| Complete 
| 270|0x0000000090e00000, 0x0000000090f00000, 0x0000000090f00000|100%| E|CS|TAMS 0x0000000090e00000, 0x0000000090e00000| Complete 
| 271|0x0000000090f00000, 0x0000000091000000, 0x0000000091000000|100%| E|CS|TAMS 0x0000000090f00000, 0x0000000090f00000| Complete 

Card table byte_map: [0x0000002fa8c10000,0x0000002fa9010000] _byte_map_base: 0x0000002fa8810000

Marking Bits (Prev, Next): (CMBitMap*) 0x0000002f95d69160, (CMBitMap*) 0x0000002f95d69128
 Prev Bits: [0x0000002fab410000, 0x0000002fad410000)
 Next Bits: [0x0000002fa9410000, 0x0000002fab410000)

Polling page: 0x0000002f954d0000

Metaspace:

Usage:
  Non-class:    134.91 MB capacity,   130.89 MB ( 97%) used,     3.36 MB (  2%) free+waste,   674.13 KB ( <1%) overhead. 
      Class:     20.82 MB capacity,    18.66 MB ( 90%) used,     1.86 MB (  9%) free+waste,   303.31 KB (  1%) overhead. 
       Both:    155.73 MB capacity,   149.56 MB ( 96%) used,     5.22 MB (  3%) free+waste,   977.44 KB ( <1%) overhead. 

Virtual space:
  Non-class space:      136.00 MB reserved,     134.97 MB (>99%) committed 
      Class space:        1.00 GB reserved,      20.90 MB (  2%) committed 
             Both:        1.13 GB reserved,     155.87 MB ( 13%) committed 

Chunk freelists:
   Non-Class:  61.00 KB
       Class:  26.00 KB
        Both:  87.00 KB

MaxMetaspaceSize: 17179869184.00 GB
CompressedClassSpaceSize: 1.00 GB
Initial GC threshold: 20.80 MB
Current GC threshold: 259.79 MB
CDS: off

CodeHeap 'non-profiled nmethods': size=120064Kb used=26289Kb max_used=26289Kb free=93774Kb
 bounds [0x0000002fa12d0000, 0x0000002fa2c80000, 0x0000002fa8810000]
CodeHeap 'profiled nmethods': size=120000Kb used=59785Kb max_used=59785Kb free=60214Kb
 bounds [0x0000002f99da0000, 0x0000002f9d810000, 0x0000002fa12d0000]
CodeHeap 'non-nmethods': size=5696Kb used=2544Kb max_used=2606Kb free=3151Kb
 bounds [0x0000002f99810000, 0x0000002f99ab0000, 0x0000002f99da0000]
 total_blobs=28182 nmethods=27089 adapters=1004
 compilation: enabled
              stopped_count=0, restarted_count=0
 full_count=0

Compilation events (20 events):
Event: 10283.550 Thread 0x0000002fb06cf000 32210       3       org.apache.xerces.util.NamespaceSupport::popContext (21 bytes)
Event: 10283.550 Thread 0x0000002fb06cf000 nmethod 32210 0x0000002f9d7f9810 code [0x0000002f9d7f99c0, 0x0000002f9d7f9af8]
Event: 10283.551 Thread 0x0000002fb06cf000 32212       3       org.apache.xerces.util.XMLChar::isInvalid (13 bytes)
Event: 10283.551 Thread 0x0000002fb06cf000 nmethod 32212 0x0000002f9d7f9c10 code [0x0000002f9d7f9de0, 0x0000002f9d7fa0b8]
Event: 10283.551 Thread 0x0000002fb06cf000 32213       3       org.apache.xerces.util.XMLChar::isValid (34 bytes)
Event: 10283.551 Thread 0x0000002fb06cf000 nmethod 32213 0x0000002f9d7fa190 code [0x0000002f9d7fa340, 0x0000002f9d7fa558]
Event: 10283.563 Thread 0x0000002fb06cf000 32219       2       org.apache.xerces.impl.XMLScanner::isInvalidLiteral (5 bytes)
Event: 10283.563 Thread 0x0000002fb06cf000 nmethod 32219 0x0000002f9d7fa610 code [0x0000002f9d7fa7c0, 0x0000002f9d7fa8e8]
Event: 10283.567 Thread 0x0000002fb06cf000 32221 %     3       sun.nio.cs.UTF_8$Decoder::decodeArrayLoop @ 106 (691 bytes)
Event: 10283.572 Thread 0x0000002fb06cf000 nmethod 32221% 0x0000002f9d7fa990 code [0x0000002f9d7fb320, 0x0000002f9d801208]
Event: 10283.572 Thread 0x0000002fb06cf000 32222       3       sun.nio.cs.UTF_8$Decoder::decodeArrayLoop (691 bytes)
Event: 10283.577 Thread 0x0000002fb06cf000 nmethod 32222 0x0000002f9d802f90 code [0x0000002f9d803960, 0x0000002f9d809e48]
Event: 10283.629 Thread 0x0000002fb06cf000 32223       2       org.apache.xerces.xni.XMLString::equals (56 bytes)
Event: 10283.630 Thread 0x0000002fb06cf000 nmethod 32223 0x0000002f9d80bb90 code [0x0000002f9d80bd60, 0x0000002f9d80bf98]
Event: 10283.633 Thread 0x0000002fb06cf000 32224       2       org.apache.xerces.impl.XMLScanner::normalizeWhitespace (56 bytes)
Event: 10283.633 Thread 0x0000002fb06cf000 nmethod 32224 0x0000002f9d80c110 code [0x0000002f9d80c2c0, 0x0000002f9d80c498]
Event: 10283.636 Thread 0x0000002fb06cf000 32226       2       org.apache.xerces.impl.XMLScanner::normalizeWhitespace (50 bytes)
Event: 10283.636 Thread 0x0000002fb06cf000 nmethod 32226 0x0000002f9d80c610 code [0x0000002f9d80c7c0, 0x0000002f9d80c998]
Event: 10283.647 Thread 0x0000002fb06cf000 32231       2       org.apache.xerces.impl.XMLEntityScanner::load (198 bytes)
Event: 10283.648 Thread 0x0000002fb06cf000 nmethod 32231 0x0000002f9d80cb10 code [0x0000002f9d80cce0, 0x0000002f9d80cf68]

GC Heap History (20 events):
Event: 10216.872 GC heap before
{Heap before GC invocations=164 (full 0):
 garbage-first heap   total 278528K, used 187917K [0x0000000080000000, 0x0000000100000000)
  region size 1024K, 13 young (13312K), 4 survivors (4096K)
 Metaspace       used 145123K, capacity 151133K, committed 151420K, reserved 1181696K
  class space    used 18137K, capacity 20271K, committed 20376K, reserved 1048576K
}
Event: 10216.883 GC heap after
{Heap after GC invocations=165 (full 0):
 garbage-first heap   total 278528K, used 181048K [0x0000000080000000, 0x0000000100000000)
  region size 1024K, 2 young (2048K), 2 survivors (2048K)
 Metaspace       used 145123K, capacity 151133K, committed 151420K, reserved 1181696K
  class space    used 18137K, capacity 20271K, committed 20376K, reserved 1048576K
}
Event: 10220.082 GC heap before
{Heap before GC invocations=165 (full 0):
 garbage-first heap   total 278528K, used 226104K [0x0000000080000000, 0x0000000100000000)
  region size 1024K, 47 young (48128K), 2 survivors (2048K)
 Metaspace       used 149329K, capacity 155359K, committed 155516K, reserved 1183744K
  class space    used 18658K, capacity 20823K, committed 20888K, reserved 1048576K
}
Event: 10220.098 GC heap after
{Heap after GC invocations=166 (full 0):
 garbage-first heap   total 278528K, used 184377K [0x0000000080000000, 0x0000000100000000)
  region size 1024K, 6 young (6144K), 6 survivors (6144K)
 Metaspace       used 149329K, capacity 155359K, committed 155516K, reserved 1183744K
  class space    used 18658K, capacity 20823K, committed 20888K, reserved 1048576K
}
Event: 10222.561 GC heap before
{Heap before GC invocations=167 (full 0):
 garbage-first heap   total 278528K, used 228409K [0x0000000080000000, 0x0000000100000000)
  region size 1024K, 50 young (51200K), 6 survivors (6144K)
 Metaspace       used 149650K, capacity 155699K, committed 155772K, reserved 1183744K
  class space    used 18673K, capacity 20830K, committed 20888K, reserved 1048576K
}
Event: 10222.585 GC heap after
{Heap after GC invocations=168 (full 0):
 garbage-first heap   total 278528K, used 187082K [0x0000000080000000, 0x0000000100000000)
  region size 1024K, 7 young (7168K), 7 survivors (7168K)
 Metaspace       used 149650K, capacity 155699K, committed 155772K, reserved 1183744K
  class space    used 18673K, capacity 20830K, committed 20888K, reserved 1048576K
}
Event: 10222.776 GC heap before
{Heap before GC invocations=168 (full 0):
 garbage-first heap   total 278528K, used 192202K [0x0000000080000000, 0x0000000100000000)
  region size 1024K, 13 young (13312K), 7 survivors (7168K)
 Metaspace       used 149877K, capacity 155865K, committed 156028K, reserved 1185792K
  class space    used 18704K, capacity 20863K, committed 20888K, reserved 1048576K
}
Event: 10222.807 GC heap after
{Heap after GC invocations=169 (full 0):
 garbage-first heap   total 278528K, used 187459K [0x0000000080000000, 0x0000000100000000)
  region size 1024K, 1 young (1024K), 1 survivors (1024K)
 Metaspace       used 149877K, capacity 155865K, committed 156028K, reserved 1185792K
  class space    used 18704K, capacity 20863K, committed 20888K, reserved 1048576K
}
Event: 10223.579 GC heap before
{Heap before GC invocations=169 (full 0):
 garbage-first heap   total 278528K, used 232515K [0x0000000080000000, 0x0000000100000000)
  region size 1024K, 45 young (46080K), 1 survivors (1024K)
 Metaspace       used 150468K, capacity 156522K, committed 156668K, reserved 1185792K
  class space    used 18771K, capacity 20928K, committed 21016K, reserved 1048576K
}
Event: 10223.592 GC heap after
{Heap after GC invocations=170 (full 0):
 garbage-first heap   total 278528K, used 190078K [0x0000000080000000, 0x0000000100000000)
  region size 1024K, 4 young (4096K), 4 survivors (4096K)
 Metaspace       used 150468K, capacity 156522K, committed 156668K, reserved 1185792K
  class space    used 18771K, capacity 20928K, committed 21016K, reserved 1048576K
}
Event: 10226.508 GC heap before
{Heap before GC invocations=171 (full 0):
 garbage-first heap   total 278528K, used 233086K [0x0000000080000000, 0x0000000100000000)
  region size 1024K, 47 young (48128K), 4 survivors (4096K)
 Metaspace       used 151122K, capacity 157201K, committed 157436K, reserved 1185792K
  class space    used 18843K, capacity 21002K, committed 21016K, reserved 1048576K
}
Event: 10226.522 GC heap after
{Heap after GC invocations=172 (full 0):
 garbage-first heap   total 278528K, used 191709K [0x0000000080000000, 0x0000000100000000)
  region size 1024K, 2 young (2048K), 2 survivors (2048K)
 Metaspace       used 151122K, capacity 157201K, committed 157436K, reserved 1185792K
  class space    used 18843K, capacity 21002K, committed 21016K, reserved 1048576K
}
Event: 10228.141 GC heap before
{Heap before GC invocations=172 (full 0):
 garbage-first heap   total 278528K, used 201949K [0x0000000080000000, 0x0000000100000000)
  region size 1024K, 13 young (13312K), 2 survivors (2048K)
 Metaspace       used 151191K, capacity 157265K, committed 157436K, reserved 1185792K
  class space    used 18843K, capacity 21002K, committed 21016K, reserved 1048576K
}
Event: 10228.149 GC heap after
{Heap after GC invocations=173 (full 0):
 garbage-first heap   total 278528K, used 191259K [0x0000000080000000, 0x0000000100000000)
  region size 1024K, 1 young (1024K), 1 survivors (1024K)
 Metaspace       used 151191K, capacity 157265K, committed 157436K, reserved 1185792K
  class space    used 18843K, capacity 21002K, committed 21016K, reserved 1048576K
}
Event: 10229.110 GC heap before
{Heap before GC invocations=173 (full 0):
 garbage-first heap   total 278528K, used 235291K [0x0000000080000000, 0x0000000100000000)
  region size 1024K, 44 young (45056K), 1 survivors (1024K)
 Metaspace       used 152339K, capacity 158520K, committed 158716K, reserved 1187840K
  class space    used 19015K, capacity 21192K, committed 21272K, reserved 1048576K
}
Event: 10229.116 GC heap after
{Heap after GC invocations=174 (full 0):
 garbage-first heap   total 278528K, used 192655K [0x0000000080000000, 0x0000000100000000)
  region size 1024K, 2 young (2048K), 2 survivors (2048K)
 Metaspace       used 152339K, capacity 158520K, committed 158716K, reserved 1187840K
  class space    used 19015K, capacity 21192K, committed 21272K, reserved 1048576K
}
Event: 10282.443 GC heap before
{Heap before GC invocations=175 (full 0):
 garbage-first heap   total 278528K, used 236687K [0x0000000080000000, 0x0000000100000000)
  region size 1024K, 46 young (47104K), 2 survivors (2048K)
 Metaspace       used 152972K, capacity 159308K, committed 159612K, reserved 1187840K
  class space    used 19098K, capacity 21286K, committed 21400K, reserved 1048576K
}
Event: 10282.464 GC heap after
{Heap after GC invocations=176 (full 0):
 garbage-first heap   total 278528K, used 197036K [0x0000000080000000, 0x0000000100000000)
  region size 1024K, 6 young (6144K), 6 survivors (6144K)
 Metaspace       used 152972K, capacity 159308K, committed 159612K, reserved 1187840K
  class space    used 19098K, capacity 21286K, committed 21400K, reserved 1048576K
}
Event: 10283.422 GC heap before
{Heap before GC invocations=176 (full 0):
 garbage-first heap   total 278528K, used 231852K [0x0000000080000000, 0x0000000100000000)
  region size 1024K, 42 young (43008K), 6 survivors (6144K)
 Metaspace       used 153106K, capacity 159469K, committed 159612K, reserved 1187840K
  class space    used 19111K, capacity 21318K, committed 21400K, reserved 1048576K
}
Event: 10283.442 GC heap after
{Heap after GC invocations=177 (full 0):
 garbage-first heap   total 278528K, used 201679K [0x0000000080000000, 0x0000000100000000)
  region size 1024K, 5 young (5120K), 5 survivors (5120K)
 Metaspace       used 153106K, capacity 159469K, committed 159612K, reserved 1187840K
  class space    used 19111K, capacity 21318K, committed 21400K, reserved 1048576K
}

Deoptimization events (20 events):
Event: 10283.380 Thread 0x0000002fb4481000 Uncommon trap: trap_request=0xffffff4d fr.pc=0x0000002fa1d21060 relative=0x0000000000001d00
Event: 10283.380 Thread 0x0000002fb4481000 Uncommon trap: reason=unstable_if action=reinterpret pc=0x0000002fa1d21060 method=com.google.common.collect.Iterables.elementsEqual(Ljava/lang/Iterable;Ljava/lang/Iterable;)Z @ 36 c2
Event: 10283.380 Thread 0x0000002fb4481000 DEOPT PACKING pc=0x0000002fa1d21060 sp=0x0000002fc8c7cf90
Event: 10283.380 Thread 0x0000002fb4481000 DEOPT UNPACKING pc=0x0000002f9985a1af sp=0x0000002fc8c7ce40 mode 2
Event: 10283.388 Thread 0x0000002fb4481000 Uncommon trap: trap_request=0xffffff4d fr.pc=0x0000002fa1f28868 relative=0x0000000000000fa8
Event: 10283.388 Thread 0x0000002fb4481000 Uncommon trap: reason=unstable_if action=reinterpret pc=0x0000002fa1f28868 method=com.google.common.collect.Iterables.elementsEqual(Ljava/lang/Iterable;Ljava/lang/Iterable;)Z @ 36 c2
Event: 10283.388 Thread 0x0000002fb4481000 DEOPT PACKING pc=0x0000002fa1f28868 sp=0x0000002fc8c7c9e0
Event: 10283.391 Thread 0x0000002fb4481000 DEOPT UNPACKING pc=0x0000002f9985a1af sp=0x0000002fc8c7c9b8 mode 2
Event: 10283.391 Thread 0x0000002fb4481000 Uncommon trap: trap_request=0xffffff4d fr.pc=0x0000002fa2786b84 relative=0x0000000000000484
Event: 10283.391 Thread 0x0000002fb4481000 Uncommon trap: reason=unstable_if action=reinterpret pc=0x0000002fa2786b84 method=com.google.common.collect.ImmutableMapEntrySet.contains(Ljava/lang/Object;)Z @ 27 c2
Event: 10283.391 Thread 0x0000002fb4481000 DEOPT PACKING pc=0x0000002fa2786b84 sp=0x0000002fc8c7c6c0
Event: 10283.391 Thread 0x0000002fb4481000 DEOPT UNPACKING pc=0x0000002f9985a1af sp=0x0000002fc8c7c650 mode 2
Event: 10283.515 Thread 0x0000002fb4481000 Uncommon trap: trap_request=0xffffff4d fr.pc=0x0000002fa15c4948 relative=0x0000000000000468
Event: 10283.515 Thread 0x0000002fb4481000 Uncommon trap: reason=unstable_if action=reinterpret pc=0x0000002fa15c4948 method=org.apache.xerces.impl.XMLEntityScanner.scanLiteral(ILorg/apache/xerces/xni/XMLString;)I @ 606 c2
Event: 10283.515 Thread 0x0000002fb4481000 DEOPT PACKING pc=0x0000002fa15c4948 sp=0x0000002fc8c7b000
Event: 10283.515 Thread 0x0000002fb4481000 DEOPT UNPACKING pc=0x0000002f9985a1af sp=0x0000002fc8c7af88 mode 2
Event: 10283.567 Thread 0x0000002fb4481000 Uncommon trap: trap_request=0xffffff4d fr.pc=0x0000002fa2ac25fc relative=0x0000000000000adc
Event: 10283.567 Thread 0x0000002fb4481000 Uncommon trap: reason=unstable_if action=reinterpret pc=0x0000002fa2ac25fc method=sun.nio.cs.UTF_8$Decoder.decodeArrayLoop(Ljava/nio/ByteBuffer;Ljava/nio/CharBuffer;)Ljava/nio/charset/CoderResult; @ 287 c2
Event: 10283.567 Thread 0x0000002fb4481000 DEOPT PACKING pc=0x0000002fa2ac25fc sp=0x0000002fc8c7af00
Event: 10283.567 Thread 0x0000002fb4481000 DEOPT UNPACKING pc=0x0000002f9985a1af sp=0x0000002fc8c7ae58 mode 2

Classes redefined (0 events):
No events

Internal exceptions (20 events):
Event: 10228.856 Thread 0x0000002fba75f800 Exception <a 'java/lang/ClassNotFoundException'{0x00000000901317f8}: java/util/CollectionCustomizer> (0x00000000901317f8) thrown at [./src/hotspot/share/classfile/systemDictionary.cpp, line 231]
Event: 10228.869 Thread 0x0000002fba75f800 Exception <a 'java/lang/ClassNotFoundException'{0x00000000901b45e8}: org/gradle/api/tasks/SourceSetBeanInfo> (0x00000000901b45e8) thrown at [./src/hotspot/share/classfile/systemDictionary.cpp, line 231]
Event: 10228.869 Thread 0x0000002fba75f800 Exception <a 'java/lang/ClassNotFoundException'{0x00000000901d0558}: org/gradle/api/tasks/SourceSetCustomizer> (0x00000000901d0558) thrown at [./src/hotspot/share/classfile/systemDictionary.cpp, line 231]
Event: 10228.872 Thread 0x0000002fba75f800 Exception <a 'java/lang/ClassNotFoundException'{0x0000000090051f00}: java/util/LinkedHashMapBeanInfo> (0x0000000090051f00) thrown at [./src/hotspot/share/classfile/systemDictionary.cpp, line 231]
Event: 10228.873 Thread 0x0000002fba75f800 Exception <a 'java/lang/ClassNotFoundException'{0x000000009005a8b0}: java/util/HashMapBeanInfo> (0x000000009005a8b0) thrown at [./src/hotspot/share/classfile/systemDictionary.cpp, line 231]
Event: 10228.873 Thread 0x0000002fba75f800 Exception <a 'java/lang/ClassNotFoundException'{0x00000000900642c0}: java/util/AbstractMapBeanInfo> (0x00000000900642c0) thrown at [./src/hotspot/share/classfile/systemDictionary.cpp, line 231]
Event: 10228.874 Thread 0x0000002fba75f800 Exception <a 'java/lang/ClassNotFoundException'{0x000000009006d590}: java/util/AbstractMapCustomizer> (0x000000009006d590) thrown at [./src/hotspot/share/classfile/systemDictionary.cpp, line 231]
Event: 10228.875 Thread 0x0000002fba75f800 Exception <a 'java/lang/ClassNotFoundException'{0x0000000090080248}: java/util/HashMapCustomizer> (0x0000000090080248) thrown at [./src/hotspot/share/classfile/systemDictionary.cpp, line 231]
Event: 10228.876 Thread 0x0000002fba75f800 Exception <a 'java/lang/ClassNotFoundException'{0x000000009009f1b8}: java/util/LinkedHashMapCustomizer> (0x000000009009f1b8) thrown at [./src/hotspot/share/classfile/systemDictionary.cpp, line 231]
Event: 10229.333 Thread 0x0000002fba769000 Exception <a 'java/lang/NoSuchMethodError'{0x00000000903ae580}: <clinit>> (0x00000000903ae580) thrown at [./src/hotspot/share/prims/jni.cpp, line 1366]
Event: 10229.334 Thread 0x0000002fba769000 Exception <a 'java/lang/NoSuchMethodError'{0x00000000903c0150}: <clinit>> (0x00000000903c0150) thrown at [./src/hotspot/share/prims/jni.cpp, line 1366]
Event: 10229.334 Thread 0x0000002fba769000 Exception <a 'java/lang/NoSuchMethodError'{0x00000000903ccc80}: <clinit>> (0x00000000903ccc80) thrown at [./src/hotspot/share/prims/jni.cpp, line 1366]
Event: 10229.371 Thread 0x0000002fba769000 Exception <a 'java/lang/NoSuchMethodError'{0x00000000903ea7f0}: <clinit>> (0x00000000903ea7f0) thrown at [./src/hotspot/share/prims/jni.cpp, line 1366]
Event: 10229.372 Thread 0x0000002fba769000 Exception <a 'java/lang/NoSuchMethodError'{0x00000000903fa390}: <clinit>> (0x00000000903fa390) thrown at [./src/hotspot/share/prims/jni.cpp, line 1366]
Event: 10282.298 Thread 0x0000002fba75f800 Exception <a 'sun/nio/fs/WindowsException'{0x000000008eb54eb0}> (0x000000008eb54eb0) thrown at [./src/hotspot/share/prims/jni.cpp, line 616]
Event: 10282.531 Thread 0x0000002fba75f800 Exception <a 'sun/nio/fs/WindowsException'{0x0000000090de3e08}> (0x0000000090de3e08) thrown at [./src/hotspot/share/prims/jni.cpp, line 616]
Event: 10282.546 Thread 0x0000002fba75f800 Exception <a 'sun/nio/fs/WindowsException'{0x0000000090c7fb80}> (0x0000000090c7fb80) thrown at [./src/hotspot/share/prims/jni.cpp, line 616]
Event: 10282.546 Thread 0x0000002fba75f800 Exception <a 'sun/nio/fs/WindowsException'{0x0000000090c80dd8}> (0x0000000090c80dd8) thrown at [./src/hotspot/share/prims/jni.cpp, line 616]
Event: 10282.546 Thread 0x0000002fba75f800 Exception <a 'sun/nio/fs/WindowsException'{0x0000000090c822c8}> (0x0000000090c822c8) thrown at [./src/hotspot/share/prims/jni.cpp, line 616]
Event: 10282.546 Thread 0x0000002fba75f800 Exception <a 'sun/nio/fs/WindowsException'{0x0000000090c83570}> (0x0000000090c83570) thrown at [./src/hotspot/share/prims/jni.cpp, line 616]

Events (20 events):
Event: 10283.403 loading class com/android/build/gradle/internal/LoggerWrapper$LoggerSupplier
Event: 10283.403 loading class com/android/build/gradle/internal/LoggerWrapper$LoggerSupplier done
Event: 10283.409 loading class com/android/ide/common/resources/ResourceSet
Event: 10283.409 loading class com/android/ide/common/resources/ResourceSet done
Event: 10283.412 loading class com/android/ide/common/resources/GeneratedResourceSet
Event: 10283.412 loading class com/android/ide/common/resources/GeneratedResourceSet done
Event: 10283.414 loading class com/android/ide/common/resources/ResourceMergerItem
Event: 10283.414 loading class com/android/ide/common/resources/ResourceMergerItem done
Event: 10283.416 loading class com/android/ide/common/resources/ResourceItem
Event: 10283.416 loading class com/android/ide/common/resources/ResourceItem done
Event: 10283.417 loading class com/android/ide/common/resources/configuration/Configurable
Event: 10283.417 loading class com/android/ide/common/resources/configuration/Configurable done
Event: 10283.418 loading class com/android/ide/common/resources/DataItem
Event: 10283.418 loading class com/android/ide/common/resources/DataItem done
Event: 10283.418 loading class com/android/ide/common/resources/MergedResourceMergerItem
Event: 10283.418 loading class com/android/ide/common/resources/MergedResourceMergerItem done
Event: 10283.419 loading class com/android/ide/common/resources/SourcelessResourceMergerItem
Event: 10283.419 loading class com/android/ide/common/resources/SourcelessResourceMergerItem done
Event: 10283.421 Executing VM operation: G1CollectForAllocation
Event: 10283.442 Executing VM operation: G1CollectForAllocation done


Dynamic libraries:
0x00007ff713650000 - 0x00007ff71365a000 	C:\Program Files\Android\Android Studio\jre\bin\java.exe
0x00007ffe03560000 - 0x00007ffe0370d000 	C:\Windows\SYSTEM32\ntdll.dll
0x00007ffe02490000 - 0x00007ffe025cf000 	C:\Windows\system32\KERNEL32.DLL
0x00007ffe00780000 - 0x00007ffe00895000 	C:\Windows\system32\KERNELBASE.dll
0x00007ffdeb710000 - 0x00007ffdeb729000 	C:\Program Files\Android\Android Studio\jre\bin\jli.dll
0x00007ffdeb6f0000 - 0x00007ffdeb707000 	C:\Program Files\Android\Android Studio\jre\bin\VCRUNTIME140.dll
0x00007ffdfdd20000 - 0x00007ffdfdd24000 	C:\Windows\SYSTEM32\api-ms-win-crt-stdio-l1-1-0.dll
0x00007ffdfd820000 - 0x00007ffdfd824000 	C:\Windows\SYSTEM32\api-ms-win-crt-runtime-l1-1-0.dll
0x00007ffdf6d40000 - 0x00007ffdf6d43000 	C:\Windows\SYSTEM32\api-ms-win-crt-environment-l1-1-0.dll
0x00007ffdf6ce0000 - 0x00007ffdf6ce5000 	C:\Windows\SYSTEM32\api-ms-win-crt-math-l1-1-0.dll
0x00007ffdf22b0000 - 0x00007ffdf22b3000 	C:\Windows\SYSTEM32\api-ms-win-crt-locale-l1-1-0.dll
0x00007ffdf5560000 - 0x00007ffdf5563000 	C:\Windows\SYSTEM32\api-ms-win-crt-heap-l1-1-0.dll
0x00007ffe000e0000 - 0x00007ffe0035b000 	C:\Windows\WinSxS\amd64_microsoft.windows.common-controls_6595b64144ccf1df_6.0.9600.19394_none_62486577ecb635cf\COMCTL32.dll
0x00007ffe02c50000 - 0x00007ffe02dc7000 	C:\Windows\system32\USER32.dll
0x00007ffdf6cd0000 - 0x00007ffdf6cd3000 	C:\Windows\SYSTEM32\api-ms-win-crt-filesystem-l1-1-0.dll
0x00007ffdfdcd0000 - 0x00007ffdfdcd4000 	C:\Windows\SYSTEM32\api-ms-win-crt-string-l1-1-0.dll
0x00007ffdfd810000 - 0x00007ffdfd814000 	C:\Windows\SYSTEM32\api-ms-win-crt-convert-l1-1-0.dll
0x00007ffe03270000 - 0x00007ffe0331a000 	C:\Windows\system32\msvcrt.dll
0x00007ffe02710000 - 0x00007ffe0285e000 	C:\Windows\system32\GDI32.dll
0x00007ffdf2b10000 - 0x00007ffdf2c04000 	C:\Windows\SYSTEM32\ucrtbase.DLL
0x00007ffe03320000 - 0x00007ffe03356000 	C:\Windows\system32\IMM32.DLL
0x00007ffe02170000 - 0x00007ffe022c1000 	C:\Windows\system32\MSCTF.dll
0x00007ffde63a0000 - 0x00007ffde643d000 	C:\Program Files\Android\Android Studio\jre\bin\msvcp140.dll
0x00007ffdeec00000 - 0x00007ffdeec05000 	C:\Windows\SYSTEM32\api-ms-win-crt-multibyte-l1-1-0.dll
0x00007ffdf6710000 - 0x00007ffdf6713000 	C:\Windows\SYSTEM32\api-ms-win-crt-time-l1-1-0.dll
0x00007ffdf6d20000 - 0x00007ffdf6d23000 	C:\Windows\SYSTEM32\api-ms-win-crt-utility-l1-1-0.dll
0x00007ffde0ce0000 - 0x00007ffde17e2000 	C:\Program Files\Android\Android Studio\jre\bin\server\jvm.dll
0x00007ffe03450000 - 0x00007ffe034fd000 	C:\Windows\system32\ADVAPI32.dll
0x00007ffdf22c0000 - 0x00007ffdf22c9000 	C:\Windows\SYSTEM32\WSOCK32.dll
0x00007ffdfd300000 - 0x00007ffdfd322000 	C:\Windows\SYSTEM32\WINMM.dll
0x00007ffdfedc0000 - 0x00007ffdfedca000 	C:\Windows\SYSTEM32\VERSION.dll
0x00007ffe02dd0000 - 0x00007ffe02dd7000 	C:\Windows\system32\PSAPI.DLL
0x00007ffe03500000 - 0x00007ffe0355b000 	C:\Windows\SYSTEM32\sechost.dll
0x00007ffe025d0000 - 0x00007ffe02705000 	C:\Windows\system32\RPCRT4.dll
0x00007ffe028c0000 - 0x00007ffe0291a000 	C:\Windows\system32\WS2_32.dll
0x00007ffdfd280000 - 0x00007ffdfd2aa000 	C:\Windows\SYSTEM32\WINMMBASE.dll
0x00007ffe008a0000 - 0x00007ffe008ce000 	C:\Windows\system32\SspiCli.dll
0x00007ffe02e50000 - 0x00007ffe02e59000 	C:\Windows\system32\NSI.dll
0x00007ffe00730000 - 0x00007ffe0077f000 	C:\Windows\SYSTEM32\cfgmgr32.dll
0x00007ffdfe970000 - 0x00007ffdfe998000 	C:\Windows\SYSTEM32\DEVOBJ.dll
0x00007ffdf2920000 - 0x00007ffdf2931000 	C:\Program Files\Android\Android Studio\jre\bin\verify.dll
0x00007ffdef380000 - 0x00007ffdef50a000 	C:\Windows\SYSTEM32\DBGHELP.DLL
0x00007ffdf2780000 - 0x00007ffdf27a9000 	C:\Program Files\Android\Android Studio\jre\bin\java.dll
0x00007ffdf2cf0000 - 0x00007ffdf2cfb000 	C:\Program Files\Android\Android Studio\jre\bin\jimage.dll
0x00007ffdf2800000 - 0x00007ffdf2818000 	C:\Program Files\Android\Android Studio\jre\bin\zip.dll
0x00007ffe00c40000 - 0x00007ffe0216c000 	C:\Windows\system32\SHELL32.dll
0x00007ffe02e60000 - 0x00007ffe03072000 	C:\Windows\SYSTEM32\combase.dll
0x00007ffe02860000 - 0x00007ffe028b4000 	C:\Windows\system32\SHLWAPI.dll
0x00007ffdffcd0000 - 0x00007ffdffd82000 	C:\Windows\SYSTEM32\SHCORE.dll
0x00007ffe00600000 - 0x00007ffe00615000 	C:\Windows\SYSTEM32\profapi.dll
0x00007ffdefec0000 - 0x00007ffdefeda000 	C:\Program Files\Android\Android Studio\jre\bin\net.dll
0x00007ffdf56b0000 - 0x00007ffdf5779000 	C:\Windows\SYSTEM32\WINHTTP.dll
0x00007ffdff9e0000 - 0x00007ffdffa39000 	C:\Windows\system32\mswsock.dll
0x00007ffdefa70000 - 0x00007ffdefa84000 	C:\Program Files\Android\Android Studio\jre\bin\nio.dll
0x00007ffdebb00000 - 0x00007ffdebb27000 	C:\Users\Timur\.gradle\native\e1d6ef7f7dcc3fd88c89a11ec53ec762bb8ba0a96d01ffa2cd45eb1d1d8dd5c5\windows-amd64\native-platform.dll
0x00007ffdf2b00000 - 0x00007ffdf2b0a000 	C:\Program Files\Android\Android Studio\jre\bin\management.dll
0x00007ffdf2a10000 - 0x00007ffdf2a1d000 	C:\Program Files\Android\Android Studio\jre\bin\management_ext.dll
0x00007ffdffa40000 - 0x00007ffdffa60000 	C:\Windows\SYSTEM32\CRYPTSP.dll
0x00007ffdff660000 - 0x00007ffdff696000 	C:\Windows\system32\rsaenh.dll
0x00007ffdffc80000 - 0x00007ffdffca6000 	C:\Windows\SYSTEM32\bcrypt.dll
0x00007ffdff770000 - 0x00007ffdff791000 	C:\Windows\SYSTEM32\USERENV.dll
0x00007ffe00460000 - 0x00007ffe004c3000 	C:\Windows\system32\bcryptprimitives.dll
0x00007ffe004d0000 - 0x00007ffe004db000 	C:\Windows\SYSTEM32\CRYPTBASE.dll
0x00007ffdfd030000 - 0x00007ffdfd05a000 	C:\Windows\SYSTEM32\IPHLPAPI.DLL
0x00007ffdfd020000 - 0x00007ffdfd02a000 	C:\Windows\SYSTEM32\WINNSI.DLL
0x00007ffdf63f0000 - 0x00007ffdf6406000 	C:\Windows\SYSTEM32\dhcpcsvc6.DLL
0x00007ffdf6310000 - 0x00007ffdf632a000 	C:\Windows\SYSTEM32\dhcpcsvc.DLL
0x00007ffde79a0000 - 0x00007ffde79be000 	C:\Users\Timur\AppData\Local\Temp\native-platform2864185104686544865dir\native-platform.dll
0x00007ffde8e40000 - 0x00007ffde8e48000 	C:\Program Files\Android\Android Studio\jre\bin\rmi.dll
0x00007ffdef840000 - 0x00007ffdef867000 	C:\Program Files\Android\Android Studio\jre\bin\sunec.dll
0x00007ffdff7e0000 - 0x00007ffdff884000 	C:\Windows\SYSTEM32\DNSAPI.dll
0x00007ffdfefa0000 - 0x00007ffdfefaa000 	C:\Windows\System32\rasadhlp.dll
0x00007ffdf65b0000 - 0x00007ffdf661b000 	C:\Windows\System32\fwpuclnt.dll

dbghelp: loaded successfully - version: 4.0.5 - missing functions: none
symbol engine: initialized successfully - sym options: 0x614 - pdb path: .;C:\Program Files\Android\Android Studio\jre\bin;C:\Windows\SYSTEM32;C:\Windows\WinSxS\amd64_microsoft.windows.common-controls_6595b64144ccf1df_6.0.9600.19394_none_62486577ecb635cf;C:\Program Files\Android\Android Studio\jre\bin\server;C:\Users\Timur\.gradle\native\e1d6ef7f7dcc3fd88c89a11ec53ec762bb8ba0a96d01ffa2cd45eb1d1d8dd5c5\windows-amd64;C:\Users\Timur\AppData\Local\Temp\native-platform2864185104686544865dir

VM Arguments:
jvm_args: --add-opens=java.base/java.util=ALL-UNNAMED --add-opens=java.base/java.lang=ALL-UNNAMED --add-opens=java.base/java.lang.invoke=ALL-UNNAMED --add-opens=java.base/java.util=ALL-UNNAMED --add-opens=java.prefs/java.util.prefs=ALL-UNNAMED --add-opens=java.prefs/java.util.prefs=ALL-UNNAMED --add-opens=java.base/java.nio.charset=ALL-UNNAMED --add-opens=java.base/java.net=ALL-UNNAMED --add-opens=java.base/java.util.concurrent.atomic=ALL-UNNAMED -Xmx2048m -Dfile.encoding=UTF-8 -Duser.country=RU -Duser.language=ru -Duser.variant 
java_command: org.gradle.launcher.daemon.bootstrap.GradleDaemon 7.4
java_class_path (initial): C:\Users\Timur\.gradle\wrapper\dists\gradle-7.4-bin\c0gwcg53nkjbqw7r0h0umtfvt\gradle-7.4\lib\gradle-launcher-7.4.jar
Launcher Type: SUN_STANDARD

[Global flags]
     intx CICompilerCount                          = 3                                         {product} {ergonomic}
     uint ConcGCThreads                            = 1                                         {product} {ergonomic}
     uint G1ConcRefinementThreads                  = 4                                         {product} {ergonomic}
   size_t G1HeapRegionSize                         = 1048576                                   {product} {ergonomic}
    uintx GCDrainStackTargetSize                   = 64                                        {product} {ergonomic}
   size_t InitialHeapSize                          = 134217728                                 {product} {ergonomic}
   size_t MarkStackSize                            = 4194304                                   {product} {ergonomic}
   size_t MaxHeapSize                              = 2147483648                                {product} {command line}
   size_t MaxNewSize                               = 1287651328                                {product} {ergonomic}
   size_t MinHeapDeltaBytes                        = 1048576                                   {product} {ergonomic}
    uintx NonNMethodCodeHeapSize                   = 5830732                                {pd product} {ergonomic}
    uintx NonProfiledCodeHeapSize                  = 122913754                              {pd product} {ergonomic}
    uintx ProfiledCodeHeapSize                     = 122913754                              {pd product} {ergonomic}
    uintx ReservedCodeCacheSize                    = 251658240                              {pd product} {ergonomic}
     bool SegmentedCodeCache                       = true                                      {product} {ergonomic}
     bool UseCompressedClassPointers               = true                                 {lp64_product} {ergonomic}
     bool UseCompressedOops                        = true                                 {lp64_product} {ergonomic}
     bool UseG1GC                                  = true                                      {product} {ergonomic}
     bool UseLargePagesIndividualAllocation        = false                                  {pd product} {ergonomic}

Logging:
Log output configuration:
 #0: stdout all=warning uptime,level,tags
 #1: stderr all=off uptime,level,tags

Environment Variables:
PATH=C:\Program Files\Common Files\Oracle\Java\javapath;C:\Windows\system32;C:\Windows;C:\Windows\System32\Wbem;C:\Windows\System32\WindowsPowerShell\v1.0\;C:\Program Files (x86)\NVIDIA Corporation\PhysX\Common;C:\Program Files\NVIDIA Corporation\NVIDIA NvDLISR
USERNAME=Timur
OS=Windows_NT
PROCESSOR_IDENTIFIER=AMD64 Family 21 Model 2 Stepping 0, AuthenticAMD



---------------  S Y S T E M  ---------------

OS: Windows 8.1 , 64 bit Build 9600 (6.3.9600.20389)
OS uptime: 21 days 0:11 hours

CPU:total 4 (initial active 4) (4 cores per cpu, 1 threads per core) family 21 model 2 stepping 0 microcode 0x600081c, cmov, cx8, fxsr, mmx, sse, sse2, sse3, ssse3, sse4.1, sse4.2, popcnt, avx, aes, clmul, mmxext, 3dnowpref, lzcnt, sse4a, tsc, tscinvbit, tscinv, bmi1, fma

Memory: 4k page, system-wide physical 8173M (640M free)
TotalPageFile size 18441M (AvailPageFile size 2010M)
current process WorkingSet (physical memory assigned to process): 634M, peak: 637M
current process commit charge ("private bytes"): 727M, peak: 733M

vm_info: OpenJDK 64-Bit Server VM (11.0.13+0-b1751.21-8125866) for windows-amd64 JRE (11.0.13+0-b1751.21-8125866), built on Feb  2 2022 03:00:22 by "builder" with MS VC++ 14.0 (VS2015)

END.
